| epoch   1 |   200/ 1161 batches | lr 20.00 | ms/batch 355.26 | loss  8.06 | ppl  3156.68
| epoch   1 |   400/ 1161 batches | lr 20.00 | ms/batch 347.76 | loss  6.38 | ppl   590.38
| epoch   1 |   600/ 1161 batches | lr 20.00 | ms/batch 349.33 | loss  5.62 | ppl   276.58
| epoch   1 |   800/ 1161 batches | lr 20.00 | ms/batch 349.27 | loss  5.36 | ppl   213.04
| epoch   1 |  1000/ 1161 batches | lr 20.00 | ms/batch 347.79 | loss  5.24 | ppl   188.95
-----------------------------------------------------------------------------------------
| end of epoch   1 | time: 426.92s | valid loss  5.13 | valid ppl   168.67
-----------------------------------------------------------------------------------------
| epoch   2 |   200/ 1161 batches | lr 20.00 | ms/batch 351.07 | loss  5.08 | ppl   160.08
| epoch   2 |   400/ 1161 batches | lr 20.00 | ms/batch 348.29 | loss  4.93 | ppl   138.11
| epoch   2 |   600/ 1161 batches | lr 20.00 | ms/batch 348.54 | loss  4.86 | ppl   128.43
| epoch   2 |   800/ 1161 batches | lr 20.00 | ms/batch 351.21 | loss  4.72 | ppl   111.63
| epoch   2 |  1000/ 1161 batches | lr 20.00 | ms/batch 348.49 | loss  4.67 | ppl   106.56
-----------------------------------------------------------------------------------------
| end of epoch   2 | time: 426.36s | valid loss  4.86 | valid ppl   128.46
-----------------------------------------------------------------------------------------
| epoch   3 |   200/ 1161 batches | lr 20.00 | ms/batch 299.45 | loss  4.57 | ppl    96.15
| epoch   3 |   400/ 1161 batches | lr 20.00 | ms/batch 260.46 | loss  4.45 | ppl    85.53
| epoch   3 |   600/ 1161 batches | lr 20.00 | ms/batch 246.95 | loss  4.41 | ppl    82.50
| epoch   3 |   800/ 1161 batches | lr 20.00 | ms/batch 351.88 | loss  4.29 | ppl    73.29
| epoch   3 |  1000/ 1161 batches | lr 20.00 | ms/batch 368.32 | loss  4.26 | ppl    70.94
-----------------------------------------------------------------------------------------
| end of epoch   3 | time: 386.66s | valid loss  4.81 | valid ppl   122.59
-----------------------------------------------------------------------------------------
| epoch   4 |   200/ 1161 batches | lr 20.00 | ms/batch 370.71 | loss  4.18 | ppl    65.55
| epoch   4 |   400/ 1161 batches | lr 20.00 | ms/batch 368.05 | loss  4.07 | ppl    58.27
| epoch   4 |   600/ 1161 batches | lr 20.00 | ms/batch 368.97 | loss  4.04 | ppl    56.60
| epoch   4 |   800/ 1161 batches | lr 20.00 | ms/batch 368.81 | loss  3.94 | ppl    51.20
| epoch   4 |  1000/ 1161 batches | lr 20.00 | ms/batch 367.60 | loss  3.89 | ppl    49.02
-----------------------------------------------------------------------------------------
| end of epoch   4 | time: 450.37s | valid loss  4.93 | valid ppl   137.98
-----------------------------------------------------------------------------------------
| epoch   5 |   200/ 1161 batches | lr 10.00 | ms/batch 369.04 | loss  3.73 | ppl    41.81
| epoch   5 |   400/ 1161 batches | lr 10.00 | ms/batch 368.34 | loss  3.51 | ppl    33.31
| epoch   5 |   600/ 1161 batches | lr 10.00 | ms/batch 368.24 | loss  3.39 | ppl    29.68
| epoch   5 |   800/ 1161 batches | lr 10.00 | ms/batch 367.30 | loss  3.22 | ppl    25.00
| epoch   5 |  1000/ 1161 batches | lr 10.00 | ms/batch 368.04 | loss  3.07 | ppl    21.56
-----------------------------------------------------------------------------------------
| end of epoch   5 | time: 449.41s | valid loss  5.09 | valid ppl   162.40
-----------------------------------------------------------------------------------------
| epoch   6 |   200/ 1161 batches | lr 5.00 | ms/batch 370.22 | loss  3.27 | ppl    26.29
| epoch   6 |   400/ 1161 batches | lr 5.00 | ms/batch 367.56 | loss  2.98 | ppl    19.61
| epoch   6 |   600/ 1161 batches | lr 5.00 | ms/batch 367.82 | loss  2.80 | ppl    16.42
| epoch   6 |   800/ 1161 batches | lr 5.00 | ms/batch 368.76 | loss  2.57 | ppl    13.12
| epoch   6 |  1000/ 1161 batches | lr 5.00 | ms/batch 368.01 | loss  2.38 | ppl    10.79
-----------------------------------------------------------------------------------------
| end of epoch   6 | time: 450.05s | valid loss  5.29 | valid ppl   197.40
-----------------------------------------------------------------------------------------
=========================================================================================
| End of training | test loss  5.26 | test ppl   193.04
=========================================================================================
Print the embedding matrix
