| epoch   1 |   200/ 2323 batches | lr 1.0000 | ms/batch 66.21 | loss  7.00 | ppl  1100.24
| epoch   1 |   400/ 2323 batches | lr 1.0000 | ms/batch 58.39 | loss  6.67 | ppl   785.44
| epoch   1 |   600/ 2323 batches | lr 1.0000 | ms/batch 58.43 | loss  6.50 | ppl   667.22
| epoch   1 |   800/ 2323 batches | lr 1.0000 | ms/batch 61.54 | loss  6.40 | ppl   603.86
| epoch   1 |  1000/ 2323 batches | lr 1.0000 | ms/batch 58.43 | loss  6.29 | ppl   537.38
| epoch   1 |  1200/ 2323 batches | lr 1.0000 | ms/batch 58.60 | loss  6.23 | ppl   509.42
| epoch   1 |  1400/ 2323 batches | lr 1.0000 | ms/batch 58.45 | loss  6.06 | ppl   430.22
| epoch   1 |  1600/ 2323 batches | lr 1.0000 | ms/batch 58.37 | loss  6.03 | ppl   417.02
| epoch   1 |  1800/ 2323 batches | lr 1.0000 | ms/batch 58.55 | loss  6.00 | ppl   404.48
| epoch   1 |  2000/ 2323 batches | lr 1.0000 | ms/batch 58.41 | loss  5.92 | ppl   372.76
| epoch   1 |  2200/ 2323 batches | lr 1.0000 | ms/batch 59.73 | loss  5.79 | ppl   325.89
-----------------------------------------------------------------------------------------
| end of epoch   1 | time: 143.19s | valid loss  5.86 | valid ppl   349.05
-----------------------------------------------------------------------------------------
| epoch   2 |   200/ 2323 batches | lr 1.0000 | ms/batch 58.63 | loss  5.79 | ppl   328.65
| epoch   2 |   400/ 2323 batches | lr 1.0000 | ms/batch 58.40 | loss  5.81 | ppl   333.28
| epoch   2 |   600/ 2323 batches | lr 1.0000 | ms/batch 60.41 | loss  5.75 | ppl   313.24
| epoch   2 |   800/ 2323 batches | lr 1.0000 | ms/batch 58.47 | loss  5.75 | ppl   312.67
| epoch   2 |  1000/ 2323 batches | lr 1.0000 | ms/batch 58.62 | loss  5.70 | ppl   299.92
| epoch   2 |  1200/ 2323 batches | lr 1.0000 | ms/batch 58.61 | loss  5.71 | ppl   301.20
| epoch   2 |  1400/ 2323 batches | lr 1.0000 | ms/batch 59.58 | loss  5.58 | ppl   263.85
| epoch   2 |  1600/ 2323 batches | lr 1.0000 | ms/batch 58.53 | loss  5.58 | ppl   265.76
| epoch   2 |  1800/ 2323 batches | lr 1.0000 | ms/batch 58.38 | loss  5.60 | ppl   271.65
| epoch   2 |  2000/ 2323 batches | lr 1.0000 | ms/batch 58.43 | loss  5.52 | ppl   250.34
| epoch   2 |  2200/ 2323 batches | lr 1.0000 | ms/batch 58.55 | loss  5.42 | ppl   225.49
-----------------------------------------------------------------------------------------
| end of epoch   2 | time: 141.20s | valid loss  5.57 | valid ppl   262.67
-----------------------------------------------------------------------------------------
| epoch   3 |   200/ 2323 batches | lr 1.0000 | ms/batch 58.74 | loss  5.46 | ppl   235.75
| epoch   3 |   400/ 2323 batches | lr 1.0000 | ms/batch 59.64 | loss  5.52 | ppl   248.40
| epoch   3 |   600/ 2323 batches | lr 1.0000 | ms/batch 58.88 | loss  5.47 | ppl   236.58
| epoch   3 |   800/ 2323 batches | lr 1.0000 | ms/batch 58.42 | loss  5.47 | ppl   236.74
| epoch   3 |  1000/ 2323 batches | lr 1.0000 | ms/batch 58.44 | loss  5.45 | ppl   232.49
| epoch   3 |  1200/ 2323 batches | lr 1.0000 | ms/batch 59.35 | loss  5.46 | ppl   236.15
| epoch   3 |  1400/ 2323 batches | lr 1.0000 | ms/batch 60.38 | loss  5.34 | ppl   208.46
| epoch   3 |  1600/ 2323 batches | lr 1.0000 | ms/batch 58.37 | loss  5.36 | ppl   212.95
| epoch   3 |  1800/ 2323 batches | lr 1.0000 | ms/batch 59.38 | loss  5.40 | ppl   220.87
| epoch   3 |  2000/ 2323 batches | lr 1.0000 | ms/batch 58.76 | loss  5.30 | ppl   201.23
| epoch   3 |  2200/ 2323 batches | lr 1.0000 | ms/batch 58.45 | loss  5.22 | ppl   184.04
-----------------------------------------------------------------------------------------
| end of epoch   3 | time: 141.64s | valid loss  5.43 | valid ppl   228.44
-----------------------------------------------------------------------------------------
| epoch   4 |   200/ 2323 batches | lr 1.0000 | ms/batch 59.18 | loss  5.27 | ppl   194.19
| epoch   4 |   400/ 2323 batches | lr 1.0000 | ms/batch 59.96 | loss  5.34 | ppl   207.67
| epoch   4 |   600/ 2323 batches | lr 1.0000 | ms/batch 58.48 | loss  5.28 | ppl   197.24
| epoch   4 |   800/ 2323 batches | lr 1.0000 | ms/batch 58.45 | loss  5.29 | ppl   197.75
| epoch   4 |  1000/ 2323 batches | lr 1.0000 | ms/batch 58.29 | loss  5.28 | ppl   196.46
| epoch   4 |  1200/ 2323 batches | lr 1.0000 | ms/batch 58.51 | loss  5.30 | ppl   199.50
| epoch   4 |  1400/ 2323 batches | lr 1.0000 | ms/batch 58.42 | loss  5.18 | ppl   177.45
| epoch   4 |  1600/ 2323 batches | lr 1.0000 | ms/batch 58.49 | loss  5.21 | ppl   182.97
| epoch   4 |  1800/ 2323 batches | lr 1.0000 | ms/batch 58.41 | loss  5.25 | ppl   190.69
| epoch   4 |  2000/ 2323 batches | lr 1.0000 | ms/batch 58.37 | loss  5.15 | ppl   171.95
| epoch   4 |  2200/ 2323 batches | lr 1.0000 | ms/batch 58.36 | loss  5.07 | ppl   158.68
-----------------------------------------------------------------------------------------
| end of epoch   4 | time: 141.12s | valid loss  5.35 | valid ppl   211.02
-----------------------------------------------------------------------------------------
| epoch   5 |   200/ 2323 batches | lr 1.0000 | ms/batch 60.87 | loss  5.13 | ppl   168.82
| epoch   5 |   400/ 2323 batches | lr 1.0000 | ms/batch 60.95 | loss  5.21 | ppl   182.38
| epoch   5 |   600/ 2323 batches | lr 1.0000 | ms/batch 58.36 | loss  5.15 | ppl   172.53
| epoch   5 |   800/ 2323 batches | lr 1.0000 | ms/batch 58.37 | loss  5.15 | ppl   172.53
| epoch   5 |  1000/ 2323 batches | lr 1.0000 | ms/batch 58.57 | loss  5.16 | ppl   173.38
| epoch   5 |  1200/ 2323 batches | lr 1.0000 | ms/batch 58.48 | loss  5.17 | ppl   175.90
| epoch   5 |  1400/ 2323 batches | lr 1.0000 | ms/batch 58.45 | loss  5.05 | ppl   156.19
| epoch   5 |  1600/ 2323 batches | lr 1.0000 | ms/batch 58.40 | loss  5.09 | ppl   162.65
| epoch   5 |  1800/ 2323 batches | lr 1.0000 | ms/batch 58.59 | loss  5.14 | ppl   170.06
| epoch   5 |  2000/ 2323 batches | lr 1.0000 | ms/batch 58.38 | loss  5.03 | ppl   152.62
| epoch   5 |  2200/ 2323 batches | lr 1.0000 | ms/batch 58.43 | loss  4.95 | ppl   141.70
-----------------------------------------------------------------------------------------
| end of epoch   5 | time: 141.82s | valid loss  5.28 | valid ppl   196.14
-----------------------------------------------------------------------------------------
| epoch   6 |   200/ 2323 batches | lr 1.0000 | ms/batch 58.69 | loss  5.02 | ppl   150.83
| epoch   6 |   400/ 2323 batches | lr 1.0000 | ms/batch 58.88 | loss  5.10 | ppl   164.62
| epoch   6 |   600/ 2323 batches | lr 1.0000 | ms/batch 59.33 | loss  5.04 | ppl   154.92
| epoch   6 |   800/ 2323 batches | lr 1.0000 | ms/batch 58.39 | loss  5.04 | ppl   154.47
| epoch   6 |  1000/ 2323 batches | lr 1.0000 | ms/batch 58.53 | loss  5.05 | ppl   156.20
| epoch   6 |  1200/ 2323 batches | lr 1.0000 | ms/batch 58.36 | loss  5.07 | ppl   159.18
| epoch   6 |  1400/ 2323 batches | lr 1.0000 | ms/batch 58.46 | loss  4.95 | ppl   140.77
| epoch   6 |  1600/ 2323 batches | lr 1.0000 | ms/batch 58.38 | loss  5.00 | ppl   148.60
| epoch   6 |  1800/ 2323 batches | lr 1.0000 | ms/batch 61.18 | loss  5.05 | ppl   155.34
| epoch   6 |  2000/ 2323 batches | lr 1.0000 | ms/batch 58.43 | loss  4.93 | ppl   138.18
| epoch   6 |  2200/ 2323 batches | lr 1.0000 | ms/batch 60.31 | loss  4.86 | ppl   129.15
-----------------------------------------------------------------------------------------
| end of epoch   6 | time: 141.68s | valid loss  5.23 | valid ppl   186.91
-----------------------------------------------------------------------------------------
| epoch   7 |   200/ 2323 batches | lr 1.0000 | ms/batch 58.61 | loss  4.92 | ppl   137.52
| epoch   7 |   400/ 2323 batches | lr 1.0000 | ms/batch 58.37 | loss  5.02 | ppl   150.75
| epoch   7 |   600/ 2323 batches | lr 1.0000 | ms/batch 58.51 | loss  4.96 | ppl   141.95
| epoch   7 |   800/ 2323 batches | lr 1.0000 | ms/batch 58.38 | loss  4.96 | ppl   142.22
| epoch   7 |  1000/ 2323 batches | lr 1.0000 | ms/batch 59.65 | loss  4.97 | ppl   143.89
| epoch   7 |  1200/ 2323 batches | lr 1.0000 | ms/batch 58.55 | loss  4.98 | ppl   145.58
| epoch   7 |  1400/ 2323 batches | lr 1.0000 | ms/batch 58.47 | loss  4.87 | ppl   129.71
| epoch   7 |  1600/ 2323 batches | lr 1.0000 | ms/batch 58.36 | loss  4.92 | ppl   137.16
| epoch   7 |  1800/ 2323 batches | lr 1.0000 | ms/batch 58.49 | loss  4.97 | ppl   144.70
| epoch   7 |  2000/ 2323 batches | lr 1.0000 | ms/batch 60.18 | loss  4.84 | ppl   127.01
| epoch   7 |  2200/ 2323 batches | lr 1.0000 | ms/batch 58.44 | loss  4.78 | ppl   119.25
-----------------------------------------------------------------------------------------
| end of epoch   7 | time: 141.08s | valid loss  5.19 | valid ppl   180.20
-----------------------------------------------------------------------------------------
| epoch   8 |   200/ 2323 batches | lr 1.0000 | ms/batch 58.80 | loss  4.84 | ppl   126.97
| epoch   8 |   400/ 2323 batches | lr 1.0000 | ms/batch 58.40 | loss  4.94 | ppl   139.99
| epoch   8 |   600/ 2323 batches | lr 1.0000 | ms/batch 58.40 | loss  4.88 | ppl   131.89
| epoch   8 |   800/ 2323 batches | lr 1.0000 | ms/batch 61.36 | loss  4.87 | ppl   130.95
| epoch   8 |  1000/ 2323 batches | lr 1.0000 | ms/batch 58.51 | loss  4.89 | ppl   133.43
| epoch   8 |  1200/ 2323 batches | lr 1.0000 | ms/batch 58.36 | loss  4.91 | ppl   135.47
| epoch   8 |  1400/ 2323 batches | lr 1.0000 | ms/batch 58.42 | loss  4.80 | ppl   121.28
| epoch   8 |  1600/ 2323 batches | lr 1.0000 | ms/batch 59.81 | loss  4.85 | ppl   128.34
| epoch   8 |  1800/ 2323 batches | lr 1.0000 | ms/batch 59.35 | loss  4.91 | ppl   135.62
| epoch   8 |  2000/ 2323 batches | lr 1.0000 | ms/batch 59.46 | loss  4.77 | ppl   118.10
| epoch   8 |  2200/ 2323 batches | lr 1.0000 | ms/batch 60.58 | loss  4.71 | ppl   111.55
-----------------------------------------------------------------------------------------
| end of epoch   8 | time: 144.31s | valid loss  5.16 | valid ppl   174.82
-----------------------------------------------------------------------------------------
| epoch   9 |   200/ 2323 batches | lr 1.0000 | ms/batch 72.71 | loss  4.78 | ppl   119.05
| epoch   9 |   400/ 2323 batches | lr 1.0000 | ms/batch 74.14 | loss  4.88 | ppl   131.90
| epoch   9 |   600/ 2323 batches | lr 1.0000 | ms/batch 75.13 | loss  4.81 | ppl   122.92
| epoch   9 |   800/ 2323 batches | lr 1.0000 | ms/batch 74.02 | loss  4.81 | ppl   122.41
| epoch   9 |  1000/ 2323 batches | lr 1.0000 | ms/batch 80.26 | loss  4.83 | ppl   124.94
| epoch   9 |  1200/ 2323 batches | lr 1.0000 | ms/batch 72.29 | loss  4.84 | ppl   126.78
| epoch   9 |  1400/ 2323 batches | lr 1.0000 | ms/batch 73.36 | loss  4.73 | ppl   113.50
| epoch   9 |  1600/ 2323 batches | lr 1.0000 | ms/batch 72.24 | loss  4.79 | ppl   120.82
| epoch   9 |  1800/ 2323 batches | lr 1.0000 | ms/batch 70.32 | loss  4.85 | ppl   127.51
| epoch   9 |  2000/ 2323 batches | lr 1.0000 | ms/batch 75.98 | loss  4.71 | ppl   110.81
| epoch   9 |  2200/ 2323 batches | lr 1.0000 | ms/batch 75.56 | loss  4.65 | ppl   104.85
-----------------------------------------------------------------------------------------
| end of epoch   9 | time: 178.58s | valid loss  5.14 | valid ppl   171.05
-----------------------------------------------------------------------------------------
| epoch  10 |   200/ 2323 batches | lr 1.0000 | ms/batch 69.94 | loss  4.72 | ppl   112.12
| epoch  10 |   400/ 2323 batches | lr 1.0000 | ms/batch 74.21 | loss  4.82 | ppl   124.33
| epoch  10 |   600/ 2323 batches | lr 1.0000 | ms/batch 71.35 | loss  4.75 | ppl   116.12
| epoch  10 |   800/ 2323 batches | lr 1.0000 | ms/batch 72.01 | loss  4.75 | ppl   115.93
| epoch  10 |  1000/ 2323 batches | lr 1.0000 | ms/batch 74.25 | loss  4.77 | ppl   118.36
| epoch  10 |  1200/ 2323 batches | lr 1.0000 | ms/batch 70.61 | loss  4.79 | ppl   119.89
| epoch  10 |  1400/ 2323 batches | lr 1.0000 | ms/batch 73.48 | loss  4.68 | ppl   107.51
| epoch  10 |  1600/ 2323 batches | lr 1.0000 | ms/batch 76.22 | loss  4.74 | ppl   114.85
| epoch  10 |  1800/ 2323 batches | lr 1.0000 | ms/batch 73.47 | loss  4.80 | ppl   121.23
| epoch  10 |  2000/ 2323 batches | lr 1.0000 | ms/batch 76.07 | loss  4.65 | ppl   104.73
| epoch  10 |  2200/ 2323 batches | lr 1.0000 | ms/batch 69.67 | loss  4.60 | ppl    99.55
-----------------------------------------------------------------------------------------
| end of epoch  10 | time: 174.94s | valid loss  5.12 | valid ppl   168.17
-----------------------------------------------------------------------------------------
| epoch  11 |   200/ 2323 batches | lr 1.0000 | ms/batch 72.80 | loss  4.66 | ppl   106.12
| epoch  11 |   400/ 2323 batches | lr 1.0000 | ms/batch 71.45 | loss  4.78 | ppl   118.69
| epoch  11 |   600/ 2323 batches | lr 1.0000 | ms/batch 73.92 | loss  4.70 | ppl   110.11
| epoch  11 |   800/ 2323 batches | lr 1.0000 | ms/batch 71.92 | loss  4.70 | ppl   109.48
| epoch  11 |  1000/ 2323 batches | lr 1.0000 | ms/batch 75.80 | loss  4.72 | ppl   112.42
| epoch  11 |  1200/ 2323 batches | lr 1.0000 | ms/batch 72.64 | loss  4.74 | ppl   114.01
| epoch  11 |  1400/ 2323 batches | lr 1.0000 | ms/batch 74.30 | loss  4.62 | ppl   101.90
| epoch  11 |  1600/ 2323 batches | lr 1.0000 | ms/batch 69.69 | loss  4.70 | ppl   109.64
| epoch  11 |  1800/ 2323 batches | lr 1.0000 | ms/batch 71.22 | loss  4.75 | ppl   115.35
| epoch  11 |  2000/ 2323 batches | lr 1.0000 | ms/batch 69.82 | loss  4.60 | ppl    99.42
| epoch  11 |  2200/ 2323 batches | lr 1.0000 | ms/batch 69.77 | loss  4.55 | ppl    95.00
-----------------------------------------------------------------------------------------
| end of epoch  11 | time: 173.37s | valid loss  5.14 | valid ppl   171.29
-----------------------------------------------------------------------------------------
| epoch  12 |   200/ 2323 batches | lr 0.2500 | ms/batch 73.93 | loss  4.63 | ppl   102.13
| epoch  12 |   400/ 2323 batches | lr 0.2500 | ms/batch 72.95 | loss  4.73 | ppl   113.33
| epoch  12 |   600/ 2323 batches | lr 0.2500 | ms/batch 73.42 | loss  4.64 | ppl   103.36
| epoch  12 |   800/ 2323 batches | lr 0.2500 | ms/batch 72.23 | loss  4.63 | ppl   102.40
| epoch  12 |  1000/ 2323 batches | lr 0.2500 | ms/batch 73.89 | loss  4.65 | ppl   104.44
| epoch  12 |  1200/ 2323 batches | lr 0.2500 | ms/batch 76.28 | loss  4.65 | ppl   104.44
| epoch  12 |  1400/ 2323 batches | lr 0.2500 | ms/batch 73.24 | loss  4.53 | ppl    92.48
| epoch  12 |  1600/ 2323 batches | lr 0.2500 | ms/batch 72.50 | loss  4.60 | ppl    99.12
| epoch  12 |  1800/ 2323 batches | lr 0.2500 | ms/batch 73.60 | loss  4.64 | ppl   103.66
| epoch  12 |  2000/ 2323 batches | lr 0.2500 | ms/batch 72.57 | loss  4.47 | ppl    87.79
| epoch  12 |  2200/ 2323 batches | lr 0.2500 | ms/batch 75.90 | loss  4.42 | ppl    83.10
-----------------------------------------------------------------------------------------
| end of epoch  12 | time: 177.53s | valid loss  5.03 | valid ppl   152.32
-----------------------------------------------------------------------------------------
| epoch  13 |   200/ 2323 batches | lr 0.2500 | ms/batch 72.77 | loss  4.56 | ppl    95.92
| epoch  13 |   400/ 2323 batches | lr 0.2500 | ms/batch 75.13 | loss  4.68 | ppl   107.56
| epoch  13 |   600/ 2323 batches | lr 0.2500 | ms/batch 72.63 | loss  4.59 | ppl    98.75
| epoch  13 |   800/ 2323 batches | lr 0.2500 | ms/batch 69.10 | loss  4.59 | ppl    98.31
| epoch  13 |  1000/ 2323 batches | lr 0.2500 | ms/batch 78.16 | loss  4.61 | ppl   100.78
| epoch  13 |  1200/ 2323 batches | lr 0.2500 | ms/batch 74.48 | loss  4.62 | ppl   101.22
| epoch  13 |  1400/ 2323 batches | lr 0.2500 | ms/batch 72.26 | loss  4.50 | ppl    89.92
| epoch  13 |  1600/ 2323 batches | lr 0.2500 | ms/batch 72.21 | loss  4.57 | ppl    96.79
| epoch  13 |  1800/ 2323 batches | lr 0.2500 | ms/batch 71.85 | loss  4.62 | ppl   101.69
| epoch  13 |  2000/ 2323 batches | lr 0.2500 | ms/batch 71.65 | loss  4.46 | ppl    86.31
| epoch  13 |  2200/ 2323 batches | lr 0.2500 | ms/batch 71.43 | loss  4.41 | ppl    82.07
-----------------------------------------------------------------------------------------
| end of epoch  13 | time: 174.82s | valid loss  5.02 | valid ppl   150.87
-----------------------------------------------------------------------------------------
| epoch  14 |   200/ 2323 batches | lr 0.2500 | ms/batch 72.98 | loss  4.54 | ppl    93.38
| epoch  14 |   400/ 2323 batches | lr 0.2500 | ms/batch 75.26 | loss  4.65 | ppl   104.85
| epoch  14 |   600/ 2323 batches | lr 0.2500 | ms/batch 74.24 | loss  4.57 | ppl    96.16
| epoch  14 |   800/ 2323 batches | lr 0.2500 | ms/batch 75.67 | loss  4.56 | ppl    95.80
| epoch  14 |  1000/ 2323 batches | lr 0.2500 | ms/batch 73.61 | loss  4.59 | ppl    98.48
| epoch  14 |  1200/ 2323 batches | lr 0.2500 | ms/batch 72.99 | loss  4.60 | ppl    99.00
| epoch  14 |  1400/ 2323 batches | lr 0.2500 | ms/batch 76.00 | loss  4.48 | ppl    88.09
| epoch  14 |  1600/ 2323 batches | lr 0.2500 | ms/batch 72.27 | loss  4.55 | ppl    94.95
| epoch  14 |  1800/ 2323 batches | lr 0.2500 | ms/batch 71.88 | loss  4.61 | ppl   100.13
| epoch  14 |  2000/ 2323 batches | lr 0.2500 | ms/batch 76.68 | loss  4.44 | ppl    85.03
| epoch  14 |  2200/ 2323 batches | lr 0.2500 | ms/batch 72.96 | loss  4.39 | ppl    80.93
-----------------------------------------------------------------------------------------
| end of epoch  14 | time: 177.09s | valid loss  5.01 | valid ppl   150.03
-----------------------------------------------------------------------------------------
| epoch  15 |   200/ 2323 batches | lr 0.2500 | ms/batch 70.60 | loss  4.51 | ppl    91.22
| epoch  15 |   400/ 2323 batches | lr 0.2500 | ms/batch 72.04 | loss  4.63 | ppl   102.74
| epoch  15 |   600/ 2323 batches | lr 0.2500 | ms/batch 76.01 | loss  4.55 | ppl    94.27
| epoch  15 |   800/ 2323 batches | lr 0.2500 | ms/batch 74.04 | loss  4.54 | ppl    93.93
| epoch  15 |  1000/ 2323 batches | lr 0.2500 | ms/batch 75.27 | loss  4.57 | ppl    96.69
| epoch  15 |  1200/ 2323 batches | lr 0.2500 | ms/batch 73.82 | loss  4.58 | ppl    97.31
| epoch  15 |  1400/ 2323 batches | lr 0.2500 | ms/batch 71.87 | loss  4.46 | ppl    86.57
| epoch  15 |  1600/ 2323 batches | lr 0.2500 | ms/batch 70.04 | loss  4.54 | ppl    93.58
| epoch  15 |  1800/ 2323 batches | lr 0.2500 | ms/batch 75.68 | loss  4.59 | ppl    98.77
| epoch  15 |  2000/ 2323 batches | lr 0.2500 | ms/batch 75.77 | loss  4.43 | ppl    83.87
| epoch  15 |  2200/ 2323 batches | lr 0.2500 | ms/batch 72.94 | loss  4.38 | ppl    79.88
-----------------------------------------------------------------------------------------
| end of epoch  15 | time: 176.07s | valid loss  5.01 | valid ppl   149.31
-----------------------------------------------------------------------------------------
| epoch  16 |   200/ 2323 batches | lr 0.2500 | ms/batch 76.09 | loss  4.49 | ppl    89.49
| epoch  16 |   400/ 2323 batches | lr 0.2500 | ms/batch 73.23 | loss  4.61 | ppl   100.91
| epoch  16 |   600/ 2323 batches | lr 0.2500 | ms/batch 74.64 | loss  4.53 | ppl    92.65
| epoch  16 |   800/ 2323 batches | lr 0.2500 | ms/batch 74.58 | loss  4.53 | ppl    92.46
| epoch  16 |  1000/ 2323 batches | lr 0.2500 | ms/batch 74.00 | loss  4.55 | ppl    95.07
| epoch  16 |  1200/ 2323 batches | lr 0.2500 | ms/batch 72.65 | loss  4.56 | ppl    95.71
| epoch  16 |  1400/ 2323 batches | lr 0.2500 | ms/batch 75.22 | loss  4.45 | ppl    85.30
| epoch  16 |  1600/ 2323 batches | lr 0.2500 | ms/batch 76.03 | loss  4.52 | ppl    92.20
| epoch  16 |  1800/ 2323 batches | lr 0.2500 | ms/batch 69.31 | loss  4.58 | ppl    97.42
| epoch  16 |  2000/ 2323 batches | lr 0.2500 | ms/batch 73.19 | loss  4.42 | ppl    82.77
| epoch  16 |  2200/ 2323 batches | lr 0.2500 | ms/batch 75.09 | loss  4.37 | ppl    78.89
-----------------------------------------------------------------------------------------
| end of epoch  16 | time: 177.16s | valid loss  5.00 | valid ppl   148.94
-----------------------------------------------------------------------------------------
| epoch  17 |   200/ 2323 batches | lr 0.2500 | ms/batch 75.31 | loss  4.48 | ppl    88.07
| epoch  17 |   400/ 2323 batches | lr 0.2500 | ms/batch 65.39 | loss  4.60 | ppl    99.31
| epoch  17 |   600/ 2323 batches | lr 0.2500 | ms/batch 56.03 | loss  4.51 | ppl    91.18
| epoch  17 |   800/ 2323 batches | lr 0.2500 | ms/batch 58.47 | loss  4.51 | ppl    90.97
| epoch  17 |  1000/ 2323 batches | lr 0.2500 | ms/batch 62.96 | loss  4.54 | ppl    93.65
| epoch  17 |  1200/ 2323 batches | lr 0.2500 | ms/batch 70.63 | loss  4.55 | ppl    94.31
| epoch  17 |  1400/ 2323 batches | lr 0.2500 | ms/batch 69.90 | loss  4.43 | ppl    84.09
| epoch  17 |  1600/ 2323 batches | lr 0.2500 | ms/batch 68.34 | loss  4.51 | ppl    91.00
| epoch  17 |  1800/ 2323 batches | lr 0.2500 | ms/batch 67.98 | loss  4.57 | ppl    96.20
| epoch  17 |  2000/ 2323 batches | lr 0.2500 | ms/batch 69.17 | loss  4.40 | ppl    81.80
| epoch  17 |  2200/ 2323 batches | lr 0.2500 | ms/batch 66.64 | loss  4.36 | ppl    77.98
-----------------------------------------------------------------------------------------
| end of epoch  17 | time: 159.94s | valid loss  5.00 | valid ppl   148.54
-----------------------------------------------------------------------------------------
| epoch  18 |   200/ 2323 batches | lr 0.2500 | ms/batch 74.41 | loss  4.46 | ppl    86.66
| epoch  18 |   400/ 2323 batches | lr 0.2500 | ms/batch 70.97 | loss  4.58 | ppl    97.95
| epoch  18 |   600/ 2323 batches | lr 0.2500 | ms/batch 67.00 | loss  4.50 | ppl    89.76
| epoch  18 |   800/ 2323 batches | lr 0.2500 | ms/batch 67.46 | loss  4.50 | ppl    89.60
| epoch  18 |  1000/ 2323 batches | lr 0.2500 | ms/batch 72.87 | loss  4.53 | ppl    92.51
| epoch  18 |  1200/ 2323 batches | lr 0.2500 | ms/batch 67.54 | loss  4.53 | ppl    93.02
| epoch  18 |  1400/ 2323 batches | lr 0.2500 | ms/batch 73.43 | loss  4.42 | ppl    82.97
| epoch  18 |  1600/ 2323 batches | lr 0.2500 | ms/batch 70.78 | loss  4.50 | ppl    89.93
| epoch  18 |  1800/ 2323 batches | lr 0.2500 | ms/batch 68.99 | loss  4.55 | ppl    95.10
| epoch  18 |  2000/ 2323 batches | lr 0.2500 | ms/batch 69.34 | loss  4.39 | ppl    80.63
| epoch  18 |  2200/ 2323 batches | lr 0.2500 | ms/batch 72.71 | loss  4.34 | ppl    77.00
-----------------------------------------------------------------------------------------
| end of epoch  18 | time: 169.06s | valid loss  5.00 | valid ppl   148.80
-----------------------------------------------------------------------------------------
| epoch  19 |   200/ 2323 batches | lr 0.0625 | ms/batch 69.58 | loss  4.47 | ppl    87.31
| epoch  19 |   400/ 2323 batches | lr 0.0625 | ms/batch 69.94 | loss  4.60 | ppl    99.67
| epoch  19 |   600/ 2323 batches | lr 0.0625 | ms/batch 71.12 | loss  4.51 | ppl    90.79
| epoch  19 |   800/ 2323 batches | lr 0.0625 | ms/batch 68.35 | loss  4.51 | ppl    90.72
| epoch  19 |  1000/ 2323 batches | lr 0.0625 | ms/batch 74.68 | loss  4.53 | ppl    93.06
| epoch  19 |  1200/ 2323 batches | lr 0.0625 | ms/batch 69.09 | loss  4.54 | ppl    93.29
| epoch  19 |  1400/ 2323 batches | lr 0.0625 | ms/batch 67.66 | loss  4.41 | ppl    82.32
| epoch  19 |  1600/ 2323 batches | lr 0.0625 | ms/batch 72.63 | loss  4.49 | ppl    89.01
| epoch  19 |  1800/ 2323 batches | lr 0.0625 | ms/batch 69.42 | loss  4.54 | ppl    93.73
| epoch  19 |  2000/ 2323 batches | lr 0.0625 | ms/batch 74.21 | loss  4.37 | ppl    79.04
| epoch  19 |  2200/ 2323 batches | lr 0.0625 | ms/batch 69.92 | loss  4.32 | ppl    74.82
-----------------------------------------------------------------------------------------
| end of epoch  19 | time: 168.84s | valid loss  4.98 | valid ppl   144.78
-----------------------------------------------------------------------------------------
| epoch  20 |   200/ 2323 batches | lr 0.0625 | ms/batch 67.85 | loss  4.45 | ppl    85.84
| epoch  20 |   400/ 2323 batches | lr 0.0625 | ms/batch 68.33 | loss  4.58 | ppl    97.80
| epoch  20 |   600/ 2323 batches | lr 0.0625 | ms/batch 68.80 | loss  4.49 | ppl    89.23
| epoch  20 |   800/ 2323 batches | lr 0.0625 | ms/batch 68.52 | loss  4.49 | ppl    89.38
| epoch  20 |  1000/ 2323 batches | lr 0.0625 | ms/batch 70.49 | loss  4.52 | ppl    91.79
| epoch  20 |  1200/ 2323 batches | lr 0.0625 | ms/batch 72.59 | loss  4.52 | ppl    92.27
| epoch  20 |  1400/ 2323 batches | lr 0.0625 | ms/batch 70.01 | loss  4.40 | ppl    81.61
| epoch  20 |  1600/ 2323 batches | lr 0.0625 | ms/batch 68.24 | loss  4.48 | ppl    88.51
| epoch  20 |  1800/ 2323 batches | lr 0.0625 | ms/batch 69.22 | loss  4.54 | ppl    93.31
| epoch  20 |  2000/ 2323 batches | lr 0.0625 | ms/batch 71.83 | loss  4.37 | ppl    78.85
| epoch  20 |  2200/ 2323 batches | lr 0.0625 | ms/batch 71.62 | loss  4.32 | ppl    74.87
-----------------------------------------------------------------------------------------
| end of epoch  20 | time: 167.09s | valid loss  4.97 | valid ppl   144.37
-----------------------------------------------------------------------------------------
| epoch  21 |   200/ 2323 batches | lr 0.0625 | ms/batch 71.03 | loss  4.44 | ppl    85.18
| epoch  21 |   400/ 2323 batches | lr 0.0625 | ms/batch 66.35 | loss  4.58 | ppl    97.05
| epoch  21 |   600/ 2323 batches | lr 0.0625 | ms/batch 69.63 | loss  4.48 | ppl    88.58
| epoch  21 |   800/ 2323 batches | lr 0.0625 | ms/batch 69.17 | loss  4.49 | ppl    88.70
| epoch  21 |  1000/ 2323 batches | lr 0.0625 | ms/batch 68.51 | loss  4.51 | ppl    91.16
| epoch  21 |  1200/ 2323 batches | lr 0.0625 | ms/batch 70.57 | loss  4.52 | ppl    91.73
| epoch  21 |  1400/ 2323 batches | lr 0.0625 | ms/batch 68.71 | loss  4.40 | ppl    81.13
| epoch  21 |  1600/ 2323 batches | lr 0.0625 | ms/batch 72.36 | loss  4.48 | ppl    88.11
| epoch  21 |  1800/ 2323 batches | lr 0.0625 | ms/batch 73.49 | loss  4.53 | ppl    92.96
| epoch  21 |  2000/ 2323 batches | lr 0.0625 | ms/batch 68.59 | loss  4.36 | ppl    78.61
| epoch  21 |  2200/ 2323 batches | lr 0.0625 | ms/batch 70.84 | loss  4.31 | ppl    74.68
-----------------------------------------------------------------------------------------
| end of epoch  21 | time: 167.88s | valid loss  4.97 | valid ppl   144.34
-----------------------------------------------------------------------------------------
| epoch  22 |   200/ 2323 batches | lr 0.0625 | ms/batch 73.06 | loss  4.44 | ppl    84.63
| epoch  22 |   400/ 2323 batches | lr 0.0625 | ms/batch 73.09 | loss  4.57 | ppl    96.48
| epoch  22 |   600/ 2323 batches | lr 0.0625 | ms/batch 68.88 | loss  4.48 | ppl    88.01
| epoch  22 |   800/ 2323 batches | lr 0.0625 | ms/batch 71.95 | loss  4.48 | ppl    88.17
| epoch  22 |  1000/ 2323 batches | lr 0.0625 | ms/batch 67.62 | loss  4.51 | ppl    90.61
| epoch  22 |  1200/ 2323 batches | lr 0.0625 | ms/batch 67.50 | loss  4.51 | ppl    91.22
| epoch  22 |  1400/ 2323 batches | lr 0.0625 | ms/batch 70.09 | loss  4.39 | ppl    80.74
| epoch  22 |  1600/ 2323 batches | lr 0.0625 | ms/batch 70.31 | loss  4.48 | ppl    87.81
| epoch  22 |  1800/ 2323 batches | lr 0.0625 | ms/batch 70.31 | loss  4.53 | ppl    92.67
| epoch  22 |  2000/ 2323 batches | lr 0.0625 | ms/batch 68.86 | loss  4.36 | ppl    78.36
| epoch  22 |  2200/ 2323 batches | lr 0.0625 | ms/batch 70.67 | loss  4.31 | ppl    74.48
-----------------------------------------------------------------------------------------
| end of epoch  22 | time: 167.98s | valid loss  4.97 | valid ppl   144.17
-----------------------------------------------------------------------------------------
| epoch  23 |   200/ 2323 batches | lr 0.0625 | ms/batch 68.66 | loss  4.43 | ppl    84.14
| epoch  23 |   400/ 2323 batches | lr 0.0625 | ms/batch 72.73 | loss  4.56 | ppl    95.96
| epoch  23 |   600/ 2323 batches | lr 0.0625 | ms/batch 72.37 | loss  4.47 | ppl    87.58
| epoch  23 |   800/ 2323 batches | lr 0.0625 | ms/batch 68.59 | loss  4.47 | ppl    87.71
| epoch  23 |  1000/ 2323 batches | lr 0.0625 | ms/batch 66.43 | loss  4.50 | ppl    90.21
| epoch  23 |  1200/ 2323 batches | lr 0.0625 | ms/batch 68.65 | loss  4.51 | ppl    90.85
| epoch  23 |  1400/ 2323 batches | lr 0.0625 | ms/batch 72.05 | loss  4.39 | ppl    80.45
| epoch  23 |  1600/ 2323 batches | lr 0.0625 | ms/batch 68.75 | loss  4.47 | ppl    87.43
| epoch  23 |  1800/ 2323 batches | lr 0.0625 | ms/batch 68.49 | loss  4.53 | ppl    92.33
| epoch  23 |  2000/ 2323 batches | lr 0.0625 | ms/batch 69.80 | loss  4.36 | ppl    78.08
| epoch  23 |  2200/ 2323 batches | lr 0.0625 | ms/batch 69.54 | loss  4.31 | ppl    74.25
-----------------------------------------------------------------------------------------
| end of epoch  23 | time: 166.72s | valid loss  4.97 | valid ppl   143.98
-----------------------------------------------------------------------------------------
| epoch  24 |   200/ 2323 batches | lr 0.0625 | ms/batch 70.54 | loss  4.43 | ppl    83.72
| epoch  24 |   400/ 2323 batches | lr 0.0625 | ms/batch 70.11 | loss  4.56 | ppl    95.50
| epoch  24 |   600/ 2323 batches | lr 0.0625 | ms/batch 70.99 | loss  4.47 | ppl    87.13
| epoch  24 |   800/ 2323 batches | lr 0.0625 | ms/batch 69.24 | loss  4.47 | ppl    87.25
| epoch  24 |  1000/ 2323 batches | lr 0.0625 | ms/batch 71.81 | loss  4.50 | ppl    89.77
| epoch  24 |  1200/ 2323 batches | lr 0.0625 | ms/batch 71.17 | loss  4.50 | ppl    90.38
| epoch  24 |  1400/ 2323 batches | lr 0.0625 | ms/batch 69.22 | loss  4.38 | ppl    80.10
| epoch  24 |  1600/ 2323 batches | lr 0.0625 | ms/batch 74.20 | loss  4.47 | ppl    87.11
| epoch  24 |  1800/ 2323 batches | lr 0.0625 | ms/batch 68.78 | loss  4.52 | ppl    92.01
| epoch  24 |  2000/ 2323 batches | lr 0.0625 | ms/batch 66.70 | loss  4.35 | ppl    77.81
| epoch  24 |  2200/ 2323 batches | lr 0.0625 | ms/batch 51.29 | loss  4.30 | ppl    74.02
-----------------------------------------------------------------------------------------
| end of epoch  24 | time: 161.12s | valid loss  4.97 | valid ppl   143.80
-----------------------------------------------------------------------------------------
| epoch  25 |   200/ 2323 batches | lr 0.0625 | ms/batch 50.03 | loss  4.42 | ppl    83.30
| epoch  25 |   400/ 2323 batches | lr 0.0625 | ms/batch 51.96 | loss  4.55 | ppl    95.09
| epoch  25 |   600/ 2323 batches | lr 0.0625 | ms/batch 61.81 | loss  4.46 | ppl    86.74
| epoch  25 |   800/ 2323 batches | lr 0.0625 | ms/batch 62.43 | loss  4.46 | ppl    86.87
| epoch  25 |  1000/ 2323 batches | lr 0.0625 | ms/batch 62.03 | loss  4.49 | ppl    89.37
| epoch  25 |  1200/ 2323 batches | lr 0.0625 | ms/batch 62.81 | loss  4.50 | ppl    90.00
| epoch  25 |  1400/ 2323 batches | lr 0.0625 | ms/batch 65.38 | loss  4.38 | ppl    79.80
| epoch  25 |  1600/ 2323 batches | lr 0.0625 | ms/batch 65.31 | loss  4.46 | ppl    86.82
| epoch  25 |  1800/ 2323 batches | lr 0.0625 | ms/batch 52.42 | loss  4.52 | ppl    91.70
| epoch  25 |  2000/ 2323 batches | lr 0.0625 | ms/batch 50.27 | loss  4.35 | ppl    77.56
