| epoch   1 |   200/ 2323 batches | lr 3.0000 | ms/batch 57.56 | loss 74.63 | ppl 257784752624627334223998467702784.00
| epoch   1 |   400/ 2323 batches | lr 3.0000 | ms/batch 50.32 | loss  6.90 | ppl   990.03
| epoch   1 |   600/ 2323 batches | lr 3.0000 | ms/batch 50.44 | loss  6.39 | ppl   594.85
| epoch   1 |   800/ 2323 batches | lr 3.0000 | ms/batch 50.64 | loss  6.22 | ppl   505.18
| epoch   1 |  1000/ 2323 batches | lr 3.0000 | ms/batch 62.62 | loss  6.08 | ppl   435.07
| epoch   1 |  1200/ 2323 batches | lr 3.0000 | ms/batch 66.12 | loss  6.01 | ppl   407.10
| epoch   1 |  1400/ 2323 batches | lr 3.0000 | ms/batch 64.70 | loss  5.83 | ppl   340.24
| epoch   1 |  1600/ 2323 batches | lr 3.0000 | ms/batch 66.89 | loss  5.79 | ppl   327.73
| epoch   1 |  1800/ 2323 batches | lr 3.0000 | ms/batch 65.29 | loss  5.77 | ppl   320.50
| epoch   1 |  2000/ 2323 batches | lr 3.0000 | ms/batch 71.90 | loss  5.68 | ppl   292.25
| epoch   1 |  2200/ 2323 batches | lr 3.0000 | ms/batch 64.38 | loss  5.56 | ppl   259.02
-----------------------------------------------------------------------------------------
| end of epoch   1 | time: 147.60s | valid loss  5.63 | valid ppl   278.33
-----------------------------------------------------------------------------------------
| epoch   2 |   200/ 2323 batches | lr 3.0000 | ms/batch 52.23 | loss  5.58 | ppl   263.87
| epoch   2 |   400/ 2323 batches | lr 3.0000 | ms/batch 55.86 | loss  5.61 | ppl   272.51
| epoch   2 |   600/ 2323 batches | lr 3.0000 | ms/batch 65.97 | loss  5.53 | ppl   251.02
| epoch   2 |   800/ 2323 batches | lr 3.0000 | ms/batch 69.66 | loss  5.52 | ppl   250.84
| epoch   2 |  1000/ 2323 batches | lr 3.0000 | ms/batch 65.96 | loss  5.49 | ppl   242.58
| epoch   2 |  1200/ 2323 batches | lr 3.0000 | ms/batch 65.17 | loss  5.50 | ppl   244.30
| epoch   2 |  1400/ 2323 batches | lr 3.0000 | ms/batch 64.20 | loss  5.36 | ppl   213.18
| epoch   2 |  1600/ 2323 batches | lr 3.0000 | ms/batch 66.42 | loss  5.39 | ppl   219.06
| epoch   2 |  1800/ 2323 batches | lr 3.0000 | ms/batch 64.26 | loss  5.41 | ppl   223.09
| epoch   2 |  2000/ 2323 batches | lr 3.0000 | ms/batch 51.89 | loss  5.31 | ppl   203.08
| epoch   2 |  2200/ 2323 batches | lr 3.0000 | ms/batch 52.22 | loss  5.22 | ppl   185.04
-----------------------------------------------------------------------------------------
| end of epoch   2 | time: 145.67s | valid loss  5.41 | valid ppl   224.35
-----------------------------------------------------------------------------------------
| epoch   3 |   200/ 2323 batches | lr 3.0000 | ms/batch 51.89 | loss  5.27 | ppl   194.63
| epoch   3 |   400/ 2323 batches | lr 3.0000 | ms/batch 51.53 | loss  5.35 | ppl   210.20
| epoch   3 |   600/ 2323 batches | lr 3.0000 | ms/batch 51.09 | loss  5.27 | ppl   195.06
| epoch   3 |   800/ 2323 batches | lr 3.0000 | ms/batch 56.97 | loss  5.28 | ppl   195.98
| epoch   3 |  1000/ 2323 batches | lr 3.0000 | ms/batch 71.69 | loss  5.27 | ppl   193.62
| epoch   3 |  1200/ 2323 batches | lr 3.0000 | ms/batch 70.16 | loss  5.28 | ppl   196.05
| epoch   3 |  1400/ 2323 batches | lr 3.0000 | ms/batch 72.39 | loss  5.15 | ppl   171.80
| epoch   3 |  1600/ 2323 batches | lr 3.0000 | ms/batch 66.14 | loss  5.20 | ppl   180.73
| epoch   3 |  1800/ 2323 batches | lr 3.0000 | ms/batch 68.95 | loss  5.23 | ppl   186.31
| epoch   3 |  2000/ 2323 batches | lr 3.0000 | ms/batch 67.79 | loss  5.12 | ppl   168.10
| epoch   3 |  2200/ 2323 batches | lr 3.0000 | ms/batch 68.11 | loss  5.04 | ppl   154.01
-----------------------------------------------------------------------------------------
| end of epoch   3 | time: 153.12s | valid loss  5.32 | valid ppl   203.53
-----------------------------------------------------------------------------------------
| epoch   4 |   200/ 2323 batches | lr 3.0000 | ms/batch 68.63 | loss  5.09 | ppl   162.73
| epoch   4 |   400/ 2323 batches | lr 3.0000 | ms/batch 70.48 | loss  5.19 | ppl   179.40
| epoch   4 |   600/ 2323 batches | lr 3.0000 | ms/batch 67.18 | loss  5.11 | ppl   165.88
| epoch   4 |   800/ 2323 batches | lr 3.0000 | ms/batch 72.35 | loss  5.12 | ppl   166.62
| epoch   4 |  1000/ 2323 batches | lr 3.0000 | ms/batch 66.63 | loss  5.11 | ppl   166.21
| epoch   4 |  1200/ 2323 batches | lr 3.0000 | ms/batch 68.73 | loss  5.13 | ppl   168.98
| epoch   4 |  1400/ 2323 batches | lr 3.0000 | ms/batch 67.97 | loss  5.01 | ppl   149.32
| epoch   4 |  1600/ 2323 batches | lr 3.0000 | ms/batch 70.41 | loss  5.06 | ppl   158.05
| epoch   4 |  1800/ 2323 batches | lr 3.0000 | ms/batch 70.35 | loss  5.10 | ppl   164.69
| epoch   4 |  2000/ 2323 batches | lr 3.0000 | ms/batch 67.22 | loss  4.98 | ppl   145.08
| epoch   4 |  2200/ 2323 batches | lr 3.0000 | ms/batch 68.43 | loss  4.91 | ppl   135.08
-----------------------------------------------------------------------------------------
| end of epoch   4 | time: 165.54s | valid loss  5.25 | valid ppl   189.83
-----------------------------------------------------------------------------------------
| epoch   5 |   200/ 2323 batches | lr 3.0000 | ms/batch 66.70 | loss  4.96 | ppl   143.03
| epoch   5 |   400/ 2323 batches | lr 3.0000 | ms/batch 65.86 | loss  5.07 | ppl   159.78
| epoch   5 |   600/ 2323 batches | lr 3.0000 | ms/batch 55.15 | loss  4.99 | ppl   147.22
| epoch   5 |   800/ 2323 batches | lr 3.0000 | ms/batch 55.10 | loss  4.99 | ppl   147.49
| epoch   5 |  1000/ 2323 batches | lr 3.0000 | ms/batch 54.91 | loss  5.00 | ppl   148.72
| epoch   5 |  1200/ 2323 batches | lr 3.0000 | ms/batch 59.98 | loss  5.02 | ppl   150.80
| epoch   5 |  1400/ 2323 batches | lr 3.0000 | ms/batch 55.25 | loss  4.89 | ppl   133.46
| epoch   5 |  1600/ 2323 batches | lr 3.0000 | ms/batch 56.34 | loss  4.96 | ppl   142.10
| epoch   5 |  1800/ 2323 batches | lr 3.0000 | ms/batch 67.99 | loss  5.00 | ppl   148.88
| epoch   5 |  2000/ 2323 batches | lr 3.0000 | ms/batch 73.24 | loss  4.87 | ppl   130.43
| epoch   5 |  2200/ 2323 batches | lr 3.0000 | ms/batch 67.94 | loss  4.80 | ppl   121.71
-----------------------------------------------------------------------------------------
| end of epoch   5 | time: 149.36s | valid loss  5.21 | valid ppl   182.67
-----------------------------------------------------------------------------------------
| epoch   6 |   200/ 2323 batches | lr 3.0000 | ms/batch 68.79 | loss  4.86 | ppl   129.34
| epoch   6 |   400/ 2323 batches | lr 3.0000 | ms/batch 67.99 | loss  4.98 | ppl   145.39
| epoch   6 |   600/ 2323 batches | lr 3.0000 | ms/batch 67.96 | loss  4.89 | ppl   133.11
| epoch   6 |   800/ 2323 batches | lr 3.0000 | ms/batch 70.07 | loss  4.90 | ppl   133.91
| epoch   6 |  1000/ 2323 batches | lr 3.0000 | ms/batch 68.99 | loss  4.90 | ppl   134.82
| epoch   6 |  1200/ 2323 batches | lr 3.0000 | ms/batch 67.52 | loss  4.92 | ppl   137.61
| epoch   6 |  1400/ 2323 batches | lr 3.0000 | ms/batch 68.34 | loss  4.81 | ppl   122.15
| epoch   6 |  1600/ 2323 batches | lr 3.0000 | ms/batch 68.21 | loss  4.87 | ppl   129.78
| epoch   6 |  1800/ 2323 batches | lr 3.0000 | ms/batch 69.41 | loss  4.92 | ppl   137.18
| epoch   6 |  2000/ 2323 batches | lr 3.0000 | ms/batch 68.12 | loss  4.78 | ppl   119.33
| epoch   6 |  2200/ 2323 batches | lr 3.0000 | ms/batch 74.26 | loss  4.72 | ppl   112.08
-----------------------------------------------------------------------------------------
| end of epoch   6 | time: 165.57s | valid loss  5.17 | valid ppl   176.14
-----------------------------------------------------------------------------------------
| epoch   7 |   200/ 2323 batches | lr 3.0000 | ms/batch 70.54 | loss  4.78 | ppl   119.10
| epoch   7 |   400/ 2323 batches | lr 3.0000 | ms/batch 67.00 | loss  4.90 | ppl   134.06
| epoch   7 |   600/ 2323 batches | lr 3.0000 | ms/batch 69.36 | loss  4.81 | ppl   122.66
| epoch   7 |   800/ 2323 batches | lr 3.0000 | ms/batch 65.27 | loss  4.81 | ppl   123.32
| epoch   7 |  1000/ 2323 batches | lr 3.0000 | ms/batch 63.87 | loss  4.83 | ppl   124.90
| epoch   7 |  1200/ 2323 batches | lr 3.0000 | ms/batch 69.72 | loss  4.85 | ppl   127.21
| epoch   7 |  1400/ 2323 batches | lr 3.0000 | ms/batch 71.43 | loss  4.73 | ppl   112.90
| epoch   7 |  1600/ 2323 batches | lr 3.0000 | ms/batch 70.25 | loss  4.79 | ppl   120.77
| epoch   7 |  1800/ 2323 batches | lr 3.0000 | ms/batch 69.35 | loss  4.85 | ppl   127.71
| epoch   7 |  2000/ 2323 batches | lr 3.0000 | ms/batch 67.62 | loss  4.71 | ppl   110.65
| epoch   7 |  2200/ 2323 batches | lr 3.0000 | ms/batch 65.93 | loss  4.65 | ppl   104.55
-----------------------------------------------------------------------------------------
| end of epoch   7 | time: 163.80s | valid loss  5.16 | valid ppl   174.83
-----------------------------------------------------------------------------------------
| epoch   8 |   200/ 2323 batches | lr 3.0000 | ms/batch 73.84 | loss  4.71 | ppl   110.76
| epoch   8 |   400/ 2323 batches | lr 3.0000 | ms/batch 68.71 | loss  4.83 | ppl   125.71
| epoch   8 |   600/ 2323 batches | lr 3.0000 | ms/batch 69.65 | loss  4.74 | ppl   114.67
| epoch   8 |   800/ 2323 batches | lr 3.0000 | ms/batch 71.34 | loss  4.74 | ppl   114.95
| epoch   8 |  1000/ 2323 batches | lr 3.0000 | ms/batch 67.98 | loss  4.76 | ppl   116.32
| epoch   8 |  1200/ 2323 batches | lr 3.0000 | ms/batch 70.16 | loss  4.78 | ppl   118.90
| epoch   8 |  1400/ 2323 batches | lr 3.0000 | ms/batch 68.32 | loss  4.66 | ppl   105.83
| epoch   8 |  1600/ 2323 batches | lr 3.0000 | ms/batch 70.94 | loss  4.73 | ppl   113.31
| epoch   8 |  1800/ 2323 batches | lr 3.0000 | ms/batch 69.72 | loss  4.79 | ppl   120.16
| epoch   8 |  2000/ 2323 batches | lr 3.0000 | ms/batch 66.87 | loss  4.64 | ppl   103.56
| epoch   8 |  2200/ 2323 batches | lr 3.0000 | ms/batch 68.33 | loss  4.59 | ppl    98.22
-----------------------------------------------------------------------------------------
| end of epoch   8 | time: 166.77s | valid loss  5.18 | valid ppl   176.89
-----------------------------------------------------------------------------------------
| epoch   9 |   200/ 2323 batches | lr 0.7500 | ms/batch 73.28 | loss  4.60 | ppl    99.98
| epoch   9 |   400/ 2323 batches | lr 0.7500 | ms/batch 70.13 | loss  4.69 | ppl   108.98
| epoch   9 |   600/ 2323 batches | lr 0.7500 | ms/batch 71.72 | loss  4.58 | ppl    97.11
| epoch   9 |   800/ 2323 batches | lr 0.7500 | ms/batch 68.35 | loss  4.56 | ppl    95.60
| epoch   9 |  1000/ 2323 batches | lr 0.7500 | ms/batch 68.05 | loss  4.57 | ppl    96.34
| epoch   9 |  1200/ 2323 batches | lr 0.7500 | ms/batch 70.46 | loss  4.57 | ppl    96.97
| epoch   9 |  1400/ 2323 batches | lr 0.7500 | ms/batch 68.24 | loss  4.44 | ppl    84.47
| epoch   9 |  1600/ 2323 batches | lr 0.7500 | ms/batch 69.96 | loss  4.50 | ppl    89.80
| epoch   9 |  1800/ 2323 batches | lr 0.7500 | ms/batch 72.24 | loss  4.54 | ppl    93.97
| epoch   9 |  2000/ 2323 batches | lr 0.7500 | ms/batch 67.53 | loss  4.37 | ppl    79.34
| epoch   9 |  2200/ 2323 batches | lr 0.7500 | ms/batch 71.20 | loss  4.30 | ppl    73.59
-----------------------------------------------------------------------------------------
| end of epoch   9 | time: 167.65s | valid loss  5.03 | valid ppl   153.17
-----------------------------------------------------------------------------------------
| epoch  10 |   200/ 2323 batches | lr 0.7500 | ms/batch 71.08 | loss  4.47 | ppl    87.75
| epoch  10 |   400/ 2323 batches | lr 0.7500 | ms/batch 69.90 | loss  4.60 | ppl    99.58
| epoch  10 |   600/ 2323 batches | lr 0.7500 | ms/batch 70.09 | loss  4.50 | ppl    89.74
| epoch  10 |   800/ 2323 batches | lr 0.7500 | ms/batch 68.84 | loss  4.49 | ppl    88.81
| epoch  10 |  1000/ 2323 batches | lr 0.7500 | ms/batch 70.05 | loss  4.50 | ppl    90.21
| epoch  10 |  1200/ 2323 batches | lr 0.7500 | ms/batch 71.43 | loss  4.52 | ppl    91.48
| epoch  10 |  1400/ 2323 batches | lr 0.7500 | ms/batch 73.96 | loss  4.39 | ppl    80.24
| epoch  10 |  1600/ 2323 batches | lr 0.7500 | ms/batch 66.88 | loss  4.45 | ppl    85.83
| epoch  10 |  1800/ 2323 batches | lr 0.7500 | ms/batch 68.20 | loss  4.51 | ppl    90.47
| epoch  10 |  2000/ 2323 batches | lr 0.7500 | ms/batch 67.56 | loss  4.34 | ppl    76.66
| epoch  10 |  2200/ 2323 batches | lr 0.7500 | ms/batch 69.44 | loss  4.27 | ppl    71.71
-----------------------------------------------------------------------------------------
| end of epoch  10 | time: 167.13s | valid loss  5.03 | valid ppl   153.25
-----------------------------------------------------------------------------------------
| epoch  11 |   200/ 2323 batches | lr 0.1875 | ms/batch 69.13 | loss  4.44 | ppl    84.62
| epoch  11 |   400/ 2323 batches | lr 0.1875 | ms/batch 71.35 | loss  4.57 | ppl    96.10
| epoch  11 |   600/ 2323 batches | lr 0.1875 | ms/batch 68.17 | loss  4.45 | ppl    85.85
| epoch  11 |   800/ 2323 batches | lr 0.1875 | ms/batch 68.94 | loss  4.44 | ppl    84.67
| epoch  11 |  1000/ 2323 batches | lr 0.1875 | ms/batch 69.46 | loss  4.45 | ppl    85.74
| epoch  11 |  1200/ 2323 batches | lr 0.1875 | ms/batch 70.51 | loss  4.46 | ppl    86.63
| epoch  11 |  1400/ 2323 batches | lr 0.1875 | ms/batch 71.98 | loss  4.32 | ppl    75.23
| epoch  11 |  1600/ 2323 batches | lr 0.1875 | ms/batch 68.73 | loss  4.39 | ppl    80.25
| epoch  11 |  1800/ 2323 batches | lr 0.1875 | ms/batch 67.58 | loss  4.44 | ppl    84.38
| epoch  11 |  2000/ 2323 batches | lr 0.1875 | ms/batch 68.89 | loss  4.26 | ppl    70.73
| epoch  11 |  2200/ 2323 batches | lr 0.1875 | ms/batch 71.19 | loss  4.18 | ppl    65.48
-----------------------------------------------------------------------------------------
| end of epoch  11 | time: 166.41s | valid loss  5.00 | valid ppl   148.90
-----------------------------------------------------------------------------------------
| epoch  12 |   200/ 2323 batches | lr 0.1875 | ms/batch 70.35 | loss  4.40 | ppl    81.32
| epoch  12 |   400/ 2323 batches | lr 0.1875 | ms/batch 68.03 | loss  4.53 | ppl    92.87
| epoch  12 |   600/ 2323 batches | lr 0.1875 | ms/batch 69.96 | loss  4.42 | ppl    83.34
| epoch  12 |   800/ 2323 batches | lr 0.1875 | ms/batch 68.03 | loss  4.41 | ppl    82.35
| epoch  12 |  1000/ 2323 batches | lr 0.1875 | ms/batch 70.55 | loss  4.43 | ppl    83.68
| epoch  12 |  1200/ 2323 batches | lr 0.1875 | ms/batch 69.17 | loss  4.44 | ppl    84.79
| epoch  12 |  1400/ 2323 batches | lr 0.1875 | ms/batch 67.44 | loss  4.30 | ppl    73.95
| epoch  12 |  1600/ 2323 batches | lr 0.1875 | ms/batch 69.15 | loss  4.37 | ppl    79.12
| epoch  12 |  1800/ 2323 batches | lr 0.1875 | ms/batch 73.60 | loss  4.42 | ppl    83.48
| epoch  12 |  2000/ 2323 batches | lr 0.1875 | ms/batch 68.43 | loss  4.25 | ppl    70.16
| epoch  12 |  2200/ 2323 batches | lr 0.1875 | ms/batch 70.39 | loss  4.18 | ppl    65.25
-----------------------------------------------------------------------------------------
| end of epoch  12 | time: 166.43s | valid loss  5.00 | valid ppl   148.74
-----------------------------------------------------------------------------------------
| epoch  13 |   200/ 2323 batches | lr 0.1875 | ms/batch 69.94 | loss  4.38 | ppl    79.84
| epoch  13 |   400/ 2323 batches | lr 0.1875 | ms/batch 67.61 | loss  4.51 | ppl    91.29
| epoch  13 |   600/ 2323 batches | lr 0.1875 | ms/batch 69.85 | loss  4.41 | ppl    81.96
| epoch  13 |   800/ 2323 batches | lr 0.1875 | ms/batch 72.64 | loss  4.39 | ppl    81.02
| epoch  13 |  1000/ 2323 batches | lr 0.1875 | ms/batch 67.86 | loss  4.41 | ppl    82.45
| epoch  13 |  1200/ 2323 batches | lr 0.1875 | ms/batch 70.58 | loss  4.43 | ppl    83.62
| epoch  13 |  1400/ 2323 batches | lr 0.1875 | ms/batch 65.25 | loss  4.29 | ppl    73.06
| epoch  13 |  1600/ 2323 batches | lr 0.1875 | ms/batch 68.28 | loss  4.36 | ppl    78.27
| epoch  13 |  1800/ 2323 batches | lr 0.1875 | ms/batch 70.64 | loss  4.42 | ppl    82.73
| epoch  13 |  2000/ 2323 batches | lr 0.1875 | ms/batch 70.14 | loss  4.24 | ppl    69.56
| epoch  13 |  2200/ 2323 batches | lr 0.1875 | ms/batch 68.82 | loss  4.17 | ppl    64.87
-----------------------------------------------------------------------------------------
| end of epoch  13 | time: 165.98s | valid loss  5.00 | valid ppl   148.70
-----------------------------------------------------------------------------------------
| epoch  14 |   200/ 2323 batches | lr 0.1875 | ms/batch 69.04 | loss  4.37 | ppl    78.68
| epoch  14 |   400/ 2323 batches | lr 0.1875 | ms/batch 69.27 | loss  4.50 | ppl    90.00
| epoch  14 |   600/ 2323 batches | lr 0.1875 | ms/batch 67.09 | loss  4.39 | ppl    80.85
| epoch  14 |   800/ 2323 batches | lr 0.1875 | ms/batch 72.99 | loss  4.38 | ppl    79.93
| epoch  14 |  1000/ 2323 batches | lr 0.1875 | ms/batch 68.10 | loss  4.40 | ppl    81.42
| epoch  14 |  1200/ 2323 batches | lr 0.1875 | ms/batch 66.45 | loss  4.41 | ppl    82.64
| epoch  14 |  1400/ 2323 batches | lr 0.1875 | ms/batch 71.12 | loss  4.28 | ppl    72.28
| epoch  14 |  1600/ 2323 batches | lr 0.1875 | ms/batch 74.67 | loss  4.35 | ppl    77.51
| epoch  14 |  1800/ 2323 batches | lr 0.1875 | ms/batch 72.67 | loss  4.41 | ppl    82.01
| epoch  14 |  2000/ 2323 batches | lr 0.1875 | ms/batch 66.94 | loss  4.23 | ppl    69.00
| epoch  14 |  2200/ 2323 batches | lr 0.1875 | ms/batch 69.50 | loss  4.17 | ppl    64.45
-----------------------------------------------------------------------------------------
| end of epoch  14 | time: 166.99s | valid loss  5.00 | valid ppl   148.87
-----------------------------------------------------------------------------------------
| epoch  15 |   200/ 2323 batches | lr 0.0469 | ms/batch 70.45 | loss  4.36 | ppl    78.42
| epoch  15 |   400/ 2323 batches | lr 0.0469 | ms/batch 68.25 | loss  4.50 | ppl    89.81
| epoch  15 |   600/ 2323 batches | lr 0.0469 | ms/batch 68.78 | loss  4.39 | ppl    80.30
| epoch  15 |   800/ 2323 batches | lr 0.0469 | ms/batch 65.93 | loss  4.38 | ppl    79.44
| epoch  15 |  1000/ 2323 batches | lr 0.0469 | ms/batch 68.92 | loss  4.39 | ppl    80.66
| epoch  15 |  1200/ 2323 batches | lr 0.0469 | ms/batch 67.59 | loss  4.40 | ppl    81.75
| epoch  15 |  1400/ 2323 batches | lr 0.0469 | ms/batch 70.69 | loss  4.26 | ppl    71.11
| epoch  15 |  1600/ 2323 batches | lr 0.0469 | ms/batch 69.95 | loss  4.33 | ppl    76.07
| epoch  15 |  1800/ 2323 batches | lr 0.0469 | ms/batch 72.06 | loss  4.39 | ppl    80.25
| epoch  15 |  2000/ 2323 batches | lr 0.0469 | ms/batch 70.85 | loss  4.21 | ppl    67.33
| epoch  15 |  2200/ 2323 batches | lr 0.0469 | ms/batch 70.55 | loss  4.14 | ppl    62.51
-----------------------------------------------------------------------------------------
| end of epoch  15 | time: 166.59s | valid loss  5.00 | valid ppl   148.05
-----------------------------------------------------------------------------------------
| epoch  16 |   200/ 2323 batches | lr 0.0469 | ms/batch 66.00 | loss  4.35 | ppl    77.56
| epoch  16 |   400/ 2323 batches | lr 0.0469 | ms/batch 56.64 | loss  4.49 | ppl    88.80
| epoch  16 |   600/ 2323 batches | lr 0.0469 | ms/batch 62.37 | loss  4.38 | ppl    79.52
| epoch  16 |   800/ 2323 batches | lr 0.0469 | ms/batch 68.88 | loss  4.37 | ppl    78.70
| epoch  16 |  1000/ 2323 batches | lr 0.0469 | ms/batch 75.90 | loss  4.38 | ppl    80.02
| epoch  16 |  1200/ 2323 batches | lr 0.0469 | ms/batch 71.98 | loss  4.40 | ppl    81.21
| epoch  16 |  1400/ 2323 batches | lr 0.0469 | ms/batch 71.71 | loss  4.26 | ppl    70.74
| epoch  16 |  1600/ 2323 batches | lr 0.0469 | ms/batch 72.49 | loss  4.33 | ppl    75.79
| epoch  16 |  1800/ 2323 batches | lr 0.0469 | ms/batch 72.76 | loss  4.38 | ppl    80.09
| epoch  16 |  2000/ 2323 batches | lr 0.0469 | ms/batch 75.63 | loss  4.21 | ppl    67.28
| epoch  16 |  2200/ 2323 batches | lr 0.0469 | ms/batch 77.00 | loss  4.14 | ppl    62.57
-----------------------------------------------------------------------------------------
| end of epoch  16 | time: 168.30s | valid loss  5.00 | valid ppl   147.95
-----------------------------------------------------------------------------------------
| epoch  17 |   200/ 2323 batches | lr 0.0469 | ms/batch 72.25 | loss  4.35 | ppl    77.14
| epoch  17 |   400/ 2323 batches | lr 0.0469 | ms/batch 78.07 | loss  4.48 | ppl    88.30
| epoch  17 |   600/ 2323 batches | lr 0.0469 | ms/batch 75.51 | loss  4.37 | ppl    79.09
| epoch  17 |   800/ 2323 batches | lr 0.0469 | ms/batch 70.03 | loss  4.36 | ppl    78.28
| epoch  17 |  1000/ 2323 batches | lr 0.0469 | ms/batch 75.23 | loss  4.38 | ppl    79.65
| epoch  17 |  1200/ 2323 batches | lr 0.0469 | ms/batch 70.70 | loss  4.39 | ppl    80.88
| epoch  17 |  1400/ 2323 batches | lr 0.0469 | ms/batch 72.18 | loss  4.26 | ppl    70.50
| epoch  17 |  1600/ 2323 batches | lr 0.0469 | ms/batch 75.99 | loss  4.33 | ppl    75.58
| epoch  17 |  1800/ 2323 batches | lr 0.0469 | ms/batch 72.84 | loss  4.38 | ppl    79.94
| epoch  17 |  2000/ 2323 batches | lr 0.0469 | ms/batch 73.06 | loss  4.21 | ppl    67.18
| epoch  17 |  2200/ 2323 batches | lr 0.0469 | ms/batch 74.95 | loss  4.14 | ppl    62.53
-----------------------------------------------------------------------------------------
| end of epoch  17 | time: 176.96s | valid loss  5.00 | valid ppl   147.97
-----------------------------------------------------------------------------------------
| epoch  18 |   200/ 2323 batches | lr 0.0117 | ms/batch 73.25 | loss  4.35 | ppl    77.17
| epoch  18 |   400/ 2323 batches | lr 0.0117 | ms/batch 71.01 | loss  4.48 | ppl    88.46
| epoch  18 |   600/ 2323 batches | lr 0.0117 | ms/batch 70.38 | loss  4.37 | ppl    79.04
| epoch  18 |   800/ 2323 batches | lr 0.0117 | ms/batch 71.59 | loss  4.36 | ppl    78.23
| epoch  18 |  1000/ 2323 batches | lr 0.0117 | ms/batch 75.60 | loss  4.38 | ppl    79.49
| epoch  18 |  1200/ 2323 batches | lr 0.0117 | ms/batch 74.31 | loss  4.39 | ppl    80.64
| epoch  18 |  1400/ 2323 batches | lr 0.0117 | ms/batch 77.14 | loss  4.25 | ppl    70.15
| epoch  18 |  1600/ 2323 batches | lr 0.0117 | ms/batch 74.88 | loss  4.32 | ppl    75.19
| epoch  18 |  1800/ 2323 batches | lr 0.0117 | ms/batch 70.05 | loss  4.37 | ppl    79.36
| epoch  18 |  2000/ 2323 batches | lr 0.0117 | ms/batch 71.20 | loss  4.20 | ppl    66.66
| epoch  18 |  2200/ 2323 batches | lr 0.0117 | ms/batch 70.37 | loss  4.13 | ppl    61.91
-----------------------------------------------------------------------------------------
| end of epoch  18 | time: 173.97s | valid loss  4.99 | valid ppl   147.61
-----------------------------------------------------------------------------------------
| epoch  19 |   200/ 2323 batches | lr 0.0117 | ms/batch 75.74 | loss  4.34 | ppl    76.88
| epoch  19 |   400/ 2323 batches | lr 0.0117 | ms/batch 77.25 | loss  4.48 | ppl    88.17
| epoch  19 |   600/ 2323 batches | lr 0.0117 | ms/batch 71.46 | loss  4.37 | ppl    78.79
| epoch  19 |   800/ 2323 batches | lr 0.0117 | ms/batch 70.27 | loss  4.36 | ppl    77.99
| epoch  19 |  1000/ 2323 batches | lr 0.0117 | ms/batch 73.09 | loss  4.37 | ppl    79.31
| epoch  19 |  1200/ 2323 batches | lr 0.0117 | ms/batch 73.44 | loss  4.39 | ppl    80.49
| epoch  19 |  1400/ 2323 batches | lr 0.0117 | ms/batch 72.17 | loss  4.25 | ppl    70.05
| epoch  19 |  1600/ 2323 batches | lr 0.0117 | ms/batch 67.84 | loss  4.32 | ppl    75.12
| epoch  19 |  1800/ 2323 batches | lr 0.0117 | ms/batch 74.38 | loss  4.37 | ppl    79.35
| epoch  19 |  2000/ 2323 batches | lr 0.0117 | ms/batch 73.11 | loss  4.20 | ppl    66.67
| epoch  19 |  2200/ 2323 batches | lr 0.0117 | ms/batch 72.72 | loss  4.13 | ppl    61.96
-----------------------------------------------------------------------------------------
| end of epoch  19 | time: 174.66s | valid loss  4.99 | valid ppl   147.54
-----------------------------------------------------------------------------------------
| epoch  20 |   200/ 2323 batches | lr 0.0117 | ms/batch 74.66 | loss  4.34 | ppl    76.73
| epoch  20 |   400/ 2323 batches | lr 0.0117 | ms/batch 75.46 | loss  4.48 | ppl    88.00
| epoch  20 |   600/ 2323 batches | lr 0.0117 | ms/batch 71.42 | loss  4.36 | ppl    78.64
| epoch  20 |   800/ 2323 batches | lr 0.0117 | ms/batch 69.08 | loss  4.35 | ppl    77.85
| epoch  20 |  1000/ 2323 batches | lr 0.0117 | ms/batch 70.69 | loss  4.37 | ppl    79.19
| epoch  20 |  1200/ 2323 batches | lr 0.0117 | ms/batch 74.89 | loss  4.39 | ppl    80.39
| epoch  20 |  1400/ 2323 batches | lr 0.0117 | ms/batch 75.40 | loss  4.25 | ppl    69.98
| epoch  20 |  1600/ 2323 batches | lr 0.0117 | ms/batch 75.94 | loss  4.32 | ppl    75.07
| epoch  20 |  1800/ 2323 batches | lr 0.0117 | ms/batch 72.29 | loss  4.37 | ppl    79.33
| epoch  20 |  2000/ 2323 batches | lr 0.0117 | ms/batch 72.02 | loss  4.20 | ppl    66.67
| epoch  20 |  2200/ 2323 batches | lr 0.0117 | ms/batch 74.45 | loss  4.13 | ppl    61.98
-----------------------------------------------------------------------------------------
| end of epoch  20 | time: 175.54s | valid loss  4.99 | valid ppl   147.51
-----------------------------------------------------------------------------------------
| epoch  21 |   200/ 2323 batches | lr 0.0117 | ms/batch 71.35 | loss  4.34 | ppl    76.61
| epoch  21 |   400/ 2323 batches | lr 0.0117 | ms/batch 76.53 | loss  4.48 | ppl    87.86
| epoch  21 |   600/ 2323 batches | lr 0.0117 | ms/batch 72.02 | loss  4.36 | ppl    78.53
| epoch  21 |   800/ 2323 batches | lr 0.0117 | ms/batch 73.95 | loss  4.35 | ppl    77.73
| epoch  21 |  1000/ 2323 batches | lr 0.0117 | ms/batch 75.17 | loss  4.37 | ppl    79.09
| epoch  21 |  1200/ 2323 batches | lr 0.0117 | ms/batch 72.34 | loss  4.39 | ppl    80.30
| epoch  21 |  1400/ 2323 batches | lr 0.0117 | ms/batch 75.86 | loss  4.25 | ppl    69.92
| epoch  21 |  1600/ 2323 batches | lr 0.0117 | ms/batch 75.70 | loss  4.32 | ppl    75.02
| epoch  21 |  1800/ 2323 batches | lr 0.0117 | ms/batch 72.52 | loss  4.37 | ppl    79.30
| epoch  21 |  2000/ 2323 batches | lr 0.0117 | ms/batch 74.13 | loss  4.20 | ppl    66.66
| epoch  21 |  2200/ 2323 batches | lr 0.0117 | ms/batch 73.36 | loss  4.13 | ppl    61.98
-----------------------------------------------------------------------------------------
| end of epoch  21 | time: 177.28s | valid loss  4.99 | valid ppl   147.49
-----------------------------------------------------------------------------------------
| epoch  22 |   200/ 2323 batches | lr 0.0117 | ms/batch 73.01 | loss  4.34 | ppl    76.50
| epoch  22 |   400/ 2323 batches | lr 0.0117 | ms/batch 74.51 | loss  4.47 | ppl    87.74
| epoch  22 |   600/ 2323 batches | lr 0.0117 | ms/batch 71.85 | loss  4.36 | ppl    78.42
| epoch  22 |   800/ 2323 batches | lr 0.0117 | ms/batch 71.77 | loss  4.35 | ppl    77.63
| epoch  22 |  1000/ 2323 batches | lr 0.0117 | ms/batch 71.31 | loss  4.37 | ppl    79.01
| epoch  22 |  1200/ 2323 batches | lr 0.0117 | ms/batch 72.42 | loss  4.38 | ppl    80.22
| epoch  22 |  1400/ 2323 batches | lr 0.0117 | ms/batch 74.62 | loss  4.25 | ppl    69.86
| epoch  22 |  1600/ 2323 batches | lr 0.0117 | ms/batch 75.67 | loss  4.32 | ppl    74.98
| epoch  22 |  1800/ 2323 batches | lr 0.0117 | ms/batch 72.52 | loss  4.37 | ppl    79.27
| epoch  22 |  2000/ 2323 batches | lr 0.0117 | ms/batch 72.39 | loss  4.20 | ppl    66.64
| epoch  22 |  2200/ 2323 batches | lr 0.0117 | ms/batch 70.78 | loss  4.13 | ppl    61.97
-----------------------------------------------------------------------------------------
| end of epoch  22 | time: 174.37s | valid loss  4.99 | valid ppl   147.49
-----------------------------------------------------------------------------------------
| epoch  23 |   200/ 2323 batches | lr 0.0117 | ms/batch 73.95 | loss  4.34 | ppl    76.40
| epoch  23 |   400/ 2323 batches | lr 0.0117 | ms/batch 72.77 | loss  4.47 | ppl    87.63
| epoch  23 |   600/ 2323 batches | lr 0.0117 | ms/batch 74.22 | loss  4.36 | ppl    78.33
| epoch  23 |   800/ 2323 batches | lr 0.0117 | ms/batch 73.21 | loss  4.35 | ppl    77.54
| epoch  23 |  1000/ 2323 batches | lr 0.0117 | ms/batch 75.38 | loss  4.37 | ppl    78.93
| epoch  23 |  1200/ 2323 batches | lr 0.0117 | ms/batch 73.97 | loss  4.38 | ppl    80.15
| epoch  23 |  1400/ 2323 batches | lr 0.0117 | ms/batch 72.98 | loss  4.25 | ppl    69.80
| epoch  23 |  1600/ 2323 batches | lr 0.0117 | ms/batch 71.38 | loss  4.32 | ppl    74.93
| epoch  23 |  1800/ 2323 batches | lr 0.0117 | ms/batch 71.99 | loss  4.37 | ppl    79.24
| epoch  23 |  2000/ 2323 batches | lr 0.0117 | ms/batch 72.11 | loss  4.20 | ppl    66.61
| epoch  23 |  2200/ 2323 batches | lr 0.0117 | ms/batch 72.83 | loss  4.13 | ppl    61.96
-----------------------------------------------------------------------------------------
| end of epoch  23 | time: 175.46s | valid loss  4.99 | valid ppl   147.49
-----------------------------------------------------------------------------------------
| epoch  24 |   200/ 2323 batches | lr 0.0117 | ms/batch 73.26 | loss  4.33 | ppl    76.31
| epoch  24 |   400/ 2323 batches | lr 0.0117 | ms/batch 72.34 | loss  4.47 | ppl    87.52
| epoch  24 |   600/ 2323 batches | lr 0.0117 | ms/batch 73.62 | loss  4.36 | ppl    78.24
| epoch  24 |   800/ 2323 batches | lr 0.0117 | ms/batch 75.16 | loss  4.35 | ppl    77.45
| epoch  24 |  1000/ 2323 batches | lr 0.0117 | ms/batch 75.51 | loss  4.37 | ppl    78.85
| epoch  24 |  1200/ 2323 batches | lr 0.0117 | ms/batch 74.54 | loss  4.38 | ppl    80.08
| epoch  24 |  1400/ 2323 batches | lr 0.0117 | ms/batch 68.70 | loss  4.24 | ppl    69.74
| epoch  24 |  1600/ 2323 batches | lr 0.0117 | ms/batch 74.83 | loss  4.32 | ppl    74.88
| epoch  24 |  1800/ 2323 batches | lr 0.0117 | ms/batch 74.21 | loss  4.37 | ppl    79.20
| epoch  24 |  2000/ 2323 batches | lr 0.0117 | ms/batch 74.99 | loss  4.20 | ppl    66.59
| epoch  24 |  2200/ 2323 batches | lr 0.0117 | ms/batch 71.95 | loss  4.13 | ppl    61.94
-----------------------------------------------------------------------------------------
| end of epoch  24 | time: 176.22s | valid loss  4.99 | valid ppl   147.50
-----------------------------------------------------------------------------------------
| epoch  25 |   200/ 2323 batches | lr 0.0029 | ms/batch 73.64 | loss  4.34 | ppl    76.37
| epoch  25 |   400/ 2323 batches | lr 0.0029 | ms/batch 71.45 | loss  4.47 | ppl    87.63
| epoch  25 |   600/ 2323 batches | lr 0.0029 | ms/batch 74.43 | loss  4.36 | ppl    78.28
| epoch  25 |   800/ 2323 batches | lr 0.0029 | ms/batch 76.96 | loss  4.35 | ppl    77.46
| epoch  25 |  1000/ 2323 batches | lr 0.0029 | ms/batch 75.88 | loss  4.37 | ppl    78.83
| epoch  25 |  1200/ 2323 batches | lr 0.0029 | ms/batch 73.41 | loss  4.38 | ppl    80.01
| epoch  25 |  1400/ 2323 batches | lr 0.0029 | ms/batch 75.27 | loss  4.24 | ppl    69.64
| epoch  25 |  1600/ 2323 batches | lr 0.0029 | ms/batch 71.52 | loss  4.31 | ppl    74.74
| epoch  25 |  1800/ 2323 batches | lr 0.0029 | ms/batch 72.20 | loss  4.37 | ppl    79.02
| epoch  25 |  2000/ 2323 batches | lr 0.0029 | ms/batch 74.66 | loss  4.20 | ppl    66.38
| epoch  25 |  2200/ 2323 batches | lr 0.0029 | ms/batch 74.19 | loss  4.12 | ppl    61.74
-----------------------------------------------------------------------------------------
| end of epoch  25 | time: 177.06s | valid loss  4.99 | valid ppl   147.37
-----------------------------------------------------------------------------------------
| epoch  26 |   200/ 2323 batches | lr 0.0029 | ms/batch 73.97 | loss  4.33 | ppl    76.28
| epoch  26 |   400/ 2323 batches | lr 0.0029 | ms/batch 75.98 | loss  4.47 | ppl    87.57
| epoch  26 |   600/ 2323 batches | lr 0.0029 | ms/batch 74.27 | loss  4.36 | ppl    78.21
| epoch  26 |   800/ 2323 batches | lr 0.0029 | ms/batch 75.44 | loss  4.35 | ppl    77.40
| epoch  26 |  1000/ 2323 batches | lr 0.0029 | ms/batch 74.77 | loss  4.37 | ppl    78.77
| epoch  26 |  1200/ 2323 batches | lr 0.0029 | ms/batch 75.27 | loss  4.38 | ppl    79.97
| epoch  26 |  1400/ 2323 batches | lr 0.0029 | ms/batch 73.26 | loss  4.24 | ppl    69.62
| epoch  26 |  1600/ 2323 batches | lr 0.0029 | ms/batch 72.83 | loss  4.31 | ppl    74.73
| epoch  26 |  1800/ 2323 batches | lr 0.0029 | ms/batch 75.29 | loss  4.37 | ppl    79.02
| epoch  26 |  2000/ 2323 batches | lr 0.0029 | ms/batch 75.30 | loss  4.20 | ppl    66.39
| epoch  26 |  2200/ 2323 batches | lr 0.0029 | ms/batch 71.01 | loss  4.12 | ppl    61.76
-----------------------------------------------------------------------------------------
| end of epoch  26 | time: 177.45s | valid loss  4.99 | valid ppl   147.31
-----------------------------------------------------------------------------------------
| epoch  27 |   200/ 2323 batches | lr 0.0029 | ms/batch 75.12 | loss  4.33 | ppl    76.24
| epoch  27 |   400/ 2323 batches | lr 0.0029 | ms/batch 73.42 | loss  4.47 | ppl    87.53
| epoch  27 |   600/ 2323 batches | lr 0.0029 | ms/batch 71.28 | loss  4.36 | ppl    78.17
| epoch  27 |   800/ 2323 batches | lr 0.0029 | ms/batch 70.27 | loss  4.35 | ppl    77.36
| epoch  27 |  1000/ 2323 batches | lr 0.0029 | ms/batch 71.44 | loss  4.37 | ppl    78.74
| epoch  27 |  1200/ 2323 batches | lr 0.0029 | ms/batch 70.74 | loss  4.38 | ppl    79.95
| epoch  27 |  1400/ 2323 batches | lr 0.0029 | ms/batch 72.48 | loss  4.24 | ppl    69.60
| epoch  27 |  1600/ 2323 batches | lr 0.0029 | ms/batch 73.44 | loss  4.31 | ppl    74.72
| epoch  27 |  1800/ 2323 batches | lr 0.0029 | ms/batch 69.18 | loss  4.37 | ppl    79.02
| epoch  27 |  2000/ 2323 batches | lr 0.0029 | ms/batch 72.58 | loss  4.20 | ppl    66.40
| epoch  27 |  2200/ 2323 batches | lr 0.0029 | ms/batch 70.75 | loss  4.12 | ppl    61.77
-----------------------------------------------------------------------------------------
| end of epoch  27 | time: 172.45s | valid loss  4.99 | valid ppl   147.29
-----------------------------------------------------------------------------------------
| epoch  28 |   200/ 2323 batches | lr 0.0029 | ms/batch 70.54 | loss  4.33 | ppl    76.20
| epoch  28 |   400/ 2323 batches | lr 0.0029 | ms/batch 71.56 | loss  4.47 | ppl    87.49
| epoch  28 |   600/ 2323 batches | lr 0.0029 | ms/batch 72.75 | loss  4.36 | ppl    78.14
| epoch  28 |   800/ 2323 batches | lr 0.0029 | ms/batch 70.77 | loss  4.35 | ppl    77.33
| epoch  28 |  1000/ 2323 batches | lr 0.0029 | ms/batch 69.13 | loss  4.37 | ppl    78.72
| epoch  28 |  1200/ 2323 batches | lr 0.0029 | ms/batch 70.60 | loss  4.38 | ppl    79.93
| epoch  28 |  1400/ 2323 batches | lr 0.0029 | ms/batch 69.49 | loss  4.24 | ppl    69.59
| epoch  28 |  1600/ 2323 batches | lr 0.0029 | ms/batch 74.78 | loss  4.31 | ppl    74.71
| epoch  28 |  1800/ 2323 batches | lr 0.0029 | ms/batch 74.95 | loss  4.37 | ppl    79.01
| epoch  28 |  2000/ 2323 batches | lr 0.0029 | ms/batch 76.49 | loss  4.20 | ppl    66.40
| epoch  28 |  2200/ 2323 batches | lr 0.0029 | ms/batch 72.38 | loss  4.12 | ppl    61.77
-----------------------------------------------------------------------------------------
| end of epoch  28 | time: 173.23s | valid loss  4.99 | valid ppl   147.28
-----------------------------------------------------------------------------------------
| epoch  29 |   200/ 2323 batches | lr 0.0029 | ms/batch 72.93 | loss  4.33 | ppl    76.17
| epoch  29 |   400/ 2323 batches | lr 0.0029 | ms/batch 73.89 | loss  4.47 | ppl    87.45
| epoch  29 |   600/ 2323 batches | lr 0.0029 | ms/batch 73.55 | loss  4.36 | ppl    78.11
| epoch  29 |   800/ 2323 batches | lr 0.0029 | ms/batch 70.35 | loss  4.35 | ppl    77.30
| epoch  29 |  1000/ 2323 batches | lr 0.0029 | ms/batch 71.85 | loss  4.37 | ppl    78.69
| epoch  29 |  1200/ 2323 batches | lr 0.0029 | ms/batch 77.92 | loss  4.38 | ppl    79.91
| epoch  29 |  1400/ 2323 batches | lr 0.0029 | ms/batch 71.84 | loss  4.24 | ppl    69.58
| epoch  29 |  1600/ 2323 batches | lr 0.0029 | ms/batch 70.94 | loss  4.31 | ppl    74.70
| epoch  29 |  1800/ 2323 batches | lr 0.0029 | ms/batch 75.67 | loss  4.37 | ppl    79.01
| epoch  29 |  2000/ 2323 batches | lr 0.0029 | ms/batch 72.93 | loss  4.20 | ppl    66.40
| epoch  29 |  2200/ 2323 batches | lr 0.0029 | ms/batch 70.66 | loss  4.12 | ppl    61.78
-----------------------------------------------------------------------------------------
| end of epoch  29 | time: 175.21s | valid loss  4.99 | valid ppl   147.27
-----------------------------------------------------------------------------------------
| epoch  30 |   200/ 2323 batches | lr 0.0029 | ms/batch 74.36 | loss  4.33 | ppl    76.14
| epoch  30 |   400/ 2323 batches | lr 0.0029 | ms/batch 73.32 | loss  4.47 | ppl    87.42
| epoch  30 |   600/ 2323 batches | lr 0.0029 | ms/batch 73.60 | loss  4.36 | ppl    78.08
| epoch  30 |   800/ 2323 batches | lr 0.0029 | ms/batch 74.61 | loss  4.35 | ppl    77.27
| epoch  30 |  1000/ 2323 batches | lr 0.0029 | ms/batch 57.61 | loss  4.37 | ppl    78.67
| epoch  30 |  1200/ 2323 batches | lr 0.0029 | ms/batch 57.84 | loss  4.38 | ppl    79.89
| epoch  30 |  1400/ 2323 batches | lr 0.0029 | ms/batch 59.08 | loss  4.24 | ppl    69.56
| epoch  30 |  1600/ 2323 batches | lr 0.0029 | ms/batch 56.66 | loss  4.31 | ppl    74.68
| epoch  30 |  1800/ 2323 batches | lr 0.0029 | ms/batch 56.68 | loss  4.37 | ppl    79.00
| epoch  30 |  2000/ 2323 batches | lr 0.0029 | ms/batch 56.63 | loss  4.20 | ppl    66.39
| epoch  30 |  2200/ 2323 batches | lr 0.0029 | ms/batch 56.60 | loss  4.12 | ppl    61.78
-----------------------------------------------------------------------------------------
| end of epoch  30 | time: 150.91s | valid loss  4.99 | valid ppl   147.26
-----------------------------------------------------------------------------------------
| epoch  31 |   200/ 2323 batches | lr 0.0029 | ms/batch 56.82 | loss  4.33 | ppl    76.12
| epoch  31 |   400/ 2323 batches | lr 0.0029 | ms/batch 56.52 | loss  4.47 | ppl    87.39
| epoch  31 |   600/ 2323 batches | lr 0.0029 | ms/batch 56.42 | loss  4.36 | ppl    78.05
| epoch  31 |   800/ 2323 batches | lr 0.0029 | ms/batch 56.50 | loss  4.35 | ppl    77.24
| epoch  31 |  1000/ 2323 batches | lr 0.0029 | ms/batch 58.55 | loss  4.36 | ppl    78.65
| epoch  31 |  1200/ 2323 batches | lr 0.0029 | ms/batch 56.63 | loss  4.38 | ppl    79.87
| epoch  31 |  1400/ 2323 batches | lr 0.0029 | ms/batch 56.70 | loss  4.24 | ppl    69.55
| epoch  31 |  1600/ 2323 batches | lr 0.0029 | ms/batch 56.59 | loss  4.31 | ppl    74.67
| epoch  31 |  1800/ 2323 batches | lr 0.0029 | ms/batch 56.54 | loss  4.37 | ppl    78.99
| epoch  31 |  2000/ 2323 batches | lr 0.0029 | ms/batch 56.63 | loss  4.20 | ppl    66.39
| epoch  31 |  2200/ 2323 batches | lr 0.0029 | ms/batch 59.03 | loss  4.12 | ppl    61.77
-----------------------------------------------------------------------------------------
| end of epoch  31 | time: 137.15s | valid loss  4.99 | valid ppl   147.26
-----------------------------------------------------------------------------------------
| epoch  32 |   200/ 2323 batches | lr 0.0029 | ms/batch 58.09 | loss  4.33 | ppl    76.09
| epoch  32 |   400/ 2323 batches | lr 0.0029 | ms/batch 56.65 | loss  4.47 | ppl    87.36
| epoch  32 |   600/ 2323 batches | lr 0.0029 | ms/batch 56.64 | loss  4.36 | ppl    78.03
| epoch  32 |   800/ 2323 batches | lr 0.0029 | ms/batch 56.64 | loss  4.35 | ppl    77.22
| epoch  32 |  1000/ 2323 batches | lr 0.0029 | ms/batch 56.61 | loss  4.36 | ppl    78.63
| epoch  32 |  1200/ 2323 batches | lr 0.0029 | ms/batch 56.67 | loss  4.38 | ppl    79.85
| epoch  32 |  1400/ 2323 batches | lr 0.0029 | ms/batch 58.49 | loss  4.24 | ppl    69.53
| epoch  32 |  1600/ 2323 batches | lr 0.0029 | ms/batch 56.88 | loss  4.31 | ppl    74.66
| epoch  32 |  1800/ 2323 batches | lr 0.0029 | ms/batch 56.64 | loss  4.37 | ppl    78.99
| epoch  32 |  2000/ 2323 batches | lr 0.0029 | ms/batch 56.61 | loss  4.20 | ppl    66.38
| epoch  32 |  2200/ 2323 batches | lr 0.0029 | ms/batch 56.64 | loss  4.12 | ppl    61.77
-----------------------------------------------------------------------------------------
| end of epoch  32 | time: 136.83s | valid loss  4.99 | valid ppl   147.26
-----------------------------------------------------------------------------------------
| epoch  33 |   200/ 2323 batches | lr 0.0029 | ms/batch 56.87 | loss  4.33 | ppl    76.07
| epoch  33 |   400/ 2323 batches | lr 0.0029 | ms/batch 56.58 | loss  4.47 | ppl    87.33
| epoch  33 |   600/ 2323 batches | lr 0.0029 | ms/batch 56.60 | loss  4.36 | ppl    78.01
| epoch  33 |   800/ 2323 batches | lr 0.0029 | ms/batch 56.68 | loss  4.35 | ppl    77.20
| epoch  33 |  1000/ 2323 batches | lr 0.0029 | ms/batch 59.02 | loss  4.36 | ppl    78.61
| epoch  33 |  1200/ 2323 batches | lr 0.0029 | ms/batch 59.13 | loss  4.38 | ppl    79.83
| epoch  33 |  1400/ 2323 batches | lr 0.0029 | ms/batch 56.77 | loss  4.24 | ppl    69.52
| epoch  33 |  1600/ 2323 batches | lr 0.0029 | ms/batch 56.68 | loss  4.31 | ppl    74.65
| epoch  33 |  1800/ 2323 batches | lr 0.0029 | ms/batch 57.16 | loss  4.37 | ppl    78.98
| epoch  33 |  2000/ 2323 batches | lr 0.0029 | ms/batch 58.13 | loss  4.20 | ppl    66.38
| epoch  33 |  2200/ 2323 batches | lr 0.0029 | ms/batch 56.63 | loss  4.12 | ppl    61.77
-----------------------------------------------------------------------------------------
| end of epoch  33 | time: 137.57s | valid loss  4.99 | valid ppl   147.26
-----------------------------------------------------------------------------------------
| epoch  34 |   200/ 2323 batches | lr 0.0029 | ms/batch 56.76 | loss  4.33 | ppl    76.04
| epoch  34 |   400/ 2323 batches | lr 0.0029 | ms/batch 56.61 | loss  4.47 | ppl    87.31
| epoch  34 |   600/ 2323 batches | lr 0.0029 | ms/batch 56.57 | loss  4.36 | ppl    77.98
| epoch  34 |   800/ 2323 batches | lr 0.0029 | ms/batch 56.65 | loss  4.35 | ppl    77.18
| epoch  34 |  1000/ 2323 batches | lr 0.0029 | ms/batch 56.64 | loss  4.36 | ppl    78.59
| epoch  34 |  1200/ 2323 batches | lr 0.0029 | ms/batch 56.55 | loss  4.38 | ppl    79.81
| epoch  34 |  1400/ 2323 batches | lr 0.0029 | ms/batch 56.64 | loss  4.24 | ppl    69.51
| epoch  34 |  1600/ 2323 batches | lr 0.0029 | ms/batch 56.81 | loss  4.31 | ppl    74.64
| epoch  34 |  1800/ 2323 batches | lr 0.0029 | ms/batch 56.61 | loss  4.37 | ppl    78.97
| epoch  34 |  2000/ 2323 batches | lr 0.0029 | ms/batch 57.50 | loss  4.20 | ppl    66.37
| epoch  34 |  2200/ 2323 batches | lr 0.0029 | ms/batch 58.19 | loss  4.12 | ppl    61.77
-----------------------------------------------------------------------------------------
| end of epoch  34 | time: 137.52s | valid loss  4.99 | valid ppl   147.26
-----------------------------------------------------------------------------------------
| epoch  35 |   200/ 2323 batches | lr 0.0007 | ms/batch 56.98 | loss  4.33 | ppl    76.05
| epoch  35 |   400/ 2323 batches | lr 0.0007 | ms/batch 56.70 | loss  4.47 | ppl    87.35
| epoch  35 |   600/ 2323 batches | lr 0.0007 | ms/batch 56.64 | loss  4.36 | ppl    78.01
| epoch  35 |   800/ 2323 batches | lr 0.0007 | ms/batch 56.79 | loss  4.35 | ppl    77.19
| epoch  35 |  1000/ 2323 batches | lr 0.0007 | ms/batch 56.73 | loss  4.36 | ppl    78.58
| epoch  35 |  1200/ 2323 batches | lr 0.0007 | ms/batch 56.69 | loss  4.38 | ppl    79.78
| epoch  35 |  1400/ 2323 batches | lr 0.0007 | ms/batch 56.65 | loss  4.24 | ppl    69.48
| epoch  35 |  1600/ 2323 batches | lr 0.0007 | ms/batch 56.72 | loss  4.31 | ppl    74.58
| epoch  35 |  1800/ 2323 batches | lr 0.0007 | ms/batch 56.81 | loss  4.37 | ppl    78.92
| epoch  35 |  2000/ 2323 batches | lr 0.0007 | ms/batch 56.72 | loss  4.19 | ppl    66.31
| epoch  35 |  2200/ 2323 batches | lr 0.0007 | ms/batch 56.71 | loss  4.12 | ppl    61.71
-----------------------------------------------------------------------------------------
| end of epoch  35 | time: 136.36s | valid loss  4.99 | valid ppl   147.23
-----------------------------------------------------------------------------------------
| epoch  36 |   200/ 2323 batches | lr 0.0007 | ms/batch 56.77 | loss  4.33 | ppl    76.04
| epoch  36 |   400/ 2323 batches | lr 0.0007 | ms/batch 58.67 | loss  4.47 | ppl    87.34
| epoch  36 |   600/ 2323 batches | lr 0.0007 | ms/batch 56.59 | loss  4.36 | ppl    77.99
| epoch  36 |   800/ 2323 batches | lr 0.0007 | ms/batch 58.69 | loss  4.35 | ppl    77.18
| epoch  36 |  1000/ 2323 batches | lr 0.0007 | ms/batch 58.58 | loss  4.36 | ppl    78.57
| epoch  36 |  1200/ 2323 batches | lr 0.0007 | ms/batch 57.36 | loss  4.38 | ppl    79.77
| epoch  36 |  1400/ 2323 batches | lr 0.0007 | ms/batch 56.68 | loss  4.24 | ppl    69.48
| epoch  36 |  1600/ 2323 batches | lr 0.0007 | ms/batch 56.66 | loss  4.31 | ppl    74.58
| epoch  36 |  1800/ 2323 batches | lr 0.0007 | ms/batch 56.65 | loss  4.37 | ppl    78.92
| epoch  36 |  2000/ 2323 batches | lr 0.0007 | ms/batch 56.58 | loss  4.19 | ppl    66.31
| epoch  36 |  2200/ 2323 batches | lr 0.0007 | ms/batch 56.71 | loss  4.12 | ppl    61.71
-----------------------------------------------------------------------------------------
| end of epoch  36 | time: 137.50s | valid loss  4.99 | valid ppl   147.20
-----------------------------------------------------------------------------------------
| epoch  37 |   200/ 2323 batches | lr 0.0007 | ms/batch 56.95 | loss  4.33 | ppl    76.02
| epoch  37 |   400/ 2323 batches | lr 0.0007 | ms/batch 56.67 | loss  4.47 | ppl    87.33
| epoch  37 |   600/ 2323 batches | lr 0.0007 | ms/batch 56.70 | loss  4.36 | ppl    77.98
| epoch  37 |   800/ 2323 batches | lr 0.0007 | ms/batch 58.58 | loss  4.35 | ppl    77.17
| epoch  37 |  1000/ 2323 batches | lr 0.0007 | ms/batch 56.62 | loss  4.36 | ppl    78.56
| epoch  37 |  1200/ 2323 batches | lr 0.0007 | ms/batch 56.61 | loss  4.38 | ppl    79.77
| epoch  37 |  1400/ 2323 batches | lr 0.0007 | ms/batch 56.66 | loss  4.24 | ppl    69.47
| epoch  37 |  1600/ 2323 batches | lr 0.0007 | ms/batch 56.69 | loss  4.31 | ppl    74.58
| epoch  37 |  1800/ 2323 batches | lr 0.0007 | ms/batch 56.66 | loss  4.37 | ppl    78.92
| epoch  37 |  2000/ 2323 batches | lr 0.0007 | ms/batch 58.98 | loss  4.19 | ppl    66.31
| epoch  37 |  2200/ 2323 batches | lr 0.0007 | ms/batch 59.24 | loss  4.12 | ppl    61.71
-----------------------------------------------------------------------------------------
| end of epoch  37 | time: 137.60s | valid loss  4.99 | valid ppl   147.19
-----------------------------------------------------------------------------------------
| epoch  38 |   200/ 2323 batches | lr 0.0007 | ms/batch 56.93 | loss  4.33 | ppl    76.01
| epoch  38 |   400/ 2323 batches | lr 0.0007 | ms/batch 56.58 | loss  4.47 | ppl    87.31
| epoch  38 |   600/ 2323 batches | lr 0.0007 | ms/batch 56.63 | loss  4.36 | ppl    77.97
| epoch  38 |   800/ 2323 batches | lr 0.0007 | ms/batch 56.59 | loss  4.35 | ppl    77.16
| epoch  38 |  1000/ 2323 batches | lr 0.0007 | ms/batch 56.67 | loss  4.36 | ppl    78.55
| epoch  38 |  1200/ 2323 batches | lr 0.0007 | ms/batch 57.72 | loss  4.38 | ppl    79.76
| epoch  38 |  1400/ 2323 batches | lr 0.0007 | ms/batch 57.61 | loss  4.24 | ppl    69.47
| epoch  38 |  1600/ 2323 batches | lr 0.0007 | ms/batch 56.59 | loss  4.31 | ppl    74.58
| epoch  38 |  1800/ 2323 batches | lr 0.0007 | ms/batch 56.46 | loss  4.37 | ppl    78.92
| epoch  38 |  2000/ 2323 batches | lr 0.0007 | ms/batch 56.60 | loss  4.19 | ppl    66.31
| epoch  38 |  2200/ 2323 batches | lr 0.0007 | ms/batch 56.64 | loss  4.12 | ppl    61.72
-----------------------------------------------------------------------------------------
| end of epoch  38 | time: 136.52s | valid loss  4.99 | valid ppl   147.18
-----------------------------------------------------------------------------------------
| epoch  39 |   200/ 2323 batches | lr 0.0007 | ms/batch 56.88 | loss  4.33 | ppl    76.01
| epoch  39 |   400/ 2323 batches | lr 0.0007 | ms/batch 56.53 | loss  4.47 | ppl    87.31
| epoch  39 |   600/ 2323 batches | lr 0.0007 | ms/batch 57.03 | loss  4.36 | ppl    77.96
| epoch  39 |   800/ 2323 batches | lr 0.0007 | ms/batch 59.04 | loss  4.35 | ppl    77.15
| epoch  39 |  1000/ 2323 batches | lr 0.0007 | ms/batch 58.58 | loss  4.36 | ppl    78.54
| epoch  39 |  1200/ 2323 batches | lr 0.0007 | ms/batch 56.69 | loss  4.38 | ppl    79.76
| epoch  39 |  1400/ 2323 batches | lr 0.0007 | ms/batch 56.63 | loss  4.24 | ppl    69.47
| epoch  39 |  1600/ 2323 batches | lr 0.0007 | ms/batch 56.57 | loss  4.31 | ppl    74.57
| epoch  39 |  1800/ 2323 batches | lr 0.0007 | ms/batch 58.54 | loss  4.37 | ppl    78.92
| epoch  39 |  2000/ 2323 batches | lr 0.0007 | ms/batch 56.50 | loss  4.19 | ppl    66.31
| epoch  39 |  2200/ 2323 batches | lr 0.0007 | ms/batch 56.67 | loss  4.12 | ppl    61.72
-----------------------------------------------------------------------------------------
| end of epoch  39 | time: 137.46s | valid loss  4.99 | valid ppl   147.17
-----------------------------------------------------------------------------------------
| epoch  40 |   200/ 2323 batches | lr 0.0007 | ms/batch 56.86 | loss  4.33 | ppl    76.00
| epoch  40 |   400/ 2323 batches | lr 0.0007 | ms/batch 56.61 | loss  4.47 | ppl    87.30
| epoch  40 |   600/ 2323 batches | lr 0.0007 | ms/batch 56.59 | loss  4.36 | ppl    77.95
| epoch  40 |   800/ 2323 batches | lr 0.0007 | ms/batch 56.67 | loss  4.35 | ppl    77.14
| epoch  40 |  1000/ 2323 batches | lr 0.0007 | ms/batch 56.62 | loss  4.36 | ppl    78.54
| epoch  40 |  1200/ 2323 batches | lr 0.0007 | ms/batch 56.62 | loss  4.38 | ppl    79.75
| epoch  40 |  1400/ 2323 batches | lr 0.0007 | ms/batch 56.61 | loss  4.24 | ppl    69.46
| epoch  40 |  1600/ 2323 batches | lr 0.0007 | ms/batch 56.74 | loss  4.31 | ppl    74.57
| epoch  40 |  1800/ 2323 batches | lr 0.0007 | ms/batch 58.31 | loss  4.37 | ppl    78.91
| epoch  40 |  2000/ 2323 batches | lr 0.0007 | ms/batch 59.27 | loss  4.19 | ppl    66.31
| epoch  40 |  2200/ 2323 batches | lr 0.0007 | ms/batch 59.02 | loss  4.12 | ppl    61.72
-----------------------------------------------------------------------------------------
| end of epoch  40 | time: 137.48s | valid loss  4.99 | valid ppl   147.17
-----------------------------------------------------------------------------------------
=========================================================================================
| End of training | test loss  4.94 | test ppl   139.24
=========================================================================================
