| epoch   1 |   200/ 2323 batches | lr 20.0000 | ms/batch 108.55 | loss  6.78 | ppl   879.52
| epoch   1 |   400/ 2323 batches | lr 20.0000 | ms/batch 101.97 | loss  5.93 | ppl   377.46
| epoch   1 |   600/ 2323 batches | lr 20.0000 | ms/batch 99.12 | loss  5.64 | ppl   281.64
| epoch   1 |   800/ 2323 batches | lr 20.0000 | ms/batch 96.66 | loss  5.48 | ppl   239.71
| epoch   1 |  1000/ 2323 batches | lr 20.0000 | ms/batch 103.12 | loss  5.37 | ppl   214.28
| epoch   1 |  1200/ 2323 batches | lr 20.0000 | ms/batch 101.09 | loss  5.30 | ppl   199.37
| epoch   1 |  1400/ 2323 batches | lr 20.0000 | ms/batch 99.37 | loss  5.13 | ppl   169.46
| epoch   1 |  1600/ 2323 batches | lr 20.0000 | ms/batch 100.26 | loss  5.11 | ppl   166.35
| epoch   1 |  1800/ 2323 batches | lr 20.0000 | ms/batch 95.81 | loss  5.12 | ppl   166.65
| epoch   1 |  2000/ 2323 batches | lr 20.0000 | ms/batch 98.31 | loss  4.94 | ppl   140.42
| epoch   1 |  2200/ 2323 batches | lr 20.0000 | ms/batch 98.34 | loss  4.85 | ppl   127.54
-----------------------------------------------------------------------------------------
| end of epoch   1 | time: 241.41s | valid loss  5.02 | valid ppl   151.45
-----------------------------------------------------------------------------------------
| epoch   2 |   200/ 2323 batches | lr 20.0000 | ms/batch 97.91 | loss  4.84 | ppl   126.35
| epoch   2 |   400/ 2323 batches | lr 20.0000 | ms/batch 100.17 | loss  4.91 | ppl   135.64
| epoch   2 |   600/ 2323 batches | lr 20.0000 | ms/batch 100.59 | loss  4.78 | ppl   119.25
| epoch   2 |   800/ 2323 batches | lr 20.0000 | ms/batch 86.06 | loss  4.73 | ppl   113.55
| epoch   2 |  1000/ 2323 batches | lr 20.0000 | ms/batch 81.01 | loss  4.73 | ppl   112.96
| epoch   2 |  1200/ 2323 batches | lr 20.0000 | ms/batch 80.77 | loss  4.70 | ppl   109.69
| epoch   2 |  1400/ 2323 batches | lr 20.0000 | ms/batch 83.36 | loss  4.58 | ppl    97.62
| epoch   2 |  1600/ 2323 batches | lr 20.0000 | ms/batch 86.01 | loss  4.63 | ppl   102.40
| epoch   2 |  1800/ 2323 batches | lr 20.0000 | ms/batch 98.91 | loss  4.68 | ppl   107.93
| epoch   2 |  2000/ 2323 batches | lr 20.0000 | ms/batch 97.46 | loss  4.48 | ppl    87.91
| epoch   2 |  2200/ 2323 batches | lr 20.0000 | ms/batch 99.29 | loss  4.42 | ppl    83.36
-----------------------------------------------------------------------------------------
| end of epoch   2 | time: 223.15s | valid loss  4.86 | valid ppl   129.12
-----------------------------------------------------------------------------------------
| epoch   3 |   200/ 2323 batches | lr 20.0000 | ms/batch 99.83 | loss  4.43 | ppl    84.31
| epoch   3 |   400/ 2323 batches | lr 20.0000 | ms/batch 97.52 | loss  4.57 | ppl    96.94
| epoch   3 |   600/ 2323 batches | lr 20.0000 | ms/batch 101.61 | loss  4.44 | ppl    84.35
| epoch   3 |   800/ 2323 batches | lr 20.0000 | ms/batch 95.96 | loss  4.40 | ppl    81.84
| epoch   3 |  1000/ 2323 batches | lr 20.0000 | ms/batch 98.75 | loss  4.42 | ppl    83.02
| epoch   3 |  1200/ 2323 batches | lr 20.0000 | ms/batch 100.38 | loss  4.40 | ppl    81.66
| epoch   3 |  1400/ 2323 batches | lr 20.0000 | ms/batch 100.96 | loss  4.31 | ppl    74.10
| epoch   3 |  1600/ 2323 batches | lr 20.0000 | ms/batch 98.27 | loss  4.37 | ppl    79.31
| epoch   3 |  1800/ 2323 batches | lr 20.0000 | ms/batch 98.51 | loss  4.44 | ppl    84.77
| epoch   3 |  2000/ 2323 batches | lr 20.0000 | ms/batch 97.70 | loss  4.23 | ppl    68.45
| epoch   3 |  2200/ 2323 batches | lr 20.0000 | ms/batch 96.10 | loss  4.19 | ppl    65.82
-----------------------------------------------------------------------------------------
| end of epoch   3 | time: 237.36s | valid loss  4.88 | valid ppl   131.25
-----------------------------------------------------------------------------------------
| epoch   4 |   200/ 2323 batches | lr 5.0000 | ms/batch 97.57 | loss  4.17 | ppl    64.57
| epoch   4 |   400/ 2323 batches | lr 5.0000 | ms/batch 99.91 | loss  4.26 | ppl    71.05
| epoch   4 |   600/ 2323 batches | lr 5.0000 | ms/batch 102.17 | loss  4.08 | ppl    58.87
| epoch   4 |   800/ 2323 batches | lr 5.0000 | ms/batch 101.03 | loss  4.00 | ppl    54.57
| epoch   4 |  1000/ 2323 batches | lr 5.0000 | ms/batch 96.23 | loss  3.99 | ppl    53.79
| epoch   4 |  1200/ 2323 batches | lr 5.0000 | ms/batch 96.10 | loss  3.92 | ppl    50.52
| epoch   4 |  1400/ 2323 batches | lr 5.0000 | ms/batch 101.27 | loss  3.77 | ppl    43.57
| epoch   4 |  1600/ 2323 batches | lr 5.0000 | ms/batch 100.25 | loss  3.80 | ppl    44.78
| epoch   4 |  1800/ 2323 batches | lr 5.0000 | ms/batch 96.83 | loss  3.81 | ppl    45.06
| epoch   4 |  2000/ 2323 batches | lr 5.0000 | ms/batch 98.42 | loss  3.52 | ppl    33.83
| epoch   4 |  2200/ 2323 batches | lr 5.0000 | ms/batch 98.29 | loss  3.40 | ppl    30.01
-----------------------------------------------------------------------------------------
| end of epoch   4 | time: 238.63s | valid loss  4.76 | valid ppl   116.68
-----------------------------------------------------------------------------------------
| epoch   5 |   200/ 2323 batches | lr 5.0000 | ms/batch 104.30 | loss  3.85 | ppl    47.21
| epoch   5 |   400/ 2323 batches | lr 5.0000 | ms/batch 99.71 | loss  3.98 | ppl    53.53
| epoch   5 |   600/ 2323 batches | lr 5.0000 | ms/batch 95.14 | loss  3.80 | ppl    44.91
| epoch   5 |   800/ 2323 batches | lr 5.0000 | ms/batch 98.67 | loss  3.73 | ppl    41.70
| epoch   5 |  1000/ 2323 batches | lr 5.0000 | ms/batch 96.65 | loss  3.73 | ppl    41.87
| epoch   5 |  1200/ 2323 batches | lr 5.0000 | ms/batch 94.65 | loss  3.67 | ppl    39.43
| epoch   5 |  1400/ 2323 batches | lr 5.0000 | ms/batch 96.95 | loss  3.55 | ppl    34.71
| epoch   5 |  1600/ 2323 batches | lr 5.0000 | ms/batch 102.33 | loss  3.59 | ppl    36.30
| epoch   5 |  1800/ 2323 batches | lr 5.0000 | ms/batch 97.27 | loss  3.62 | ppl    37.15
| epoch   5 |  2000/ 2323 batches | lr 5.0000 | ms/batch 99.96 | loss  3.34 | ppl    28.32
| epoch   5 |  2200/ 2323 batches | lr 5.0000 | ms/batch 100.21 | loss  3.25 | ppl    25.75
-----------------------------------------------------------------------------------------
| end of epoch   5 | time: 237.65s | valid loss  4.83 | valid ppl   125.02
-----------------------------------------------------------------------------------------
| epoch   6 |   200/ 2323 batches | lr 1.2500 | ms/batch 98.69 | loss  3.68 | ppl    39.82
| epoch   6 |   400/ 2323 batches | lr 1.2500 | ms/batch 95.61 | loss  3.82 | ppl    45.70
| epoch   6 |   600/ 2323 batches | lr 1.2500 | ms/batch 97.33 | loss  3.64 | ppl    38.00
| epoch   6 |   800/ 2323 batches | lr 1.2500 | ms/batch 97.03 | loss  3.54 | ppl    34.54
| epoch   6 |  1000/ 2323 batches | lr 1.2500 | ms/batch 97.44 | loss  3.53 | ppl    34.15
| epoch   6 |  1200/ 2323 batches | lr 1.2500 | ms/batch 97.35 | loss  3.46 | ppl    31.77
| epoch   6 |  1400/ 2323 batches | lr 1.2500 | ms/batch 102.45 | loss  3.31 | ppl    27.26
| epoch   6 |  1600/ 2323 batches | lr 1.2500 | ms/batch 97.01 | loss  3.32 | ppl    27.76
| epoch   6 |  1800/ 2323 batches | lr 1.2500 | ms/batch 99.51 | loss  3.32 | ppl    27.57
| epoch   6 |  2000/ 2323 batches | lr 1.2500 | ms/batch 95.72 | loss  3.02 | ppl    20.40
| epoch   6 |  2200/ 2323 batches | lr 1.2500 | ms/batch 95.06 | loss  2.89 | ppl    17.96
-----------------------------------------------------------------------------------------
| end of epoch   6 | time: 234.96s | valid loss  4.83 | valid ppl   125.59
-----------------------------------------------------------------------------------------
| epoch   7 |   200/ 2323 batches | lr 0.3125 | ms/batch 101.01 | loss  3.60 | ppl    36.65
| epoch   7 |   400/ 2323 batches | lr 0.3125 | ms/batch 97.70 | loss  3.74 | ppl    42.12
| epoch   7 |   600/ 2323 batches | lr 0.3125 | ms/batch 97.35 | loss  3.56 | ppl    35.11
| epoch   7 |   800/ 2323 batches | lr 0.3125 | ms/batch 94.92 | loss  3.46 | ppl    31.87
| epoch   7 |  1000/ 2323 batches | lr 0.3125 | ms/batch 100.47 | loss  3.45 | ppl    31.45
| epoch   7 |  1200/ 2323 batches | lr 0.3125 | ms/batch 98.34 | loss  3.37 | ppl    29.20
| epoch   7 |  1400/ 2323 batches | lr 0.3125 | ms/batch 101.78 | loss  3.22 | ppl    25.04
| epoch   7 |  1600/ 2323 batches | lr 0.3125 | ms/batch 97.72 | loss  3.23 | ppl    25.34
| epoch   7 |  1800/ 2323 batches | lr 0.3125 | ms/batch 97.48 | loss  3.22 | ppl    24.94
| epoch   7 |  2000/ 2323 batches | lr 0.3125 | ms/batch 101.95 | loss  2.91 | ppl    18.33
| epoch   7 |  2200/ 2323 batches | lr 0.3125 | ms/batch 95.72 | loss  2.78 | ppl    16.06
-----------------------------------------------------------------------------------------
| end of epoch   7 | time: 237.16s | valid loss  4.82 | valid ppl   123.82
-----------------------------------------------------------------------------------------
| epoch   8 |   200/ 2323 batches | lr 0.3125 | ms/batch 98.96 | loss  3.55 | ppl    34.69
| epoch   8 |   400/ 2323 batches | lr 0.3125 | ms/batch 101.18 | loss  3.67 | ppl    39.43
| epoch   8 |   600/ 2323 batches | lr 0.3125 | ms/batch 97.71 | loss  3.49 | ppl    32.89
| epoch   8 |   800/ 2323 batches | lr 0.3125 | ms/batch 97.74 | loss  3.40 | ppl    29.94
| epoch   8 |  1000/ 2323 batches | lr 0.3125 | ms/batch 99.85 | loss  3.39 | ppl    29.71
| epoch   8 |  1200/ 2323 batches | lr 0.3125 | ms/batch 101.00 | loss  3.32 | ppl    27.67
| epoch   8 |  1400/ 2323 batches | lr 0.3125 | ms/batch 98.36 | loss  3.18 | ppl    23.94
| epoch   8 |  1600/ 2323 batches | lr 0.3125 | ms/batch 98.33 | loss  3.20 | ppl    24.44
| epoch   8 |  1800/ 2323 batches | lr 0.3125 | ms/batch 101.54 | loss  3.19 | ppl    24.30
| epoch   8 |  2000/ 2323 batches | lr 0.3125 | ms/batch 96.06 | loss  2.90 | ppl    18.08
| epoch   8 |  2200/ 2323 batches | lr 0.3125 | ms/batch 99.88 | loss  2.77 | ppl    16.02
-----------------------------------------------------------------------------------------
| end of epoch   8 | time: 239.33s | valid loss  4.83 | valid ppl   124.63
-----------------------------------------------------------------------------------------
| epoch   9 |   200/ 2323 batches | lr 0.0781 | ms/batch 99.01 | loss  3.53 | ppl    34.06
| epoch   9 |   400/ 2323 batches | lr 0.0781 | ms/batch 100.84 | loss  3.67 | ppl    39.11
| epoch   9 |   600/ 2323 batches | lr 0.0781 | ms/batch 97.68 | loss  3.48 | ppl    32.49
| epoch   9 |   800/ 2323 batches | lr 0.0781 | ms/batch 94.86 | loss  3.39 | ppl    29.55
| epoch   9 |  1000/ 2323 batches | lr 0.0781 | ms/batch 96.48 | loss  3.38 | ppl    29.23
| epoch   9 |  1200/ 2323 batches | lr 0.0781 | ms/batch 95.82 | loss  3.30 | ppl    27.06
| epoch   9 |  1400/ 2323 batches | lr 0.0781 | ms/batch 100.12 | loss  3.15 | ppl    23.36
| epoch   9 |  1600/ 2323 batches | lr 0.0781 | ms/batch 100.57 | loss  3.17 | ppl    23.75
| epoch   9 |  1800/ 2323 batches | lr 0.0781 | ms/batch 96.05 | loss  3.16 | ppl    23.46
| epoch   9 |  2000/ 2323 batches | lr 0.0781 | ms/batch 96.12 | loss  2.85 | ppl    17.37
| epoch   9 |  2200/ 2323 batches | lr 0.0781 | ms/batch 101.30 | loss  2.73 | ppl    15.31
-----------------------------------------------------------------------------------------
| end of epoch   9 | time: 233.31s | valid loss  4.81 | valid ppl   123.01
-----------------------------------------------------------------------------------------
| epoch  10 |   200/ 2323 batches | lr 0.0781 | ms/batch 89.88 | loss  3.51 | ppl    33.35
| epoch  10 |   400/ 2323 batches | lr 0.0781 | ms/batch 100.97 | loss  3.64 | ppl    38.23
| epoch  10 |   600/ 2323 batches | lr 0.0781 | ms/batch 103.12 | loss  3.46 | ppl    31.78
| epoch  10 |   800/ 2323 batches | lr 0.0781 | ms/batch 101.12 | loss  3.36 | ppl    28.93
| epoch  10 |  1000/ 2323 batches | lr 0.0781 | ms/batch 103.76 | loss  3.36 | ppl    28.69
| epoch  10 |  1200/ 2323 batches | lr 0.0781 | ms/batch 101.75 | loss  3.28 | ppl    26.63
| epoch  10 |  1400/ 2323 batches | lr 0.0781 | ms/batch 106.03 | loss  3.14 | ppl    23.04
| epoch  10 |  1600/ 2323 batches | lr 0.0781 | ms/batch 101.15 | loss  3.16 | ppl    23.52
| epoch  10 |  1800/ 2323 batches | lr 0.0781 | ms/batch 102.99 | loss  3.15 | ppl    23.34
| epoch  10 |  2000/ 2323 batches | lr 0.0781 | ms/batch 106.73 | loss  2.85 | ppl    17.37
| epoch  10 |  2200/ 2323 batches | lr 0.0781 | ms/batch 104.86 | loss  2.73 | ppl    15.39
-----------------------------------------------------------------------------------------
| end of epoch  10 | time: 246.19s | valid loss  4.81 | valid ppl   122.94
-----------------------------------------------------------------------------------------
| epoch  11 |   200/ 2323 batches | lr 0.0781 | ms/batch 108.29 | loss  3.49 | ppl    32.93
| epoch  11 |   400/ 2323 batches | lr 0.0781 | ms/batch 102.72 | loss  3.63 | ppl    37.70
| epoch  11 |   600/ 2323 batches | lr 0.0781 | ms/batch 101.58 | loss  3.45 | ppl    31.35
| epoch  11 |   800/ 2323 batches | lr 0.0781 | ms/batch 104.79 | loss  3.35 | ppl    28.54
| epoch  11 |  1000/ 2323 batches | lr 0.0781 | ms/batch 102.19 | loss  3.34 | ppl    28.33
| epoch  11 |  1200/ 2323 batches | lr 0.0781 | ms/batch 105.59 | loss  3.27 | ppl    26.33
| epoch  11 |  1400/ 2323 batches | lr 0.0781 | ms/batch 103.69 | loss  3.13 | ppl    22.82
| epoch  11 |  1600/ 2323 batches | lr 0.0781 | ms/batch 104.20 | loss  3.15 | ppl    23.34
| epoch  11 |  1800/ 2323 batches | lr 0.0781 | ms/batch 103.15 | loss  3.15 | ppl    23.22
| epoch  11 |  2000/ 2323 batches | lr 0.0781 | ms/batch 104.80 | loss  2.85 | ppl    17.34
| epoch  11 |  2200/ 2323 batches | lr 0.0781 | ms/batch 104.13 | loss  2.73 | ppl    15.39
-----------------------------------------------------------------------------------------
| end of epoch  11 | time: 251.81s | valid loss  4.81 | valid ppl   123.13
-----------------------------------------------------------------------------------------
| epoch  12 |   200/ 2323 batches | lr 0.0195 | ms/batch 106.20 | loss  3.49 | ppl    32.77
| epoch  12 |   400/ 2323 batches | lr 0.0195 | ms/batch 101.61 | loss  3.63 | ppl    37.72
| epoch  12 |   600/ 2323 batches | lr 0.0195 | ms/batch 103.59 | loss  3.44 | ppl    31.32
| epoch  12 |   800/ 2323 batches | lr 0.0195 | ms/batch 101.80 | loss  3.35 | ppl    28.47
| epoch  12 |  1000/ 2323 batches | lr 0.0195 | ms/batch 102.96 | loss  3.34 | ppl    28.22
| epoch  12 |  1200/ 2323 batches | lr 0.0195 | ms/batch 106.52 | loss  3.26 | ppl    26.14
| epoch  12 |  1400/ 2323 batches | lr 0.0195 | ms/batch 101.66 | loss  3.12 | ppl    22.64
| epoch  12 |  1600/ 2323 batches | lr 0.0195 | ms/batch 101.89 | loss  3.14 | ppl    23.10
| epoch  12 |  1800/ 2323 batches | lr 0.0195 | ms/batch 104.12 | loss  3.13 | ppl    22.93
| epoch  12 |  2000/ 2323 batches | lr 0.0195 | ms/batch 101.94 | loss  2.84 | ppl    17.08
| epoch  12 |  2200/ 2323 batches | lr 0.0195 | ms/batch 104.34 | loss  2.72 | ppl    15.16
-----------------------------------------------------------------------------------------
| end of epoch  12 | time: 249.00s | valid loss  4.81 | valid ppl   122.15
-----------------------------------------------------------------------------------------
| epoch  13 |   200/ 2323 batches | lr 0.0195 | ms/batch 105.44 | loss  3.48 | ppl    32.53
| epoch  13 |   400/ 2323 batches | lr 0.0195 | ms/batch 101.61 | loss  3.62 | ppl    37.44
| epoch  13 |   600/ 2323 batches | lr 0.0195 | ms/batch 101.41 | loss  3.44 | ppl    31.12
| epoch  13 |   800/ 2323 batches | lr 0.0195 | ms/batch 103.52 | loss  3.34 | ppl    28.31
| epoch  13 |  1000/ 2323 batches | lr 0.0195 | ms/batch 105.67 | loss  3.34 | ppl    28.08
| epoch  13 |  1200/ 2323 batches | lr 0.0195 | ms/batch 106.23 | loss  3.26 | ppl    26.05
| epoch  13 |  1400/ 2323 batches | lr 0.0195 | ms/batch 104.96 | loss  3.12 | ppl    22.57
| epoch  13 |  1600/ 2323 batches | lr 0.0195 | ms/batch 102.46 | loss  3.14 | ppl    23.05
| epoch  13 |  1800/ 2323 batches | lr 0.0195 | ms/batch 104.23 | loss  3.13 | ppl    22.91
| epoch  13 |  2000/ 2323 batches | lr 0.0195 | ms/batch 101.24 | loss  2.84 | ppl    17.10
| epoch  13 |  2200/ 2323 batches | lr 0.0195 | ms/batch 102.03 | loss  2.72 | ppl    15.19
-----------------------------------------------------------------------------------------
| end of epoch  13 | time: 249.75s | valid loss  4.80 | valid ppl   121.89
-----------------------------------------------------------------------------------------
| epoch  14 |   200/ 2323 batches | lr 0.0195 | ms/batch 108.59 | loss  3.48 | ppl    32.39
| epoch  14 |   400/ 2323 batches | lr 0.0195 | ms/batch 103.63 | loss  3.62 | ppl    37.26
| epoch  14 |   600/ 2323 batches | lr 0.0195 | ms/batch 102.40 | loss  3.43 | ppl    30.99
| epoch  14 |   800/ 2323 batches | lr 0.0195 | ms/batch 102.70 | loss  3.34 | ppl    28.20
| epoch  14 |  1000/ 2323 batches | lr 0.0195 | ms/batch 103.86 | loss  3.33 | ppl    27.98
| epoch  14 |  1200/ 2323 batches | lr 0.0195 | ms/batch 103.24 | loss  3.26 | ppl    25.97
| epoch  14 |  1400/ 2323 batches | lr 0.0195 | ms/batch 102.67 | loss  3.11 | ppl    22.51
| epoch  14 |  1600/ 2323 batches | lr 0.0195 | ms/batch 104.38 | loss  3.14 | ppl    23.01
| epoch  14 |  1800/ 2323 batches | lr 0.0195 | ms/batch 104.07 | loss  3.13 | ppl    22.89
| epoch  14 |  2000/ 2323 batches | lr 0.0195 | ms/batch 106.80 | loss  2.84 | ppl    17.10
| epoch  14 |  2200/ 2323 batches | lr 0.0195 | ms/batch 103.14 | loss  2.72 | ppl    15.20
-----------------------------------------------------------------------------------------
| end of epoch  14 | time: 251.33s | valid loss  4.80 | valid ppl   121.82
-----------------------------------------------------------------------------------------
| epoch  15 |   200/ 2323 batches | lr 0.0195 | ms/batch 106.38 | loss  3.47 | ppl    32.28
| epoch  15 |   400/ 2323 batches | lr 0.0195 | ms/batch 102.04 | loss  3.61 | ppl    37.12
| epoch  15 |   600/ 2323 batches | lr 0.0195 | ms/batch 102.92 | loss  3.43 | ppl    30.88
| epoch  15 |   800/ 2323 batches | lr 0.0195 | ms/batch 101.90 | loss  3.34 | ppl    28.10
| epoch  15 |  1000/ 2323 batches | lr 0.0195 | ms/batch 101.19 | loss  3.33 | ppl    27.90
| epoch  15 |  1200/ 2323 batches | lr 0.0195 | ms/batch 107.13 | loss  3.25 | ppl    25.90
| epoch  15 |  1400/ 2323 batches | lr 0.0195 | ms/batch 103.23 | loss  3.11 | ppl    22.46
| epoch  15 |  1600/ 2323 batches | lr 0.0195 | ms/batch 101.60 | loss  3.13 | ppl    22.97
| epoch  15 |  1800/ 2323 batches | lr 0.0195 | ms/batch 106.16 | loss  3.13 | ppl    22.86
| epoch  15 |  2000/ 2323 batches | lr 0.0195 | ms/batch 101.57 | loss  2.84 | ppl    17.10
| epoch  15 |  2200/ 2323 batches | lr 0.0195 | ms/batch 102.68 | loss  2.72 | ppl    15.21
-----------------------------------------------------------------------------------------
| end of epoch  15 | time: 249.01s | valid loss  4.80 | valid ppl   121.83
-----------------------------------------------------------------------------------------
| epoch  16 |   200/ 2323 batches | lr 0.0049 | ms/batch 104.10 | loss  3.47 | ppl    32.22
| epoch  16 |   400/ 2323 batches | lr 0.0049 | ms/batch 102.15 | loss  3.61 | ppl    37.11
| epoch  16 |   600/ 2323 batches | lr 0.0049 | ms/batch 103.82 | loss  3.43 | ppl    30.87
| epoch  16 |   800/ 2323 batches | lr 0.0049 | ms/batch 102.39 | loss  3.33 | ppl    28.08
| epoch  16 |  1000/ 2323 batches | lr 0.0049 | ms/batch 100.94 | loss  3.33 | ppl    27.86
| epoch  16 |  1200/ 2323 batches | lr 0.0049 | ms/batch 103.21 | loss  3.25 | ppl    25.85
| epoch  16 |  1400/ 2323 batches | lr 0.0049 | ms/batch 106.50 | loss  3.11 | ppl    22.41
| epoch  16 |  1600/ 2323 batches | lr 0.0049 | ms/batch 101.27 | loss  3.13 | ppl    22.91
| epoch  16 |  1800/ 2323 batches | lr 0.0049 | ms/batch 103.98 | loss  3.13 | ppl    22.78
| epoch  16 |  2000/ 2323 batches | lr 0.0049 | ms/batch 101.72 | loss  2.83 | ppl    17.02
| epoch  16 |  2200/ 2323 batches | lr 0.0049 | ms/batch 105.12 | loss  2.72 | ppl    15.14
-----------------------------------------------------------------------------------------
| end of epoch  16 | time: 248.90s | valid loss  4.80 | valid ppl   121.70
-----------------------------------------------------------------------------------------
| epoch  17 |   200/ 2323 batches | lr 0.0049 | ms/batch 107.55 | loss  3.47 | ppl    32.18
| epoch  17 |   400/ 2323 batches | lr 0.0049 | ms/batch 102.81 | loss  3.61 | ppl    37.06
| epoch  17 |   600/ 2323 batches | lr 0.0049 | ms/batch 102.98 | loss  3.43 | ppl    30.83
| epoch  17 |   800/ 2323 batches | lr 0.0049 | ms/batch 100.99 | loss  3.33 | ppl    28.05
| epoch  17 |  1000/ 2323 batches | lr 0.0049 | ms/batch 104.88 | loss  3.33 | ppl    27.84
| epoch  17 |  1200/ 2323 batches | lr 0.0049 | ms/batch 102.86 | loss  3.25 | ppl    25.83
| epoch  17 |  1400/ 2323 batches | lr 0.0049 | ms/batch 101.20 | loss  3.11 | ppl    22.40
| epoch  17 |  1600/ 2323 batches | lr 0.0049 | ms/batch 104.28 | loss  3.13 | ppl    22.90
| epoch  17 |  1800/ 2323 batches | lr 0.0049 | ms/batch 105.05 | loss  3.13 | ppl    22.78
| epoch  17 |  2000/ 2323 batches | lr 0.0049 | ms/batch 104.21 | loss  2.83 | ppl    17.02
| epoch  17 |  2200/ 2323 batches | lr 0.0049 | ms/batch 103.40 | loss  2.72 | ppl    15.14
-----------------------------------------------------------------------------------------
| end of epoch  17 | time: 250.11s | valid loss  4.80 | valid ppl   121.61
-----------------------------------------------------------------------------------------
| epoch  18 |   200/ 2323 batches | lr 0.0049 | ms/batch 106.97 | loss  3.47 | ppl    32.15
| epoch  18 |   400/ 2323 batches | lr 0.0049 | ms/batch 105.44 | loss  3.61 | ppl    37.01
| epoch  18 |   600/ 2323 batches | lr 0.0049 | ms/batch 106.78 | loss  3.43 | ppl    30.80
| epoch  18 |   800/ 2323 batches | lr 0.0049 | ms/batch 106.61 | loss  3.33 | ppl    28.02
| epoch  18 |  1000/ 2323 batches | lr 0.0049 | ms/batch 102.14 | loss  3.33 | ppl    27.81
| epoch  18 |  1200/ 2323 batches | lr 0.0049 | ms/batch 105.93 | loss  3.25 | ppl    25.81
| epoch  18 |  1400/ 2323 batches | lr 0.0049 | ms/batch 106.05 | loss  3.11 | ppl    22.38
| epoch  18 |  1600/ 2323 batches | lr 0.0049 | ms/batch 102.81 | loss  3.13 | ppl    22.88
| epoch  18 |  1800/ 2323 batches | lr 0.0049 | ms/batch 103.67 | loss  3.13 | ppl    22.77
| epoch  18 |  2000/ 2323 batches | lr 0.0049 | ms/batch 103.87 | loss  2.83 | ppl    17.03
| epoch  18 |  2200/ 2323 batches | lr 0.0049 | ms/batch 104.56 | loss  2.72 | ppl    15.15
-----------------------------------------------------------------------------------------
| end of epoch  18 | time: 252.81s | valid loss  4.80 | valid ppl   121.56
-----------------------------------------------------------------------------------------
| epoch  19 |   200/ 2323 batches | lr 0.0049 | ms/batch 109.27 | loss  3.47 | ppl    32.12
| epoch  19 |   400/ 2323 batches | lr 0.0049 | ms/batch 103.13 | loss  3.61 | ppl    36.97
| epoch  19 |   600/ 2323 batches | lr 0.0049 | ms/batch 103.00 | loss  3.43 | ppl    30.77
| epoch  19 |   800/ 2323 batches | lr 0.0049 | ms/batch 104.06 | loss  3.33 | ppl    27.99
| epoch  19 |  1000/ 2323 batches | lr 0.0049 | ms/batch 102.40 | loss  3.32 | ppl    27.79
| epoch  19 |  1200/ 2323 batches | lr 0.0049 | ms/batch 102.16 | loss  3.25 | ppl    25.79
| epoch  19 |  1400/ 2323 batches | lr 0.0049 | ms/batch 100.68 | loss  3.11 | ppl    22.37
| epoch  19 |  1600/ 2323 batches | lr 0.0049 | ms/batch 102.83 | loss  3.13 | ppl    22.87
| epoch  19 |  1800/ 2323 batches | lr 0.0049 | ms/batch 104.56 | loss  3.13 | ppl    22.77
| epoch  19 |  2000/ 2323 batches | lr 0.0049 | ms/batch 103.46 | loss  2.83 | ppl    17.03
| epoch  19 |  2200/ 2323 batches | lr 0.0049 | ms/batch 103.49 | loss  2.72 | ppl    15.15
-----------------------------------------------------------------------------------------
| end of epoch  19 | time: 246.11s | valid loss  4.80 | valid ppl   121.52
-----------------------------------------------------------------------------------------
| epoch  20 |   200/ 2323 batches | lr 0.0049 | ms/batch 85.99 | loss  3.47 | ppl    32.09
| epoch  20 |   400/ 2323 batches | lr 0.0049 | ms/batch 83.09 | loss  3.61 | ppl    36.93
| epoch  20 |   600/ 2323 batches | lr 0.0049 | ms/batch 83.14 | loss  3.43 | ppl    30.74
| epoch  20 |   800/ 2323 batches | lr 0.0049 | ms/batch 83.14 | loss  3.33 | ppl    27.97
| epoch  20 |  1000/ 2323 batches | lr 0.0049 | ms/batch 85.05 | loss  3.32 | ppl    27.77
| epoch  20 |  1200/ 2323 batches | lr 0.0049 | ms/batch 82.99 | loss  3.25 | ppl    25.77
| epoch  20 |  1400/ 2323 batches | lr 0.0049 | ms/batch 82.86 | loss  3.11 | ppl    22.36
| epoch  20 |  1600/ 2323 batches | lr 0.0049 | ms/batch 84.73 | loss  3.13 | ppl    22.86
| epoch  20 |  1800/ 2323 batches | lr 0.0049 | ms/batch 82.81 | loss  3.13 | ppl    22.76
| epoch  20 |  2000/ 2323 batches | lr 0.0049 | ms/batch 83.11 | loss  2.83 | ppl    17.03
| epoch  20 |  2200/ 2323 batches | lr 0.0049 | ms/batch 83.22 | loss  2.72 | ppl    15.15
-----------------------------------------------------------------------------------------
| end of epoch  20 | time: 201.83s | valid loss  4.80 | valid ppl   121.49
-----------------------------------------------------------------------------------------
| epoch  21 |   200/ 2323 batches | lr 0.0049 | ms/batch 87.69 | loss  3.47 | ppl    32.06
| epoch  21 |   400/ 2323 batches | lr 0.0049 | ms/batch 83.27 | loss  3.61 | ppl    36.90
| epoch  21 |   600/ 2323 batches | lr 0.0049 | ms/batch 83.07 | loss  3.42 | ppl    30.71
| epoch  21 |   800/ 2323 batches | lr 0.0049 | ms/batch 83.20 | loss  3.33 | ppl    27.94
| epoch  21 |  1000/ 2323 batches | lr 0.0049 | ms/batch 83.09 | loss  3.32 | ppl    27.74
| epoch  21 |  1200/ 2323 batches | lr 0.0049 | ms/batch 85.29 | loss  3.25 | ppl    25.75
| epoch  21 |  1400/ 2323 batches | lr 0.0049 | ms/batch 83.10 | loss  3.11 | ppl    22.34
| epoch  21 |  1600/ 2323 batches | lr 0.0049 | ms/batch 83.15 | loss  3.13 | ppl    22.85
| epoch  21 |  1800/ 2323 batches | lr 0.0049 | ms/batch 85.16 | loss  3.12 | ppl    22.75
| epoch  21 |  2000/ 2323 batches | lr 0.0049 | ms/batch 82.93 | loss  2.83 | ppl    17.03
| epoch  21 |  2200/ 2323 batches | lr 0.0049 | ms/batch 83.25 | loss  2.72 | ppl    15.15
-----------------------------------------------------------------------------------------
| end of epoch  21 | time: 202.41s | valid loss  4.80 | valid ppl   121.48
-----------------------------------------------------------------------------------------
| epoch  22 |   200/ 2323 batches | lr 0.0049 | ms/batch 86.12 | loss  3.47 | ppl    32.03
| epoch  22 |   400/ 2323 batches | lr 0.0049 | ms/batch 83.15 | loss  3.61 | ppl    36.87
| epoch  22 |   600/ 2323 batches | lr 0.0049 | ms/batch 84.52 | loss  3.42 | ppl    30.69
| epoch  22 |   800/ 2323 batches | lr 0.0049 | ms/batch 84.02 | loss  3.33 | ppl    27.92
| epoch  22 |  1000/ 2323 batches | lr 0.0049 | ms/batch 85.16 | loss  3.32 | ppl    27.72
| epoch  22 |  1200/ 2323 batches | lr 0.0049 | ms/batch 82.75 | loss  3.25 | ppl    25.74
| epoch  22 |  1400/ 2323 batches | lr 0.0049 | ms/batch 82.65 | loss  3.11 | ppl    22.33
| epoch  22 |  1600/ 2323 batches | lr 0.0049 | ms/batch 83.03 | loss  3.13 | ppl    22.84
| epoch  22 |  1800/ 2323 batches | lr 0.0049 | ms/batch 83.21 | loss  3.12 | ppl    22.75
| epoch  22 |  2000/ 2323 batches | lr 0.0049 | ms/batch 83.19 | loss  2.83 | ppl    17.03
| epoch  22 |  2200/ 2323 batches | lr 0.0049 | ms/batch 83.26 | loss  2.72 | ppl    15.16
-----------------------------------------------------------------------------------------
| end of epoch  22 | time: 202.02s | valid loss  4.80 | valid ppl   121.47
-----------------------------------------------------------------------------------------
| epoch  23 |   200/ 2323 batches | lr 0.0049 | ms/batch 89.29 | loss  3.47 | ppl    32.01
| epoch  23 |   400/ 2323 batches | lr 0.0049 | ms/batch 83.78 | loss  3.61 | ppl    36.83
| epoch  23 |   600/ 2323 batches | lr 0.0049 | ms/batch 83.11 | loss  3.42 | ppl    30.66
| epoch  23 |   800/ 2323 batches | lr 0.0049 | ms/batch 83.17 | loss  3.33 | ppl    27.90
| epoch  23 |  1000/ 2323 batches | lr 0.0049 | ms/batch 83.29 | loss  3.32 | ppl    27.70
| epoch  23 |  1200/ 2323 batches | lr 0.0049 | ms/batch 83.20 | loss  3.25 | ppl    25.72
| epoch  23 |  1400/ 2323 batches | lr 0.0049 | ms/batch 83.25 | loss  3.11 | ppl    22.32
| epoch  23 |  1600/ 2323 batches | lr 0.0049 | ms/batch 83.30 | loss  3.13 | ppl    22.84
| epoch  23 |  1800/ 2323 batches | lr 0.0049 | ms/batch 83.22 | loss  3.12 | ppl    22.74
| epoch  23 |  2000/ 2323 batches | lr 0.0049 | ms/batch 84.90 | loss  2.83 | ppl    17.02
| epoch  23 |  2200/ 2323 batches | lr 0.0049 | ms/batch 85.00 | loss  2.72 | ppl    15.16
-----------------------------------------------------------------------------------------
| end of epoch  23 | time: 202.93s | valid loss  4.80 | valid ppl   121.47
-----------------------------------------------------------------------------------------
| epoch  24 |   200/ 2323 batches | lr 0.0049 | ms/batch 85.94 | loss  3.47 | ppl    31.98
| epoch  24 |   400/ 2323 batches | lr 0.0049 | ms/batch 83.15 | loss  3.61 | ppl    36.80
| epoch  24 |   600/ 2323 batches | lr 0.0049 | ms/batch 83.18 | loss  3.42 | ppl    30.64
| epoch  24 |   800/ 2323 batches | lr 0.0049 | ms/batch 83.06 | loss  3.33 | ppl    27.87
| epoch  24 |  1000/ 2323 batches | lr 0.0049 | ms/batch 83.25 | loss  3.32 | ppl    27.68
| epoch  24 |  1200/ 2323 batches | lr 0.0049 | ms/batch 85.07 | loss  3.25 | ppl    25.70
| epoch  24 |  1400/ 2323 batches | lr 0.0049 | ms/batch 83.14 | loss  3.10 | ppl    22.31
| epoch  24 |  1600/ 2323 batches | lr 0.0049 | ms/batch 84.87 | loss  3.13 | ppl    22.83
| epoch  24 |  1800/ 2323 batches | lr 0.0049 | ms/batch 83.45 | loss  3.12 | ppl    22.74
| epoch  24 |  2000/ 2323 batches | lr 0.0049 | ms/batch 83.09 | loss  2.83 | ppl    17.02
| epoch  24 |  2200/ 2323 batches | lr 0.0049 | ms/batch 83.13 | loss  2.72 | ppl    15.16
-----------------------------------------------------------------------------------------
| end of epoch  24 | time: 202.12s | valid loss  4.80 | valid ppl   121.47
-----------------------------------------------------------------------------------------
| epoch  25 |   200/ 2323 batches | lr 0.0012 | ms/batch 86.19 | loss  3.46 | ppl    31.97
| epoch  25 |   400/ 2323 batches | lr 0.0012 | ms/batch 85.17 | loss  3.61 | ppl    36.80
| epoch  25 |   600/ 2323 batches | lr 0.0012 | ms/batch 83.12 | loss  3.42 | ppl    30.63
| epoch  25 |   800/ 2323 batches | lr 0.0012 | ms/batch 83.02 | loss  3.33 | ppl    27.87
| epoch  25 |  1000/ 2323 batches | lr 0.0012 | ms/batch 82.87 | loss  3.32 | ppl    27.67
| epoch  25 |  1200/ 2323 batches | lr 0.0012 | ms/batch 85.38 | loss  3.25 | ppl    25.69
| epoch  25 |  1400/ 2323 batches | lr 0.0012 | ms/batch 82.90 | loss  3.10 | ppl    22.29
| epoch  25 |  1600/ 2323 batches | lr 0.0012 | ms/batch 82.68 | loss  3.13 | ppl    22.81
| epoch  25 |  1800/ 2323 batches | lr 0.0012 | ms/batch 82.81 | loss  3.12 | ppl    22.71
| epoch  25 |  2000/ 2323 batches | lr 0.0012 | ms/batch 84.71 | loss  2.83 | ppl    17.00
| epoch  25 |  2200/ 2323 batches | lr 0.0012 | ms/batch 82.99 | loss  2.72 | ppl    15.14
-----------------------------------------------------------------------------------------
| end of epoch  25 | time: 202.18s | valid loss  4.80 | valid ppl   121.47
-----------------------------------------------------------------------------------------
| epoch  26 |   200/ 2323 batches | lr 0.0012 | ms/batch 85.81 | loss  3.46 | ppl    31.96
| epoch  26 |   400/ 2323 batches | lr 0.0012 | ms/batch 83.15 | loss  3.61 | ppl    36.79
| epoch  26 |   600/ 2323 batches | lr 0.0012 | ms/batch 83.03 | loss  3.42 | ppl    30.63
| epoch  26 |   800/ 2323 batches | lr 0.0012 | ms/batch 85.12 | loss  3.33 | ppl    27.86
| epoch  26 |  1000/ 2323 batches | lr 0.0012 | ms/batch 83.01 | loss  3.32 | ppl    27.67
| epoch  26 |  1200/ 2323 batches | lr 0.0012 | ms/batch 85.06 | loss  3.25 | ppl    25.69
| epoch  26 |  1400/ 2323 batches | lr 0.0012 | ms/batch 83.02 | loss  3.10 | ppl    22.29
| epoch  26 |  1600/ 2323 batches | lr 0.0012 | ms/batch 83.13 | loss  3.13 | ppl    22.81
| epoch  26 |  1800/ 2323 batches | lr 0.0012 | ms/batch 83.04 | loss  3.12 | ppl    22.71
| epoch  26 |  2000/ 2323 batches | lr 0.0012 | ms/batch 83.26 | loss  2.83 | ppl    17.00
| epoch  26 |  2200/ 2323 batches | lr 0.0012 | ms/batch 83.13 | loss  2.72 | ppl    15.14
-----------------------------------------------------------------------------------------
| end of epoch  26 | time: 201.94s | valid loss  4.80 | valid ppl   121.46
-----------------------------------------------------------------------------------------
| epoch  27 |   200/ 2323 batches | lr 0.0012 | ms/batch 87.96 | loss  3.46 | ppl    31.95
| epoch  27 |   400/ 2323 batches | lr 0.0012 | ms/batch 85.87 | loss  3.60 | ppl    36.78
| epoch  27 |   600/ 2323 batches | lr 0.0012 | ms/batch 70.20 | loss  3.42 | ppl    30.62
| epoch  27 |   800/ 2323 batches | lr 0.0012 | ms/batch 65.73 | loss  3.33 | ppl    27.86
| epoch  27 |  1000/ 2323 batches | lr 0.0012 | ms/batch 65.28 | loss  3.32 | ppl    27.66
| epoch  27 |  1200/ 2323 batches | lr 0.0012 | ms/batch 65.56 | loss  3.25 | ppl    25.68
| epoch  27 |  1400/ 2323 batches | lr 0.0012 | ms/batch 65.77 | loss  3.10 | ppl    22.29
| epoch  27 |  1600/ 2323 batches | lr 0.0012 | ms/batch 65.57 | loss  3.13 | ppl    22.80
| epoch  27 |  1800/ 2323 batches | lr 0.0012 | ms/batch 65.84 | loss  3.12 | ppl    22.71
| epoch  27 |  2000/ 2323 batches | lr 0.0012 | ms/batch 65.70 | loss  2.83 | ppl    17.00
| epoch  27 |  2200/ 2323 batches | lr 0.0012 | ms/batch 67.39 | loss  2.72 | ppl    15.14
-----------------------------------------------------------------------------------------
| end of epoch  27 | time: 168.38s | valid loss  4.80 | valid ppl   121.45
-----------------------------------------------------------------------------------------
| epoch  28 |   200/ 2323 batches | lr 0.0012 | ms/batch 68.28 | loss  3.46 | ppl    31.95
| epoch  28 |   400/ 2323 batches | lr 0.0012 | ms/batch 65.71 | loss  3.60 | ppl    36.77
| epoch  28 |   600/ 2323 batches | lr 0.0012 | ms/batch 65.57 | loss  3.42 | ppl    30.61
| epoch  28 |   800/ 2323 batches | lr 0.0012 | ms/batch 65.59 | loss  3.33 | ppl    27.85
| epoch  28 |  1000/ 2323 batches | lr 0.0012 | ms/batch 65.89 | loss  3.32 | ppl    27.66
| epoch  28 |  1200/ 2323 batches | lr 0.0012 | ms/batch 65.56 | loss  3.25 | ppl    25.68
| epoch  28 |  1400/ 2323 batches | lr 0.0012 | ms/batch 65.53 | loss  3.10 | ppl    22.28
| epoch  28 |  1600/ 2323 batches | lr 0.0012 | ms/batch 66.42 | loss  3.13 | ppl    22.80
| epoch  28 |  1800/ 2323 batches | lr 0.0012 | ms/batch 66.52 | loss  3.12 | ppl    22.71
| epoch  28 |  2000/ 2323 batches | lr 0.0012 | ms/batch 65.75 | loss  2.83 | ppl    17.00
| epoch  28 |  2200/ 2323 batches | lr 0.0012 | ms/batch 65.72 | loss  2.72 | ppl    15.14
-----------------------------------------------------------------------------------------
| end of epoch  28 | time: 159.50s | valid loss  4.80 | valid ppl   121.45
-----------------------------------------------------------------------------------------
| epoch  29 |   200/ 2323 batches | lr 0.0012 | ms/batch 68.28 | loss  3.46 | ppl    31.94
| epoch  29 |   400/ 2323 batches | lr 0.0012 | ms/batch 65.62 | loss  3.60 | ppl    36.76
| epoch  29 |   600/ 2323 batches | lr 0.0012 | ms/batch 65.48 | loss  3.42 | ppl    30.61
| epoch  29 |   800/ 2323 batches | lr 0.0012 | ms/batch 65.38 | loss  3.33 | ppl    27.84
| epoch  29 |  1000/ 2323 batches | lr 0.0012 | ms/batch 65.82 | loss  3.32 | ppl    27.65
| epoch  29 |  1200/ 2323 batches | lr 0.0012 | ms/batch 67.32 | loss  3.25 | ppl    25.67
| epoch  29 |  1400/ 2323 batches | lr 0.0012 | ms/batch 65.56 | loss  3.10 | ppl    22.28
| epoch  29 |  1600/ 2323 batches | lr 0.0012 | ms/batch 65.66 | loss  3.13 | ppl    22.80
| epoch  29 |  1800/ 2323 batches | lr 0.0012 | ms/batch 65.40 | loss  3.12 | ppl    22.71
| epoch  29 |  2000/ 2323 batches | lr 0.0012 | ms/batch 65.64 | loss  2.83 | ppl    17.00
| epoch  29 |  2200/ 2323 batches | lr 0.0012 | ms/batch 65.51 | loss  2.72 | ppl    15.14
-----------------------------------------------------------------------------------------
| end of epoch  29 | time: 159.37s | valid loss  4.80 | valid ppl   121.44
-----------------------------------------------------------------------------------------
| epoch  30 |   200/ 2323 batches | lr 0.0012 | ms/batch 67.79 | loss  3.46 | ppl    31.93
| epoch  30 |   400/ 2323 batches | lr 0.0012 | ms/batch 65.45 | loss  3.60 | ppl    36.76
| epoch  30 |   600/ 2323 batches | lr 0.0012 | ms/batch 65.61 | loss  3.42 | ppl    30.60
| epoch  30 |   800/ 2323 batches | lr 0.0012 | ms/batch 67.52 | loss  3.33 | ppl    27.84
| epoch  30 |  1000/ 2323 batches | lr 0.0012 | ms/batch 65.67 | loss  3.32 | ppl    27.65
| epoch  30 |  1200/ 2323 batches | lr 0.0012 | ms/batch 65.69 | loss  3.25 | ppl    25.67
| epoch  30 |  1400/ 2323 batches | lr 0.0012 | ms/batch 65.65 | loss  3.10 | ppl    22.28
| epoch  30 |  1600/ 2323 batches | lr 0.0012 | ms/batch 65.65 | loss  3.13 | ppl    22.80
| epoch  30 |  1800/ 2323 batches | lr 0.0012 | ms/batch 65.54 | loss  3.12 | ppl    22.71
| epoch  30 |  2000/ 2323 batches | lr 0.0012 | ms/batch 65.38 | loss  2.83 | ppl    17.00
| epoch  30 |  2200/ 2323 batches | lr 0.0012 | ms/batch 66.09 | loss  2.72 | ppl    15.14
-----------------------------------------------------------------------------------------
| end of epoch  30 | time: 159.69s | valid loss  4.80 | valid ppl   121.44
-----------------------------------------------------------------------------------------
| epoch  31 |   200/ 2323 batches | lr 0.0012 | ms/batch 69.69 | loss  3.46 | ppl    31.93
| epoch  31 |   400/ 2323 batches | lr 0.0012 | ms/batch 66.55 | loss  3.60 | ppl    36.75
| epoch  31 |   600/ 2323 batches | lr 0.0012 | ms/batch 66.60 | loss  3.42 | ppl    30.59
| epoch  31 |   800/ 2323 batches | lr 0.0012 | ms/batch 66.54 | loss  3.33 | ppl    27.83
| epoch  31 |  1000/ 2323 batches | lr 0.0012 | ms/batch 66.55 | loss  3.32 | ppl    27.64
| epoch  31 |  1200/ 2323 batches | lr 0.0012 | ms/batch 66.53 | loss  3.25 | ppl    25.66
| epoch  31 |  1400/ 2323 batches | lr 0.0012 | ms/batch 66.53 | loss  3.10 | ppl    22.27
| epoch  31 |  1600/ 2323 batches | lr 0.0012 | ms/batch 66.61 | loss  3.13 | ppl    22.79
| epoch  31 |  1800/ 2323 batches | lr 0.0012 | ms/batch 66.43 | loss  3.12 | ppl    22.70
| epoch  31 |  2000/ 2323 batches | lr 0.0012 | ms/batch 66.47 | loss  2.83 | ppl    17.00
| epoch  31 |  2200/ 2323 batches | lr 0.0012 | ms/batch 68.24 | loss  2.72 | ppl    15.14
-----------------------------------------------------------------------------------------
| end of epoch  31 | time: 161.93s | valid loss  4.80 | valid ppl   121.44
-----------------------------------------------------------------------------------------
| epoch  32 |   200/ 2323 batches | lr 0.0012 | ms/batch 67.24 | loss  3.46 | ppl    31.92
| epoch  32 |   400/ 2323 batches | lr 0.0012 | ms/batch 66.34 | loss  3.60 | ppl    36.74
| epoch  32 |   600/ 2323 batches | lr 0.0012 | ms/batch 66.47 | loss  3.42 | ppl    30.59
| epoch  32 |   800/ 2323 batches | lr 0.0012 | ms/batch 66.52 | loss  3.33 | ppl    27.83
| epoch  32 |  1000/ 2323 batches | lr 0.0012 | ms/batch 66.65 | loss  3.32 | ppl    27.64
| epoch  32 |  1200/ 2323 batches | lr 0.0012 | ms/batch 66.58 | loss  3.24 | ppl    25.66
| epoch  32 |  1400/ 2323 batches | lr 0.0012 | ms/batch 66.63 | loss  3.10 | ppl    22.27
| epoch  32 |  1600/ 2323 batches | lr 0.0012 | ms/batch 67.97 | loss  3.13 | ppl    22.79
| epoch  32 |  1800/ 2323 batches | lr 0.0012 | ms/batch 66.52 | loss  3.12 | ppl    22.70
| epoch  32 |  2000/ 2323 batches | lr 0.0012 | ms/batch 66.70 | loss  2.83 | ppl    17.00
| epoch  32 |  2200/ 2323 batches | lr 0.0012 | ms/batch 66.59 | loss  2.72 | ppl    15.14
-----------------------------------------------------------------------------------------
| end of epoch  32 | time: 161.50s | valid loss  4.80 | valid ppl   121.44
-----------------------------------------------------------------------------------------
| epoch  33 |   200/ 2323 batches | lr 0.0012 | ms/batch 66.83 | loss  3.46 | ppl    31.91
| epoch  33 |   400/ 2323 batches | lr 0.0012 | ms/batch 66.68 | loss  3.60 | ppl    36.73
| epoch  33 |   600/ 2323 batches | lr 0.0012 | ms/batch 66.49 | loss  3.42 | ppl    30.58
| epoch  33 |   800/ 2323 batches | lr 0.0012 | ms/batch 66.54 | loss  3.33 | ppl    27.82
| epoch  33 |  1000/ 2323 batches | lr 0.0012 | ms/batch 66.70 | loss  3.32 | ppl    27.63
| epoch  33 |  1200/ 2323 batches | lr 0.0012 | ms/batch 68.16 | loss  3.24 | ppl    25.66
| epoch  33 |  1400/ 2323 batches | lr 0.0012 | ms/batch 66.34 | loss  3.10 | ppl    22.27
| epoch  33 |  1600/ 2323 batches | lr 0.0012 | ms/batch 66.43 | loss  3.13 | ppl    22.79
| epoch  33 |  1800/ 2323 batches | lr 0.0012 | ms/batch 66.64 | loss  3.12 | ppl    22.70
| epoch  33 |  2000/ 2323 batches | lr 0.0012 | ms/batch 66.42 | loss  2.83 | ppl    17.00
| epoch  33 |  2200/ 2323 batches | lr 0.0012 | ms/batch 66.31 | loss  2.72 | ppl    15.14
-----------------------------------------------------------------------------------------
| end of epoch  33 | time: 161.41s | valid loss  4.80 | valid ppl   121.43
-----------------------------------------------------------------------------------------
| epoch  34 |   200/ 2323 batches | lr 0.0012 | ms/batch 66.98 | loss  3.46 | ppl    31.91
| epoch  34 |   400/ 2323 batches | lr 0.0012 | ms/batch 66.58 | loss  3.60 | ppl    36.72
| epoch  34 |   600/ 2323 batches | lr 0.0012 | ms/batch 68.11 | loss  3.42 | ppl    30.58
| epoch  34 |   800/ 2323 batches | lr 0.0012 | ms/batch 66.55 | loss  3.33 | ppl    27.82
| epoch  34 |  1000/ 2323 batches | lr 0.0012 | ms/batch 66.40 | loss  3.32 | ppl    27.63
| epoch  34 |  1200/ 2323 batches | lr 0.0012 | ms/batch 66.41 | loss  3.24 | ppl    25.65
| epoch  34 |  1400/ 2323 batches | lr 0.0012 | ms/batch 66.71 | loss  3.10 | ppl    22.26
| epoch  34 |  1600/ 2323 batches | lr 0.0012 | ms/batch 66.56 | loss  3.13 | ppl    22.79
| epoch  34 |  1800/ 2323 batches | lr 0.0012 | ms/batch 66.67 | loss  3.12 | ppl    22.70
| epoch  34 |  2000/ 2323 batches | lr 0.0012 | ms/batch 66.62 | loss  2.83 | ppl    17.00
| epoch  34 |  2200/ 2323 batches | lr 0.0012 | ms/batch 66.43 | loss  2.72 | ppl    15.14
-----------------------------------------------------------------------------------------
| end of epoch  34 | time: 161.65s | valid loss  4.80 | valid ppl   121.43
-----------------------------------------------------------------------------------------
| epoch  35 |   200/ 2323 batches | lr 0.0012 | ms/batch 64.67 | loss  3.46 | ppl    31.90
| epoch  35 |   400/ 2323 batches | lr 0.0012 | ms/batch 48.26 | loss  3.60 | ppl    36.72
| epoch  35 |   600/ 2323 batches | lr 0.0012 | ms/batch 48.29 | loss  3.42 | ppl    30.57
| epoch  35 |   800/ 2323 batches | lr 0.0012 | ms/batch 48.07 | loss  3.33 | ppl    27.81
| epoch  35 |  1000/ 2323 batches | lr 0.0012 | ms/batch 48.24 | loss  3.32 | ppl    27.62
| epoch  35 |  1200/ 2323 batches | lr 0.0012 | ms/batch 48.29 | loss  3.24 | ppl    25.65
| epoch  35 |  1400/ 2323 batches | lr 0.0012 | ms/batch 48.36 | loss  3.10 | ppl    22.26
| epoch  35 |  1600/ 2323 batches | lr 0.0012 | ms/batch 48.40 | loss  3.13 | ppl    22.78
| epoch  35 |  1800/ 2323 batches | lr 0.0012 | ms/batch 48.22 | loss  3.12 | ppl    22.70
| epoch  35 |  2000/ 2323 batches | lr 0.0012 | ms/batch 48.25 | loss  2.83 | ppl    17.00
| epoch  35 |  2200/ 2323 batches | lr 0.0012 | ms/batch 48.31 | loss  2.72 | ppl    15.14
-----------------------------------------------------------------------------------------
| end of epoch  35 | time: 120.28s | valid loss  4.80 | valid ppl   121.43
-----------------------------------------------------------------------------------------
| epoch  36 |   200/ 2323 batches | lr 0.0012 | ms/batch 48.88 | loss  3.46 | ppl    31.90
| epoch  36 |   400/ 2323 batches | lr 0.0012 | ms/batch 48.44 | loss  3.60 | ppl    36.71
| epoch  36 |   600/ 2323 batches | lr 0.0012 | ms/batch 48.27 | loss  3.42 | ppl    30.56
| epoch  36 |   800/ 2323 batches | lr 0.0012 | ms/batch 48.41 | loss  3.33 | ppl    27.81
| epoch  36 |  1000/ 2323 batches | lr 0.0012 | ms/batch 48.35 | loss  3.32 | ppl    27.62
| epoch  36 |  1200/ 2323 batches | lr 0.0012 | ms/batch 48.34 | loss  3.24 | ppl    25.64
| epoch  36 |  1400/ 2323 batches | lr 0.0012 | ms/batch 48.44 | loss  3.10 | ppl    22.26
| epoch  36 |  1600/ 2323 batches | lr 0.0012 | ms/batch 48.49 | loss  3.13 | ppl    22.78
| epoch  36 |  1800/ 2323 batches | lr 0.0012 | ms/batch 48.38 | loss  3.12 | ppl    22.70
| epoch  36 |  2000/ 2323 batches | lr 0.0012 | ms/batch 48.32 | loss  2.83 | ppl    17.00
| epoch  36 |  2200/ 2323 batches | lr 0.0012 | ms/batch 48.25 | loss  2.72 | ppl    15.14
-----------------------------------------------------------------------------------------
| end of epoch  36 | time: 117.27s | valid loss  4.80 | valid ppl   121.43
-----------------------------------------------------------------------------------------
| epoch  37 |   200/ 2323 batches | lr 0.0012 | ms/batch 48.76 | loss  3.46 | ppl    31.89
| epoch  37 |   400/ 2323 batches | lr 0.0012 | ms/batch 48.36 | loss  3.60 | ppl    36.70
| epoch  37 |   600/ 2323 batches | lr 0.0012 | ms/batch 48.43 | loss  3.42 | ppl    30.56
| epoch  37 |   800/ 2323 batches | lr 0.0012 | ms/batch 48.40 | loss  3.33 | ppl    27.80
| epoch  37 |  1000/ 2323 batches | lr 0.0012 | ms/batch 48.23 | loss  3.32 | ppl    27.61
| epoch  37 |  1200/ 2323 batches | lr 0.0012 | ms/batch 48.25 | loss  3.24 | ppl    25.64
| epoch  37 |  1400/ 2323 batches | lr 0.0012 | ms/batch 48.37 | loss  3.10 | ppl    22.26
| epoch  37 |  1600/ 2323 batches | lr 0.0012 | ms/batch 48.40 | loss  3.13 | ppl    22.78
| epoch  37 |  1800/ 2323 batches | lr 0.0012 | ms/batch 48.25 | loss  3.12 | ppl    22.70
| epoch  37 |  2000/ 2323 batches | lr 0.0012 | ms/batch 48.38 | loss  2.83 | ppl    17.00
| epoch  37 |  2200/ 2323 batches | lr 0.0012 | ms/batch 48.44 | loss  2.72 | ppl    15.14
-----------------------------------------------------------------------------------------
| end of epoch  37 | time: 117.26s | valid loss  4.80 | valid ppl   121.43
-----------------------------------------------------------------------------------------
| epoch  38 |   200/ 2323 batches | lr 0.0003 | ms/batch 48.63 | loss  3.46 | ppl    31.89
| epoch  38 |   400/ 2323 batches | lr 0.0003 | ms/batch 48.45 | loss  3.60 | ppl    36.70
| epoch  38 |   600/ 2323 batches | lr 0.0003 | ms/batch 48.41 | loss  3.42 | ppl    30.56
| epoch  38 |   800/ 2323 batches | lr 0.0003 | ms/batch 48.36 | loss  3.32 | ppl    27.80
| epoch  38 |  1000/ 2323 batches | lr 0.0003 | ms/batch 48.38 | loss  3.32 | ppl    27.61
| epoch  38 |  1200/ 2323 batches | lr 0.0003 | ms/batch 48.45 | loss  3.24 | ppl    25.64
| epoch  38 |  1400/ 2323 batches | lr 0.0003 | ms/batch 48.46 | loss  3.10 | ppl    22.25
| epoch  38 |  1600/ 2323 batches | lr 0.0003 | ms/batch 48.41 | loss  3.13 | ppl    22.77
| epoch  38 |  1800/ 2323 batches | lr 0.0003 | ms/batch 48.37 | loss  3.12 | ppl    22.69
| epoch  38 |  2000/ 2323 batches | lr 0.0003 | ms/batch 48.29 | loss  2.83 | ppl    16.99
| epoch  38 |  2200/ 2323 batches | lr 0.0003 | ms/batch 48.37 | loss  2.72 | ppl    15.14
-----------------------------------------------------------------------------------------
| end of epoch  38 | time: 117.30s | valid loss  4.80 | valid ppl   121.43
-----------------------------------------------------------------------------------------
| epoch  39 |   200/ 2323 batches | lr 0.0001 | ms/batch 48.69 | loss  3.46 | ppl    31.88
| epoch  39 |   400/ 2323 batches | lr 0.0001 | ms/batch 48.43 | loss  3.60 | ppl    36.70
| epoch  39 |   600/ 2323 batches | lr 0.0001 | ms/batch 48.50 | loss  3.42 | ppl    30.56
| epoch  39 |   800/ 2323 batches | lr 0.0001 | ms/batch 48.14 | loss  3.32 | ppl    27.80
| epoch  39 |  1000/ 2323 batches | lr 0.0001 | ms/batch 48.35 | loss  3.32 | ppl    27.61
| epoch  39 |  1200/ 2323 batches | lr 0.0001 | ms/batch 48.38 | loss  3.24 | ppl    25.64
| epoch  39 |  1400/ 2323 batches | lr 0.0001 | ms/batch 48.36 | loss  3.10 | ppl    22.25
| epoch  39 |  1600/ 2323 batches | lr 0.0001 | ms/batch 48.39 | loss  3.13 | ppl    22.77
| epoch  39 |  1800/ 2323 batches | lr 0.0001 | ms/batch 48.23 | loss  3.12 | ppl    22.69
| epoch  39 |  2000/ 2323 batches | lr 0.0001 | ms/batch 48.34 | loss  2.83 | ppl    16.99
| epoch  39 |  2200/ 2323 batches | lr 0.0001 | ms/batch 48.37 | loss  2.72 | ppl    15.14
-----------------------------------------------------------------------------------------
| end of epoch  39 | time: 117.21s | valid loss  4.80 | valid ppl   121.43
-----------------------------------------------------------------------------------------
| epoch  40 |   200/ 2323 batches | lr 0.0000 | ms/batch 48.58 | loss  3.46 | ppl    31.88
| epoch  40 |   400/ 2323 batches | lr 0.0000 | ms/batch 48.14 | loss  3.60 | ppl    36.70
| epoch  40 |   600/ 2323 batches | lr 0.0000 | ms/batch 48.28 | loss  3.42 | ppl    30.56
| epoch  40 |   800/ 2323 batches | lr 0.0000 | ms/batch 48.29 | loss  3.32 | ppl    27.80
| epoch  40 |  1000/ 2323 batches | lr 0.0000 | ms/batch 48.35 | loss  3.32 | ppl    27.61
| epoch  40 |  1200/ 2323 batches | lr 0.0000 | ms/batch 48.38 | loss  3.24 | ppl    25.64
| epoch  40 |  1400/ 2323 batches | lr 0.0000 | ms/batch 48.35 | loss  3.10 | ppl    22.25
| epoch  40 |  1600/ 2323 batches | lr 0.0000 | ms/batch 48.32 | loss  3.13 | ppl    22.77
| epoch  40 |  1800/ 2323 batches | lr 0.0000 | ms/batch 48.41 | loss  3.12 | ppl    22.69
| epoch  40 |  2000/ 2323 batches | lr 0.0000 | ms/batch 48.32 | loss  2.83 | ppl    16.99
| epoch  40 |  2200/ 2323 batches | lr 0.0000 | ms/batch 48.65 | loss  2.72 | ppl    15.14
-----------------------------------------------------------------------------------------
| end of epoch  40 | time: 117.10s | valid loss  4.80 | valid ppl   121.43
-----------------------------------------------------------------------------------------
=========================================================================================
| End of training | test loss  4.75 | test ppl   116.01
=========================================================================================
