| epoch   1 |   200/  929 batches | lr 20.0000 | ms/batch 55.47 | loss  6.82 | ppl   915.10
| epoch   1 |   400/  929 batches | lr 20.0000 | ms/batch 46.36 | loss  5.96 | ppl   385.95
| epoch   1 |   600/  929 batches | lr 20.0000 | ms/batch 46.52 | loss  5.63 | ppl   278.05
| epoch   1 |   800/  929 batches | lr 20.0000 | ms/batch 46.65 | loss  5.43 | ppl   227.17
-----------------------------------------------------------------------------------------
| end of epoch   1 | time: 46.82s | valid loss  5.30 | valid ppl   199.38
-----------------------------------------------------------------------------------------
| epoch   2 |   200/  929 batches | lr 20.0000 | ms/batch 70.63 | loss  5.23 | ppl   186.32
| epoch   2 |   400/  929 batches | lr 20.0000 | ms/batch 92.93 | loss  5.08 | ppl   160.55
| epoch   2 |   600/  929 batches | lr 20.0000 | ms/batch 93.05 | loss  4.98 | ppl   145.68
| epoch   2 |   800/  929 batches | lr 20.0000 | ms/batch 93.11 | loss  4.90 | ppl   134.34
-----------------------------------------------------------------------------------------
| end of epoch   2 | time: 85.39s | valid loss  4.99 | valid ppl   147.42
-----------------------------------------------------------------------------------------
| epoch   3 |   200/  929 batches | lr 20.0000 | ms/batch 93.91 | loss  4.81 | ppl   122.86
| epoch   3 |   400/  929 batches | lr 20.0000 | ms/batch 94.74 | loss  4.69 | ppl   108.78
| epoch   3 |   600/  929 batches | lr 20.0000 | ms/batch 53.28 | loss  4.63 | ppl   102.12
| epoch   3 |   800/  929 batches | lr 20.0000 | ms/batch 69.35 | loss  4.58 | ppl    97.84
-----------------------------------------------------------------------------------------
| end of epoch   3 | time: 77.69s | valid loss  4.87 | valid ppl   129.81
-----------------------------------------------------------------------------------------
| epoch   4 |   200/  929 batches | lr 20.0000 | ms/batch 93.45 | loss  4.53 | ppl    92.63
| epoch   4 |   400/  929 batches | lr 20.0000 | ms/batch 93.41 | loss  4.41 | ppl    82.33
| epoch   4 |   600/  929 batches | lr 20.0000 | ms/batch 93.29 | loss  4.37 | ppl    78.87
| epoch   4 |   800/  929 batches | lr 20.0000 | ms/batch 93.25 | loss  4.34 | ppl    76.78
-----------------------------------------------------------------------------------------
| end of epoch   4 | time: 90.61s | valid loss  4.84 | valid ppl   127.06
-----------------------------------------------------------------------------------------
| epoch   5 |   200/  929 batches | lr 20.0000 | ms/batch 94.11 | loss  4.30 | ppl    74.00
| epoch   5 |   400/  929 batches | lr 20.0000 | ms/batch 93.46 | loss  4.19 | ppl    66.17
| epoch   5 |   600/  929 batches | lr 20.0000 | ms/batch 63.82 | loss  4.16 | ppl    64.05
| epoch   5 |   800/  929 batches | lr 20.0000 | ms/batch 47.68 | loss  4.15 | ppl    63.69
-----------------------------------------------------------------------------------------
| end of epoch   5 | time: 67.73s | valid loss  4.85 | valid ppl   127.41
-----------------------------------------------------------------------------------------
| epoch   6 |   200/  929 batches | lr 10.0000 | ms/batch 47.40 | loss  4.05 | ppl    57.28
| epoch   6 |   400/  929 batches | lr 10.0000 | ms/batch 47.32 | loss  3.87 | ppl    47.90
| epoch   6 |   600/  929 batches | lr 10.0000 | ms/batch 47.21 | loss  3.78 | ppl    44.00
| epoch   6 |   800/  929 batches | lr 10.0000 | ms/batch 47.49 | loss  3.72 | ppl    41.41
-----------------------------------------------------------------------------------------
| end of epoch   6 | time: 51.00s | valid loss  4.84 | valid ppl   126.67
-----------------------------------------------------------------------------------------
| epoch   7 |   200/  929 batches | lr 10.0000 | ms/batch 93.29 | loss  3.83 | ppl    46.21
| epoch   7 |   400/  929 batches | lr 10.0000 | ms/batch 92.75 | loss  3.68 | ppl    39.54
| epoch   7 |   600/  929 batches | lr 10.0000 | ms/batch 56.69 | loss  3.62 | ppl    37.30
| epoch   7 |   800/  929 batches | lr 10.0000 | ms/batch 80.04 | loss  3.58 | ppl    36.02
-----------------------------------------------------------------------------------------
| end of epoch   7 | time: 79.97s | valid loss  4.92 | valid ppl   136.69
-----------------------------------------------------------------------------------------
| epoch   8 |   200/  929 batches | lr 5.0000 | ms/batch 93.33 | loss  3.67 | ppl    39.16
| epoch   8 |   400/  929 batches | lr 5.0000 | ms/batch 92.87 | loss  3.47 | ppl    32.20
| epoch   8 |   600/  929 batches | lr 5.0000 | ms/batch 92.81 | loss  3.37 | ppl    28.97
| epoch   8 |   800/  929 batches | lr 5.0000 | ms/batch 92.88 | loss  3.28 | ppl    26.71
-----------------------------------------------------------------------------------------
| end of epoch   8 | time: 89.82s | valid loss  4.96 | valid ppl   143.28
-----------------------------------------------------------------------------------------
| epoch   9 |   200/  929 batches | lr 2.5000 | ms/batch 85.84 | loss  3.52 | ppl    33.63
| epoch   9 |   400/  929 batches | lr 2.5000 | ms/batch 47.02 | loss  3.31 | ppl    27.40
| epoch   9 |   600/  929 batches | lr 2.5000 | ms/batch 47.06 | loss  3.19 | ppl    24.27
| epoch   9 |   800/  929 batches | lr 2.5000 | ms/batch 47.05 | loss  3.09 | ppl    22.05
-----------------------------------------------------------------------------------------
| end of epoch   9 | time: 53.28s | valid loss  4.99 | valid ppl   146.22
-----------------------------------------------------------------------------------------
| epoch  10 |   200/  929 batches | lr 1.2500 | ms/batch 47.27 | loss  3.42 | ppl    30.54
| epoch  10 |   400/  929 batches | lr 1.2500 | ms/batch 47.34 | loss  3.21 | ppl    24.84
| epoch  10 |   600/  929 batches | lr 1.2500 | ms/batch 47.16 | loss  3.09 | ppl    21.97
| epoch  10 |   800/  929 batches | lr 1.2500 | ms/batch 47.14 | loss  2.99 | ppl    19.86
-----------------------------------------------------------------------------------------
| end of epoch  10 | time: 45.67s | valid loss  5.00 | valid ppl   147.79
-----------------------------------------------------------------------------------------
| epoch  11 |   200/  929 batches | lr 0.6250 | ms/batch 47.37 | loss  3.37 | ppl    29.03
