| epoch   1 |   200/ 2323 batches | lr 20.0000 | ms/batch 111.67 | loss 10.53 | ppl 37280.91
| epoch   1 |   400/ 2323 batches | lr 20.0000 | ms/batch 100.74 | loss  7.65 | ppl  2110.37
| epoch   1 |   600/ 2323 batches | lr 20.0000 | ms/batch 103.12 | loss  6.72 | ppl   829.37
| epoch   1 |   800/ 2323 batches | lr 20.0000 | ms/batch 101.84 | loss  6.20 | ppl   494.37
| epoch   1 |  1000/ 2323 batches | lr 20.0000 | ms/batch 103.77 | loss  5.78 | ppl   323.81
| epoch   1 |  1200/ 2323 batches | lr 20.0000 | ms/batch 105.21 | loss  5.79 | ppl   325.51
| epoch   1 |  1400/ 2323 batches | lr 20.0000 | ms/batch 102.24 | loss  6.38 | ppl   587.28
| epoch   1 |  1600/ 2323 batches | lr 20.0000 | ms/batch 100.86 | loss  8.53 | ppl  5082.00
| epoch   1 |  1800/ 2323 batches | lr 20.0000 | ms/batch 100.90 | loss  9.73 | ppl 16872.34
| epoch   1 |  2000/ 2323 batches | lr 20.0000 | ms/batch 107.70 | loss  9.14 | ppl  9311.51
| epoch   1 |  2200/ 2323 batches | lr 20.0000 | ms/batch 108.61 | loss  9.40 | ppl 12091.72
-----------------------------------------------------------------------------------------
| end of epoch   1 | time: 251.19s | valid loss  7.91 | valid ppl  2718.03
-----------------------------------------------------------------------------------------
| epoch   2 |   200/ 2323 batches | lr 20.0000 | ms/batch 103.21 | loss  8.37 | ppl  4308.63
| epoch   2 |   400/ 2323 batches | lr 20.0000 | ms/batch 105.36 | loss  8.13 | ppl  3377.98
| epoch   2 |   600/ 2323 batches | lr 20.0000 | ms/batch 105.33 | loss  9.43 | ppl 12489.49
| epoch   2 |   800/ 2323 batches | lr 20.0000 | ms/batch 105.73 | loss  7.95 | ppl  2841.31
| epoch   2 |  1000/ 2323 batches | lr 20.0000 | ms/batch 103.54 | loss  9.01 | ppl  8144.15
| epoch   2 |  1200/ 2323 batches | lr 20.0000 | ms/batch 103.08 | loss  8.50 | ppl  4924.82
| epoch   2 |  1400/ 2323 batches | lr 20.0000 | ms/batch 105.26 | loss  9.49 | ppl 13212.86
| epoch   2 |  1600/ 2323 batches | lr 20.0000 | ms/batch 103.33 | loss  9.66 | ppl 15698.29
| epoch   2 |  1800/ 2323 batches | lr 20.0000 | ms/batch 103.03 | loss  8.53 | ppl  5054.65
| epoch   2 |  2000/ 2323 batches | lr 20.0000 | ms/batch 100.03 | loss  7.84 | ppl  2549.64
| epoch   2 |  2200/ 2323 batches | lr 20.0000 | ms/batch 106.82 | loss  7.94 | ppl  2794.92
-----------------------------------------------------------------------------------------
| end of epoch   2 | time: 250.43s | valid loss  8.17 | valid ppl  3542.84
-----------------------------------------------------------------------------------------
| epoch   3 |   200/ 2323 batches | lr 10.0000 | ms/batch 104.82 | loss  6.85 | ppl   942.90
| epoch   3 |   400/ 2323 batches | lr 10.0000 | ms/batch 103.56 | loss  7.01 | ppl  1105.29
| epoch   3 |   600/ 2323 batches | lr 10.0000 | ms/batch 102.10 | loss  6.95 | ppl  1047.36
| epoch   3 |   800/ 2323 batches | lr 10.0000 | ms/batch 102.38 | loss  6.82 | ppl   911.72
| epoch   3 |  1000/ 2323 batches | lr 10.0000 | ms/batch 107.63 | loss  7.08 | ppl  1192.00
| epoch   3 |  1200/ 2323 batches | lr 10.0000 | ms/batch 105.03 | loss  7.18 | ppl  1312.99
| epoch   3 |  1400/ 2323 batches | lr 10.0000 | ms/batch 105.51 | loss  6.93 | ppl  1023.67
| epoch   3 |  1600/ 2323 batches | lr 10.0000 | ms/batch 106.46 | loss  7.31 | ppl  1495.87
| epoch   3 |  1800/ 2323 batches | lr 10.0000 | ms/batch 101.92 | loss  7.24 | ppl  1392.98
| epoch   3 |  2000/ 2323 batches | lr 10.0000 | ms/batch 104.56 | loss  7.18 | ppl  1312.76
| epoch   3 |  2200/ 2323 batches | lr 10.0000 | ms/batch 104.22 | loss  7.45 | ppl  1711.48
-----------------------------------------------------------------------------------------
| end of epoch   3 | time: 251.19s | valid loss  9.68 | valid ppl 16043.11
-----------------------------------------------------------------------------------------
| epoch   4 |   200/ 2323 batches | lr 5.0000 | ms/batch 103.69 | loss  6.46 | ppl   636.10
| epoch   4 |   400/ 2323 batches | lr 5.0000 | ms/batch 104.29 | loss  6.41 | ppl   610.68
| epoch   4 |   600/ 2323 batches | lr 5.0000 | ms/batch 105.55 | loss  6.47 | ppl   643.43
| epoch   4 |   800/ 2323 batches | lr 5.0000 | ms/batch 103.69 | loss  6.47 | ppl   643.60
| epoch   4 |  1000/ 2323 batches | lr 5.0000 | ms/batch 103.81 | loss  6.47 | ppl   648.55
| epoch   4 |  1200/ 2323 batches | lr 5.0000 | ms/batch 101.33 | loss  6.42 | ppl   613.12
| epoch   4 |  1400/ 2323 batches | lr 5.0000 | ms/batch 105.32 | loss  6.34 | ppl   565.41
| epoch   4 |  1600/ 2323 batches | lr 5.0000 | ms/batch 101.39 | loss  6.64 | ppl   763.67
| epoch   4 |  1800/ 2323 batches | lr 5.0000 | ms/batch 104.62 | loss  6.55 | ppl   701.05
| epoch   4 |  2000/ 2323 batches | lr 5.0000 | ms/batch 104.18 | loss  6.39 | ppl   598.14
| epoch   4 |  2200/ 2323 batches | lr 5.0000 | ms/batch 104.50 | loss  6.38 | ppl   589.83
-----------------------------------------------------------------------------------------
| end of epoch   4 | time: 249.74s | valid loss  6.55 | valid ppl   696.58
-----------------------------------------------------------------------------------------
| epoch   5 |   200/ 2323 batches | lr 5.0000 | ms/batch 110.86 | loss  6.13 | ppl   459.76
| epoch   5 |   400/ 2323 batches | lr 5.0000 | ms/batch 102.10 | loss  6.48 | ppl   650.37
| epoch   5 |   600/ 2323 batches | lr 5.0000 | ms/batch 103.14 | loss  6.28 | ppl   533.47
| epoch   5 |   800/ 2323 batches | lr 5.0000 | ms/batch 104.06 | loss  6.20 | ppl   493.48
| epoch   5 |  1000/ 2323 batches | lr 5.0000 | ms/batch 105.72 | loss  6.38 | ppl   588.34
| epoch   5 |  1200/ 2323 batches | lr 5.0000 | ms/batch 100.13 | loss  6.45 | ppl   633.77
| epoch   5 |  1400/ 2323 batches | lr 5.0000 | ms/batch 100.99 | loss  6.31 | ppl   551.41
| epoch   5 |  1600/ 2323 batches | lr 5.0000 | ms/batch 100.82 | loss  6.22 | ppl   501.91
| epoch   5 |  1800/ 2323 batches | lr 5.0000 | ms/batch 104.70 | loss  6.20 | ppl   492.88
| epoch   5 |  2000/ 2323 batches | lr 5.0000 | ms/batch 101.72 | loss  5.96 | ppl   387.27
| epoch   5 |  2200/ 2323 batches | lr 5.0000 | ms/batch 109.46 | loss  5.97 | ppl   393.07
-----------------------------------------------------------------------------------------
| end of epoch   5 | time: 250.42s | valid loss  6.03 | valid ppl   416.78
-----------------------------------------------------------------------------------------
| epoch   6 |   200/ 2323 batches | lr 5.0000 | ms/batch 103.49 | loss  5.90 | ppl   364.02
| epoch   6 |   400/ 2323 batches | lr 5.0000 | ms/batch 105.40 | loss  6.06 | ppl   430.01
| epoch   6 |   600/ 2323 batches | lr 5.0000 | ms/batch 105.44 | loss  6.00 | ppl   404.77
| epoch   6 |   800/ 2323 batches | lr 5.0000 | ms/batch 102.18 | loss  6.00 | ppl   403.43
| epoch   6 |  1000/ 2323 batches | lr 5.0000 | ms/batch 109.23 | loss  5.99 | ppl   397.79
| epoch   6 |  1200/ 2323 batches | lr 5.0000 | ms/batch 102.18 | loss  5.99 | ppl   399.70
| epoch   6 |  1400/ 2323 batches | lr 5.0000 | ms/batch 100.83 | loss  5.98 | ppl   396.30
| epoch   6 |  1600/ 2323 batches | lr 5.0000 | ms/batch 101.44 | loss  6.07 | ppl   433.75
| epoch   6 |  1800/ 2323 batches | lr 5.0000 | ms/batch 105.65 | loss  6.22 | ppl   504.11
| epoch   6 |  2000/ 2323 batches | lr 5.0000 | ms/batch 102.30 | loss  6.05 | ppl   424.71
| epoch   6 |  2200/ 2323 batches | lr 5.0000 | ms/batch 107.05 | loss  5.99 | ppl   399.80
-----------------------------------------------------------------------------------------
| end of epoch   6 | time: 250.65s | valid loss  5.86 | valid ppl   350.23
-----------------------------------------------------------------------------------------
| epoch   7 |   200/ 2323 batches | lr 5.0000 | ms/batch 107.89 | loss  5.89 | ppl   362.18
| epoch   7 |   400/ 2323 batches | lr 5.0000 | ms/batch 104.08 | loss  6.06 | ppl   429.70
| epoch   7 |   600/ 2323 batches | lr 5.0000 | ms/batch 101.64 | loss  6.16 | ppl   473.82
| epoch   7 |   800/ 2323 batches | lr 5.0000 | ms/batch 103.09 | loss  6.10 | ppl   446.68
| epoch   7 |  1000/ 2323 batches | lr 5.0000 | ms/batch 104.75 | loss  6.19 | ppl   485.69
| epoch   7 |  1200/ 2323 batches | lr 5.0000 | ms/batch 102.69 | loss  6.07 | ppl   431.92
| epoch   7 |  1400/ 2323 batches | lr 5.0000 | ms/batch 104.39 | loss  5.91 | ppl   368.78
| epoch   7 |  1600/ 2323 batches | lr 5.0000 | ms/batch 104.25 | loss  6.15 | ppl   466.90
| epoch   7 |  1800/ 2323 batches | lr 5.0000 | ms/batch 101.88 | loss  6.01 | ppl   406.49
| epoch   7 |  2000/ 2323 batches | lr 5.0000 | ms/batch 105.21 | loss  5.75 | ppl   313.16
| epoch   7 |  2200/ 2323 batches | lr 5.0000 | ms/batch 103.95 | loss  5.69 | ppl   294.69
-----------------------------------------------------------------------------------------
| end of epoch   7 | time: 249.94s | valid loss  5.97 | valid ppl   392.86
-----------------------------------------------------------------------------------------
| epoch   8 |   200/ 2323 batches | lr 2.5000 | ms/batch 102.47 | loss  5.59 | ppl   268.58
| epoch   8 |   400/ 2323 batches | lr 2.5000 | ms/batch 100.62 | loss  5.65 | ppl   284.09
| epoch   8 |   600/ 2323 batches | lr 2.5000 | ms/batch 106.26 | loss  5.56 | ppl   260.84
| epoch   8 |   800/ 2323 batches | lr 2.5000 | ms/batch 105.28 | loss  5.57 | ppl   261.25
| epoch   8 |  1000/ 2323 batches | lr 2.5000 | ms/batch 105.36 | loss  5.56 | ppl   259.86
| epoch   8 |  1200/ 2323 batches | lr 2.5000 | ms/batch 104.20 | loss  5.60 | ppl   269.40
| epoch   8 |  1400/ 2323 batches | lr 2.5000 | ms/batch 105.98 | loss  5.50 | ppl   245.01
| epoch   8 |  1600/ 2323 batches | lr 2.5000 | ms/batch 103.15 | loss  5.53 | ppl   252.84
| epoch   8 |  1800/ 2323 batches | lr 2.5000 | ms/batch 102.44 | loss  5.58 | ppl   266.05
| epoch   8 |  2000/ 2323 batches | lr 2.5000 | ms/batch 102.73 | loss  5.48 | ppl   240.69
| epoch   8 |  2200/ 2323 batches | lr 2.5000 | ms/batch 106.61 | loss  5.41 | ppl   224.48
-----------------------------------------------------------------------------------------
| end of epoch   8 | time: 250.31s | valid loss  6.31 | valid ppl   550.12
-----------------------------------------------------------------------------------------
| epoch   9 |   200/ 2323 batches | lr 1.2500 | ms/batch 101.66 | loss  5.49 | ppl   241.19
| epoch   9 |   400/ 2323 batches | lr 1.2500 | ms/batch 105.51 | loss  5.53 | ppl   252.28
| epoch   9 |   600/ 2323 batches | lr 1.2500 | ms/batch 105.65 | loss  5.44 | ppl   230.89
| epoch   9 |   800/ 2323 batches | lr 1.2500 | ms/batch 105.36 | loss  5.45 | ppl   232.08
| epoch   9 |  1000/ 2323 batches | lr 1.2500 | ms/batch 103.52 | loss  5.43 | ppl   228.59
| epoch   9 |  1200/ 2323 batches | lr 1.2500 | ms/batch 101.03 | loss  5.46 | ppl   236.04
| epoch   9 |  1400/ 2323 batches | lr 1.2500 | ms/batch 108.37 | loss  5.34 | ppl   208.23
| epoch   9 |  1600/ 2323 batches | lr 1.2500 | ms/batch 106.25 | loss  5.39 | ppl   218.13
| epoch   9 |  1800/ 2323 batches | lr 1.2500 | ms/batch 100.66 | loss  5.42 | ppl   226.02
| epoch   9 |  2000/ 2323 batches | lr 1.2500 | ms/batch 103.95 | loss  5.31 | ppl   201.67
| epoch   9 |  2200/ 2323 batches | lr 1.2500 | ms/batch 109.71 | loss  5.23 | ppl   186.96
-----------------------------------------------------------------------------------------
| end of epoch   9 | time: 252.20s | valid loss  5.66 | valid ppl   287.06
-----------------------------------------------------------------------------------------
| epoch  10 |   200/ 2323 batches | lr 1.2500 | ms/batch 102.91 | loss  5.40 | ppl   220.44
| epoch  10 |   400/ 2323 batches | lr 1.2500 | ms/batch 106.20 | loss  5.46 | ppl   235.08
| epoch  10 |   600/ 2323 batches | lr 1.2500 | ms/batch 100.58 | loss  5.38 | ppl   217.11
| epoch  10 |   800/ 2323 batches | lr 1.2500 | ms/batch 104.99 | loss  5.39 | ppl   218.98
| epoch  10 |  1000/ 2323 batches | lr 1.2500 | ms/batch 102.34 | loss  5.37 | ppl   214.49
| epoch  10 |  1200/ 2323 batches | lr 1.2500 | ms/batch 104.09 | loss  5.41 | ppl   223.92
| epoch  10 |  1400/ 2323 batches | lr 1.2500 | ms/batch 104.33 | loss  5.28 | ppl   196.66
| epoch  10 |  1600/ 2323 batches | lr 1.2500 | ms/batch 104.15 | loss  5.34 | ppl   207.59
| epoch  10 |  1800/ 2323 batches | lr 1.2500 | ms/batch 103.51 | loss  5.39 | ppl   218.69
| epoch  10 |  2000/ 2323 batches | lr 1.2500 | ms/batch 108.79 | loss  5.26 | ppl   192.63
| epoch  10 |  2200/ 2323 batches | lr 1.2500 | ms/batch 88.89 | loss  5.19 | ppl   179.60
-----------------------------------------------------------------------------------------
| end of epoch  10 | time: 243.55s | valid loss  5.64 | valid ppl   280.68
-----------------------------------------------------------------------------------------
| epoch  11 |   200/ 2323 batches | lr 1.2500 | ms/batch 83.59 | loss  5.34 | ppl   208.32
| epoch  11 |   400/ 2323 batches | lr 1.2500 | ms/batch 83.15 | loss  5.41 | ppl   222.55
| epoch  11 |   600/ 2323 batches | lr 1.2500 | ms/batch 83.03 | loss  5.33 | ppl   206.51
| epoch  11 |   800/ 2323 batches | lr 1.2500 | ms/batch 84.91 | loss  5.33 | ppl   206.54
| epoch  11 |  1000/ 2323 batches | lr 1.2500 | ms/batch 82.99 | loss  5.32 | ppl   204.17
| epoch  11 |  1200/ 2323 batches | lr 1.2500 | ms/batch 82.89 | loss  5.36 | ppl   211.89
| epoch  11 |  1400/ 2323 batches | lr 1.2500 | ms/batch 84.71 | loss  5.24 | ppl   188.27
| epoch  11 |  1600/ 2323 batches | lr 1.2500 | ms/batch 82.74 | loss  5.29 | ppl   198.74
| epoch  11 |  1800/ 2323 batches | lr 1.2500 | ms/batch 83.07 | loss  5.35 | ppl   209.75
| epoch  11 |  2000/ 2323 batches | lr 1.2500 | ms/batch 83.14 | loss  5.22 | ppl   184.87
| epoch  11 |  2200/ 2323 batches | lr 1.2500 | ms/batch 84.65 | loss  5.15 | ppl   172.64
-----------------------------------------------------------------------------------------
| end of epoch  11 | time: 201.43s | valid loss  5.61 | valid ppl   273.71
-----------------------------------------------------------------------------------------
| epoch  12 |   200/ 2323 batches | lr 1.2500 | ms/batch 83.51 | loss  5.29 | ppl   199.16
| epoch  12 |   400/ 2323 batches | lr 1.2500 | ms/batch 83.23 | loss  5.37 | ppl   214.49
| epoch  12 |   600/ 2323 batches | lr 1.2500 | ms/batch 83.19 | loss  5.29 | ppl   198.84
| epoch  12 |   800/ 2323 batches | lr 1.2500 | ms/batch 83.19 | loss  5.30 | ppl   199.43
| epoch  12 |  1000/ 2323 batches | lr 1.2500 | ms/batch 85.16 | loss  5.28 | ppl   196.16
| epoch  12 |  1200/ 2323 batches | lr 1.2500 | ms/batch 83.13 | loss  5.31 | ppl   202.14
| epoch  12 |  1400/ 2323 batches | lr 1.2500 | ms/batch 83.16 | loss  5.20 | ppl   181.20
| epoch  12 |  1600/ 2323 batches | lr 1.2500 | ms/batch 85.08 | loss  5.25 | ppl   191.52
| epoch  12 |  1800/ 2323 batches | lr 1.2500 | ms/batch 82.78 | loss  5.32 | ppl   203.58
| epoch  12 |  2000/ 2323 batches | lr 1.2500 | ms/batch 83.05 | loss  5.18 | ppl   177.92
| epoch  12 |  2200/ 2323 batches | lr 1.2500 | ms/batch 84.49 | loss  5.12 | ppl   166.55
-----------------------------------------------------------------------------------------
| end of epoch  12 | time: 201.44s | valid loss  5.61 | valid ppl   274.40
-----------------------------------------------------------------------------------------
| epoch  13 |   200/ 2323 batches | lr 0.6250 | ms/batch 83.60 | loss  5.24 | ppl   189.46
| epoch  13 |   400/ 2323 batches | lr 0.6250 | ms/batch 83.19 | loss  5.31 | ppl   202.90
| epoch  13 |   600/ 2323 batches | lr 0.6250 | ms/batch 85.30 | loss  5.23 | ppl   186.88
| epoch  13 |   800/ 2323 batches | lr 0.6250 | ms/batch 84.04 | loss  5.23 | ppl   187.66
| epoch  13 |  1000/ 2323 batches | lr 0.6250 | ms/batch 83.56 | loss  5.21 | ppl   183.47
| epoch  13 |  1200/ 2323 batches | lr 0.6250 | ms/batch 82.79 | loss  5.25 | ppl   191.23
| epoch  13 |  1400/ 2323 batches | lr 0.6250 | ms/batch 82.73 | loss  5.12 | ppl   167.70
| epoch  13 |  1600/ 2323 batches | lr 0.6250 | ms/batch 83.21 | loss  5.18 | ppl   177.36
| epoch  13 |  1800/ 2323 batches | lr 0.6250 | ms/batch 83.22 | loss  5.23 | ppl   186.33
| epoch  13 |  2000/ 2323 batches | lr 0.6250 | ms/batch 83.19 | loss  5.10 | ppl   164.23
| epoch  13 |  2200/ 2323 batches | lr 0.6250 | ms/batch 84.31 | loss  5.02 | ppl   152.11
-----------------------------------------------------------------------------------------
| end of epoch  13 | time: 201.52s | valid loss  5.55 | valid ppl   256.93
-----------------------------------------------------------------------------------------
| epoch  14 |   200/ 2323 batches | lr 0.6250 | ms/batch 85.56 | loss  5.20 | ppl   180.66
| epoch  14 |   400/ 2323 batches | lr 0.6250 | ms/batch 83.29 | loss  5.28 | ppl   195.83
| epoch  14 |   600/ 2323 batches | lr 0.6250 | ms/batch 83.24 | loss  5.19 | ppl   179.72
| epoch  14 |   800/ 2323 batches | lr 0.6250 | ms/batch 83.22 | loss  5.20 | ppl   181.19
| epoch  14 |  1000/ 2323 batches | lr 0.6250 | ms/batch 83.23 | loss  5.18 | ppl   177.83
| epoch  14 |  1200/ 2323 batches | lr 0.6250 | ms/batch 83.16 | loss  5.23 | ppl   186.01
| epoch  14 |  1400/ 2323 batches | lr 0.6250 | ms/batch 83.22 | loss  5.10 | ppl   163.42
| epoch  14 |  1600/ 2323 batches | lr 0.6250 | ms/batch 83.21 | loss  5.16 | ppl   173.56
| epoch  14 |  1800/ 2323 batches | lr 0.6250 | ms/batch 84.87 | loss  5.21 | ppl   183.15
| epoch  14 |  2000/ 2323 batches | lr 0.6250 | ms/batch 85.22 | loss  5.08 | ppl   160.64
| epoch  14 |  2200/ 2323 batches | lr 0.6250 | ms/batch 83.89 | loss  5.01 | ppl   149.38
-----------------------------------------------------------------------------------------
| end of epoch  14 | time: 202.14s | valid loss  5.53 | valid ppl   253.19
-----------------------------------------------------------------------------------------
| epoch  15 |   200/ 2323 batches | lr 0.6250 | ms/batch 83.62 | loss  5.17 | ppl   175.18
| epoch  15 |   400/ 2323 batches | lr 0.6250 | ms/batch 83.11 | loss  5.25 | ppl   189.76
| epoch  15 |   600/ 2323 batches | lr 0.6250 | ms/batch 83.20 | loss  5.16 | ppl   174.66
| epoch  15 |   800/ 2323 batches | lr 0.6250 | ms/batch 83.15 | loss  5.17 | ppl   175.94
| epoch  15 |  1000/ 2323 batches | lr 0.6250 | ms/batch 85.05 | loss  5.16 | ppl   173.88
| epoch  15 |  1200/ 2323 batches | lr 0.6250 | ms/batch 83.17 | loss  5.20 | ppl   181.35
| epoch  15 |  1400/ 2323 batches | lr 0.6250 | ms/batch 83.16 | loss  5.07 | ppl   159.22
| epoch  15 |  1600/ 2323 batches | lr 0.6250 | ms/batch 85.13 | loss  5.12 | ppl   168.16
| epoch  15 |  1800/ 2323 batches | lr 0.6250 | ms/batch 83.10 | loss  5.19 | ppl   178.68
| epoch  15 |  2000/ 2323 batches | lr 0.6250 | ms/batch 83.17 | loss  5.05 | ppl   156.64
| epoch  15 |  2200/ 2323 batches | lr 0.6250 | ms/batch 83.87 | loss  4.98 | ppl   146.10
-----------------------------------------------------------------------------------------
| end of epoch  15 | time: 201.53s | valid loss  5.52 | valid ppl   250.80
-----------------------------------------------------------------------------------------
| epoch  16 |   200/ 2323 batches | lr 0.6250 | ms/batch 85.49 | loss  5.13 | ppl   169.82
| epoch  16 |   400/ 2323 batches | lr 0.6250 | ms/batch 83.11 | loss  5.22 | ppl   184.36
| epoch  16 |   600/ 2323 batches | lr 0.6250 | ms/batch 82.90 | loss  5.14 | ppl   170.14
| epoch  16 |   800/ 2323 batches | lr 0.6250 | ms/batch 82.90 | loss  5.15 | ppl   172.01
| epoch  16 |  1000/ 2323 batches | lr 0.6250 | ms/batch 84.98 | loss  5.13 | ppl   169.49
| epoch  16 |  1200/ 2323 batches | lr 0.6250 | ms/batch 82.89 | loss  5.17 | ppl   175.96
| epoch  16 |  1400/ 2323 batches | lr 0.6250 | ms/batch 82.73 | loss  5.04 | ppl   154.78
| epoch  16 |  1600/ 2323 batches | lr 0.6250 | ms/batch 82.74 | loss  5.10 | ppl   164.72
| epoch  16 |  1800/ 2323 batches | lr 0.6250 | ms/batch 84.76 | loss  5.16 | ppl   174.73
| epoch  16 |  2000/ 2323 batches | lr 0.6250 | ms/batch 82.78 | loss  5.03 | ppl   153.69
| epoch  16 |  2200/ 2323 batches | lr 0.6250 | ms/batch 83.46 | loss  4.96 | ppl   142.91
-----------------------------------------------------------------------------------------
| end of epoch  16 | time: 201.33s | valid loss  5.52 | valid ppl   250.00
-----------------------------------------------------------------------------------------
| epoch  17 |   200/ 2323 batches | lr 0.6250 | ms/batch 83.24 | loss  5.11 | ppl   166.25
| epoch  17 |   400/ 2323 batches | lr 0.6250 | ms/batch 83.07 | loss  5.19 | ppl   179.14
| epoch  17 |   600/ 2323 batches | lr 0.6250 | ms/batch 84.98 | loss  5.11 | ppl   165.46
| epoch  17 |   800/ 2323 batches | lr 0.6250 | ms/batch 83.00 | loss  5.12 | ppl   167.42
| epoch  17 |  1000/ 2323 batches | lr 0.6250 | ms/batch 84.11 | loss  5.11 | ppl   165.03
| epoch  17 |  1200/ 2323 batches | lr 0.6250 | ms/batch 84.12 | loss  5.15 | ppl   171.83
| epoch  17 |  1400/ 2323 batches | lr 0.6250 | ms/batch 83.09 | loss  5.02 | ppl   151.62
| epoch  17 |  1600/ 2323 batches | lr 0.6250 | ms/batch 83.05 | loss  5.08 | ppl   160.59
| epoch  17 |  1800/ 2323 batches | lr 0.6250 | ms/batch 83.24 | loss  5.14 | ppl   171.23
| epoch  17 |  2000/ 2323 batches | lr 0.6250 | ms/batch 83.07 | loss  5.01 | ppl   149.89
| epoch  17 |  2200/ 2323 batches | lr 0.6250 | ms/batch 83.39 | loss  4.94 | ppl   139.35
-----------------------------------------------------------------------------------------
| end of epoch  17 | time: 201.40s | valid loss  5.50 | valid ppl   245.39
-----------------------------------------------------------------------------------------
| epoch  18 |   200/ 2323 batches | lr 0.6250 | ms/batch 85.51 | loss  5.09 | ppl   161.70
| epoch  18 |   400/ 2323 batches | lr 0.6250 | ms/batch 79.24 | loss  5.17 | ppl   175.56
| epoch  18 |   600/ 2323 batches | lr 0.6250 | ms/batch 65.40 | loss  5.09 | ppl   161.83
| epoch  18 |   800/ 2323 batches | lr 0.6250 | ms/batch 65.31 | loss  5.11 | ppl   164.98
| epoch  18 |  1000/ 2323 batches | lr 0.6250 | ms/batch 65.16 | loss  5.08 | ppl   160.86
| epoch  18 |  1200/ 2323 batches | lr 0.6250 | ms/batch 65.21 | loss  5.12 | ppl   167.82
| epoch  18 |  1400/ 2323 batches | lr 0.6250 | ms/batch 65.20 | loss  5.00 | ppl   148.32
| epoch  18 |  1600/ 2323 batches | lr 0.6250 | ms/batch 65.29 | loss  5.06 | ppl   157.17
| epoch  18 |  1800/ 2323 batches | lr 0.6250 | ms/batch 65.28 | loss  5.12 | ppl   167.70
| epoch  18 |  2000/ 2323 batches | lr 0.6250 | ms/batch 67.31 | loss  4.99 | ppl   147.30
| epoch  18 |  2200/ 2323 batches | lr 0.6250 | ms/batch 65.34 | loss  4.92 | ppl   136.41
-----------------------------------------------------------------------------------------
| end of epoch  18 | time: 164.84s | valid loss  5.50 | valid ppl   243.91
-----------------------------------------------------------------------------------------
| epoch  19 |   200/ 2323 batches | lr 0.6250 | ms/batch 65.81 | loss  5.06 | ppl   157.52
| epoch  19 |   400/ 2323 batches | lr 0.6250 | ms/batch 65.31 | loss  5.14 | ppl   171.34
| epoch  19 |   600/ 2323 batches | lr 0.6250 | ms/batch 65.28 | loss  5.06 | ppl   158.06
| epoch  19 |   800/ 2323 batches | lr 0.6250 | ms/batch 65.21 | loss  5.08 | ppl   161.17
| epoch  19 |  1000/ 2323 batches | lr 0.6250 | ms/batch 65.33 | loss  5.06 | ppl   157.30
| epoch  19 |  1200/ 2323 batches | lr 0.6250 | ms/batch 65.45 | loss  5.10 | ppl   164.34
| epoch  19 |  1400/ 2323 batches | lr 0.6250 | ms/batch 65.24 | loss  4.98 | ppl   145.69
| epoch  19 |  1600/ 2323 batches | lr 0.6250 | ms/batch 67.18 | loss  5.04 | ppl   153.76
| epoch  19 |  1800/ 2323 batches | lr 0.6250 | ms/batch 65.29 | loss  5.10 | ppl   163.49
| epoch  19 |  2000/ 2323 batches | lr 0.6250 | ms/batch 65.36 | loss  4.97 | ppl   143.78
| epoch  19 |  2200/ 2323 batches | lr 0.6250 | ms/batch 65.47 | loss  4.90 | ppl   134.04
-----------------------------------------------------------------------------------------
| end of epoch  19 | time: 158.14s | valid loss  5.49 | valid ppl   241.20
-----------------------------------------------------------------------------------------
| epoch  20 |   200/ 2323 batches | lr 0.6250 | ms/batch 65.60 | loss  5.04 | ppl   154.14
| epoch  20 |   400/ 2323 batches | lr 0.6250 | ms/batch 65.27 | loss  5.12 | ppl   167.52
| epoch  20 |   600/ 2323 batches | lr 0.6250 | ms/batch 65.26 | loss  5.04 | ppl   154.91
| epoch  20 |   800/ 2323 batches | lr 0.6250 | ms/batch 65.30 | loss  5.06 | ppl   157.60
| epoch  20 |  1000/ 2323 batches | lr 0.6250 | ms/batch 65.27 | loss  5.04 | ppl   154.77
| epoch  20 |  1200/ 2323 batches | lr 0.6250 | ms/batch 67.25 | loss  5.08 | ppl   161.23
| epoch  20 |  1400/ 2323 batches | lr 0.6250 | ms/batch 65.32 | loss  4.96 | ppl   142.96
| epoch  20 |  1600/ 2323 batches | lr 0.6250 | ms/batch 65.44 | loss  5.02 | ppl   151.65
| epoch  20 |  1800/ 2323 batches | lr 0.6250 | ms/batch 65.26 | loss  5.08 | ppl   161.11
| epoch  20 |  2000/ 2323 batches | lr 0.6250 | ms/batch 65.28 | loss  4.95 | ppl   140.99
| epoch  20 |  2200/ 2323 batches | lr 0.6250 | ms/batch 65.34 | loss  4.88 | ppl   131.18
-----------------------------------------------------------------------------------------
| end of epoch  20 | time: 158.01s | valid loss  5.48 | valid ppl   239.84
-----------------------------------------------------------------------------------------
| epoch  21 |   200/ 2323 batches | lr 0.6250 | ms/batch 65.62 | loss  5.02 | ppl   151.06
| epoch  21 |   400/ 2323 batches | lr 0.6250 | ms/batch 65.24 | loss  5.10 | ppl   164.75
| epoch  21 |   600/ 2323 batches | lr 0.6250 | ms/batch 67.16 | loss  5.02 | ppl   151.71
| epoch  21 |   800/ 2323 batches | lr 0.6250 | ms/batch 65.41 | loss  5.04 | ppl   153.94
| epoch  21 |  1000/ 2323 batches | lr 0.6250 | ms/batch 65.25 | loss  5.02 | ppl   151.41
| epoch  21 |  1200/ 2323 batches | lr 0.6250 | ms/batch 65.36 | loss  5.06 | ppl   157.66
| epoch  21 |  1400/ 2323 batches | lr 0.6250 | ms/batch 65.35 | loss  4.94 | ppl   140.24
| epoch  21 |  1600/ 2323 batches | lr 0.6250 | ms/batch 65.27 | loss  5.00 | ppl   148.22
| epoch  21 |  1800/ 2323 batches | lr 0.6250 | ms/batch 65.29 | loss  5.06 | ppl   157.64
| epoch  21 |  2000/ 2323 batches | lr 0.6250 | ms/batch 65.30 | loss  4.93 | ppl   138.23
| epoch  21 |  2200/ 2323 batches | lr 0.6250 | ms/batch 65.67 | loss  4.86 | ppl   128.42
-----------------------------------------------------------------------------------------
| end of epoch  21 | time: 158.18s | valid loss  5.47 | valid ppl   238.37
-----------------------------------------------------------------------------------------
| epoch  22 |   200/ 2323 batches | lr 0.6250 | ms/batch 68.11 | loss  5.00 | ppl   148.32
| epoch  22 |   400/ 2323 batches | lr 0.6250 | ms/batch 65.88 | loss  5.08 | ppl   161.22
| epoch  22 |   600/ 2323 batches | lr 0.6250 | ms/batch 65.94 | loss  5.00 | ppl   148.81
| epoch  22 |   800/ 2323 batches | lr 0.6250 | ms/batch 65.95 | loss  5.01 | ppl   150.56
| epoch  22 |  1000/ 2323 batches | lr 0.6250 | ms/batch 66.02 | loss  5.00 | ppl   148.27
| epoch  22 |  1200/ 2323 batches | lr 0.6250 | ms/batch 66.09 | loss  5.04 | ppl   154.03
| epoch  22 |  1400/ 2323 batches | lr 0.6250 | ms/batch 66.05 | loss  4.92 | ppl   137.07
| epoch  22 |  1600/ 2323 batches | lr 0.6250 | ms/batch 65.78 | loss  4.98 | ppl   145.40
| epoch  22 |  1800/ 2323 batches | lr 0.6250 | ms/batch 65.97 | loss  5.05 | ppl   155.50
| epoch  22 |  2000/ 2323 batches | lr 0.6250 | ms/batch 66.13 | loss  4.91 | ppl   135.69
| epoch  22 |  2200/ 2323 batches | lr 0.6250 | ms/batch 67.65 | loss  4.83 | ppl   125.78
-----------------------------------------------------------------------------------------
| end of epoch  22 | time: 159.70s | valid loss  5.47 | valid ppl   236.33
-----------------------------------------------------------------------------------------
| epoch  23 |   200/ 2323 batches | lr 0.6250 | ms/batch 66.13 | loss  4.97 | ppl   144.48
| epoch  23 |   400/ 2323 batches | lr 0.6250 | ms/batch 66.14 | loss  5.06 | ppl   157.11
| epoch  23 |   600/ 2323 batches | lr 0.6250 | ms/batch 66.18 | loss  4.98 | ppl   145.45
| epoch  23 |   800/ 2323 batches | lr 0.6250 | ms/batch 65.86 | loss  4.99 | ppl   147.42
| epoch  23 |  1000/ 2323 batches | lr 0.6250 | ms/batch 66.09 | loss  4.98 | ppl   145.53
| epoch  23 |  1200/ 2323 batches | lr 0.6250 | ms/batch 66.14 | loss  5.02 | ppl   150.90
| epoch  23 |  1400/ 2323 batches | lr 0.6250 | ms/batch 66.07 | loss  4.90 | ppl   133.62
| epoch  23 |  1600/ 2323 batches | lr 0.6250 | ms/batch 67.80 | loss  4.96 | ppl   142.86
| epoch  23 |  1800/ 2323 batches | lr 0.6250 | ms/batch 66.10 | loss  5.03 | ppl   152.50
| epoch  23 |  2000/ 2323 batches | lr 0.6250 | ms/batch 66.00 | loss  4.89 | ppl   133.41
| epoch  23 |  2200/ 2323 batches | lr 0.6250 | ms/batch 66.04 | loss  4.82 | ppl   123.56
-----------------------------------------------------------------------------------------
| end of epoch  23 | time: 159.45s | valid loss  5.46 | valid ppl   234.32
-----------------------------------------------------------------------------------------
| epoch  24 |   200/ 2323 batches | lr 0.6250 | ms/batch 66.70 | loss  4.95 | ppl   141.54
| epoch  24 |   400/ 2323 batches | lr 0.6250 | ms/batch 65.99 | loss  5.04 | ppl   154.29
| epoch  24 |   600/ 2323 batches | lr 0.6250 | ms/batch 65.83 | loss  4.96 | ppl   142.67
| epoch  24 |   800/ 2323 batches | lr 0.6250 | ms/batch 66.03 | loss  4.97 | ppl   144.42
| epoch  24 |  1000/ 2323 batches | lr 0.6250 | ms/batch 66.12 | loss  4.96 | ppl   142.87
| epoch  24 |  1200/ 2323 batches | lr 0.6250 | ms/batch 67.81 | loss  5.00 | ppl   148.04
| epoch  24 |  1400/ 2323 batches | lr 0.6250 | ms/batch 65.97 | loss  4.88 | ppl   131.11
| epoch  24 |  1600/ 2323 batches | lr 0.6250 | ms/batch 66.18 | loss  4.94 | ppl   139.62
| epoch  24 |  1800/ 2323 batches | lr 0.6250 | ms/batch 65.97 | loss  5.01 | ppl   149.50
| epoch  24 |  2000/ 2323 batches | lr 0.6250 | ms/batch 65.98 | loss  4.88 | ppl   130.98
| epoch  24 |  2200/ 2323 batches | lr 0.6250 | ms/batch 66.07 | loss  4.80 | ppl   121.12
-----------------------------------------------------------------------------------------
| end of epoch  24 | time: 159.46s | valid loss  5.45 | valid ppl   233.67
-----------------------------------------------------------------------------------------
| epoch  25 |   200/ 2323 batches | lr 0.6250 | ms/batch 67.33 | loss  4.94 | ppl   139.11
| epoch  25 |   400/ 2323 batches | lr 0.6250 | ms/batch 66.01 | loss  5.02 | ppl   150.81
| epoch  25 |   600/ 2323 batches | lr 0.6250 | ms/batch 66.38 | loss  4.94 | ppl   139.60
| epoch  25 |   800/ 2323 batches | lr 0.6250 | ms/batch 67.08 | loss  4.95 | ppl   141.54
| epoch  25 |  1000/ 2323 batches | lr 0.6250 | ms/batch 66.00 | loss  4.94 | ppl   139.94
| epoch  25 |  1200/ 2323 batches | lr 0.6250 | ms/batch 65.90 | loss  4.98 | ppl   145.55
| epoch  25 |  1400/ 2323 batches | lr 0.6250 | ms/batch 66.07 | loss  4.86 | ppl   128.92
| epoch  25 |  1600/ 2323 batches | lr 0.6250 | ms/batch 65.80 | loss  4.92 | ppl   137.42
| epoch  25 |  1800/ 2323 batches | lr 0.6250 | ms/batch 65.99 | loss  4.99 | ppl   147.11
| epoch  25 |  2000/ 2323 batches | lr 0.6250 | ms/batch 65.98 | loss  4.85 | ppl   128.37
| epoch  25 |  2200/ 2323 batches | lr 0.6250 | ms/batch 65.95 | loss  4.78 | ppl   118.62
-----------------------------------------------------------------------------------------
| end of epoch  25 | time: 159.40s | valid loss  5.46 | valid ppl   234.54
-----------------------------------------------------------------------------------------
| epoch  26 |   200/ 2323 batches | lr 0.3125 | ms/batch 71.13 | loss  4.91 | ppl   136.25
| epoch  26 |   400/ 2323 batches | lr 0.3125 | ms/batch 50.02 | loss  5.00 | ppl   148.10
| epoch  26 |   600/ 2323 batches | lr 0.3125 | ms/batch 48.28 | loss  4.91 | ppl   135.77
| epoch  26 |   800/ 2323 batches | lr 0.3125 | ms/batch 48.22 | loss  4.92 | ppl   137.55
| epoch  26 |  1000/ 2323 batches | lr 0.3125 | ms/batch 48.20 | loss  4.91 | ppl   135.63
| epoch  26 |  1200/ 2323 batches | lr 0.3125 | ms/batch 48.18 | loss  4.95 | ppl   140.83
| epoch  26 |  1400/ 2323 batches | lr 0.3125 | ms/batch 48.35 | loss  4.81 | ppl   123.26
| epoch  26 |  1600/ 2323 batches | lr 0.3125 | ms/batch 48.42 | loss  4.88 | ppl   131.55
| epoch  26 |  1800/ 2323 batches | lr 0.3125 | ms/batch 48.31 | loss  4.95 | ppl   141.04
| epoch  26 |  2000/ 2323 batches | lr 0.3125 | ms/batch 48.15 | loss  4.81 | ppl   122.51
| epoch  26 |  2200/ 2323 batches | lr 0.3125 | ms/batch 48.40 | loss  4.73 | ppl   112.76
-----------------------------------------------------------------------------------------
| end of epoch  26 | time: 121.10s | valid loss  5.43 | valid ppl   227.93
-----------------------------------------------------------------------------------------
| epoch  27 |   200/ 2323 batches | lr 0.3125 | ms/batch 50.22 | loss  4.89 | ppl   133.26
| epoch  27 |   400/ 2323 batches | lr 0.3125 | ms/batch 48.56 | loss  4.98 | ppl   144.78
| epoch  27 |   600/ 2323 batches | lr 0.3125 | ms/batch 48.36 | loss  4.89 | ppl   133.56
| epoch  27 |   800/ 2323 batches | lr 0.3125 | ms/batch 48.32 | loss  4.91 | ppl   135.34
| epoch  27 |  1000/ 2323 batches | lr 0.3125 | ms/batch 48.41 | loss  4.89 | ppl   133.42
| epoch  27 |  1200/ 2323 batches | lr 0.3125 | ms/batch 48.36 | loss  4.93 | ppl   138.34
| epoch  27 |  1400/ 2323 batches | lr 0.3125 | ms/batch 48.36 | loss  4.80 | ppl   121.82
| epoch  27 |  1600/ 2323 batches | lr 0.3125 | ms/batch 48.46 | loss  4.86 | ppl   129.65
| epoch  27 |  1800/ 2323 batches | lr 0.3125 | ms/batch 48.50 | loss  4.94 | ppl   139.30
| epoch  27 |  2000/ 2323 batches | lr 0.3125 | ms/batch 48.32 | loss  4.80 | ppl   121.16
| epoch  27 |  2200/ 2323 batches | lr 0.3125 | ms/batch 48.16 | loss  4.71 | ppl   111.43
-----------------------------------------------------------------------------------------
| end of epoch  27 | time: 116.77s | valid loss  5.43 | valid ppl   227.16
-----------------------------------------------------------------------------------------
| epoch  28 |   200/ 2323 batches | lr 0.3125 | ms/batch 50.06 | loss  4.88 | ppl   131.28
| epoch  28 |   400/ 2323 batches | lr 0.3125 | ms/batch 48.31 | loss  4.96 | ppl   142.74
| epoch  28 |   600/ 2323 batches | lr 0.3125 | ms/batch 48.42 | loss  4.88 | ppl   131.61
| epoch  28 |   800/ 2323 batches | lr 0.3125 | ms/batch 48.47 | loss  4.89 | ppl   132.69
| epoch  28 |  1000/ 2323 batches | lr 0.3125 | ms/batch 48.27 | loss  4.88 | ppl   131.76
| epoch  28 |  1200/ 2323 batches | lr 0.3125 | ms/batch 48.20 | loss  4.92 | ppl   137.15
| epoch  28 |  1400/ 2323 batches | lr 0.3125 | ms/batch 48.40 | loss  4.80 | ppl   120.92
| epoch  28 |  1600/ 2323 batches | lr 0.3125 | ms/batch 48.39 | loss  4.85 | ppl   127.97
| epoch  28 |  1800/ 2323 batches | lr 0.3125 | ms/batch 48.22 | loss  4.93 | ppl   137.88
| epoch  28 |  2000/ 2323 batches | lr 0.3125 | ms/batch 48.37 | loss  4.78 | ppl   119.66
| epoch  28 |  2200/ 2323 batches | lr 0.3125 | ms/batch 48.38 | loss  4.70 | ppl   110.22
-----------------------------------------------------------------------------------------
| end of epoch  28 | time: 116.65s | valid loss  5.43 | valid ppl   227.04
-----------------------------------------------------------------------------------------
| epoch  29 |   200/ 2323 batches | lr 0.3125 | ms/batch 50.23 | loss  4.86 | ppl   129.62
| epoch  29 |   400/ 2323 batches | lr 0.3125 | ms/batch 48.47 | loss  4.94 | ppl   140.44
| epoch  29 |   600/ 2323 batches | lr 0.3125 | ms/batch 48.48 | loss  4.87 | ppl   130.12
| epoch  29 |   800/ 2323 batches | lr 0.3125 | ms/batch 48.34 | loss  4.88 | ppl   131.39
| epoch  29 |  1000/ 2323 batches | lr 0.3125 | ms/batch 48.36 | loss  4.87 | ppl   130.16
| epoch  29 |  1200/ 2323 batches | lr 0.3125 | ms/batch 48.39 | loss  4.90 | ppl   134.86
| epoch  29 |  1400/ 2323 batches | lr 0.3125 | ms/batch 48.24 | loss  4.78 | ppl   119.20
| epoch  29 |  1600/ 2323 batches | lr 0.3125 | ms/batch 48.46 | loss  4.84 | ppl   126.55
| epoch  29 |  1800/ 2323 batches | lr 0.3125 | ms/batch 48.36 | loss  4.92 | ppl   136.62
| epoch  29 |  2000/ 2323 batches | lr 0.3125 | ms/batch 48.32 | loss  4.78 | ppl   118.64
| epoch  29 |  2200/ 2323 batches | lr 0.3125 | ms/batch 48.33 | loss  4.70 | ppl   109.54
-----------------------------------------------------------------------------------------
| end of epoch  29 | time: 116.76s | valid loss  5.42 | valid ppl   225.20
-----------------------------------------------------------------------------------------
| epoch  30 |   200/ 2323 batches | lr 0.3125 | ms/batch 50.16 | loss  4.85 | ppl   128.00
| epoch  30 |   400/ 2323 batches | lr 0.3125 | ms/batch 48.40 | loss  4.94 | ppl   139.09
| epoch  30 |   600/ 2323 batches | lr 0.3125 | ms/batch 48.28 | loss  4.85 | ppl   128.32
| epoch  30 |   800/ 2323 batches | lr 0.3125 | ms/batch 48.20 | loss  4.87 | ppl   129.87
| epoch  30 |  1000/ 2323 batches | lr 0.3125 | ms/batch 48.22 | loss  4.86 | ppl   128.40
| epoch  30 |  1200/ 2323 batches | lr 0.3125 | ms/batch 48.44 | loss  4.89 | ppl   133.41
| epoch  30 |  1400/ 2323 batches | lr 0.3125 | ms/batch 48.39 | loss  4.77 | ppl   117.86
| epoch  30 |  1600/ 2323 batches | lr 0.3125 | ms/batch 48.17 | loss  4.83 | ppl   125.35
| epoch  30 |  1800/ 2323 batches | lr 0.3125 | ms/batch 48.24 | loss  4.91 | ppl   135.76
| epoch  30 |  2000/ 2323 batches | lr 0.3125 | ms/batch 48.30 | loss  4.77 | ppl   117.44
| epoch  30 |  2200/ 2323 batches | lr 0.3125 | ms/batch 48.32 | loss  4.68 | ppl   108.28
-----------------------------------------------------------------------------------------
| end of epoch  30 | time: 116.60s | valid loss  5.42 | valid ppl   225.06
-----------------------------------------------------------------------------------------
| epoch  31 |   200/ 2323 batches | lr 0.3125 | ms/batch 50.18 | loss  4.84 | ppl   126.40
| epoch  31 |   400/ 2323 batches | lr 0.3125 | ms/batch 48.30 | loss  4.93 | ppl   137.72
| epoch  31 |   600/ 2323 batches | lr 0.3125 | ms/batch 48.08 | loss  4.84 | ppl   127.10
| epoch  31 |   800/ 2323 batches | lr 0.3125 | ms/batch 48.38 | loss  4.85 | ppl   128.17
| epoch  31 |  1000/ 2323 batches | lr 0.3125 | ms/batch 48.33 | loss  4.84 | ppl   126.98
| epoch  31 |  1200/ 2323 batches | lr 0.3125 | ms/batch 48.37 | loss  4.88 | ppl   131.70
| epoch  31 |  1400/ 2323 batches | lr 0.3125 | ms/batch 48.35 | loss  4.76 | ppl   116.66
| epoch  31 |  1600/ 2323 batches | lr 0.3125 | ms/batch 48.26 | loss  4.82 | ppl   124.41
| epoch  31 |  1800/ 2323 batches | lr 0.3125 | ms/batch 48.44 | loss  4.90 | ppl   134.83
| epoch  31 |  2000/ 2323 batches | lr 0.3125 | ms/batch 48.27 | loss  4.76 | ppl   116.26
| epoch  31 |  2200/ 2323 batches | lr 0.3125 | ms/batch 48.44 | loss  4.68 | ppl   107.33
-----------------------------------------------------------------------------------------
| end of epoch  31 | time: 116.62s | valid loss  5.41 | valid ppl   223.88
-----------------------------------------------------------------------------------------
| epoch  32 |   200/ 2323 batches | lr 0.3125 | ms/batch 51.17 | loss  4.83 | ppl   125.15
| epoch  32 |   400/ 2323 batches | lr 0.3125 | ms/batch 27.76 | loss  4.91 | ppl   135.95
| epoch  32 |   600/ 2323 batches | lr 0.3125 | ms/batch 22.11 | loss  4.83 | ppl   125.17
| epoch  32 |   800/ 2323 batches | lr 0.3125 | ms/batch 22.11 | loss  4.84 | ppl   126.67
| epoch  32 |  1000/ 2323 batches | lr 0.3125 | ms/batch 22.10 | loss  4.83 | ppl   125.54
| epoch  32 |  1200/ 2323 batches | lr 0.3125 | ms/batch 22.10 | loss  4.87 | ppl   130.18
| epoch  32 |  1400/ 2323 batches | lr 0.3125 | ms/batch 22.10 | loss  4.75 | ppl   115.38
| epoch  32 |  1600/ 2323 batches | lr 0.3125 | ms/batch 22.12 | loss  4.81 | ppl   122.87
| epoch  32 |  1800/ 2323 batches | lr 0.3125 | ms/batch 22.13 | loss  4.89 | ppl   132.43
| epoch  32 |  2000/ 2323 batches | lr 0.3125 | ms/batch 22.13 | loss  4.75 | ppl   115.12
| epoch  32 |  2200/ 2323 batches | lr 0.3125 | ms/batch 22.11 | loss  4.66 | ppl   106.04
-----------------------------------------------------------------------------------------
| end of epoch  32 | time: 60.44s | valid loss  5.41 | valid ppl   224.16
-----------------------------------------------------------------------------------------
| epoch  33 |   200/ 2323 batches | lr 0.1562 | ms/batch 22.27 | loss  4.82 | ppl   124.25
| epoch  33 |   400/ 2323 batches | lr 0.1562 | ms/batch 22.15 | loss  4.90 | ppl   134.58
| epoch  33 |   600/ 2323 batches | lr 0.1562 | ms/batch 22.14 | loss  4.82 | ppl   123.35
| epoch  33 |   800/ 2323 batches | lr 0.1562 | ms/batch 22.14 | loss  4.83 | ppl   125.15
| epoch  33 |  1000/ 2323 batches | lr 0.1562 | ms/batch 22.18 | loss  4.81 | ppl   122.90
| epoch  33 |  1200/ 2323 batches | lr 0.1562 | ms/batch 22.15 | loss  4.85 | ppl   128.27
| epoch  33 |  1400/ 2323 batches | lr 0.1562 | ms/batch 22.16 | loss  4.73 | ppl   113.03
| epoch  33 |  1600/ 2323 batches | lr 0.1562 | ms/batch 22.13 | loss  4.79 | ppl   119.99
| epoch  33 |  1800/ 2323 batches | lr 0.1562 | ms/batch 22.18 | loss  4.86 | ppl   128.93
| epoch  33 |  2000/ 2323 batches | lr 0.1562 | ms/batch 22.15 | loss  4.72 | ppl   112.35
| epoch  33 |  2200/ 2323 batches | lr 0.1562 | ms/batch 22.15 | loss  4.64 | ppl   103.15
-----------------------------------------------------------------------------------------
| end of epoch  33 | time: 53.62s | valid loss  5.40 | valid ppl   221.93
-----------------------------------------------------------------------------------------
| epoch  34 |   200/ 2323 batches | lr 0.1562 | ms/batch 22.27 | loss  4.81 | ppl   122.97
| epoch  34 |   400/ 2323 batches | lr 0.1562 | ms/batch 22.14 | loss  4.89 | ppl   132.73
| epoch  34 |   600/ 2323 batches | lr 0.1562 | ms/batch 22.14 | loss  4.80 | ppl   122.03
| epoch  34 |   800/ 2323 batches | lr 0.1562 | ms/batch 22.15 | loss  4.82 | ppl   124.25
| epoch  34 |  1000/ 2323 batches | lr 0.1562 | ms/batch 22.17 | loss  4.81 | ppl   122.24
| epoch  34 |  1200/ 2323 batches | lr 0.1562 | ms/batch 22.14 | loss  4.85 | ppl   127.31
| epoch  34 |  1400/ 2323 batches | lr 0.1562 | ms/batch 22.15 | loss  4.72 | ppl   111.97
| epoch  34 |  1600/ 2323 batches | lr 0.1562 | ms/batch 22.15 | loss  4.78 | ppl   119.34
| epoch  34 |  1800/ 2323 batches | lr 0.1562 | ms/batch 22.19 | loss  4.85 | ppl   128.30
| epoch  34 |  2000/ 2323 batches | lr 0.1562 | ms/batch 22.16 | loss  4.72 | ppl   111.77
| epoch  34 |  2200/ 2323 batches | lr 0.1562 | ms/batch 22.17 | loss  4.63 | ppl   102.71
-----------------------------------------------------------------------------------------
| end of epoch  34 | time: 53.65s | valid loss  5.40 | valid ppl   221.07
-----------------------------------------------------------------------------------------
| epoch  35 |   200/ 2323 batches | lr 0.1562 | ms/batch 22.26 | loss  4.80 | ppl   121.87
| epoch  35 |   400/ 2323 batches | lr 0.1562 | ms/batch 22.13 | loss  4.88 | ppl   131.87
| epoch  35 |   600/ 2323 batches | lr 0.1562 | ms/batch 22.12 | loss  4.80 | ppl   121.39
| epoch  35 |   800/ 2323 batches | lr 0.1562 | ms/batch 22.12 | loss  4.82 | ppl   123.61
| epoch  35 |  1000/ 2323 batches | lr 0.1562 | ms/batch 22.13 | loss  4.80 | ppl   121.21
| epoch  35 |  1200/ 2323 batches | lr 0.1562 | ms/batch 22.13 | loss  4.84 | ppl   126.33
| epoch  35 |  1400/ 2323 batches | lr 0.1562 | ms/batch 22.13 | loss  4.71 | ppl   111.35
| epoch  35 |  1600/ 2323 batches | lr 0.1562 | ms/batch 22.14 | loss  4.77 | ppl   118.48
| epoch  35 |  1800/ 2323 batches | lr 0.1562 | ms/batch 22.13 | loss  4.85 | ppl   127.76
| epoch  35 |  2000/ 2323 batches | lr 0.1562 | ms/batch 22.12 | loss  4.71 | ppl   111.20
| epoch  35 |  2200/ 2323 batches | lr 0.1562 | ms/batch 22.12 | loss  4.63 | ppl   102.20
-----------------------------------------------------------------------------------------
| end of epoch  35 | time: 53.57s | valid loss  5.40 | valid ppl   221.42
-----------------------------------------------------------------------------------------
| epoch  36 |   200/ 2323 batches | lr 0.0781 | ms/batch 22.26 | loss  4.80 | ppl   121.39
| epoch  36 |   400/ 2323 batches | lr 0.0781 | ms/batch 22.12 | loss  4.88 | ppl   131.20
| epoch  36 |   600/ 2323 batches | lr 0.0781 | ms/batch 22.12 | loss  4.79 | ppl   120.51
| epoch  36 |   800/ 2323 batches | lr 0.0781 | ms/batch 22.13 | loss  4.81 | ppl   122.41
| epoch  36 |  1000/ 2323 batches | lr 0.0781 | ms/batch 22.14 | loss  4.79 | ppl   120.51
| epoch  36 |  1200/ 2323 batches | lr 0.0781 | ms/batch 22.13 | loss  4.83 | ppl   125.57
| epoch  36 |  1400/ 2323 batches | lr 0.0781 | ms/batch 22.13 | loss  4.70 | ppl   110.10
| epoch  36 |  1600/ 2323 batches | lr 0.0781 | ms/batch 22.12 | loss  4.76 | ppl   117.19
| epoch  36 |  1800/ 2323 batches | lr 0.0781 | ms/batch 22.12 | loss  4.84 | ppl   126.33
| epoch  36 |  2000/ 2323 batches | lr 0.0781 | ms/batch 22.15 | loss  4.70 | ppl   109.80
| epoch  36 |  2200/ 2323 batches | lr 0.0781 | ms/batch 22.14 | loss  4.61 | ppl   100.59
-----------------------------------------------------------------------------------------
| end of epoch  36 | time: 53.58s | valid loss  5.39 | valid ppl   219.89
-----------------------------------------------------------------------------------------
| epoch  37 |   200/ 2323 batches | lr 0.0781 | ms/batch 22.25 | loss  4.79 | ppl   120.48
| epoch  37 |   400/ 2323 batches | lr 0.0781 | ms/batch 22.15 | loss  4.87 | ppl   130.39
| epoch  37 |   600/ 2323 batches | lr 0.0781 | ms/batch 22.15 | loss  4.78 | ppl   119.69
| epoch  37 |   800/ 2323 batches | lr 0.0781 | ms/batch 22.16 | loss  4.80 | ppl   121.77
| epoch  37 |  1000/ 2323 batches | lr 0.0781 | ms/batch 22.18 | loss  4.79 | ppl   120.00
| epoch  37 |  1200/ 2323 batches | lr 0.0781 | ms/batch 22.19 | loss  4.83 | ppl   124.79
| epoch  37 |  1400/ 2323 batches | lr 0.0781 | ms/batch 22.17 | loss  4.70 | ppl   109.69
| epoch  37 |  1600/ 2323 batches | lr 0.0781 | ms/batch 22.17 | loss  4.76 | ppl   116.82
| epoch  37 |  1800/ 2323 batches | lr 0.0781 | ms/batch 22.18 | loss  4.84 | ppl   126.00
| epoch  37 |  2000/ 2323 batches | lr 0.0781 | ms/batch 22.17 | loss  4.70 | ppl   109.73
| epoch  37 |  2200/ 2323 batches | lr 0.0781 | ms/batch 22.16 | loss  4.61 | ppl   100.25
-----------------------------------------------------------------------------------------
| end of epoch  37 | time: 53.65s | valid loss  5.40 | valid ppl   220.77
-----------------------------------------------------------------------------------------
| epoch  38 |   200/ 2323 batches | lr 0.0391 | ms/batch 22.25 | loss  4.79 | ppl   120.05
| epoch  38 |   400/ 2323 batches | lr 0.0391 | ms/batch 22.13 | loss  4.87 | ppl   130.04
| epoch  38 |   600/ 2323 batches | lr 0.0391 | ms/batch 22.15 | loss  4.79 | ppl   119.82
| epoch  38 |   800/ 2323 batches | lr 0.0391 | ms/batch 22.13 | loss  4.80 | ppl   121.28
| epoch  38 |  1000/ 2323 batches | lr 0.0391 | ms/batch 22.16 | loss  4.78 | ppl   119.50
| epoch  38 |  1200/ 2323 batches | lr 0.0391 | ms/batch 22.12 | loss  4.82 | ppl   124.57
| epoch  38 |  1400/ 2323 batches | lr 0.0391 | ms/batch 22.14 | loss  4.69 | ppl   109.14
| epoch  38 |  1600/ 2323 batches | lr 0.0391 | ms/batch 22.16 | loss  4.76 | ppl   116.36
| epoch  38 |  1800/ 2323 batches | lr 0.0391 | ms/batch 22.14 | loss  4.83 | ppl   124.97
| epoch  38 |  2000/ 2323 batches | lr 0.0391 | ms/batch 22.15 | loss  4.69 | ppl   108.98
| epoch  38 |  2200/ 2323 batches | lr 0.0391 | ms/batch 22.16 | loss  4.60 | ppl    99.47
-----------------------------------------------------------------------------------------
| end of epoch  38 | time: 53.60s | valid loss  5.39 | valid ppl   219.22
-----------------------------------------------------------------------------------------
| epoch  39 |   200/ 2323 batches | lr 0.0391 | ms/batch 22.22 | loss  4.78 | ppl   119.66
| epoch  39 |   400/ 2323 batches | lr 0.0391 | ms/batch 22.14 | loss  4.86 | ppl   129.50
| epoch  39 |   600/ 2323 batches | lr 0.0391 | ms/batch 22.12 | loss  4.78 | ppl   119.08
| epoch  39 |   800/ 2323 batches | lr 0.0391 | ms/batch 22.10 | loss  4.79 | ppl   120.77
| epoch  39 |  1000/ 2323 batches | lr 0.0391 | ms/batch 22.11 | loss  4.78 | ppl   119.05
| epoch  39 |  1200/ 2323 batches | lr 0.0391 | ms/batch 22.12 | loss  4.82 | ppl   123.91
| epoch  39 |  1400/ 2323 batches | lr 0.0391 | ms/batch 22.12 | loss  4.69 | ppl   109.11
| epoch  39 |  1600/ 2323 batches | lr 0.0391 | ms/batch 22.11 | loss  4.75 | ppl   116.05
| epoch  39 |  1800/ 2323 batches | lr 0.0391 | ms/batch 22.12 | loss  4.83 | ppl   125.21
| epoch  39 |  2000/ 2323 batches | lr 0.0391 | ms/batch 22.14 | loss  4.69 | ppl   108.68
| epoch  39 |  2200/ 2323 batches | lr 0.0391 | ms/batch 22.12 | loss  4.60 | ppl    99.51
-----------------------------------------------------------------------------------------
| end of epoch  39 | time: 53.54s | valid loss  5.39 | valid ppl   219.73
-----------------------------------------------------------------------------------------
| epoch  40 |   200/ 2323 batches | lr 0.0195 | ms/batch 22.30 | loss  4.78 | ppl   119.41
| epoch  40 |   400/ 2323 batches | lr 0.0195 | ms/batch 22.17 | loss  4.86 | ppl   129.34
| epoch  40 |   600/ 2323 batches | lr 0.0195 | ms/batch 22.22 | loss  4.78 | ppl   118.52
| epoch  40 |   800/ 2323 batches | lr 0.0195 | ms/batch 22.15 | loss  4.79 | ppl   120.37
| epoch  40 |  1000/ 2323 batches | lr 0.0195 | ms/batch 22.17 | loss  4.78 | ppl   118.63
| epoch  40 |  1200/ 2323 batches | lr 0.0195 | ms/batch 22.17 | loss  4.81 | ppl   123.33
| epoch  40 |  1400/ 2323 batches | lr 0.0195 | ms/batch 22.14 | loss  4.69 | ppl   108.60
| epoch  40 |  1600/ 2323 batches | lr 0.0195 | ms/batch 22.14 | loss  4.75 | ppl   115.64
| epoch  40 |  1800/ 2323 batches | lr 0.0195 | ms/batch 22.16 | loss  4.82 | ppl   124.38
| epoch  40 |  2000/ 2323 batches | lr 0.0195 | ms/batch 22.17 | loss  4.69 | ppl   108.57
| epoch  40 |  2200/ 2323 batches | lr 0.0195 | ms/batch 22.13 | loss  4.60 | ppl    99.06
-----------------------------------------------------------------------------------------
| end of epoch  40 | time: 53.66s | valid loss  5.39 | valid ppl   219.28
-----------------------------------------------------------------------------------------
=========================================================================================
| End of training | test loss  5.34 | test ppl   209.56
=========================================================================================
