| epoch   1 |   200/ 2323 batches | lr 0.00 | ms/batch 66.31 | loss  9.26 | ppl 10504.77
| epoch   1 |   400/ 2323 batches | lr 0.00 | ms/batch 59.44 | loss  9.21 | ppl  9953.77
| epoch   1 |   600/ 2323 batches | lr 0.00 | ms/batch 59.06 | loss  9.20 | ppl  9884.90
| epoch   1 |   800/ 2323 batches | lr 0.00 | ms/batch 59.67 | loss  9.19 | ppl  9819.92
| epoch   1 |  1000/ 2323 batches | lr 0.00 | ms/batch 59.33 | loss  9.19 | ppl  9749.90
| epoch   1 |  1200/ 2323 batches | lr 0.00 | ms/batch 60.19 | loss  9.18 | ppl  9673.14
| epoch   1 |  1400/ 2323 batches | lr 0.00 | ms/batch 59.50 | loss  9.17 | ppl  9585.87
| epoch   1 |  1600/ 2323 batches | lr 0.00 | ms/batch 59.29 | loss  9.16 | ppl  9504.72
| epoch   1 |  1800/ 2323 batches | lr 0.00 | ms/batch 59.23 | loss  9.15 | ppl  9430.54
| epoch   1 |  2000/ 2323 batches | lr 0.00 | ms/batch 59.52 | loss  9.14 | ppl  9336.59
| epoch   1 |  2200/ 2323 batches | lr 0.00 | ms/batch 59.27 | loss  9.13 | ppl  9226.61
-----------------------------------------------------------------------------------------
| end of epoch   1 | time: 144.65s | valid loss  9.12 | valid ppl  9100.67
-----------------------------------------------------------------------------------------
| epoch   2 |   200/ 2323 batches | lr 0.00 | ms/batch 60.26 | loss  9.16 | ppl  9478.96
| epoch   2 |   400/ 2323 batches | lr 0.00 | ms/batch 59.29 | loss  9.09 | ppl  8899.24
| epoch   2 |   600/ 2323 batches | lr 0.00 | ms/batch 59.35 | loss  9.08 | ppl  8754.52
| epoch   2 |   800/ 2323 batches | lr 0.00 | ms/batch 59.34 | loss  9.06 | ppl  8576.25
| epoch   2 |  1000/ 2323 batches | lr 0.00 | ms/batch 59.21 | loss  9.02 | ppl  8305.68
| epoch   2 |  1200/ 2323 batches | lr 0.00 | ms/batch 59.00 | loss  8.98 | ppl  7937.66
| epoch   2 |  1400/ 2323 batches | lr 0.00 | ms/batch 59.21 | loss  8.91 | ppl  7372.14
| epoch   2 |  1600/ 2323 batches | lr 0.00 | ms/batch 60.01 | loss  8.80 | ppl  6628.50
| epoch   2 |  1800/ 2323 batches | lr 0.00 | ms/batch 59.31 | loss  8.59 | ppl  5397.12
| epoch   2 |  2000/ 2323 batches | lr 0.00 | ms/batch 59.29 | loss  8.21 | ppl  3695.84
| epoch   2 |  2200/ 2323 batches | lr 0.00 | ms/batch 59.30 | loss  8.06 | ppl  3163.41
-----------------------------------------------------------------------------------------
| end of epoch   2 | time: 143.22s | valid loss  8.00 | valid ppl  2985.68
-----------------------------------------------------------------------------------------
| epoch   3 |   200/ 2323 batches | lr 0.00 | ms/batch 59.95 | loss  8.01 | ppl  3025.35
| epoch   3 |   400/ 2323 batches | lr 0.00 | ms/batch 59.70 | loss  7.89 | ppl  2680.21
| epoch   3 |   600/ 2323 batches | lr 0.00 | ms/batch 59.40 | loss  7.85 | ppl  2568.31
| epoch   3 |   800/ 2323 batches | lr 0.00 | ms/batch 59.44 | loss  7.83 | ppl  2519.19
| epoch   3 |  1000/ 2323 batches | lr 0.00 | ms/batch 59.34 | loss  7.77 | ppl  2377.96
| epoch   3 |  1200/ 2323 batches | lr 0.00 | ms/batch 59.34 | loss  7.75 | ppl  2318.66
| epoch   3 |  1400/ 2323 batches | lr 0.00 | ms/batch 59.11 | loss  7.66 | ppl  2124.21
| epoch   3 |  1600/ 2323 batches | lr 0.00 | ms/batch 59.13 | loss  7.65 | ppl  2108.63
| epoch   3 |  1800/ 2323 batches | lr 0.00 | ms/batch 59.32 | loss  7.65 | ppl  2097.44
| epoch   3 |  2000/ 2323 batches | lr 0.00 | ms/batch 60.02 | loss  7.62 | ppl  2028.85
| epoch   3 |  2200/ 2323 batches | lr 0.00 | ms/batch 59.27 | loss  7.56 | ppl  1912.01
-----------------------------------------------------------------------------------------
| end of epoch   3 | time: 143.32s | valid loss  7.56 | valid ppl  1927.24
-----------------------------------------------------------------------------------------
| epoch   4 |   200/ 2323 batches | lr 0.00 | ms/batch 59.65 | loss  7.60 | ppl  1992.65
| epoch   4 |   400/ 2323 batches | lr 0.00 | ms/batch 59.63 | loss  7.52 | ppl  1851.20
