| epoch   1 |   200/ 2323 batches | lr 20.00 | ms/batch 25.84 | loss  6.54 | ppl   692.16
| epoch   1 |   400/ 2323 batches | lr 20.00 | ms/batch 22.40 | loss  5.83 | ppl   341.41
| epoch   1 |   600/ 2323 batches | lr 20.00 | ms/batch 22.39 | loss  5.56 | ppl   260.05
| epoch   1 |   800/ 2323 batches | lr 20.00 | ms/batch 22.46 | loss  5.40 | ppl   222.52
| epoch   1 |  1000/ 2323 batches | lr 20.00 | ms/batch 22.59 | loss  5.30 | ppl   200.04
| epoch   1 |  1200/ 2323 batches | lr 20.00 | ms/batch 22.64 | loss  5.22 | ppl   185.26
| epoch   1 |  1400/ 2323 batches | lr 20.00 | ms/batch 22.66 | loss  5.06 | ppl   158.07
| epoch   1 |  1600/ 2323 batches | lr 20.00 | ms/batch 22.76 | loss  5.06 | ppl   156.84
| epoch   1 |  1800/ 2323 batches | lr 20.00 | ms/batch 22.82 | loss  5.07 | ppl   158.42
| epoch   1 |  2000/ 2323 batches | lr 20.00 | ms/batch 22.91 | loss  4.87 | ppl   130.96
| epoch   1 |  2200/ 2323 batches | lr 20.00 | ms/batch 22.95 | loss  4.79 | ppl   120.12
-----------------------------------------------------------------------------------------
| end of epoch   1 | time: 55.69s | valid loss  4.98 | valid ppl   145.79
-----------------------------------------------------------------------------------------
| epoch   2 |   200/ 2323 batches | lr 20.00 | ms/batch 23.11 | loss  4.76 | ppl   116.36
| epoch   2 |   400/ 2323 batches | lr 20.00 | ms/batch 23.05 | loss  4.85 | ppl   128.36
| epoch   2 |   600/ 2323 batches | lr 20.00 | ms/batch 23.07 | loss  4.70 | ppl   110.42
| epoch   2 |   800/ 2323 batches | lr 20.00 | ms/batch 23.06 | loss  4.66 | ppl   105.48
| epoch   2 |  1000/ 2323 batches | lr 20.00 | ms/batch 23.12 | loss  4.66 | ppl   105.33
| epoch   2 |  1200/ 2323 batches | lr 20.00 | ms/batch 23.12 | loss  4.63 | ppl   102.07
| epoch   2 |  1400/ 2323 batches | lr 20.00 | ms/batch 23.09 | loss  4.52 | ppl    91.43
| epoch   2 |  1600/ 2323 batches | lr 20.00 | ms/batch 23.17 | loss  4.57 | ppl    96.39
| epoch   2 |  1800/ 2323 batches | lr 20.00 | ms/batch 23.20 | loss  4.63 | ppl   102.04
| epoch   2 |  2000/ 2323 batches | lr 20.00 | ms/batch 23.24 | loss  4.42 | ppl    82.86
| epoch   2 |  2200/ 2323 batches | lr 20.00 | ms/batch 23.23 | loss  4.37 | ppl    79.16
-----------------------------------------------------------------------------------------
| end of epoch   2 | time: 56.16s | valid loss  4.87 | valid ppl   130.80
-----------------------------------------------------------------------------------------
| epoch   3 |   200/ 2323 batches | lr 20.00 | ms/batch 23.39 | loss  4.39 | ppl    80.44
| epoch   3 |   400/ 2323 batches | lr 20.00 | ms/batch 23.30 | loss  4.53 | ppl    92.75
| epoch   3 |   600/ 2323 batches | lr 20.00 | ms/batch 23.33 | loss  4.39 | ppl    80.66
| epoch   3 |   800/ 2323 batches | lr 20.00 | ms/batch 23.31 | loss  4.35 | ppl    77.84
| epoch   3 |  1000/ 2323 batches | lr 20.00 | ms/batch 23.39 | loss  4.38 | ppl    80.03
| epoch   3 |  1200/ 2323 batches | lr 20.00 | ms/batch 23.42 | loss  4.37 | ppl    78.90
| epoch   3 |  1400/ 2323 batches | lr 20.00 | ms/batch 23.36 | loss  4.28 | ppl    72.30
| epoch   3 |  1600/ 2323 batches | lr 20.00 | ms/batch 23.34 | loss  4.36 | ppl    78.06
| epoch   3 |  1800/ 2323 batches | lr 20.00 | ms/batch 23.38 | loss  4.42 | ppl    83.29
| epoch   3 |  2000/ 2323 batches | lr 20.00 | ms/batch 23.37 | loss  4.22 | ppl    68.21
| epoch   3 |  2200/ 2323 batches | lr 20.00 | ms/batch 23.39 | loss  4.19 | ppl    66.15
-----------------------------------------------------------------------------------------
| end of epoch   3 | time: 56.70s | valid loss  4.96 | valid ppl   141.92
-----------------------------------------------------------------------------------------
| epoch   4 |   200/ 2323 batches | lr 5.00 | ms/batch 23.47 | loss  4.16 | ppl    64.06
| epoch   4 |   400/ 2323 batches | lr 5.00 | ms/batch 23.34 | loss  4.23 | ppl    68.66
| epoch   4 |   600/ 2323 batches | lr 5.00 | ms/batch 23.36 | loss  4.04 | ppl    57.00
| epoch   4 |   800/ 2323 batches | lr 5.00 | ms/batch 23.39 | loss  3.96 | ppl    52.55
| epoch   4 |  1000/ 2323 batches | lr 5.00 | ms/batch 23.39 | loss  3.93 | ppl    50.95
| epoch   4 |  1200/ 2323 batches | lr 5.00 | ms/batch 23.30 | loss  3.86 | ppl    47.66
| epoch   4 |  1400/ 2323 batches | lr 5.00 | ms/batch 23.37 | loss  3.70 | ppl    40.55
| epoch   4 |  1600/ 2323 batches | lr 5.00 | ms/batch 23.39 | loss  3.72 | ppl    41.23
| epoch   4 |  1800/ 2323 batches | lr 5.00 | ms/batch 23.33 | loss  3.71 | ppl    41.01
| epoch   4 |  2000/ 2323 batches | lr 5.00 | ms/batch 23.36 | loss  3.41 | ppl    30.32
| epoch   4 |  2200/ 2323 batches | lr 5.00 | ms/batch 23.34 | loss  3.29 | ppl    26.80
-----------------------------------------------------------------------------------------
| end of epoch   4 | time: 56.68s | valid loss  4.81 | valid ppl   122.84
-----------------------------------------------------------------------------------------
| epoch   5 |   200/ 2323 batches | lr 5.00 | ms/batch 23.41 | loss  3.78 | ppl    43.78
| epoch   5 |   400/ 2323 batches | lr 5.00 | ms/batch 23.37 | loss  3.88 | ppl    48.25
| epoch   5 |   600/ 2323 batches | lr 5.00 | ms/batch 23.27 | loss  3.70 | ppl    40.64
| epoch   5 |   800/ 2323 batches | lr 5.00 | ms/batch 23.29 | loss  3.63 | ppl    37.56
| epoch   5 |  1000/ 2323 batches | lr 5.00 | ms/batch 23.34 | loss  3.62 | ppl    37.29
| epoch   5 |  1200/ 2323 batches | lr 5.00 | ms/batch 23.32 | loss  3.56 | ppl    35.05
| epoch   5 |  1400/ 2323 batches | lr 5.00 | ms/batch 23.34 | loss  3.42 | ppl    30.59
| epoch   5 |  1600/ 2323 batches | lr 5.00 | ms/batch 23.35 | loss  3.46 | ppl    31.79
| epoch   5 |  1800/ 2323 batches | lr 5.00 | ms/batch 23.38 | loss  3.47 | ppl    32.29
| epoch   5 |  2000/ 2323 batches | lr 5.00 | ms/batch 23.34 | loss  3.20 | ppl    24.51
| epoch   5 |  2200/ 2323 batches | lr 5.00 | ms/batch 23.33 | loss  3.11 | ppl    22.40
-----------------------------------------------------------------------------------------
| end of epoch   5 | time: 56.63s | valid loss  4.90 | valid ppl   134.61
-----------------------------------------------------------------------------------------
| epoch   6 |   200/ 2323 batches | lr 1.25 | ms/batch 23.43 | loss  3.58 | ppl    35.98
| epoch   6 |   400/ 2323 batches | lr 1.25 | ms/batch 23.31 | loss  3.69 | ppl    40.15
| epoch   6 |   600/ 2323 batches | lr 1.25 | ms/batch 23.29 | loss  3.51 | ppl    33.50
| epoch   6 |   800/ 2323 batches | lr 1.25 | ms/batch 23.31 | loss  3.41 | ppl    30.42
| epoch   6 |  1000/ 2323 batches | lr 1.25 | ms/batch 23.34 | loss  3.39 | ppl    29.58
| epoch   6 |  1200/ 2323 batches | lr 1.25 | ms/batch 23.34 | loss  3.31 | ppl    27.35
| epoch   6 |  1400/ 2323 batches | lr 1.25 | ms/batch 23.27 | loss  3.14 | ppl    23.18
| epoch   6 |  1600/ 2323 batches | lr 1.25 | ms/batch 23.36 | loss  3.16 | ppl    23.50
| epoch   6 |  1800/ 2323 batches | lr 1.25 | ms/batch 23.27 | loss  3.14 | ppl    23.05
| epoch   6 |  2000/ 2323 batches | lr 1.25 | ms/batch 23.27 | loss  2.84 | ppl    17.09
| epoch   6 |  2200/ 2323 batches | lr 1.25 | ms/batch 23.34 | loss  2.72 | ppl    15.17
-----------------------------------------------------------------------------------------
| end of epoch   6 | time: 56.60s | valid loss  4.89 | valid ppl   133.27
-----------------------------------------------------------------------------------------
| epoch   7 |   200/ 2323 batches | lr 1.25 | ms/batch 23.39 | loss  3.43 | ppl    30.76
| epoch   7 |   400/ 2323 batches | lr 1.25 | ms/batch 23.31 | loss  3.52 | ppl    33.88
| epoch   7 |   600/ 2323 batches | lr 1.25 | ms/batch 23.32 | loss  3.35 | ppl    28.44
| epoch   7 |   800/ 2323 batches | lr 1.25 | ms/batch 23.29 | loss  3.25 | ppl    25.79
| epoch   7 |  1000/ 2323 batches | lr 1.25 | ms/batch 23.34 | loss  3.24 | ppl    25.41
| epoch   7 |  1200/ 2323 batches | lr 1.25 | ms/batch 23.34 | loss  3.16 | ppl    23.66
| epoch   7 |  1400/ 2323 batches | lr 1.25 | ms/batch 23.35 | loss  3.02 | ppl    20.42
| epoch   7 |  1600/ 2323 batches | lr 1.25 | ms/batch 23.33 | loss  3.04 | ppl    20.99
| epoch   7 |  1800/ 2323 batches | lr 1.25 | ms/batch 23.33 | loss  3.04 | ppl    20.92
| epoch   7 |  2000/ 2323 batches | lr 1.25 | ms/batch 23.32 | loss  2.76 | ppl    15.80
| epoch   7 |  2200/ 2323 batches | lr 1.25 | ms/batch 23.29 | loss  2.66 | ppl    14.28
-----------------------------------------------------------------------------------------
| end of epoch   7 | time: 56.61s | valid loss  4.94 | valid ppl   139.24
-----------------------------------------------------------------------------------------
| epoch   8 |   200/ 2323 batches | lr 0.31 | ms/batch 23.38 | loss  3.35 | ppl    28.56
| epoch   8 |   400/ 2323 batches | lr 0.31 | ms/batch 23.33 | loss  3.48 | ppl    32.36
| epoch   8 |   600/ 2323 batches | lr 0.31 | ms/batch 23.29 | loss  3.30 | ppl    27.17
| epoch   8 |   800/ 2323 batches | lr 0.31 | ms/batch 23.24 | loss  3.20 | ppl    24.49
| epoch   8 |  1000/ 2323 batches | lr 0.31 | ms/batch 23.26 | loss  3.18 | ppl    24.04
| epoch   8 |  1200/ 2323 batches | lr 0.31 | ms/batch 23.32 | loss  3.10 | ppl    22.12
| epoch   8 |  1400/ 2323 batches | lr 0.31 | ms/batch 23.38 | loss  2.94 | ppl    18.92
| epoch   8 |  1600/ 2323 batches | lr 0.31 | ms/batch 23.36 | loss  2.95 | ppl    19.15
| epoch   8 |  1800/ 2323 batches | lr 0.31 | ms/batch 23.32 | loss  2.94 | ppl    18.84
| epoch   8 |  2000/ 2323 batches | lr 0.31 | ms/batch 23.28 | loss  2.64 | ppl    14.01
| epoch   8 |  2200/ 2323 batches | lr 0.31 | ms/batch 23.30 | loss  2.53 | ppl    12.60
-----------------------------------------------------------------------------------------
| end of epoch   8 | time: 56.57s | valid loss  4.93 | valid ppl   138.89
-----------------------------------------------------------------------------------------
| epoch   9 |   200/ 2323 batches | lr 0.31 | ms/batch 23.43 | loss  3.31 | ppl    27.27
| epoch   9 |   400/ 2323 batches | lr 0.31 | ms/batch 23.32 | loss  3.41 | ppl    30.32
| epoch   9 |   600/ 2323 batches | lr 0.31 | ms/batch 23.27 | loss  3.23 | ppl    25.36
| epoch   9 |   800/ 2323 batches | lr 0.31 | ms/batch 23.34 | loss  3.13 | ppl    22.87
| epoch   9 |  1000/ 2323 batches | lr 0.31 | ms/batch 23.34 | loss  3.12 | ppl    22.57
| epoch   9 |  1200/ 2323 batches | lr 0.31 | ms/batch 23.33 | loss  3.04 | ppl    20.89
| epoch   9 |  1400/ 2323 batches | lr 0.31 | ms/batch 23.33 | loss  2.89 | ppl    18.03
| epoch   9 |  1600/ 2323 batches | lr 0.31 | ms/batch 23.32 | loss  2.91 | ppl    18.43
| epoch   9 |  1800/ 2323 batches | lr 0.31 | ms/batch 23.29 | loss  2.91 | ppl    18.33
| epoch   9 |  2000/ 2323 batches | lr 0.31 | ms/batch 23.27 | loss  2.62 | ppl    13.80
| epoch   9 |  2200/ 2323 batches | lr 0.31 | ms/batch 23.28 | loss  2.53 | ppl    12.53
-----------------------------------------------------------------------------------------
| end of epoch   9 | time: 56.71s | valid loss  4.95 | valid ppl   140.50
-----------------------------------------------------------------------------------------
| epoch  10 |   200/ 2323 batches | lr 0.08 | ms/batch 42.67 | loss  3.29 | ppl    26.78
| epoch  10 |   400/ 2323 batches | lr 0.08 | ms/batch 48.56 | loss  3.41 | ppl    30.27
| epoch  10 |   600/ 2323 batches | lr 0.08 | ms/batch 48.54 | loss  3.23 | ppl    25.29
| epoch  10 |   800/ 2323 batches | lr 0.08 | ms/batch 48.63 | loss  3.12 | ppl    22.76
| epoch  10 |  1000/ 2323 batches | lr 0.08 | ms/batch 48.70 | loss  3.11 | ppl    22.39
| epoch  10 |  1200/ 2323 batches | lr 0.08 | ms/batch 48.57 | loss  3.03 | ppl    20.61
| epoch  10 |  1400/ 2323 batches | lr 0.08 | ms/batch 48.61 | loss  2.87 | ppl    17.66
| epoch  10 |  1600/ 2323 batches | lr 0.08 | ms/batch 48.55 | loss  2.88 | ppl    17.87
| epoch  10 |  1800/ 2323 batches | lr 0.08 | ms/batch 48.67 | loss  2.87 | ppl    17.69
| epoch  10 |  2000/ 2323 batches | lr 0.08 | ms/batch 48.68 | loss  2.58 | ppl    13.20
| epoch  10 |  2200/ 2323 batches | lr 0.08 | ms/batch 48.99 | loss  2.48 | ppl    11.90
-----------------------------------------------------------------------------------------
| end of epoch  10 | time: 116.61s | valid loss  4.94 | valid ppl   139.66
-----------------------------------------------------------------------------------------
| epoch  11 |   200/ 2323 batches | lr 0.08 | ms/batch 48.89 | loss  3.27 | ppl    26.34
| epoch  11 |   400/ 2323 batches | lr 0.08 | ms/batch 48.66 | loss  3.39 | ppl    29.53
| epoch  11 |   600/ 2323 batches | lr 0.08 | ms/batch 48.69 | loss  3.20 | ppl    24.65
| epoch  11 |   800/ 2323 batches | lr 0.08 | ms/batch 48.56 | loss  3.10 | ppl    22.17
| epoch  11 |  1000/ 2323 batches | lr 0.08 | ms/batch 48.39 | loss  3.09 | ppl    21.87
| epoch  11 |  1200/ 2323 batches | lr 0.08 | ms/batch 48.49 | loss  3.01 | ppl    20.20
| epoch  11 |  1400/ 2323 batches | lr 0.08 | ms/batch 48.51 | loss  2.85 | ppl    17.37
| epoch  11 |  1600/ 2323 batches | lr 0.08 | ms/batch 48.42 | loss  2.87 | ppl    17.67
| epoch  11 |  1800/ 2323 batches | lr 0.08 | ms/batch 48.53 | loss  2.87 | ppl    17.59
| epoch  11 |  2000/ 2323 batches | lr 0.08 | ms/batch 49.29 | loss  2.58 | ppl    13.20
| epoch  11 |  2200/ 2323 batches | lr 0.08 | ms/batch 48.86 | loss  2.48 | ppl    11.97
-----------------------------------------------------------------------------------------
| end of epoch  11 | time: 117.72s | valid loss  4.94 | valid ppl   139.79
-----------------------------------------------------------------------------------------
| epoch  12 |   200/ 2323 batches | lr 0.02 | ms/batch 48.82 | loss  3.27 | ppl    26.19
| epoch  12 |   400/ 2323 batches | lr 0.02 | ms/batch 48.59 | loss  3.39 | ppl    29.52
| epoch  12 |   600/ 2323 batches | lr 0.02 | ms/batch 48.59 | loss  3.21 | ppl    24.67
| epoch  12 |   800/ 2323 batches | lr 0.02 | ms/batch 48.61 | loss  3.10 | ppl    22.13
| epoch  12 |  1000/ 2323 batches | lr 0.02 | ms/batch 48.60 | loss  3.08 | ppl    21.79
| epoch  12 |  1200/ 2323 batches | lr 0.02 | ms/batch 48.55 | loss  3.00 | ppl    20.10
| epoch  12 |  1400/ 2323 batches | lr 0.02 | ms/batch 56.14 | loss  2.85 | ppl    17.23
| epoch  12 |  1600/ 2323 batches | lr 0.02 | ms/batch 68.19 | loss  2.86 | ppl    17.47
| epoch  12 |  1800/ 2323 batches | lr 0.02 | ms/batch 69.29 | loss  2.85 | ppl    17.34
| epoch  12 |  2000/ 2323 batches | lr 0.02 | ms/batch 68.25 | loss  2.57 | ppl    13.00
| epoch  12 |  2200/ 2323 batches | lr 0.02 | ms/batch 68.24 | loss  2.46 | ppl    11.76
-----------------------------------------------------------------------------------------
| end of epoch  12 | time: 139.40s | valid loss  4.93 | valid ppl   139.06
-----------------------------------------------------------------------------------------
| epoch  13 |   200/ 2323 batches | lr 0.02 | ms/batch 68.27 | loss  3.26 | ppl    26.00
| epoch  13 |   400/ 2323 batches | lr 0.02 | ms/batch 68.23 | loss  3.38 | ppl    29.27
| epoch  13 |   600/ 2323 batches | lr 0.02 | ms/batch 68.16 | loss  3.20 | ppl    24.47
| epoch  13 |   800/ 2323 batches | lr 0.02 | ms/batch 68.21 | loss  3.09 | ppl    21.97
| epoch  13 |  1000/ 2323 batches | lr 0.02 | ms/batch 70.57 | loss  3.08 | ppl    21.65
| epoch  13 |  1200/ 2323 batches | lr 0.02 | ms/batch 68.04 | loss  3.00 | ppl    20.00
| epoch  13 |  1400/ 2323 batches | lr 0.02 | ms/batch 68.23 | loss  2.84 | ppl    17.17
| epoch  13 |  1600/ 2323 batches | lr 0.02 | ms/batch 69.34 | loss  2.86 | ppl    17.42
| epoch  13 |  1800/ 2323 batches | lr 0.02 | ms/batch 68.13 | loss  2.85 | ppl    17.33
| epoch  13 |  2000/ 2323 batches | lr 0.02 | ms/batch 68.23 | loss  2.57 | ppl    13.02
| epoch  13 |  2200/ 2323 batches | lr 0.02 | ms/batch 68.23 | loss  2.47 | ppl    11.79
-----------------------------------------------------------------------------------------
| end of epoch  13 | time: 165.73s | valid loss  4.93 | valid ppl   138.83
-----------------------------------------------------------------------------------------
| epoch  14 |   200/ 2323 batches | lr 0.02 | ms/batch 68.47 | loss  3.25 | ppl    25.89
| epoch  14 |   400/ 2323 batches | lr 0.02 | ms/batch 68.03 | loss  3.37 | ppl    29.11
| epoch  14 |   600/ 2323 batches | lr 0.02 | ms/batch 70.43 | loss  3.19 | ppl    24.34
| epoch  14 |   800/ 2323 batches | lr 0.02 | ms/batch 62.37 | loss  3.08 | ppl    21.85
| epoch  14 |  1000/ 2323 batches | lr 0.02 | ms/batch 48.61 | loss  3.07 | ppl    21.55
| epoch  14 |  1200/ 2323 batches | lr 0.02 | ms/batch 48.99 | loss  2.99 | ppl    19.92
| epoch  14 |  1400/ 2323 batches | lr 0.02 | ms/batch 49.93 | loss  2.84 | ppl    17.11
| epoch  14 |  1600/ 2323 batches | lr 0.02 | ms/batch 67.51 | loss  2.86 | ppl    17.39
| epoch  14 |  1800/ 2323 batches | lr 0.02 | ms/batch 68.77 | loss  2.85 | ppl    17.31
| epoch  14 |  2000/ 2323 batches | lr 0.02 | ms/batch 68.97 | loss  2.57 | ppl    13.02
| epoch  14 |  2200/ 2323 batches | lr 0.02 | ms/batch 68.89 | loss  2.47 | ppl    11.81
-----------------------------------------------------------------------------------------
| end of epoch  14 | time: 153.55s | valid loss  4.93 | valid ppl   138.79
-----------------------------------------------------------------------------------------
| epoch  15 |   200/ 2323 batches | lr 0.02 | ms/batch 69.18 | loss  3.25 | ppl    25.80
| epoch  15 |   400/ 2323 batches | lr 0.02 | ms/batch 68.87 | loss  3.37 | ppl    28.98
| epoch  15 |   600/ 2323 batches | lr 0.02 | ms/batch 69.08 | loss  3.19 | ppl    24.23
| epoch  15 |   800/ 2323 batches | lr 0.02 | ms/batch 68.86 | loss  3.08 | ppl    21.76
| epoch  15 |  1000/ 2323 batches | lr 0.02 | ms/batch 69.26 | loss  3.07 | ppl    21.47
| epoch  15 |  1200/ 2323 batches | lr 0.02 | ms/batch 72.32 | loss  2.99 | ppl    19.85
| epoch  15 |  1400/ 2323 batches | lr 0.02 | ms/batch 68.95 | loss  2.84 | ppl    17.06
| epoch  15 |  1600/ 2323 batches | lr 0.02 | ms/batch 68.96 | loss  2.85 | ppl    17.35
| epoch  15 |  1800/ 2323 batches | lr 0.02 | ms/batch 68.91 | loss  2.85 | ppl    17.30
| epoch  15 |  2000/ 2323 batches | lr 0.02 | ms/batch 68.97 | loss  2.57 | ppl    13.02
| epoch  15 |  2200/ 2323 batches | lr 0.02 | ms/batch 68.77 | loss  2.47 | ppl    11.81
-----------------------------------------------------------------------------------------
| end of epoch  15 | time: 167.77s | valid loss  4.93 | valid ppl   138.81
-----------------------------------------------------------------------------------------
| epoch  16 |   200/ 2323 batches | lr 0.00 | ms/batch 69.36 | loss  3.25 | ppl    25.75
| epoch  16 |   400/ 2323 batches | lr 0.00 | ms/batch 68.82 | loss  3.37 | ppl    28.97
| epoch  16 |   600/ 2323 batches | lr 0.00 | ms/batch 68.95 | loss  3.19 | ppl    24.24
| epoch  16 |   800/ 2323 batches | lr 0.00 | ms/batch 71.07 | loss  3.08 | ppl    21.75
| epoch  16 |  1000/ 2323 batches | lr 0.00 | ms/batch 70.33 | loss  3.07 | ppl    21.45
| epoch  16 |  1200/ 2323 batches | lr 0.00 | ms/batch 69.00 | loss  2.99 | ppl    19.82
| epoch  16 |  1400/ 2323 batches | lr 0.00 | ms/batch 68.93 | loss  2.83 | ppl    17.03
| epoch  16 |  1600/ 2323 batches | lr 0.00 | ms/batch 68.99 | loss  2.85 | ppl    17.30
| epoch  16 |  1800/ 2323 batches | lr 0.00 | ms/batch 69.05 | loss  2.85 | ppl    17.22
| epoch  16 |  2000/ 2323 batches | lr 0.00 | ms/batch 68.93 | loss  2.56 | ppl    12.96
| epoch  16 |  2200/ 2323 batches | lr 0.00 | ms/batch 68.90 | loss  2.46 | ppl    11.75
-----------------------------------------------------------------------------------------
| end of epoch  16 | time: 167.81s | valid loss  4.93 | valid ppl   138.72
-----------------------------------------------------------------------------------------
| epoch  17 |   200/ 2323 batches | lr 0.00 | ms/batch 69.08 | loss  3.25 | ppl    25.71
| epoch  17 |   400/ 2323 batches | lr 0.00 | ms/batch 71.07 | loss  3.36 | ppl    28.93
| epoch  17 |   600/ 2323 batches | lr 0.00 | ms/batch 68.78 | loss  3.19 | ppl    24.20
| epoch  17 |   800/ 2323 batches | lr 0.00 | ms/batch 70.20 | loss  3.08 | ppl    21.72
| epoch  17 |  1000/ 2323 batches | lr 0.00 | ms/batch 48.53 | loss  3.06 | ppl    21.42
| epoch  17 |  1200/ 2323 batches | lr 0.00 | ms/batch 48.58 | loss  2.99 | ppl    19.80
| epoch  17 |  1400/ 2323 batches | lr 0.00 | ms/batch 48.74 | loss  2.83 | ppl    17.01
| epoch  17 |  1600/ 2323 batches | lr 0.00 | ms/batch 48.62 | loss  2.85 | ppl    17.29
| epoch  17 |  1800/ 2323 batches | lr 0.00 | ms/batch 57.52 | loss  2.85 | ppl    17.22
| epoch  17 |  2000/ 2323 batches | lr 0.00 | ms/batch 64.44 | loss  2.56 | ppl    12.96
| epoch  17 |  2200/ 2323 batches | lr 0.00 | ms/batch 64.28 | loss  2.46 | ppl    11.76
-----------------------------------------------------------------------------------------
| end of epoch  17 | time: 146.19s | valid loss  4.93 | valid ppl   138.66
-----------------------------------------------------------------------------------------
| epoch  18 |   200/ 2323 batches | lr 0.00 | ms/batch 53.06 | loss  3.25 | ppl    25.69
| epoch  18 |   400/ 2323 batches | lr 0.00 | ms/batch 55.26 | loss  3.36 | ppl    28.89
| epoch  18 |   600/ 2323 batches | lr 0.00 | ms/batch 66.09 | loss  3.19 | ppl    24.17
| epoch  18 |   800/ 2323 batches | lr 0.00 | ms/batch 65.18 | loss  3.08 | ppl    21.69
| epoch  18 |  1000/ 2323 batches | lr 0.00 | ms/batch 64.97 | loss  3.06 | ppl    21.40
| epoch  18 |  1200/ 2323 batches | lr 0.00 | ms/batch 65.18 | loss  2.98 | ppl    19.78
| epoch  18 |  1400/ 2323 batches | lr 0.00 | ms/batch 65.02 | loss  2.83 | ppl    17.00
| epoch  18 |  1600/ 2323 batches | lr 0.00 | ms/batch 64.96 | loss  2.85 | ppl    17.28
| epoch  18 |  1800/ 2323 batches | lr 0.00 | ms/batch 64.97 | loss  2.85 | ppl    17.22
| epoch  18 |  2000/ 2323 batches | lr 0.00 | ms/batch 66.66 | loss  2.56 | ppl    12.96
| epoch  18 |  2200/ 2323 batches | lr 0.00 | ms/batch 64.95 | loss  2.46 | ppl    11.76
-----------------------------------------------------------------------------------------
| end of epoch  18 | time: 153.65s | valid loss  4.93 | valid ppl   138.62
-----------------------------------------------------------------------------------------
| epoch  19 |   200/ 2323 batches | lr 0.00 | ms/batch 65.44 | loss  3.24 | ppl    25.66
| epoch  19 |   400/ 2323 batches | lr 0.00 | ms/batch 65.80 | loss  3.36 | ppl    28.85
| epoch  19 |   600/ 2323 batches | lr 0.00 | ms/batch 64.99 | loss  3.18 | ppl    24.14
| epoch  19 |   800/ 2323 batches | lr 0.00 | ms/batch 65.22 | loss  3.08 | ppl    21.67
| epoch  19 |  1000/ 2323 batches | lr 0.00 | ms/batch 64.97 | loss  3.06 | ppl    21.38
| epoch  19 |  1200/ 2323 batches | lr 0.00 | ms/batch 65.68 | loss  2.98 | ppl    19.77
| epoch  19 |  1400/ 2323 batches | lr 0.00 | ms/batch 65.97 | loss  2.83 | ppl    16.99
| epoch  19 |  1600/ 2323 batches | lr 0.00 | ms/batch 65.02 | loss  2.85 | ppl    17.27
| epoch  19 |  1800/ 2323 batches | lr 0.00 | ms/batch 65.08 | loss  2.85 | ppl    17.21
| epoch  19 |  2000/ 2323 batches | lr 0.00 | ms/batch 64.96 | loss  2.56 | ppl    12.96
| epoch  19 |  2200/ 2323 batches | lr 0.00 | ms/batch 64.89 | loss  2.47 | ppl    11.76
-----------------------------------------------------------------------------------------
| end of epoch  19 | time: 158.00s | valid loss  4.93 | valid ppl   138.59
-----------------------------------------------------------------------------------------
| epoch  20 |   200/ 2323 batches | lr 0.00 | ms/batch 65.73 | loss  3.24 | ppl    25.63
| epoch  20 |   400/ 2323 batches | lr 0.00 | ms/batch 64.95 | loss  3.36 | ppl    28.82
| epoch  20 |   600/ 2323 batches | lr 0.00 | ms/batch 73.51 | loss  3.18 | ppl    24.11
| epoch  20 |   800/ 2323 batches | lr 0.00 | ms/batch 81.19 | loss  3.07 | ppl    21.64
| epoch  20 |  1000/ 2323 batches | lr 0.00 | ms/batch 81.22 | loss  3.06 | ppl    21.36
| epoch  20 |  1200/ 2323 batches | lr 0.00 | ms/batch 71.75 | loss  2.98 | ppl    19.75
| epoch  20 |  1400/ 2323 batches | lr 0.00 | ms/batch 65.03 | loss  2.83 | ppl    16.98
| epoch  20 |  1600/ 2323 batches | lr 0.00 | ms/batch 68.51 | loss  2.85 | ppl    17.26
| epoch  20 |  1800/ 2323 batches | lr 0.00 | ms/batch 80.10 | loss  2.85 | ppl    17.21
| epoch  20 |  2000/ 2323 batches | lr 0.00 | ms/batch 65.43 | loss  2.56 | ppl    12.96
| epoch  20 |  2200/ 2323 batches | lr 0.00 | ms/batch 82.64 | loss  2.47 | ppl    11.77
-----------------------------------------------------------------------------------------
| end of epoch  20 | time: 175.99s | valid loss  4.93 | valid ppl   138.57
-----------------------------------------------------------------------------------------
| epoch  21 |   200/ 2323 batches | lr 0.00 | ms/batch 65.14 | loss  3.24 | ppl    25.61
| epoch  21 |   400/ 2323 batches | lr 0.00 | ms/batch 64.80 | loss  3.36 | ppl    28.79
| epoch  21 |   600/ 2323 batches | lr 0.00 | ms/batch 64.98 | loss  3.18 | ppl    24.08
| epoch  21 |   800/ 2323 batches | lr 0.00 | ms/batch 65.37 | loss  3.07 | ppl    21.62
| epoch  21 |  1000/ 2323 batches | lr 0.00 | ms/batch 69.77 | loss  3.06 | ppl    21.34
| epoch  21 |  1200/ 2323 batches | lr 0.00 | ms/batch 72.67 | loss  2.98 | ppl    19.73
