| epoch   1 |   200/ 2323 batches | lr 20.0000 | ms/batch 103.09 | loss  6.82 | ppl   914.82
| epoch   1 |   400/ 2323 batches | lr 20.0000 | ms/batch 95.32 | loss  6.01 | ppl   406.56
| epoch   1 |   600/ 2323 batches | lr 20.0000 | ms/batch 93.51 | loss  5.72 | ppl   305.27
| epoch   1 |   800/ 2323 batches | lr 20.0000 | ms/batch 77.67 | loss  5.57 | ppl   262.16
| epoch   1 |  1000/ 2323 batches | lr 20.0000 | ms/batch 76.43 | loss  5.46 | ppl   234.90
| epoch   1 |  1200/ 2323 batches | lr 20.0000 | ms/batch 92.79 | loss  5.38 | ppl   216.28
| epoch   1 |  1400/ 2323 batches | lr 20.0000 | ms/batch 92.98 | loss  5.21 | ppl   183.26
| epoch   1 |  1600/ 2323 batches | lr 20.0000 | ms/batch 96.03 | loss  5.19 | ppl   179.38
| epoch   1 |  1800/ 2323 batches | lr 20.0000 | ms/batch 92.89 | loss  5.19 | ppl   178.69
| epoch   1 |  2000/ 2323 batches | lr 20.0000 | ms/batch 92.91 | loss  5.02 | ppl   151.71
| epoch   1 |  2200/ 2323 batches | lr 20.0000 | ms/batch 92.83 | loss  4.91 | ppl   136.00
-----------------------------------------------------------------------------------------
| end of epoch   1 | time: 220.52s | valid loss  5.06 | valid ppl   156.88
-----------------------------------------------------------------------------------------
| epoch   2 |   200/ 2323 batches | lr 20.0000 | ms/batch 95.41 | loss  4.90 | ppl   134.90
| epoch   2 |   400/ 2323 batches | lr 20.0000 | ms/batch 92.87 | loss  4.97 | ppl   143.81
| epoch   2 |   600/ 2323 batches | lr 20.0000 | ms/batch 94.87 | loss  4.84 | ppl   126.86
| epoch   2 |   800/ 2323 batches | lr 20.0000 | ms/batch 92.78 | loss  4.80 | ppl   121.15
| epoch   2 |  1000/ 2323 batches | lr 20.0000 | ms/batch 94.30 | loss  4.79 | ppl   120.28
| epoch   2 |  1200/ 2323 batches | lr 20.0000 | ms/batch 92.91 | loss  4.75 | ppl   115.62
| epoch   2 |  1400/ 2323 batches | lr 20.0000 | ms/batch 92.93 | loss  4.63 | ppl   102.98
| epoch   2 |  1600/ 2323 batches | lr 20.0000 | ms/batch 94.95 | loss  4.68 | ppl   107.59
| epoch   2 |  1800/ 2323 batches | lr 20.0000 | ms/batch 92.87 | loss  4.73 | ppl   113.11
| epoch   2 |  2000/ 2323 batches | lr 20.0000 | ms/batch 94.88 | loss  4.52 | ppl    92.14
| epoch   2 |  2200/ 2323 batches | lr 20.0000 | ms/batch 92.80 | loss  4.46 | ppl    86.71
-----------------------------------------------------------------------------------------
| end of epoch   2 | time: 225.53s | valid loss  4.86 | valid ppl   129.31
-----------------------------------------------------------------------------------------
| epoch   3 |   200/ 2323 batches | lr 20.0000 | ms/batch 93.38 | loss  4.47 | ppl    87.70
| epoch   3 |   400/ 2323 batches | lr 20.0000 | ms/batch 94.24 | loss  4.61 | ppl   100.54
| epoch   3 |   600/ 2323 batches | lr 20.0000 | ms/batch 92.83 | loss  4.48 | ppl    87.94
| epoch   3 |   800/ 2323 batches | lr 20.0000 | ms/batch 94.85 | loss  4.44 | ppl    84.75
| epoch   3 |  1000/ 2323 batches | lr 20.0000 | ms/batch 94.94 | loss  4.46 | ppl    86.67
| epoch   3 |  1200/ 2323 batches | lr 20.0000 | ms/batch 92.90 | loss  4.43 | ppl    84.02
| epoch   3 |  1400/ 2323 batches | lr 20.0000 | ms/batch 92.81 | loss  4.33 | ppl    76.26
| epoch   3 |  1600/ 2323 batches | lr 20.0000 | ms/batch 92.90 | loss  4.40 | ppl    81.34
| epoch   3 |  1800/ 2323 batches | lr 20.0000 | ms/batch 92.90 | loss  4.46 | ppl    86.39
| epoch   3 |  2000/ 2323 batches | lr 20.0000 | ms/batch 92.92 | loss  4.24 | ppl    69.51
| epoch   3 |  2200/ 2323 batches | lr 20.0000 | ms/batch 96.15 | loss  4.21 | ppl    67.07
-----------------------------------------------------------------------------------------
| end of epoch   3 | time: 225.81s | valid loss  4.87 | valid ppl   130.03
-----------------------------------------------------------------------------------------
| epoch   4 |   200/ 2323 batches | lr 5.0000 | ms/batch 93.34 | loss  4.19 | ppl    66.11
| epoch   4 |   400/ 2323 batches | lr 5.0000 | ms/batch 92.91 | loss  4.29 | ppl    72.63
| epoch   4 |   600/ 2323 batches | lr 5.0000 | ms/batch 92.81 | loss  4.11 | ppl    60.91
| epoch   4 |   800/ 2323 batches | lr 5.0000 | ms/batch 92.97 | loss  4.03 | ppl    56.52
| epoch   4 |  1000/ 2323 batches | lr 5.0000 | ms/batch 92.86 | loss  4.02 | ppl    55.44
| epoch   4 |  1200/ 2323 batches | lr 5.0000 | ms/batch 92.79 | loss  3.96 | ppl    52.27
| epoch   4 |  1400/ 2323 batches | lr 5.0000 | ms/batch 96.99 | loss  3.82 | ppl    45.39
| epoch   4 |  1600/ 2323 batches | lr 5.0000 | ms/batch 94.01 | loss  3.84 | ppl    46.49
| epoch   4 |  1800/ 2323 batches | lr 5.0000 | ms/batch 93.21 | loss  3.86 | ppl    47.54
| epoch   4 |  2000/ 2323 batches | lr 5.0000 | ms/batch 92.94 | loss  3.56 | ppl    35.26
| epoch   4 |  2200/ 2323 batches | lr 5.0000 | ms/batch 92.87 | loss  3.47 | ppl    32.14
-----------------------------------------------------------------------------------------
| end of epoch   4 | time: 224.75s | valid loss  4.78 | valid ppl   119.59
-----------------------------------------------------------------------------------------
| epoch   5 |   200/ 2323 batches | lr 5.0000 | ms/batch 93.40 | loss  3.90 | ppl    49.58
| epoch   5 |   400/ 2323 batches | lr 5.0000 | ms/batch 96.24 | loss  4.02 | ppl    55.79
| epoch   5 |   600/ 2323 batches | lr 5.0000 | ms/batch 93.60 | loss  3.86 | ppl    47.30
| epoch   5 |   800/ 2323 batches | lr 5.0000 | ms/batch 92.89 | loss  3.78 | ppl    43.73
| epoch   5 |  1000/ 2323 batches | lr 5.0000 | ms/batch 93.38 | loss  3.77 | ppl    43.38
| epoch   5 |  1200/ 2323 batches | lr 5.0000 | ms/batch 93.91 | loss  3.72 | ppl    41.14
| epoch   5 |  1400/ 2323 batches | lr 5.0000 | ms/batch 92.87 | loss  3.60 | ppl    36.60
| epoch   5 |  1600/ 2323 batches | lr 5.0000 | ms/batch 92.83 | loss  3.64 | ppl    37.98
| epoch   5 |  1800/ 2323 batches | lr 5.0000 | ms/batch 94.89 | loss  3.68 | ppl    39.53
| epoch   5 |  2000/ 2323 batches | lr 5.0000 | ms/batch 94.86 | loss  3.38 | ppl    29.50
| epoch   5 |  2200/ 2323 batches | lr 5.0000 | ms/batch 92.88 | loss  3.32 | ppl    27.56
-----------------------------------------------------------------------------------------
| end of epoch   5 | time: 225.56s | valid loss  4.86 | valid ppl   128.79
-----------------------------------------------------------------------------------------
| epoch   6 |   200/ 2323 batches | lr 1.2500 | ms/batch 93.30 | loss  3.74 | ppl    42.07
| epoch   6 |   400/ 2323 batches | lr 1.2500 | ms/batch 92.89 | loss  3.87 | ppl    47.90
| epoch   6 |   600/ 2323 batches | lr 1.2500 | ms/batch 94.32 | loss  3.69 | ppl    40.01
| epoch   6 |   800/ 2323 batches | lr 1.2500 | ms/batch 94.93 | loss  3.59 | ppl    36.41
| epoch   6 |  1000/ 2323 batches | lr 1.2500 | ms/batch 101.89 | loss  3.57 | ppl    35.46
| epoch   6 |  1200/ 2323 batches | lr 1.2500 | ms/batch 112.47 | loss  3.49 | ppl    32.89
| epoch   6 |  1400/ 2323 batches | lr 1.2500 | ms/batch 110.93 | loss  3.35 | ppl    28.53
| epoch   6 |  1600/ 2323 batches | lr 1.2500 | ms/batch 111.26 | loss  3.37 | ppl    29.00
| epoch   6 |  1800/ 2323 batches | lr 1.2500 | ms/batch 112.20 | loss  3.38 | ppl    29.33
| epoch   6 |  2000/ 2323 batches | lr 1.2500 | ms/batch 112.26 | loss  3.05 | ppl    21.12
| epoch   6 |  2200/ 2323 batches | lr 1.2500 | ms/batch 114.78 | loss  2.95 | ppl    19.03
-----------------------------------------------------------------------------------------
| end of epoch   6 | time: 253.60s | valid loss  4.87 | valid ppl   129.84
-----------------------------------------------------------------------------------------
| epoch   7 |   200/ 2323 batches | lr 0.3125 | ms/batch 116.20 | loss  3.66 | ppl    38.68
| epoch   7 |   400/ 2323 batches | lr 0.3125 | ms/batch 115.09 | loss  3.79 | ppl    44.27
| epoch   7 |   600/ 2323 batches | lr 0.3125 | ms/batch 110.41 | loss  3.61 | ppl    37.00
| epoch   7 |   800/ 2323 batches | lr 0.3125 | ms/batch 111.33 | loss  3.51 | ppl    33.57
| epoch   7 |  1000/ 2323 batches | lr 0.3125 | ms/batch 111.43 | loss  3.49 | ppl    32.76
| epoch   7 |  1200/ 2323 batches | lr 0.3125 | ms/batch 114.21 | loss  3.41 | ppl    30.36
| epoch   7 |  1400/ 2323 batches | lr 0.3125 | ms/batch 110.48 | loss  3.26 | ppl    26.10
| epoch   7 |  1600/ 2323 batches | lr 0.3125 | ms/batch 111.22 | loss  3.27 | ppl    26.44
| epoch   7 |  1800/ 2323 batches | lr 0.3125 | ms/batch 119.27 | loss  3.28 | ppl    26.56
| epoch   7 |  2000/ 2323 batches | lr 0.3125 | ms/batch 112.84 | loss  2.94 | ppl    18.88
| epoch   7 |  2200/ 2323 batches | lr 0.3125 | ms/batch 113.95 | loss  2.83 | ppl    16.98
-----------------------------------------------------------------------------------------
| end of epoch   7 | time: 272.15s | valid loss  4.85 | valid ppl   128.24
-----------------------------------------------------------------------------------------
| epoch   8 |   200/ 2323 batches | lr 0.3125 | ms/batch 115.39 | loss  3.60 | ppl    36.55
| epoch   8 |   400/ 2323 batches | lr 0.3125 | ms/batch 112.70 | loss  3.72 | ppl    41.36
| epoch   8 |   600/ 2323 batches | lr 0.3125 | ms/batch 112.94 | loss  3.55 | ppl    34.69
| epoch   8 |   800/ 2323 batches | lr 0.3125 | ms/batch 111.92 | loss  3.45 | ppl    31.45
| epoch   8 |  1000/ 2323 batches | lr 0.3125 | ms/batch 116.41 | loss  3.43 | ppl    30.80
| epoch   8 |  1200/ 2323 batches | lr 0.3125 | ms/batch 117.25 | loss  3.36 | ppl    28.65
| epoch   8 |  1400/ 2323 batches | lr 0.3125 | ms/batch 113.89 | loss  3.21 | ppl    24.86
| epoch   8 |  1600/ 2323 batches | lr 0.3125 | ms/batch 112.67 | loss  3.24 | ppl    25.41
| epoch   8 |  1800/ 2323 batches | lr 0.3125 | ms/batch 112.26 | loss  3.25 | ppl    25.79
| epoch   8 |  2000/ 2323 batches | lr 0.3125 | ms/batch 110.56 | loss  2.92 | ppl    18.54
| epoch   8 |  2200/ 2323 batches | lr 0.3125 | ms/batch 112.23 | loss  2.83 | ppl    16.88
-----------------------------------------------------------------------------------------
| end of epoch   8 | time: 272.26s | valid loss  4.86 | valid ppl   129.28
-----------------------------------------------------------------------------------------
| epoch   9 |   200/ 2323 batches | lr 0.0781 | ms/batch 116.96 | loss  3.58 | ppl    35.94
| epoch   9 |   400/ 2323 batches | lr 0.0781 | ms/batch 113.69 | loss  3.72 | ppl    41.14
| epoch   9 |   600/ 2323 batches | lr 0.0781 | ms/batch 114.78 | loss  3.54 | ppl    34.40
| epoch   9 |   800/ 2323 batches | lr 0.0781 | ms/batch 116.16 | loss  3.43 | ppl    30.99
| epoch   9 |  1000/ 2323 batches | lr 0.0781 | ms/batch 113.04 | loss  3.41 | ppl    30.41
| epoch   9 |  1200/ 2323 batches | lr 0.0781 | ms/batch 113.42 | loss  3.34 | ppl    28.26
| epoch   9 |  1400/ 2323 batches | lr 0.0781 | ms/batch 111.28 | loss  3.19 | ppl    24.30
| epoch   9 |  1600/ 2323 batches | lr 0.0781 | ms/batch 114.70 | loss  3.21 | ppl    24.74
| epoch   9 |  1800/ 2323 batches | lr 0.0781 | ms/batch 110.10 | loss  3.22 | ppl    24.93
| epoch   9 |  2000/ 2323 batches | lr 0.0781 | ms/batch 114.62 | loss  2.88 | ppl    17.83
| epoch   9 |  2200/ 2323 batches | lr 0.0781 | ms/batch 113.62 | loss  2.78 | ppl    16.10
-----------------------------------------------------------------------------------------
| end of epoch   9 | time: 273.39s | valid loss  4.85 | valid ppl   127.19
-----------------------------------------------------------------------------------------
| epoch  10 |   200/ 2323 batches | lr 0.0781 | ms/batch 115.73 | loss  3.56 | ppl    35.19
| epoch  10 |   400/ 2323 batches | lr 0.0781 | ms/batch 113.61 | loss  3.69 | ppl    40.15
| epoch  10 |   600/ 2323 batches | lr 0.0781 | ms/batch 110.84 | loss  3.51 | ppl    33.61
| epoch  10 |   800/ 2323 batches | lr 0.0781 | ms/batch 114.76 | loss  3.41 | ppl    30.32
| epoch  10 |  1000/ 2323 batches | lr 0.0781 | ms/batch 114.96 | loss  3.39 | ppl    29.75
| epoch  10 |  1200/ 2323 batches | lr 0.0781 | ms/batch 114.61 | loss  3.32 | ppl    27.71
| epoch  10 |  1400/ 2323 batches | lr 0.0781 | ms/batch 113.09 | loss  3.17 | ppl    23.92
| epoch  10 |  1600/ 2323 batches | lr 0.0781 | ms/batch 113.34 | loss  3.20 | ppl    24.44
| epoch  10 |  1800/ 2323 batches | lr 0.0781 | ms/batch 115.02 | loss  3.21 | ppl    24.75
| epoch  10 |  2000/ 2323 batches | lr 0.0781 | ms/batch 114.75 | loss  2.88 | ppl    17.79
| epoch  10 |  2200/ 2323 batches | lr 0.0781 | ms/batch 111.21 | loss  2.78 | ppl    16.17
-----------------------------------------------------------------------------------------
| end of epoch  10 | time: 273.61s | valid loss  4.85 | valid ppl   127.15
-----------------------------------------------------------------------------------------
| epoch  11 |   200/ 2323 batches | lr 0.0781 | ms/batch 112.94 | loss  3.55 | ppl    34.75
| epoch  11 |   400/ 2323 batches | lr 0.0781 | ms/batch 118.37 | loss  3.68 | ppl    39.60
| epoch  11 |   600/ 2323 batches | lr 0.0781 | ms/batch 117.58 | loss  3.50 | ppl    33.15
| epoch  11 |   800/ 2323 batches | lr 0.0781 | ms/batch 114.44 | loss  3.40 | ppl    29.90
| epoch  11 |  1000/ 2323 batches | lr 0.0781 | ms/batch 113.41 | loss  3.38 | ppl    29.35
| epoch  11 |  1200/ 2323 batches | lr 0.0781 | ms/batch 113.29 | loss  3.31 | ppl    27.37
| epoch  11 |  1400/ 2323 batches | lr 0.0781 | ms/batch 116.50 | loss  3.16 | ppl    23.67
| epoch  11 |  1600/ 2323 batches | lr 0.0781 | ms/batch 117.65 | loss  3.19 | ppl    24.23
