| epoch   1 |   200/ 2323 batches | lr 20.0000 | ms/batch 92.22 | loss  6.73 | ppl   837.09
| epoch   1 |   400/ 2323 batches | lr 20.0000 | ms/batch 80.14 | loss  6.03 | ppl   416.61
| epoch   1 |   600/ 2323 batches | lr 20.0000 | ms/batch 81.90 | loss  5.74 | ppl   311.15
| epoch   1 |   800/ 2323 batches | lr 20.0000 | ms/batch 84.45 | loss  5.59 | ppl   267.13
| epoch   1 |  1000/ 2323 batches | lr 20.0000 | ms/batch 86.58 | loss  5.47 | ppl   238.16
| epoch   1 |  1200/ 2323 batches | lr 20.0000 | ms/batch 81.39 | loss  5.40 | ppl   222.06
| epoch   1 |  1400/ 2323 batches | lr 20.0000 | ms/batch 80.28 | loss  5.24 | ppl   188.81
| epoch   1 |  1600/ 2323 batches | lr 20.0000 | ms/batch 81.10 | loss  5.23 | ppl   185.89
| epoch   1 |  1800/ 2323 batches | lr 20.0000 | ms/batch 80.24 | loss  5.22 | ppl   185.10
| epoch   1 |  2000/ 2323 batches | lr 20.0000 | ms/batch 79.42 | loss  5.07 | ppl   159.76
| epoch   1 |  2200/ 2323 batches | lr 20.0000 | ms/batch 77.22 | loss  4.96 | ppl   142.88
-----------------------------------------------------------------------------------------
| end of epoch   1 | time: 196.02s | valid loss  5.11 | valid ppl   165.74
-----------------------------------------------------------------------------------------
| epoch   2 |   200/ 2323 batches | lr 20.0000 | ms/batch 80.10 | loss  4.97 | ppl   143.62
| epoch   2 |   400/ 2323 batches | lr 20.0000 | ms/batch 81.91 | loss  5.03 | ppl   152.35
| epoch   2 |   600/ 2323 batches | lr 20.0000 | ms/batch 81.66 | loss  4.92 | ppl   137.29
| epoch   2 |   800/ 2323 batches | lr 20.0000 | ms/batch 81.45 | loss  4.87 | ppl   130.84
| epoch   2 |  1000/ 2323 batches | lr 20.0000 | ms/batch 85.44 | loss  4.87 | ppl   129.91
| epoch   2 |  1200/ 2323 batches | lr 20.0000 | ms/batch 81.44 | loss  4.84 | ppl   127.05
| epoch   2 |  1400/ 2323 batches | lr 20.0000 | ms/batch 77.67 | loss  4.72 | ppl   112.61
| epoch   2 |  1600/ 2323 batches | lr 20.0000 | ms/batch 86.21 | loss  4.77 | ppl   118.42
| epoch   2 |  1800/ 2323 batches | lr 20.0000 | ms/batch 79.86 | loss  4.83 | ppl   124.91
| epoch   2 |  2000/ 2323 batches | lr 20.0000 | ms/batch 82.54 | loss  4.64 | ppl   103.14
| epoch   2 |  2200/ 2323 batches | lr 20.0000 | ms/batch 82.33 | loss  4.58 | ppl    97.28
-----------------------------------------------------------------------------------------
| end of epoch   2 | time: 196.05s | valid loss  4.93 | valid ppl   137.72
-----------------------------------------------------------------------------------------
| epoch   3 |   200/ 2323 batches | lr 20.0000 | ms/batch 83.98 | loss  4.61 | ppl   100.69
| epoch   3 |   400/ 2323 batches | lr 20.0000 | ms/batch 78.63 | loss  4.73 | ppl   113.55
| epoch   3 |   600/ 2323 batches | lr 20.0000 | ms/batch 79.39 | loss  4.61 | ppl   100.42
| epoch   3 |   800/ 2323 batches | lr 20.0000 | ms/batch 77.92 | loss  4.58 | ppl    97.49
| epoch   3 |  1000/ 2323 batches | lr 20.0000 | ms/batch 81.34 | loss  4.60 | ppl    99.51
| epoch   3 |  1200/ 2323 batches | lr 20.0000 | ms/batch 82.87 | loss  4.59 | ppl    98.16
| epoch   3 |  1400/ 2323 batches | lr 20.0000 | ms/batch 82.61 | loss  4.48 | ppl    88.34
| epoch   3 |  1600/ 2323 batches | lr 20.0000 | ms/batch 83.62 | loss  4.56 | ppl    95.11
| epoch   3 |  1800/ 2323 batches | lr 20.0000 | ms/batch 79.51 | loss  4.62 | ppl   101.29
| epoch   3 |  2000/ 2323 batches | lr 20.0000 | ms/batch 83.61 | loss  4.42 | ppl    83.34
| epoch   3 |  2200/ 2323 batches | lr 20.0000 | ms/batch 81.76 | loss  4.37 | ppl    79.42
-----------------------------------------------------------------------------------------
| end of epoch   3 | time: 194.32s | valid loss  4.90 | valid ppl   134.44
-----------------------------------------------------------------------------------------
| epoch   4 |   200/ 2323 batches | lr 20.0000 | ms/batch 80.38 | loss  4.42 | ppl    82.83
| epoch   4 |   400/ 2323 batches | lr 20.0000 | ms/batch 83.47 | loss  4.55 | ppl    95.04
| epoch   4 |   600/ 2323 batches | lr 20.0000 | ms/batch 80.36 | loss  4.44 | ppl    84.74
| epoch   4 |   800/ 2323 batches | lr 20.0000 | ms/batch 83.11 | loss  4.41 | ppl    82.34
| epoch   4 |  1000/ 2323 batches | lr 20.0000 | ms/batch 79.73 | loss  4.44 | ppl    84.89
| epoch   4 |  1200/ 2323 batches | lr 20.0000 | ms/batch 79.89 | loss  4.43 | ppl    84.04
| epoch   4 |  1400/ 2323 batches | lr 20.0000 | ms/batch 86.21 | loss  4.34 | ppl    76.50
| epoch   4 |  1600/ 2323 batches | lr 20.0000 | ms/batch 82.83 | loss  4.42 | ppl    82.92
| epoch   4 |  1800/ 2323 batches | lr 20.0000 | ms/batch 80.83 | loss  4.48 | ppl    88.59
| epoch   4 |  2000/ 2323 batches | lr 20.0000 | ms/batch 82.89 | loss  4.29 | ppl    73.16
| epoch   4 |  2200/ 2323 batches | lr 20.0000 | ms/batch 79.88 | loss  4.25 | ppl    70.12
-----------------------------------------------------------------------------------------
| end of epoch   4 | time: 194.58s | valid loss  4.94 | valid ppl   139.63
-----------------------------------------------------------------------------------------
| epoch   5 |   200/ 2323 batches | lr 10.0000 | ms/batch 84.86 | loss  4.24 | ppl    69.15
| epoch   5 |   400/ 2323 batches | lr 10.0000 | ms/batch 79.33 | loss  4.34 | ppl    76.67
| epoch   5 |   600/ 2323 batches | lr 10.0000 | ms/batch 80.13 | loss  4.18 | ppl    65.68
| epoch   5 |   800/ 2323 batches | lr 10.0000 | ms/batch 82.19 | loss  4.13 | ppl    62.05
| epoch   5 |  1000/ 2323 batches | lr 10.0000 | ms/batch 79.48 | loss  4.14 | ppl    63.09
| epoch   5 |  1200/ 2323 batches | lr 10.0000 | ms/batch 78.46 | loss  4.11 | ppl    60.83
| epoch   5 |  1400/ 2323 batches | lr 10.0000 | ms/batch 84.14 | loss  3.99 | ppl    53.99
| epoch   5 |  1600/ 2323 batches | lr 10.0000 | ms/batch 82.15 | loss  4.05 | ppl    57.68
| epoch   5 |  1800/ 2323 batches | lr 10.0000 | ms/batch 80.46 | loss  4.11 | ppl    60.75
| epoch   5 |  2000/ 2323 batches | lr 10.0000 | ms/batch 86.23 | loss  3.88 | ppl    48.38
| epoch   5 |  2200/ 2323 batches | lr 10.0000 | ms/batch 81.17 | loss  3.82 | ppl    45.71
-----------------------------------------------------------------------------------------
| end of epoch   5 | time: 194.95s | valid loss  4.85 | valid ppl   127.45
-----------------------------------------------------------------------------------------
| epoch   6 |   200/ 2323 batches | lr 10.0000 | ms/batch 82.14 | loss  4.01 | ppl    55.24
| epoch   6 |   400/ 2323 batches | lr 10.0000 | ms/batch 78.09 | loss  4.14 | ppl    62.91
| epoch   6 |   600/ 2323 batches | lr 10.0000 | ms/batch 83.84 | loss  3.99 | ppl    54.21
| epoch   6 |   800/ 2323 batches | lr 10.0000 | ms/batch 82.14 | loss  3.94 | ppl    51.67
| epoch   6 |  1000/ 2323 batches | lr 10.0000 | ms/batch 84.59 | loss  3.98 | ppl    53.34
| epoch   6 |  1200/ 2323 batches | lr 10.0000 | ms/batch 83.40 | loss  3.95 | ppl    52.05
| epoch   6 |  1400/ 2323 batches | lr 10.0000 | ms/batch 81.75 | loss  3.85 | ppl    47.05
| epoch   6 |  1600/ 2323 batches | lr 10.0000 | ms/batch 80.06 | loss  3.93 | ppl    51.11
| epoch   6 |  1800/ 2323 batches | lr 10.0000 | ms/batch 79.92 | loss  3.99 | ppl    54.03
| epoch   6 |  2000/ 2323 batches | lr 10.0000 | ms/batch 82.08 | loss  3.77 | ppl    43.45
| epoch   6 |  2200/ 2323 batches | lr 10.0000 | ms/batch 82.72 | loss  3.72 | ppl    41.46
-----------------------------------------------------------------------------------------
| end of epoch   6 | time: 195.52s | valid loss  4.90 | valid ppl   133.93
-----------------------------------------------------------------------------------------
| epoch   7 |   200/ 2323 batches | lr 5.0000 | ms/batch 81.86 | loss  3.88 | ppl    48.43
| epoch   7 |   400/ 2323 batches | lr 5.0000 | ms/batch 80.45 | loss  3.99 | ppl    53.97
| epoch   7 |   600/ 2323 batches | lr 5.0000 | ms/batch 81.78 | loss  3.83 | ppl    45.94
| epoch   7 |   800/ 2323 batches | lr 5.0000 | ms/batch 79.99 | loss  3.76 | ppl    42.92
| epoch   7 |  1000/ 2323 batches | lr 5.0000 | ms/batch 79.71 | loss  3.78 | ppl    43.62
| epoch   7 |  1200/ 2323 batches | lr 5.0000 | ms/batch 86.45 | loss  3.74 | ppl    41.96
| epoch   7 |  1400/ 2323 batches | lr 5.0000 | ms/batch 85.12 | loss  3.62 | ppl    37.25
| epoch   7 |  1600/ 2323 batches | lr 5.0000 | ms/batch 83.07 | loss  3.69 | ppl    40.07
| epoch   7 |  1800/ 2323 batches | lr 5.0000 | ms/batch 79.59 | loss  3.73 | ppl    41.71
| epoch   7 |  2000/ 2323 batches | lr 5.0000 | ms/batch 80.84 | loss  3.50 | ppl    32.96
| epoch   7 |  2200/ 2323 batches | lr 5.0000 | ms/batch 80.07 | loss  3.43 | ppl    30.91
-----------------------------------------------------------------------------------------
| end of epoch   7 | time: 194.95s | valid loss  4.90 | valid ppl   133.77
-----------------------------------------------------------------------------------------
| epoch   8 |   200/ 2323 batches | lr 5.0000 | ms/batch 83.49 | loss  3.72 | ppl    41.31
| epoch   8 |   400/ 2323 batches | lr 5.0000 | ms/batch 83.06 | loss  3.84 | ppl    46.60
| epoch   8 |   600/ 2323 batches | lr 5.0000 | ms/batch 80.86 | loss  3.69 | ppl    39.97
| epoch   8 |   800/ 2323 batches | lr 5.0000 | ms/batch 78.57 | loss  3.63 | ppl    37.53
| epoch   8 |  1000/ 2323 batches | lr 5.0000 | ms/batch 78.96 | loss  3.65 | ppl    38.58
| epoch   8 |  1200/ 2323 batches | lr 5.0000 | ms/batch 82.24 | loss  3.62 | ppl    37.36
| epoch   8 |  1400/ 2323 batches | lr 5.0000 | ms/batch 79.81 | loss  3.51 | ppl    33.52
| epoch   8 |  1600/ 2323 batches | lr 5.0000 | ms/batch 80.97 | loss  3.60 | ppl    36.52
| epoch   8 |  1800/ 2323 batches | lr 5.0000 | ms/batch 81.25 | loss  3.64 | ppl    38.28
| epoch   8 |  2000/ 2323 batches | lr 5.0000 | ms/batch 82.17 | loss  3.42 | ppl    30.47
| epoch   8 |  2200/ 2323 batches | lr 5.0000 | ms/batch 84.06 | loss  3.36 | ppl    28.84
-----------------------------------------------------------------------------------------
| end of epoch   8 | time: 194.80s | valid loss  4.94 | valid ppl   140.23
-----------------------------------------------------------------------------------------
| epoch   9 |   200/ 2323 batches | lr 2.5000 | ms/batch 85.86 | loss  3.63 | ppl    37.73
| epoch   9 |   400/ 2323 batches | lr 2.5000 | ms/batch 86.28 | loss  3.75 | ppl    42.32
| epoch   9 |   600/ 2323 batches | lr 2.5000 | ms/batch 83.24 | loss  3.59 | ppl    36.13
| epoch   9 |   800/ 2323 batches | lr 2.5000 | ms/batch 80.91 | loss  3.51 | ppl    33.60
| epoch   9 |  1000/ 2323 batches | lr 2.5000 | ms/batch 81.01 | loss  3.53 | ppl    34.15
| epoch   9 |  1200/ 2323 batches | lr 2.5000 | ms/batch 81.32 | loss  3.49 | ppl    32.82
| epoch   9 |  1400/ 2323 batches | lr 2.5000 | ms/batch 84.16 | loss  3.37 | ppl    29.10
| epoch   9 |  1600/ 2323 batches | lr 2.5000 | ms/batch 80.35 | loss  3.45 | ppl    31.43
| epoch   9 |  1800/ 2323 batches | lr 2.5000 | ms/batch 79.66 | loss  3.48 | ppl    32.56
| epoch   9 |  2000/ 2323 batches | lr 2.5000 | ms/batch 79.55 | loss  3.25 | ppl    25.79
| epoch   9 |  2200/ 2323 batches | lr 2.5000 | ms/batch 67.76 | loss  3.18 | ppl    24.09
-----------------------------------------------------------------------------------------
| end of epoch   9 | time: 190.89s | valid loss  4.95 | valid ppl   141.60
-----------------------------------------------------------------------------------------
| epoch  10 |   200/ 2323 batches | lr 1.2500 | ms/batch 78.24 | loss  3.55 | ppl    34.87
| epoch  10 |   400/ 2323 batches | lr 1.2500 | ms/batch 85.29 | loss  3.67 | ppl    39.10
| epoch  10 |   600/ 2323 batches | lr 1.2500 | ms/batch 85.85 | loss  3.51 | ppl    33.49
| epoch  10 |   800/ 2323 batches | lr 1.2500 | ms/batch 88.33 | loss  3.44 | ppl    31.03
| epoch  10 |  1000/ 2323 batches | lr 1.2500 | ms/batch 84.57 | loss  3.45 | ppl    31.50
| epoch  10 |  1200/ 2323 batches | lr 1.2500 | ms/batch 82.80 | loss  3.41 | ppl    30.35
| epoch  10 |  1400/ 2323 batches | lr 1.2500 | ms/batch 84.34 | loss  3.29 | ppl    26.79
| epoch  10 |  1600/ 2323 batches | lr 1.2500 | ms/batch 89.06 | loss  3.36 | ppl    28.82
| epoch  10 |  1800/ 2323 batches | lr 1.2500 | ms/batch 84.26 | loss  3.40 | ppl    29.82
| epoch  10 |  2000/ 2323 batches | lr 1.2500 | ms/batch 84.53 | loss  3.16 | ppl    23.52
| epoch  10 |  2200/ 2323 batches | lr 1.2500 | ms/batch 85.05 | loss  3.09 | ppl    21.93
-----------------------------------------------------------------------------------------
| end of epoch  10 | time: 201.99s | valid loss  4.95 | valid ppl   141.71
-----------------------------------------------------------------------------------------
| epoch  11 |   200/ 2323 batches | lr 0.6250 | ms/batch 84.62 | loss  3.51 | ppl    33.33
| epoch  11 |   400/ 2323 batches | lr 0.6250 | ms/batch 84.46 | loss  3.62 | ppl    37.44
| epoch  11 |   600/ 2323 batches | lr 0.6250 | ms/batch 88.83 | loss  3.47 | ppl    32.10
| epoch  11 |   800/ 2323 batches | lr 0.6250 | ms/batch 82.45 | loss  3.39 | ppl    29.74
| epoch  11 |  1000/ 2323 batches | lr 0.6250 | ms/batch 84.73 | loss  3.41 | ppl    30.23
| epoch  11 |  1200/ 2323 batches | lr 0.6250 | ms/batch 82.41 | loss  3.37 | ppl    29.13
| epoch  11 |  1400/ 2323 batches | lr 0.6250 | ms/batch 85.54 | loss  3.25 | ppl    25.71
| epoch  11 |  1600/ 2323 batches | lr 0.6250 | ms/batch 83.45 | loss  3.32 | ppl    27.54
| epoch  11 |  1800/ 2323 batches | lr 0.6250 | ms/batch 84.78 | loss  3.35 | ppl    28.52
| epoch  11 |  2000/ 2323 batches | lr 0.6250 | ms/batch 85.36 | loss  3.11 | ppl    22.43
| epoch  11 |  2200/ 2323 batches | lr 0.6250 | ms/batch 84.11 | loss  3.04 | ppl    20.95
-----------------------------------------------------------------------------------------
| end of epoch  11 | time: 201.93s | valid loss  4.95 | valid ppl   141.12
-----------------------------------------------------------------------------------------
| epoch  12 |   200/ 2323 batches | lr 0.6250 | ms/batch 84.85 | loss  3.47 | ppl    31.99
| epoch  12 |   400/ 2323 batches | lr 0.6250 | ms/batch 84.03 | loss  3.58 | ppl    35.73
| epoch  12 |   600/ 2323 batches | lr 0.6250 | ms/batch 88.94 | loss  3.42 | ppl    30.71
| epoch  12 |   800/ 2323 batches | lr 0.6250 | ms/batch 84.10 | loss  3.35 | ppl    28.49
| epoch  12 |  1000/ 2323 batches | lr 0.6250 | ms/batch 90.62 | loss  3.37 | ppl    29.09
| epoch  12 |  1200/ 2323 batches | lr 0.6250 | ms/batch 89.22 | loss  3.34 | ppl    28.14
| epoch  12 |  1400/ 2323 batches | lr 0.6250 | ms/batch 82.61 | loss  3.22 | ppl    24.98
| epoch  12 |  1600/ 2323 batches | lr 0.6250 | ms/batch 86.57 | loss  3.29 | ppl    26.89
| epoch  12 |  1800/ 2323 batches | lr 0.6250 | ms/batch 82.02 | loss  3.33 | ppl    27.97
| epoch  12 |  2000/ 2323 batches | lr 0.6250 | ms/batch 87.36 | loss  3.10 | ppl    22.10
| epoch  12 |  2200/ 2323 batches | lr 0.6250 | ms/batch 87.46 | loss  3.03 | ppl    20.70
-----------------------------------------------------------------------------------------
| end of epoch  12 | time: 205.44s | valid loss  4.96 | valid ppl   142.78
-----------------------------------------------------------------------------------------
| epoch  13 |   200/ 2323 batches | lr 0.3125 | ms/batch 86.98 | loss  3.45 | ppl    31.39
| epoch  13 |   400/ 2323 batches | lr 0.3125 | ms/batch 85.02 | loss  3.56 | ppl    35.34
| epoch  13 |   600/ 2323 batches | lr 0.3125 | ms/batch 86.44 | loss  3.41 | ppl    30.39
| epoch  13 |   800/ 2323 batches | lr 0.3125 | ms/batch 85.84 | loss  3.34 | ppl    28.16
| epoch  13 |  1000/ 2323 batches | lr 0.3125 | ms/batch 86.07 | loss  3.36 | ppl    28.71
| epoch  13 |  1200/ 2323 batches | lr 0.3125 | ms/batch 85.51 | loss  3.32 | ppl    27.72
| epoch  13 |  1400/ 2323 batches | lr 0.3125 | ms/batch 86.92 | loss  3.20 | ppl    24.58
| epoch  13 |  1600/ 2323 batches | lr 0.3125 | ms/batch 92.04 | loss  3.27 | ppl    26.30
| epoch  13 |  1800/ 2323 batches | lr 0.3125 | ms/batch 86.63 | loss  3.31 | ppl    27.33
| epoch  13 |  2000/ 2323 batches | lr 0.3125 | ms/batch 85.03 | loss  3.07 | ppl    21.51
| epoch  13 |  2200/ 2323 batches | lr 0.3125 | ms/batch 84.94 | loss  3.01 | ppl    20.19
-----------------------------------------------------------------------------------------
| end of epoch  13 | time: 205.91s | valid loss  4.96 | valid ppl   142.11
-----------------------------------------------------------------------------------------
| epoch  14 |   200/ 2323 batches | lr 0.3125 | ms/batch 85.68 | loss  3.43 | ppl    30.73
| epoch  14 |   400/ 2323 batches | lr 0.3125 | ms/batch 86.77 | loss  3.54 | ppl    34.40
| epoch  14 |   600/ 2323 batches | lr 0.3125 | ms/batch 84.94 | loss  3.39 | ppl    29.61
| epoch  14 |   800/ 2323 batches | lr 0.3125 | ms/batch 80.70 | loss  3.31 | ppl    27.48
| epoch  14 |  1000/ 2323 batches | lr 0.3125 | ms/batch 81.84 | loss  3.34 | ppl    28.09
| epoch  14 |  1200/ 2323 batches | lr 0.3125 | ms/batch 86.02 | loss  3.30 | ppl    27.18
| epoch  14 |  1400/ 2323 batches | lr 0.3125 | ms/batch 83.13 | loss  3.19 | ppl    24.20
| epoch  14 |  1600/ 2323 batches | lr 0.3125 | ms/batch 85.92 | loss  3.26 | ppl    25.98
| epoch  14 |  1800/ 2323 batches | lr 0.3125 | ms/batch 84.46 | loss  3.30 | ppl    27.06
| epoch  14 |  2000/ 2323 batches | lr 0.3125 | ms/batch 88.97 | loss  3.06 | ppl    21.37
| epoch  14 |  2200/ 2323 batches | lr 0.3125 | ms/batch 92.08 | loss  3.00 | ppl    20.09
-----------------------------------------------------------------------------------------
| end of epoch  14 | time: 204.85s | valid loss  4.96 | valid ppl   142.96
-----------------------------------------------------------------------------------------
| epoch  15 |   200/ 2323 batches | lr 0.1562 | ms/batch 85.69 | loss  3.42 | ppl    30.46
| epoch  15 |   400/ 2323 batches | lr 0.1562 | ms/batch 88.08 | loss  3.54 | ppl    34.32
| epoch  15 |   600/ 2323 batches | lr 0.1562 | ms/batch 86.08 | loss  3.39 | ppl    29.54
| epoch  15 |   800/ 2323 batches | lr 0.1562 | ms/batch 83.46 | loss  3.31 | ppl    27.38
| epoch  15 |  1000/ 2323 batches | lr 0.1562 | ms/batch 83.87 | loss  3.33 | ppl    27.92
| epoch  15 |  1200/ 2323 batches | lr 0.1562 | ms/batch 82.33 | loss  3.30 | ppl    27.02
| epoch  15 |  1400/ 2323 batches | lr 0.1562 | ms/batch 85.06 | loss  3.18 | ppl    24.00
| epoch  15 |  1600/ 2323 batches | lr 0.1562 | ms/batch 85.34 | loss  3.25 | ppl    25.69
| epoch  15 |  1800/ 2323 batches | lr 0.1562 | ms/batch 86.73 | loss  3.29 | ppl    26.71
| epoch  15 |  2000/ 2323 batches | lr 0.1562 | ms/batch 85.40 | loss  3.05 | ppl    21.05
| epoch  15 |  2200/ 2323 batches | lr 0.1562 | ms/batch 87.44 | loss  2.98 | ppl    19.74
-----------------------------------------------------------------------------------------
| end of epoch  15 | time: 204.02s | valid loss  4.96 | valid ppl   142.33
-----------------------------------------------------------------------------------------
| epoch  16 |   200/ 2323 batches | lr 0.1562 | ms/batch 89.36 | loss  3.40 | ppl    30.09
| epoch  16 |   400/ 2323 batches | lr 0.1562 | ms/batch 88.08 | loss  3.52 | ppl    33.78
| epoch  16 |   600/ 2323 batches | lr 0.1562 | ms/batch 83.16 | loss  3.37 | ppl    29.08
| epoch  16 |   800/ 2323 batches | lr 0.1562 | ms/batch 82.97 | loss  3.29 | ppl    26.97
| epoch  16 |  1000/ 2323 batches | lr 0.1562 | ms/batch 84.48 | loss  3.32 | ppl    27.55
| epoch  16 |  1200/ 2323 batches | lr 0.1562 | ms/batch 83.47 | loss  3.28 | ppl    26.71
| epoch  16 |  1400/ 2323 batches | lr 0.1562 | ms/batch 81.86 | loss  3.17 | ppl    23.79
| epoch  16 |  1600/ 2323 batches | lr 0.1562 | ms/batch 86.70 | loss  3.24 | ppl    25.53
| epoch  16 |  1800/ 2323 batches | lr 0.1562 | ms/batch 85.12 | loss  3.28 | ppl    26.59
| epoch  16 |  2000/ 2323 batches | lr 0.1562 | ms/batch 84.94 | loss  3.04 | ppl    21.00
| epoch  16 |  2200/ 2323 batches | lr 0.1562 | ms/batch 87.09 | loss  2.98 | ppl    19.72
-----------------------------------------------------------------------------------------
| end of epoch  16 | time: 203.08s | valid loss  4.96 | valid ppl   142.74
-----------------------------------------------------------------------------------------
| epoch  17 |   200/ 2323 batches | lr 0.0781 | ms/batch 85.94 | loss  3.40 | ppl    29.96
| epoch  17 |   400/ 2323 batches | lr 0.0781 | ms/batch 87.86 | loss  3.52 | ppl    33.80
| epoch  17 |   600/ 2323 batches | lr 0.0781 | ms/batch 86.36 | loss  3.37 | ppl    29.07
| epoch  17 |   800/ 2323 batches | lr 0.0781 | ms/batch 89.88 | loss  3.29 | ppl    26.94
| epoch  17 |  1000/ 2323 batches | lr 0.0781 | ms/batch 88.68 | loss  3.31 | ppl    27.47
| epoch  17 |  1200/ 2323 batches | lr 0.0781 | ms/batch 84.38 | loss  3.28 | ppl    26.60
| epoch  17 |  1400/ 2323 batches | lr 0.0781 | ms/batch 88.70 | loss  3.16 | ppl    23.64
| epoch  17 |  1600/ 2323 batches | lr 0.0781 | ms/batch 85.60 | loss  3.23 | ppl    25.37
| epoch  17 |  1800/ 2323 batches | lr 0.0781 | ms/batch 85.30 | loss  3.27 | ppl    26.37
| epoch  17 |  2000/ 2323 batches | lr 0.0781 | ms/batch 83.94 | loss  3.04 | ppl    20.82
| epoch  17 |  2200/ 2323 batches | lr 0.0781 | ms/batch 83.87 | loss  2.97 | ppl    19.47
-----------------------------------------------------------------------------------------
| end of epoch  17 | time: 205.79s | valid loss  4.96 | valid ppl   142.29
-----------------------------------------------------------------------------------------
| epoch  18 |   200/ 2323 batches | lr 0.0781 | ms/batch 85.45 | loss  3.39 | ppl    29.72
| epoch  18 |   400/ 2323 batches | lr 0.0781 | ms/batch 82.24 | loss  3.51 | ppl    33.48
| epoch  18 |   600/ 2323 batches | lr 0.0781 | ms/batch 83.66 | loss  3.36 | ppl    28.80
| epoch  18 |   800/ 2323 batches | lr 0.0781 | ms/batch 87.77 | loss  3.28 | ppl    26.70
| epoch  18 |  1000/ 2323 batches | lr 0.0781 | ms/batch 86.74 | loss  3.31 | ppl    27.26
| epoch  18 |  1200/ 2323 batches | lr 0.0781 | ms/batch 89.17 | loss  3.27 | ppl    26.44
| epoch  18 |  1400/ 2323 batches | lr 0.0781 | ms/batch 85.14 | loss  3.16 | ppl    23.54
| epoch  18 |  1600/ 2323 batches | lr 0.0781 | ms/batch 84.40 | loss  3.23 | ppl    25.29
| epoch  18 |  1800/ 2323 batches | lr 0.0781 | ms/batch 85.04 | loss  3.27 | ppl    26.33
| epoch  18 |  2000/ 2323 batches | lr 0.0781 | ms/batch 86.07 | loss  3.04 | ppl    20.81
| epoch  18 |  2200/ 2323 batches | lr 0.0781 | ms/batch 84.17 | loss  2.97 | ppl    19.48
-----------------------------------------------------------------------------------------
| end of epoch  18 | time: 203.84s | valid loss  4.96 | valid ppl   142.46
-----------------------------------------------------------------------------------------
| epoch  19 |   200/ 2323 batches | lr 0.0391 | ms/batch 86.51 | loss  3.39 | ppl    29.65
| epoch  19 |   400/ 2323 batches | lr 0.0391 | ms/batch 87.85 | loss  3.51 | ppl    33.50
| epoch  19 |   600/ 2323 batches | lr 0.0391 | ms/batch 87.03 | loss  3.36 | ppl    28.81
| epoch  19 |   800/ 2323 batches | lr 0.0391 | ms/batch 87.63 | loss  3.28 | ppl    26.68
| epoch  19 |  1000/ 2323 batches | lr 0.0391 | ms/batch 86.68 | loss  3.30 | ppl    27.22
| epoch  19 |  1200/ 2323 batches | lr 0.0391 | ms/batch 83.95 | loss  3.27 | ppl    26.35
| epoch  19 |  1400/ 2323 batches | lr 0.0391 | ms/batch 83.91 | loss  3.15 | ppl    23.44
| epoch  19 |  1600/ 2323 batches | lr 0.0391 | ms/batch 84.12 | loss  3.23 | ppl    25.18
| epoch  19 |  1800/ 2323 batches | lr 0.0391 | ms/batch 88.52 | loss  3.26 | ppl    26.17
| epoch  19 |  2000/ 2323 batches | lr 0.0391 | ms/batch 91.35 | loss  3.03 | ppl    20.68
| epoch  19 |  2200/ 2323 batches | lr 0.0391 | ms/batch 84.17 | loss  2.96 | ppl    19.33
-----------------------------------------------------------------------------------------
| end of epoch  19 | time: 205.83s | valid loss  4.96 | valid ppl   142.16
-----------------------------------------------------------------------------------------
| epoch  20 |   200/ 2323 batches | lr 0.0391 | ms/batch 85.49 | loss  3.38 | ppl    29.50
| epoch  20 |   400/ 2323 batches | lr 0.0391 | ms/batch 85.83 | loss  3.51 | ppl    33.30
| epoch  20 |   600/ 2323 batches | lr 0.0391 | ms/batch 86.73 | loss  3.36 | ppl    28.65
| epoch  20 |   800/ 2323 batches | lr 0.0391 | ms/batch 84.34 | loss  3.28 | ppl    26.55
| epoch  20 |  1000/ 2323 batches | lr 0.0391 | ms/batch 85.06 | loss  3.30 | ppl    27.11
| epoch  20 |  1200/ 2323 batches | lr 0.0391 | ms/batch 84.96 | loss  3.27 | ppl    26.27
| epoch  20 |  1400/ 2323 batches | lr 0.0391 | ms/batch 82.99 | loss  3.15 | ppl    23.39
| epoch  20 |  1600/ 2323 batches | lr 0.0391 | ms/batch 84.25 | loss  3.22 | ppl    25.15
| epoch  20 |  1800/ 2323 batches | lr 0.0391 | ms/batch 83.47 | loss  3.26 | ppl    26.16
| epoch  20 |  2000/ 2323 batches | lr 0.0391 | ms/batch 82.60 | loss  3.03 | ppl    20.69
| epoch  20 |  2200/ 2323 batches | lr 0.0391 | ms/batch 87.19 | loss  2.96 | ppl    19.34
-----------------------------------------------------------------------------------------
| end of epoch  20 | time: 203.91s | valid loss  4.96 | valid ppl   142.21
-----------------------------------------------------------------------------------------
| epoch  21 |   200/ 2323 batches | lr 0.0195 | ms/batch 90.44 | loss  3.38 | ppl    29.45
| epoch  21 |   400/ 2323 batches | lr 0.0195 | ms/batch 82.19 | loss  3.51 | ppl    33.29
| epoch  21 |   600/ 2323 batches | lr 0.0195 | ms/batch 84.16 | loss  3.36 | ppl    28.65
| epoch  21 |   800/ 2323 batches | lr 0.0195 | ms/batch 84.65 | loss  3.28 | ppl    26.53
| epoch  21 |  1000/ 2323 batches | lr 0.0195 | ms/batch 82.38 | loss  3.30 | ppl    27.09
| epoch  21 |  1200/ 2323 batches | lr 0.0195 | ms/batch 88.42 | loss  3.27 | ppl    26.22
| epoch  21 |  1400/ 2323 batches | lr 0.0195 | ms/batch 86.43 | loss  3.15 | ppl    23.33
| epoch  21 |  1600/ 2323 batches | lr 0.0195 | ms/batch 84.30 | loss  3.22 | ppl    25.07
| epoch  21 |  1800/ 2323 batches | lr 0.0195 | ms/batch 83.67 | loss  3.26 | ppl    26.06
| epoch  21 |  2000/ 2323 batches | lr 0.0195 | ms/batch 88.62 | loss  3.03 | ppl    20.61
| epoch  21 |  2200/ 2323 batches | lr 0.0195 | ms/batch 85.24 | loss  2.96 | ppl    19.26
-----------------------------------------------------------------------------------------
| end of epoch  21 | time: 204.15s | valid loss  4.96 | valid ppl   142.04
-----------------------------------------------------------------------------------------
| epoch  22 |   200/ 2323 batches | lr 0.0195 | ms/batch 88.62 | loss  3.38 | ppl    29.38
| epoch  22 |   400/ 2323 batches | lr 0.0195 | ms/batch 70.54 | loss  3.50 | ppl    33.18
| epoch  22 |   600/ 2323 batches | lr 0.0195 | ms/batch 69.35 | loss  3.35 | ppl    28.57
| epoch  22 |   800/ 2323 batches | lr 0.0195 | ms/batch 69.49 | loss  3.28 | ppl    26.47
| epoch  22 |  1000/ 2323 batches | lr 0.0195 | ms/batch 67.53 | loss  3.30 | ppl    27.03
| epoch  22 |  1200/ 2323 batches | lr 0.0195 | ms/batch 67.73 | loss  3.27 | ppl    26.18
| epoch  22 |  1400/ 2323 batches | lr 0.0195 | ms/batch 67.74 | loss  3.15 | ppl    23.31
| epoch  22 |  1600/ 2323 batches | lr 0.0195 | ms/batch 69.55 | loss  3.22 | ppl    25.06
| epoch  22 |  1800/ 2323 batches | lr 0.0195 | ms/batch 67.05 | loss  3.26 | ppl    26.06
| epoch  22 |  2000/ 2323 batches | lr 0.0195 | ms/batch 67.33 | loss  3.03 | ppl    20.62
| epoch  22 |  2200/ 2323 batches | lr 0.0195 | ms/batch 66.85 | loss  2.96 | ppl    19.27
-----------------------------------------------------------------------------------------
| end of epoch  22 | time: 167.18s | valid loss  4.96 | valid ppl   142.03
-----------------------------------------------------------------------------------------
| epoch  23 |   200/ 2323 batches | lr 0.0195 | ms/batch 67.29 | loss  3.38 | ppl    29.32
| epoch  23 |   400/ 2323 batches | lr 0.0195 | ms/batch 67.44 | loss  3.50 | ppl    33.11
| epoch  23 |   600/ 2323 batches | lr 0.0195 | ms/batch 67.40 | loss  3.35 | ppl    28.51
| epoch  23 |   800/ 2323 batches | lr 0.0195 | ms/batch 67.63 | loss  3.27 | ppl    26.42
| epoch  23 |  1000/ 2323 batches | lr 0.0195 | ms/batch 68.88 | loss  3.30 | ppl    26.98
| epoch  23 |  1200/ 2323 batches | lr 0.0195 | ms/batch 71.18 | loss  3.26 | ppl    26.15
| epoch  23 |  1400/ 2323 batches | lr 0.0195 | ms/batch 69.07 | loss  3.15 | ppl    23.28
| epoch  23 |  1600/ 2323 batches | lr 0.0195 | ms/batch 67.57 | loss  3.22 | ppl    25.04
| epoch  23 |  1800/ 2323 batches | lr 0.0195 | ms/batch 67.72 | loss  3.26 | ppl    26.05
| epoch  23 |  2000/ 2323 batches | lr 0.0195 | ms/batch 67.69 | loss  3.03 | ppl    20.62
| epoch  23 |  2200/ 2323 batches | lr 0.0195 | ms/batch 67.65 | loss  2.96 | ppl    19.27
-----------------------------------------------------------------------------------------
| end of epoch  23 | time: 162.76s | valid loss  4.96 | valid ppl   142.06
-----------------------------------------------------------------------------------------
| epoch  24 |   200/ 2323 batches | lr 0.0098 | ms/batch 67.84 | loss  3.38 | ppl    29.30
| epoch  24 |   400/ 2323 batches | lr 0.0098 | ms/batch 67.77 | loss  3.50 | ppl    33.11
| epoch  24 |   600/ 2323 batches | lr 0.0098 | ms/batch 67.69 | loss  3.35 | ppl    28.50
| epoch  24 |   800/ 2323 batches | lr 0.0098 | ms/batch 68.89 | loss  3.27 | ppl    26.41
| epoch  24 |  1000/ 2323 batches | lr 0.0098 | ms/batch 67.99 | loss  3.29 | ppl    26.98
| epoch  24 |  1200/ 2323 batches | lr 0.0098 | ms/batch 67.32 | loss  3.26 | ppl    26.12
| epoch  24 |  1400/ 2323 batches | lr 0.0098 | ms/batch 67.57 | loss  3.15 | ppl    23.25
| epoch  24 |  1600/ 2323 batches | lr 0.0098 | ms/batch 69.45 | loss  3.22 | ppl    25.00
| epoch  24 |  1800/ 2323 batches | lr 0.0098 | ms/batch 70.00 | loss  3.26 | ppl    25.99
| epoch  24 |  2000/ 2323 batches | lr 0.0098 | ms/batch 67.95 | loss  3.02 | ppl    20.57
| epoch  24 |  2200/ 2323 batches | lr 0.0098 | ms/batch 67.48 | loss  2.96 | ppl    19.22
-----------------------------------------------------------------------------------------
| end of epoch  24 | time: 162.86s | valid loss  4.96 | valid ppl   142.00
-----------------------------------------------------------------------------------------
| epoch  25 |   200/ 2323 batches | lr 0.0098 | ms/batch 67.91 | loss  3.38 | ppl    29.27
| epoch  25 |   400/ 2323 batches | lr 0.0098 | ms/batch 67.59 | loss  3.50 | ppl    33.06
| epoch  25 |   600/ 2323 batches | lr 0.0098 | ms/batch 69.06 | loss  3.35 | ppl    28.47
| epoch  25 |   800/ 2323 batches | lr 0.0098 | ms/batch 67.13 | loss  3.27 | ppl    26.38
| epoch  25 |  1000/ 2323 batches | lr 0.0098 | ms/batch 67.28 | loss  3.29 | ppl    26.95
| epoch  25 |  1200/ 2323 batches | lr 0.0098 | ms/batch 67.37 | loss  3.26 | ppl    26.10
| epoch  25 |  1400/ 2323 batches | lr 0.0098 | ms/batch 67.51 | loss  3.15 | ppl    23.24
| epoch  25 |  1600/ 2323 batches | lr 0.0098 | ms/batch 67.68 | loss  3.22 | ppl    24.99
| epoch  25 |  1800/ 2323 batches | lr 0.0098 | ms/batch 67.52 | loss  3.26 | ppl    25.99
| epoch  25 |  2000/ 2323 batches | lr 0.0098 | ms/batch 67.55 | loss  3.02 | ppl    20.58
| epoch  25 |  2200/ 2323 batches | lr 0.0098 | ms/batch 69.65 | loss  2.96 | ppl    19.23
-----------------------------------------------------------------------------------------
| end of epoch  25 | time: 162.53s | valid loss  4.96 | valid ppl   141.99
-----------------------------------------------------------------------------------------
| epoch  26 |   200/ 2323 batches | lr 0.0098 | ms/batch 70.27 | loss  3.38 | ppl    29.24
| epoch  26 |   400/ 2323 batches | lr 0.0098 | ms/batch 67.57 | loss  3.50 | ppl    33.02
| epoch  26 |   600/ 2323 batches | lr 0.0098 | ms/batch 67.40 | loss  3.35 | ppl    28.44
| epoch  26 |   800/ 2323 batches | lr 0.0098 | ms/batch 67.66 | loss  3.27 | ppl    26.36
| epoch  26 |  1000/ 2323 batches | lr 0.0098 | ms/batch 67.45 | loss  3.29 | ppl    26.93
| epoch  26 |  1200/ 2323 batches | lr 0.0098 | ms/batch 67.63 | loss  3.26 | ppl    26.09
| epoch  26 |  1400/ 2323 batches | lr 0.0098 | ms/batch 67.68 | loss  3.15 | ppl    23.23
| epoch  26 |  1600/ 2323 batches | lr 0.0098 | ms/batch 67.55 | loss  3.22 | ppl    24.99
| epoch  26 |  1800/ 2323 batches | lr 0.0098 | ms/batch 67.50 | loss  3.26 | ppl    25.99
| epoch  26 |  2000/ 2323 batches | lr 0.0098 | ms/batch 67.76 | loss  3.02 | ppl    20.58
| epoch  26 |  2200/ 2323 batches | lr 0.0098 | ms/batch 69.16 | loss  2.96 | ppl    19.23
-----------------------------------------------------------------------------------------
| end of epoch  26 | time: 162.36s | valid loss  4.96 | valid ppl   142.00
-----------------------------------------------------------------------------------------
| epoch  27 |   200/ 2323 batches | lr 0.0049 | ms/batch 67.84 | loss  3.38 | ppl    29.23
| epoch  27 |   400/ 2323 batches | lr 0.0049 | ms/batch 69.74 | loss  3.50 | ppl    33.02
| epoch  27 |   600/ 2323 batches | lr 0.0049 | ms/batch 69.68 | loss  3.35 | ppl    28.44
| epoch  27 |   800/ 2323 batches | lr 0.0049 | ms/batch 67.66 | loss  3.27 | ppl    26.35
| epoch  27 |  1000/ 2323 batches | lr 0.0049 | ms/batch 67.48 | loss  3.29 | ppl    26.92
| epoch  27 |  1200/ 2323 batches | lr 0.0049 | ms/batch 67.51 | loss  3.26 | ppl    26.07
| epoch  27 |  1400/ 2323 batches | lr 0.0049 | ms/batch 67.35 | loss  3.14 | ppl    23.21
| epoch  27 |  1600/ 2323 batches | lr 0.0049 | ms/batch 67.61 | loss  3.22 | ppl    24.96
| epoch  27 |  1800/ 2323 batches | lr 0.0049 | ms/batch 69.59 | loss  3.26 | ppl    25.96
| epoch  27 |  2000/ 2323 batches | lr 0.0049 | ms/batch 67.56 | loss  3.02 | ppl    20.55
| epoch  27 |  2200/ 2323 batches | lr 0.0049 | ms/batch 67.38 | loss  2.96 | ppl    19.20
-----------------------------------------------------------------------------------------
| end of epoch  27 | time: 162.76s | valid loss  4.96 | valid ppl   141.98
-----------------------------------------------------------------------------------------
| epoch  28 |   200/ 2323 batches | lr 0.0049 | ms/batch 67.85 | loss  3.37 | ppl    29.21
| epoch  28 |   400/ 2323 batches | lr 0.0049 | ms/batch 67.78 | loss  3.50 | ppl    33.00
| epoch  28 |   600/ 2323 batches | lr 0.0049 | ms/batch 67.68 | loss  3.35 | ppl    28.42
| epoch  28 |   800/ 2323 batches | lr 0.0049 | ms/batch 67.52 | loss  3.27 | ppl    26.34
| epoch  28 |  1000/ 2323 batches | lr 0.0049 | ms/batch 69.68 | loss  3.29 | ppl    26.91
| epoch  28 |  1200/ 2323 batches | lr 0.0049 | ms/batch 70.01 | loss  3.26 | ppl    26.06
| epoch  28 |  1400/ 2323 batches | lr 0.0049 | ms/batch 69.58 | loss  3.14 | ppl    23.21
| epoch  28 |  1600/ 2323 batches | lr 0.0049 | ms/batch 67.71 | loss  3.22 | ppl    24.96
| epoch  28 |  1800/ 2323 batches | lr 0.0049 | ms/batch 67.63 | loss  3.26 | ppl    25.96
| epoch  28 |  2000/ 2323 batches | lr 0.0049 | ms/batch 67.14 | loss  3.02 | ppl    20.56
| epoch  28 |  2200/ 2323 batches | lr 0.0049 | ms/batch 67.25 | loss  2.96 | ppl    19.21
-----------------------------------------------------------------------------------------
| end of epoch  28 | time: 162.83s | valid loss  4.96 | valid ppl   141.97
-----------------------------------------------------------------------------------------
| epoch  29 |   200/ 2323 batches | lr 0.0049 | ms/batch 67.73 | loss  3.37 | ppl    29.20
| epoch  29 |   400/ 2323 batches | lr 0.0049 | ms/batch 67.08 | loss  3.50 | ppl    32.98
| epoch  29 |   600/ 2323 batches | lr 0.0049 | ms/batch 67.17 | loss  3.35 | ppl    28.41
| epoch  29 |   800/ 2323 batches | lr 0.0049 | ms/batch 67.10 | loss  3.27 | ppl    26.32
| epoch  29 |  1000/ 2323 batches | lr 0.0049 | ms/batch 69.02 | loss  3.29 | ppl    26.90
| epoch  29 |  1200/ 2323 batches | lr 0.0049 | ms/batch 67.04 | loss  3.26 | ppl    26.05
| epoch  29 |  1400/ 2323 batches | lr 0.0049 | ms/batch 67.35 | loss  3.14 | ppl    23.20
| epoch  29 |  1600/ 2323 batches | lr 0.0049 | ms/batch 69.89 | loss  3.22 | ppl    24.96
| epoch  29 |  1800/ 2323 batches | lr 0.0049 | ms/batch 69.79 | loss  3.26 | ppl    25.96
| epoch  29 |  2000/ 2323 batches | lr 0.0049 | ms/batch 67.17 | loss  3.02 | ppl    20.56
| epoch  29 |  2200/ 2323 batches | lr 0.0049 | ms/batch 67.49 | loss  2.96 | ppl    19.21
-----------------------------------------------------------------------------------------
| end of epoch  29 | time: 162.24s | valid loss  4.96 | valid ppl   141.97
-----------------------------------------------------------------------------------------
| epoch  30 |   200/ 2323 batches | lr 0.0049 | ms/batch 67.59 | loss  3.37 | ppl    29.18
| epoch  30 |   400/ 2323 batches | lr 0.0049 | ms/batch 67.32 | loss  3.50 | ppl    32.96
| epoch  30 |   600/ 2323 batches | lr 0.0049 | ms/batch 69.49 | loss  3.35 | ppl    28.39
| epoch  30 |   800/ 2323 batches | lr 0.0049 | ms/batch 67.76 | loss  3.27 | ppl    26.31
| epoch  30 |  1000/ 2323 batches | lr 0.0049 | ms/batch 67.59 | loss  3.29 | ppl    26.88
| epoch  30 |  1200/ 2323 batches | lr 0.0049 | ms/batch 67.49 | loss  3.26 | ppl    26.05
| epoch  30 |  1400/ 2323 batches | lr 0.0049 | ms/batch 67.82 | loss  3.14 | ppl    23.20
| epoch  30 |  1600/ 2323 batches | lr 0.0049 | ms/batch 67.44 | loss  3.22 | ppl    24.95
| epoch  30 |  1800/ 2323 batches | lr 0.0049 | ms/batch 67.64 | loss  3.26 | ppl    25.96
| epoch  30 |  2000/ 2323 batches | lr 0.0049 | ms/batch 67.63 | loss  3.02 | ppl    20.56
| epoch  30 |  2200/ 2323 batches | lr 0.0049 | ms/batch 69.58 | loss  2.96 | ppl    19.21
-----------------------------------------------------------------------------------------
| end of epoch  30 | time: 162.81s | valid loss  4.96 | valid ppl   141.98
-----------------------------------------------------------------------------------------
| epoch  31 |   200/ 2323 batches | lr 0.0024 | ms/batch 69.03 | loss  3.37 | ppl    29.18
| epoch  31 |   400/ 2323 batches | lr 0.0024 | ms/batch 63.27 | loss  3.50 | ppl    32.96
| epoch  31 |   600/ 2323 batches | lr 0.0024 | ms/batch 52.95 | loss  3.35 | ppl    28.39
| epoch  31 |   800/ 2323 batches | lr 0.0024 | ms/batch 52.84 | loss  3.27 | ppl    26.31
| epoch  31 |  1000/ 2323 batches | lr 0.0024 | ms/batch 52.85 | loss  3.29 | ppl    26.88
| epoch  31 |  1200/ 2323 batches | lr 0.0024 | ms/batch 52.85 | loss  3.26 | ppl    26.04
| epoch  31 |  1400/ 2323 batches | lr 0.0024 | ms/batch 52.69 | loss  3.14 | ppl    23.19
| epoch  31 |  1600/ 2323 batches | lr 0.0024 | ms/batch 52.83 | loss  3.22 | ppl    24.94
| epoch  31 |  1800/ 2323 batches | lr 0.0024 | ms/batch 52.84 | loss  3.26 | ppl    25.94
| epoch  31 |  2000/ 2323 batches | lr 0.0024 | ms/batch 52.93 | loss  3.02 | ppl    20.54
| epoch  31 |  2200/ 2323 batches | lr 0.0024 | ms/batch 52.92 | loss  2.95 | ppl    19.20
-----------------------------------------------------------------------------------------
| end of epoch  31 | time: 131.81s | valid loss  4.96 | valid ppl   141.97
-----------------------------------------------------------------------------------------
| epoch  32 |   200/ 2323 batches | lr 0.0024 | ms/batch 53.12 | loss  3.37 | ppl    29.17
| epoch  32 |   400/ 2323 batches | lr 0.0024 | ms/batch 54.88 | loss  3.49 | ppl    32.95
| epoch  32 |   600/ 2323 batches | lr 0.0024 | ms/batch 55.14 | loss  3.35 | ppl    28.38
| epoch  32 |   800/ 2323 batches | lr 0.0024 | ms/batch 52.80 | loss  3.27 | ppl    26.30
| epoch  32 |  1000/ 2323 batches | lr 0.0024 | ms/batch 52.90 | loss  3.29 | ppl    26.88
| epoch  32 |  1200/ 2323 batches | lr 0.0024 | ms/batch 52.71 | loss  3.26 | ppl    26.04
| epoch  32 |  1400/ 2323 batches | lr 0.0024 | ms/batch 52.77 | loss  3.14 | ppl    23.18
| epoch  32 |  1600/ 2323 batches | lr 0.0024 | ms/batch 52.94 | loss  3.22 | ppl    24.94
| epoch  32 |  1800/ 2323 batches | lr 0.0024 | ms/batch 52.68 | loss  3.26 | ppl    25.94
| epoch  32 |  2000/ 2323 batches | lr 0.0024 | ms/batch 53.05 | loss  3.02 | ppl    20.54
| epoch  32 |  2200/ 2323 batches | lr 0.0024 | ms/batch 52.62 | loss  2.95 | ppl    19.20
-----------------------------------------------------------------------------------------
| end of epoch  32 | time: 127.31s | valid loss  4.96 | valid ppl   141.97
-----------------------------------------------------------------------------------------
| epoch  33 |   200/ 2323 batches | lr 0.0024 | ms/batch 53.15 | loss  3.37 | ppl    29.16
| epoch  33 |   400/ 2323 batches | lr 0.0024 | ms/batch 52.92 | loss  3.49 | ppl    32.94
| epoch  33 |   600/ 2323 batches | lr 0.0024 | ms/batch 52.90 | loss  3.35 | ppl    28.37
| epoch  33 |   800/ 2323 batches | lr 0.0024 | ms/batch 52.95 | loss  3.27 | ppl    26.30
| epoch  33 |  1000/ 2323 batches | lr 0.0024 | ms/batch 54.98 | loss  3.29 | ppl    26.87
| epoch  33 |  1200/ 2323 batches | lr 0.0024 | ms/batch 54.71 | loss  3.26 | ppl    26.03
| epoch  33 |  1400/ 2323 batches | lr 0.0024 | ms/batch 53.01 | loss  3.14 | ppl    23.18
| epoch  33 |  1600/ 2323 batches | lr 0.0024 | ms/batch 52.98 | loss  3.22 | ppl    24.94
| epoch  33 |  1800/ 2323 batches | lr 0.0024 | ms/batch 52.77 | loss  3.26 | ppl    25.94
| epoch  33 |  2000/ 2323 batches | lr 0.0024 | ms/batch 52.69 | loss  3.02 | ppl    20.54
| epoch  33 |  2200/ 2323 batches | lr 0.0024 | ms/batch 52.89 | loss  2.95 | ppl    19.20
-----------------------------------------------------------------------------------------
| end of epoch  33 | time: 127.29s | valid loss  4.96 | valid ppl   141.97
-----------------------------------------------------------------------------------------
| epoch  34 |   200/ 2323 batches | lr 0.0024 | ms/batch 53.28 | loss  3.37 | ppl    29.16
| epoch  34 |   400/ 2323 batches | lr 0.0024 | ms/batch 52.48 | loss  3.49 | ppl    32.93
| epoch  34 |   600/ 2323 batches | lr 0.0024 | ms/batch 53.01 | loss  3.35 | ppl    28.37
| epoch  34 |   800/ 2323 batches | lr 0.0024 | ms/batch 52.65 | loss  3.27 | ppl    26.29
| epoch  34 |  1000/ 2323 batches | lr 0.0024 | ms/batch 53.01 | loss  3.29 | ppl    26.87
| epoch  34 |  1200/ 2323 batches | lr 0.0024 | ms/batch 52.86 | loss  3.26 | ppl    26.03
| epoch  34 |  1400/ 2323 batches | lr 0.0024 | ms/batch 52.85 | loss  3.14 | ppl    23.18
| epoch  34 |  1600/ 2323 batches | lr 0.0024 | ms/batch 55.56 | loss  3.22 | ppl    24.94
| epoch  34 |  1800/ 2323 batches | lr 0.0024 | ms/batch 54.29 | loss  3.26 | ppl    25.94
| epoch  34 |  2000/ 2323 batches | lr 0.0024 | ms/batch 52.93 | loss  3.02 | ppl    20.54
| epoch  34 |  2200/ 2323 batches | lr 0.0024 | ms/batch 52.77 | loss  2.95 | ppl    19.20
-----------------------------------------------------------------------------------------
| end of epoch  34 | time: 127.31s | valid loss  4.96 | valid ppl   141.97
-----------------------------------------------------------------------------------------
| epoch  35 |   200/ 2323 batches | lr 0.0012 | ms/batch 53.08 | loss  3.37 | ppl    29.15
| epoch  35 |   400/ 2323 batches | lr 0.0012 | ms/batch 52.87 | loss  3.49 | ppl    32.93
| epoch  35 |   600/ 2323 batches | lr 0.0012 | ms/batch 52.94 | loss  3.35 | ppl    28.37
| epoch  35 |   800/ 2323 batches | lr 0.0012 | ms/batch 52.83 | loss  3.27 | ppl    26.29
| epoch  35 |  1000/ 2323 batches | lr 0.0012 | ms/batch 53.05 | loss  3.29 | ppl    26.86
| epoch  35 |  1200/ 2323 batches | lr 0.0012 | ms/batch 52.60 | loss  3.26 | ppl    26.02
| epoch  35 |  1400/ 2323 batches | lr 0.0012 | ms/batch 53.01 | loss  3.14 | ppl    23.17
| epoch  35 |  1600/ 2323 batches | lr 0.0012 | ms/batch 52.63 | loss  3.22 | ppl    24.93
| epoch  35 |  1800/ 2323 batches | lr 0.0012 | ms/batch 53.15 | loss  3.26 | ppl    25.93
| epoch  35 |  2000/ 2323 batches | lr 0.0012 | ms/batch 52.96 | loss  3.02 | ppl    20.54
| epoch  35 |  2200/ 2323 batches | lr 0.0012 | ms/batch 56.28 | loss  2.95 | ppl    19.19
-----------------------------------------------------------------------------------------
| end of epoch  35 | time: 127.51s | valid loss  4.96 | valid ppl   141.97
-----------------------------------------------------------------------------------------
| epoch  36 |   200/ 2323 batches | lr 0.0006 | ms/batch 53.47 | loss  3.37 | ppl    29.15
| epoch  36 |   400/ 2323 batches | lr 0.0006 | ms/batch 53.33 | loss  3.49 | ppl    32.93
| epoch  36 |   600/ 2323 batches | lr 0.0006 | ms/batch 53.34 | loss  3.35 | ppl    28.37
| epoch  36 |   800/ 2323 batches | lr 0.0006 | ms/batch 53.23 | loss  3.27 | ppl    26.29
| epoch  36 |  1000/ 2323 batches | lr 0.0006 | ms/batch 53.17 | loss  3.29 | ppl    26.86
| epoch  36 |  1200/ 2323 batches | lr 0.0006 | ms/batch 53.53 | loss  3.26 | ppl    26.02
| epoch  36 |  1400/ 2323 batches | lr 0.0006 | ms/batch 53.27 | loss  3.14 | ppl    23.17
| epoch  36 |  1600/ 2323 batches | lr 0.0006 | ms/batch 53.31 | loss  3.22 | ppl    24.93
| epoch  36 |  1800/ 2323 batches | lr 0.0006 | ms/batch 53.39 | loss  3.26 | ppl    25.93
| epoch  36 |  2000/ 2323 batches | lr 0.0006 | ms/batch 53.22 | loss  3.02 | ppl    20.53
| epoch  36 |  2200/ 2323 batches | lr 0.0006 | ms/batch 53.28 | loss  2.95 | ppl    19.19
-----------------------------------------------------------------------------------------
| end of epoch  36 | time: 127.54s | valid loss  4.96 | valid ppl   141.97
-----------------------------------------------------------------------------------------
| epoch  37 |   200/ 2323 batches | lr 0.0006 | ms/batch 53.42 | loss  3.37 | ppl    29.15
| epoch  37 |   400/ 2323 batches | lr 0.0006 | ms/batch 55.81 | loss  3.49 | ppl    32.93
| epoch  37 |   600/ 2323 batches | lr 0.0006 | ms/batch 54.50 | loss  3.35 | ppl    28.36
| epoch  37 |   800/ 2323 batches | lr 0.0006 | ms/batch 53.32 | loss  3.27 | ppl    26.29
| epoch  37 |  1000/ 2323 batches | lr 0.0006 | ms/batch 53.15 | loss  3.29 | ppl    26.86
| epoch  37 |  1200/ 2323 batches | lr 0.0006 | ms/batch 53.30 | loss  3.26 | ppl    26.02
| epoch  37 |  1400/ 2323 batches | lr 0.0006 | ms/batch 53.33 | loss  3.14 | ppl    23.17
| epoch  37 |  1600/ 2323 batches | lr 0.0006 | ms/batch 53.27 | loss  3.22 | ppl    24.93
| epoch  37 |  1800/ 2323 batches | lr 0.0006 | ms/batch 53.31 | loss  3.26 | ppl    25.93
| epoch  37 |  2000/ 2323 batches | lr 0.0006 | ms/batch 53.58 | loss  3.02 | ppl    20.53
| epoch  37 |  2200/ 2323 batches | lr 0.0006 | ms/batch 53.28 | loss  2.95 | ppl    19.19
-----------------------------------------------------------------------------------------
| end of epoch  37 | time: 128.27s | valid loss  4.96 | valid ppl   141.97
-----------------------------------------------------------------------------------------
| epoch  38 |   200/ 2323 batches | lr 0.0003 | ms/batch 53.96 | loss  3.37 | ppl    29.15
| epoch  38 |   400/ 2323 batches | lr 0.0003 | ms/batch 53.46 | loss  3.49 | ppl    32.93
| epoch  38 |   600/ 2323 batches | lr 0.0003 | ms/batch 53.42 | loss  3.35 | ppl    28.36
| epoch  38 |   800/ 2323 batches | lr 0.0003 | ms/batch 53.38 | loss  3.27 | ppl    26.29
| epoch  38 |  1000/ 2323 batches | lr 0.0003 | ms/batch 56.24 | loss  3.29 | ppl    26.86
| epoch  38 |  1200/ 2323 batches | lr 0.0003 | ms/batch 54.63 | loss  3.26 | ppl    26.02
| epoch  38 |  1400/ 2323 batches | lr 0.0003 | ms/batch 53.34 | loss  3.14 | ppl    23.17
| epoch  38 |  1600/ 2323 batches | lr 0.0003 | ms/batch 53.37 | loss  3.22 | ppl    24.93
| epoch  38 |  1800/ 2323 batches | lr 0.0003 | ms/batch 53.55 | loss  3.26 | ppl    25.93
| epoch  38 |  2000/ 2323 batches | lr 0.0003 | ms/batch 53.41 | loss  3.02 | ppl    20.53
| epoch  38 |  2200/ 2323 batches | lr 0.0003 | ms/batch 53.26 | loss  2.95 | ppl    19.19
-----------------------------------------------------------------------------------------
| end of epoch  38 | time: 128.65s | valid loss  4.96 | valid ppl   141.97
-----------------------------------------------------------------------------------------
| epoch  39 |   200/ 2323 batches | lr 0.0002 | ms/batch 53.64 | loss  3.37 | ppl    29.15
| epoch  39 |   400/ 2323 batches | lr 0.0002 | ms/batch 53.23 | loss  3.49 | ppl    32.93
| epoch  39 |   600/ 2323 batches | lr 0.0002 | ms/batch 53.49 | loss  3.35 | ppl    28.36
| epoch  39 |   800/ 2323 batches | lr 0.0002 | ms/batch 53.24 | loss  3.27 | ppl    26.28
| epoch  39 |  1000/ 2323 batches | lr 0.0002 | ms/batch 53.25 | loss  3.29 | ppl    26.86
| epoch  39 |  1200/ 2323 batches | lr 0.0002 | ms/batch 53.32 | loss  3.26 | ppl    26.02
| epoch  39 |  1400/ 2323 batches | lr 0.0002 | ms/batch 53.26 | loss  3.14 | ppl    23.17
| epoch  39 |  1600/ 2323 batches | lr 0.0002 | ms/batch 56.55 | loss  3.22 | ppl    24.93
| epoch  39 |  1800/ 2323 batches | lr 0.0002 | ms/batch 54.35 | loss  3.26 | ppl    25.93
| epoch  39 |  2000/ 2323 batches | lr 0.0002 | ms/batch 53.30 | loss  3.02 | ppl    20.53
| epoch  39 |  2200/ 2323 batches | lr 0.0002 | ms/batch 53.29 | loss  2.95 | ppl    19.19
-----------------------------------------------------------------------------------------
| end of epoch  39 | time: 128.41s | valid loss  4.96 | valid ppl   141.97
-----------------------------------------------------------------------------------------
| epoch  40 |   200/ 2323 batches | lr 0.0001 | ms/batch 53.44 | loss  3.37 | ppl    29.15
| epoch  40 |   400/ 2323 batches | lr 0.0001 | ms/batch 53.29 | loss  3.49 | ppl    32.93
| epoch  40 |   600/ 2323 batches | lr 0.0001 | ms/batch 53.33 | loss  3.35 | ppl    28.36
| epoch  40 |   800/ 2323 batches | lr 0.0001 | ms/batch 53.34 | loss  3.27 | ppl    26.28
| epoch  40 |  1000/ 2323 batches | lr 0.0001 | ms/batch 53.50 | loss  3.29 | ppl    26.86
| epoch  40 |  1200/ 2323 batches | lr 0.0001 | ms/batch 53.25 | loss  3.26 | ppl    26.02
| epoch  40 |  1400/ 2323 batches | lr 0.0001 | ms/batch 53.28 | loss  3.14 | ppl    23.17
| epoch  40 |  1600/ 2323 batches | lr 0.0001 | ms/batch 53.33 | loss  3.22 | ppl    24.92
| epoch  40 |  1800/ 2323 batches | lr 0.0001 | ms/batch 53.21 | loss  3.26 | ppl    25.93
| epoch  40 |  2000/ 2323 batches | lr 0.0001 | ms/batch 53.20 | loss  3.02 | ppl    20.53
| epoch  40 |  2200/ 2323 batches | lr 0.0001 | ms/batch 55.77 | loss  2.95 | ppl    19.18
-----------------------------------------------------------------------------------------
| end of epoch  40 | time: 128.26s | valid loss  4.96 | valid ppl   141.98
-----------------------------------------------------------------------------------------
=========================================================================================
| End of training | test loss  4.91 | test ppl   135.95
=========================================================================================
