| epoch   1 |   200/  929 batches | lr 20.0000 | ms/batch 50.73 | loss  6.82 | ppl   915.10
| epoch   1 |   400/  929 batches | lr 20.0000 | ms/batch 46.90 | loss  5.96 | ppl   385.95
| epoch   1 |   600/  929 batches | lr 20.0000 | ms/batch 47.03 | loss  5.63 | ppl   278.05
| epoch   1 |   800/  929 batches | lr 20.0000 | ms/batch 47.04 | loss  5.43 | ppl   227.17
-----------------------------------------------------------------------------------------
| end of epoch   1 | time: 46.23s | valid loss  5.30 | valid ppl   199.38
-----------------------------------------------------------------------------------------
| epoch   2 |   200/  929 batches | lr 20.0000 | ms/batch 47.28 | loss  5.23 | ppl   186.32
| epoch   2 |   400/  929 batches | lr 20.0000 | ms/batch 46.91 | loss  5.08 | ppl   160.55
| epoch   2 |   600/  929 batches | lr 20.0000 | ms/batch 46.91 | loss  4.98 | ppl   145.68
| epoch   2 |   800/  929 batches | lr 20.0000 | ms/batch 46.91 | loss  4.90 | ppl   134.34
-----------------------------------------------------------------------------------------
| end of epoch   2 | time: 45.49s | valid loss  4.99 | valid ppl   147.42
-----------------------------------------------------------------------------------------
| epoch   3 |   200/  929 batches | lr 20.0000 | ms/batch 47.15 | loss  4.81 | ppl   122.86
| epoch   3 |   400/  929 batches | lr 20.0000 | ms/batch 47.02 | loss  4.69 | ppl   108.78
| epoch   3 |   600/  929 batches | lr 20.0000 | ms/batch 46.95 | loss  4.63 | ppl   102.12
| epoch   3 |   800/  929 batches | lr 20.0000 | ms/batch 46.99 | loss  4.58 | ppl    97.84
-----------------------------------------------------------------------------------------
| end of epoch   3 | time: 45.54s | valid loss  4.87 | valid ppl   129.81
-----------------------------------------------------------------------------------------
| epoch   4 |   200/  929 batches | lr 20.0000 | ms/batch 47.15 | loss  4.53 | ppl    92.63
| epoch   4 |   400/  929 batches | lr 20.0000 | ms/batch 47.03 | loss  4.41 | ppl    82.33
| epoch   4 |   600/  929 batches | lr 20.0000 | ms/batch 47.00 | loss  4.37 | ppl    78.87
| epoch   4 |   800/  929 batches | lr 20.0000 | ms/batch 47.08 | loss  4.34 | ppl    76.78
-----------------------------------------------------------------------------------------
| end of epoch   4 | time: 45.52s | valid loss  4.84 | valid ppl   127.06
-----------------------------------------------------------------------------------------
| epoch   5 |   200/  929 batches | lr 20.0000 | ms/batch 47.23 | loss  4.30 | ppl    74.00
| epoch   5 |   400/  929 batches | lr 20.0000 | ms/batch 47.16 | loss  4.19 | ppl    66.17
| epoch   5 |   600/  929 batches | lr 20.0000 | ms/batch 47.15 | loss  4.16 | ppl    64.05
| epoch   5 |   800/  929 batches | lr 20.0000 | ms/batch 47.06 | loss  4.15 | ppl    63.69
-----------------------------------------------------------------------------------------
| end of epoch   5 | time: 45.64s | valid loss  4.85 | valid ppl   127.41
-----------------------------------------------------------------------------------------
| epoch   6 |   200/  929 batches | lr 10.0000 | ms/batch 47.51 | loss  4.05 | ppl    57.28
| epoch   6 |   400/  929 batches | lr 10.0000 | ms/batch 47.20 | loss  3.87 | ppl    47.90
| epoch   6 |   600/  929 batches | lr 10.0000 | ms/batch 47.34 | loss  3.78 | ppl    44.00
| epoch   6 |   800/  929 batches | lr 10.0000 | ms/batch 47.27 | loss  3.72 | ppl    41.41
-----------------------------------------------------------------------------------------
| end of epoch   6 | time: 45.79s | valid loss  4.84 | valid ppl   126.67
-----------------------------------------------------------------------------------------
| epoch   7 |   200/  929 batches | lr 10.0000 | ms/batch 47.55 | loss  3.83 | ppl    46.21
| epoch   7 |   400/  929 batches | lr 10.0000 | ms/batch 47.19 | loss  3.68 | ppl    39.54
| epoch   7 |   600/  929 batches | lr 10.0000 | ms/batch 47.34 | loss  3.62 | ppl    37.30
| epoch   7 |   800/  929 batches | lr 10.0000 | ms/batch 47.31 | loss  3.58 | ppl    36.02
-----------------------------------------------------------------------------------------
| end of epoch   7 | time: 45.81s | valid loss  4.92 | valid ppl   136.69
-----------------------------------------------------------------------------------------
| epoch   8 |   200/  929 batches | lr 5.0000 | ms/batch 47.54 | loss  3.67 | ppl    39.16
| epoch   8 |   400/  929 batches | lr 5.0000 | ms/batch 47.33 | loss  3.47 | ppl    32.20
| epoch   8 |   600/  929 batches | lr 5.0000 | ms/batch 47.30 | loss  3.37 | ppl    28.97
| epoch   8 |   800/  929 batches | lr 5.0000 | ms/batch 47.28 | loss  3.28 | ppl    26.71
-----------------------------------------------------------------------------------------
| end of epoch   8 | time: 45.81s | valid loss  4.96 | valid ppl   143.28
-----------------------------------------------------------------------------------------
| epoch   9 |   200/  929 batches | lr 2.5000 | ms/batch 47.49 | loss  3.52 | ppl    33.63
| epoch   9 |   400/  929 batches | lr 2.5000 | ms/batch 47.28 | loss  3.31 | ppl    27.40
| epoch   9 |   600/  929 batches | lr 2.5000 | ms/batch 47.29 | loss  3.19 | ppl    24.27
| epoch   9 |   800/  929 batches | lr 2.5000 | ms/batch 47.25 | loss  3.09 | ppl    22.05
-----------------------------------------------------------------------------------------
| end of epoch   9 | time: 45.79s | valid loss  4.99 | valid ppl   146.22
-----------------------------------------------------------------------------------------
| epoch  10 |   200/  929 batches | lr 1.2500 | ms/batch 47.54 | loss  3.42 | ppl    30.54
| epoch  10 |   400/  929 batches | lr 1.2500 | ms/batch 47.27 | loss  3.21 | ppl    24.84
| epoch  10 |   600/  929 batches | lr 1.2500 | ms/batch 47.14 | loss  3.09 | ppl    21.97
| epoch  10 |   800/  929 batches | lr 1.2500 | ms/batch 46.99 | loss  2.99 | ppl    19.86
-----------------------------------------------------------------------------------------
| end of epoch  10 | time: 45.67s | valid loss  5.00 | valid ppl   147.79
-----------------------------------------------------------------------------------------
| epoch  11 |   200/  929 batches | lr 0.6250 | ms/batch 47.25 | loss  3.37 | ppl    29.03
| epoch  11 |   400/  929 batches | lr 0.6250 | ms/batch 47.04 | loss  3.16 | ppl    23.62
| epoch  11 |   600/  929 batches | lr 0.6250 | ms/batch 47.01 | loss  3.04 | ppl    20.90
| epoch  11 |   800/  929 batches | lr 0.6250 | ms/batch 47.03 | loss  2.94 | ppl    18.87
-----------------------------------------------------------------------------------------
| end of epoch  11 | time: 45.59s | valid loss  5.00 | valid ppl   148.69
-----------------------------------------------------------------------------------------
| epoch  12 |   200/  929 batches | lr 0.3125 | ms/batch 47.53 | loss  3.34 | ppl    28.26
| epoch  12 |   400/  929 batches | lr 0.3125 | ms/batch 47.28 | loss  3.14 | ppl    23.01
| epoch  12 |   600/  929 batches | lr 0.3125 | ms/batch 47.33 | loss  3.01 | ppl    20.37
| epoch  12 |   800/  929 batches | lr 0.3125 | ms/batch 47.27 | loss  2.91 | ppl    18.34
-----------------------------------------------------------------------------------------
| end of epoch  12 | time: 45.82s | valid loss  5.00 | valid ppl   148.72
-----------------------------------------------------------------------------------------
| epoch  13 |   200/  929 batches | lr 0.1562 | ms/batch 47.55 | loss  3.33 | ppl    27.83
| epoch  13 |   400/  929 batches | lr 0.1562 | ms/batch 47.35 | loss  3.12 | ppl    22.63
| epoch  13 |   600/  929 batches | lr 0.1562 | ms/batch 47.19 | loss  3.00 | ppl    20.06
| epoch  13 |   800/  929 batches | lr 0.1562 | ms/batch 47.38 | loss  2.89 | ppl    18.01
-----------------------------------------------------------------------------------------
| end of epoch  13 | time: 45.79s | valid loss  5.00 | valid ppl   148.47
-----------------------------------------------------------------------------------------
| epoch  14 |   200/  929 batches | lr 0.1562 | ms/batch 47.48 | loss  3.30 | ppl    27.12
| epoch  14 |   400/  929 batches | lr 0.1562 | ms/batch 47.19 | loss  3.09 | ppl    22.00
| epoch  14 |   600/  929 batches | lr 0.1562 | ms/batch 47.32 | loss  2.98 | ppl    19.67
| epoch  14 |   800/  929 batches | lr 0.1562 | ms/batch 47.29 | loss  2.88 | ppl    17.86
-----------------------------------------------------------------------------------------
| end of epoch  14 | time: 45.80s | valid loss  5.01 | valid ppl   149.16
-----------------------------------------------------------------------------------------
| epoch  15 |   200/  929 batches | lr 0.0781 | ms/batch 47.58 | loss  3.30 | ppl    27.03
| epoch  15 |   400/  929 batches | lr 0.0781 | ms/batch 47.35 | loss  3.09 | ppl    21.96
| epoch  15 |   600/  929 batches | lr 0.0781 | ms/batch 47.34 | loss  2.97 | ppl    19.53
| epoch  15 |   800/  929 batches | lr 0.0781 | ms/batch 47.33 | loss  2.87 | ppl    17.64
-----------------------------------------------------------------------------------------
| end of epoch  15 | time: 45.84s | valid loss  5.00 | valid ppl   148.67
-----------------------------------------------------------------------------------------
| epoch  16 |   200/  929 batches | lr 0.0781 | ms/batch 47.49 | loss  3.28 | ppl    26.62
| epoch  16 |   400/  929 batches | lr 0.0781 | ms/batch 47.29 | loss  3.07 | ppl    21.63
| epoch  16 |   600/  929 batches | lr 0.0781 | ms/batch 47.33 | loss  2.96 | ppl    19.34
| epoch  16 |   800/  929 batches | lr 0.0781 | ms/batch 47.30 | loss  2.87 | ppl    17.58
-----------------------------------------------------------------------------------------
| end of epoch  16 | time: 45.79s | valid loss  5.00 | valid ppl   148.99
-----------------------------------------------------------------------------------------
| epoch  17 |   200/  929 batches | lr 0.0391 | ms/batch 47.44 | loss  3.28 | ppl    26.59
| epoch  17 |   400/  929 batches | lr 0.0391 | ms/batch 47.23 | loss  3.07 | ppl    21.63
| epoch  17 |   600/  929 batches | lr 0.0391 | ms/batch 47.33 | loss  2.96 | ppl    19.25
| epoch  17 |   800/  929 batches | lr 0.0391 | ms/batch 47.26 | loss  2.86 | ppl    17.43
-----------------------------------------------------------------------------------------
| end of epoch  17 | time: 45.78s | valid loss  5.00 | valid ppl   148.49
-----------------------------------------------------------------------------------------
| epoch  18 |   200/  929 batches | lr 0.0391 | ms/batch 47.52 | loss  3.27 | ppl    26.34
| epoch  18 |   400/  929 batches | lr 0.0391 | ms/batch 47.29 | loss  3.07 | ppl    21.44
| epoch  18 |   600/  929 batches | lr 0.0391 | ms/batch 47.27 | loss  2.95 | ppl    19.15
| epoch  18 |   800/  929 batches | lr 0.0391 | ms/batch 47.30 | loss  2.86 | ppl    17.42
-----------------------------------------------------------------------------------------
| end of epoch  18 | time: 45.80s | valid loss  5.00 | valid ppl   148.61
-----------------------------------------------------------------------------------------
| epoch  19 |   200/  929 batches | lr 0.0195 | ms/batch 47.50 | loss  3.27 | ppl    26.31
| epoch  19 |   400/  929 batches | lr 0.0195 | ms/batch 47.27 | loss  3.07 | ppl    21.45
| epoch  19 |   600/  929 batches | lr 0.0195 | ms/batch 47.29 | loss  2.95 | ppl    19.09
| epoch  19 |   800/  929 batches | lr 0.0195 | ms/batch 47.31 | loss  2.85 | ppl    17.32
-----------------------------------------------------------------------------------------
| end of epoch  19 | time: 45.79s | valid loss  5.00 | valid ppl   148.30
-----------------------------------------------------------------------------------------
| epoch  20 |   200/  929 batches | lr 0.0195 | ms/batch 47.46 | loss  3.27 | ppl    26.18
| epoch  20 |   400/  929 batches | lr 0.0195 | ms/batch 47.24 | loss  3.06 | ppl    21.35
| epoch  20 |   600/  929 batches | lr 0.0195 | ms/batch 47.35 | loss  2.95 | ppl    19.04
| epoch  20 |   800/  929 batches | lr 0.0195 | ms/batch 47.29 | loss  2.85 | ppl    17.31
-----------------------------------------------------------------------------------------
| end of epoch  20 | time: 45.82s | valid loss  5.00 | valid ppl   148.31
-----------------------------------------------------------------------------------------
| epoch  21 |   200/  929 batches | lr 0.0098 | ms/batch 47.43 | loss  3.26 | ppl    26.16
| epoch  21 |   400/  929 batches | lr 0.0098 | ms/batch 47.26 | loss  3.06 | ppl    21.34
| epoch  21 |   600/  929 batches | lr 0.0098 | ms/batch 47.37 | loss  2.94 | ppl    19.01
| epoch  21 |   800/  929 batches | lr 0.0098 | ms/batch 47.29 | loss  2.85 | ppl    17.26
-----------------------------------------------------------------------------------------
| end of epoch  21 | time: 45.79s | valid loss  5.00 | valid ppl   148.16
-----------------------------------------------------------------------------------------
| epoch  22 |   200/  929 batches | lr 0.0098 | ms/batch 47.43 | loss  3.26 | ppl    26.09
| epoch  22 |   400/  929 batches | lr 0.0098 | ms/batch 47.26 | loss  3.06 | ppl    21.29
| epoch  22 |   600/  929 batches | lr 0.0098 | ms/batch 47.24 | loss  2.94 | ppl    18.98
| epoch  22 |   800/  929 batches | lr 0.0098 | ms/batch 47.27 | loss  2.85 | ppl    17.26
-----------------------------------------------------------------------------------------
| end of epoch  22 | time: 45.73s | valid loss  5.00 | valid ppl   148.13
-----------------------------------------------------------------------------------------
| epoch  23 |   200/  929 batches | lr 0.0098 | ms/batch 47.52 | loss  3.26 | ppl    26.05
| epoch  23 |   400/  929 batches | lr 0.0098 | ms/batch 47.14 | loss  3.06 | ppl    21.25
| epoch  23 |   600/  929 batches | lr 0.0098 | ms/batch 47.26 | loss  2.94 | ppl    18.96
| epoch  23 |   800/  929 batches | lr 0.0098 | ms/batch 47.32 | loss  2.85 | ppl    17.26
-----------------------------------------------------------------------------------------
| end of epoch  23 | time: 45.77s | valid loss  5.00 | valid ppl   148.14
-----------------------------------------------------------------------------------------
| epoch  24 |   200/  929 batches | lr 0.0049 | ms/batch 47.44 | loss  3.26 | ppl    26.03
| epoch  24 |   400/  929 batches | lr 0.0049 | ms/batch 47.19 | loss  3.06 | ppl    21.25
| epoch  24 |   600/  929 batches | lr 0.0049 | ms/batch 47.24 | loss  2.94 | ppl    18.94
| epoch  24 |   800/  929 batches | lr 0.0049 | ms/batch 47.22 | loss  2.85 | ppl    17.23
-----------------------------------------------------------------------------------------
| end of epoch  24 | time: 45.74s | valid loss  5.00 | valid ppl   148.09
-----------------------------------------------------------------------------------------
| epoch  25 |   200/  929 batches | lr 0.0049 | ms/batch 47.54 | loss  3.26 | ppl    26.01
| epoch  25 |   400/  929 batches | lr 0.0049 | ms/batch 47.13 | loss  3.06 | ppl    21.23
| epoch  25 |   600/  929 batches | lr 0.0049 | ms/batch 47.11 | loss  2.94 | ppl    18.93
| epoch  25 |   800/  929 batches | lr 0.0049 | ms/batch 47.00 | loss  2.85 | ppl    17.23
-----------------------------------------------------------------------------------------
| end of epoch  25 | time: 45.63s | valid loss  5.00 | valid ppl   148.07
-----------------------------------------------------------------------------------------
| epoch  26 |   200/  929 batches | lr 0.0049 | ms/batch 47.30 | loss  3.26 | ppl    25.98
| epoch  26 |   400/  929 batches | lr 0.0049 | ms/batch 47.10 | loss  3.05 | ppl    21.21
| epoch  26 |   600/  929 batches | lr 0.0049 | ms/batch 47.05 | loss  2.94 | ppl    18.92
| epoch  26 |   800/  929 batches | lr 0.0049 | ms/batch 47.04 | loss  2.85 | ppl    17.23
-----------------------------------------------------------------------------------------
| end of epoch  26 | time: 45.59s | valid loss  5.00 | valid ppl   148.07
-----------------------------------------------------------------------------------------
| epoch  27 |   200/  929 batches | lr 0.0049 | ms/batch 47.27 | loss  3.26 | ppl    25.96
| epoch  27 |   400/  929 batches | lr 0.0049 | ms/batch 47.01 | loss  3.05 | ppl    21.19
| epoch  27 |   600/  929 batches | lr 0.0049 | ms/batch 47.19 | loss  2.94 | ppl    18.91
| epoch  27 |   800/  929 batches | lr 0.0049 | ms/batch 47.09 | loss  2.85 | ppl    17.22
-----------------------------------------------------------------------------------------
| end of epoch  27 | time: 45.61s | valid loss  5.00 | valid ppl   148.08
-----------------------------------------------------------------------------------------
| epoch  28 |   200/  929 batches | lr 0.0024 | ms/batch 47.38 | loss  3.26 | ppl    25.95
| epoch  28 |   400/  929 batches | lr 0.0024 | ms/batch 47.06 | loss  3.05 | ppl    21.19
| epoch  28 |   600/  929 batches | lr 0.0024 | ms/batch 47.00 | loss  2.94 | ppl    18.90
| epoch  28 |   800/  929 batches | lr 0.0024 | ms/batch 47.10 | loss  2.85 | ppl    17.21
-----------------------------------------------------------------------------------------
| end of epoch  28 | time: 45.59s | valid loss  5.00 | valid ppl   148.06
-----------------------------------------------------------------------------------------
| epoch  29 |   200/  929 batches | lr 0.0024 | ms/batch 47.28 | loss  3.26 | ppl    25.94
