| epoch   1 |   200/ 2323 batches | lr 20.00 | ms/batch 48.59 | loss  7.11 | ppl  1220.12
| epoch   1 |   400/ 2323 batches | lr 20.00 | ms/batch 44.17 | loss  6.16 | ppl   475.37
| epoch   1 |   600/ 2323 batches | lr 20.00 | ms/batch 44.27 | loss  5.85 | ppl   347.12
| epoch   1 |   800/ 2323 batches | lr 20.00 | ms/batch 44.22 | loss  5.71 | ppl   301.83
| epoch   1 |  1000/ 2323 batches | lr 20.00 | ms/batch 44.22 | loss  5.64 | ppl   281.38
| epoch   1 |  1200/ 2323 batches | lr 20.00 | ms/batch 44.10 | loss  5.64 | ppl   282.25
| epoch   1 |  1400/ 2323 batches | lr 20.00 | ms/batch 44.45 | loss  5.58 | ppl   264.79
| epoch   1 |  1600/ 2323 batches | lr 20.00 | ms/batch 44.25 | loss  5.69 | ppl   296.29
| epoch   1 |  1800/ 2323 batches | lr 20.00 | ms/batch 44.22 | loss  5.92 | ppl   372.70
| epoch   1 |  2000/ 2323 batches | lr 20.00 | ms/batch 44.27 | loss  6.39 | ppl   597.39
| epoch   1 |  2200/ 2323 batches | lr 20.00 | ms/batch 44.66 | loss  7.44 | ppl  1702.55
-----------------------------------------------------------------------------------------
| end of epoch   1 | time: 107.77s | valid loss  9.21 | valid ppl  9984.27
-----------------------------------------------------------------------------------------
| epoch   2 |   200/ 2323 batches | lr 20.00 | ms/batch 45.19 | loss  8.51 | ppl  4955.14
| epoch   2 |   400/ 2323 batches | lr 20.00 | ms/batch 44.32 | loss  9.59 | ppl 14662.02
| epoch   2 |   600/ 2323 batches | lr 20.00 | ms/batch 44.26 | loss 10.86 | ppl 52273.92
| epoch   2 |   800/ 2323 batches | lr 20.00 | ms/batch 44.24 | loss 10.29 | ppl 29518.28
| epoch   2 |  1000/ 2323 batches | lr 20.00 | ms/batch 44.09 | loss 12.83 | ppl 374430.55
| epoch   2 |  1200/ 2323 batches | lr 20.00 | ms/batch 44.08 | loss 15.45 | ppl 5117354.65
| epoch   2 |  1400/ 2323 batches | lr 20.00 | ms/batch 43.88 | loss 18.47 | ppl 104675125.66
| epoch   2 |  1600/ 2323 batches | lr 20.00 | ms/batch 44.16 | loss 16.84 | ppl 20668973.87
| epoch   2 |  1800/ 2323 batches | lr 20.00 | ms/batch 44.00 | loss 16.49 | ppl 14547037.89
| epoch   2 |  2000/ 2323 batches | lr 20.00 | ms/batch 44.04 | loss 15.07 | ppl 3520861.66
| epoch   2 |  2200/ 2323 batches | lr 20.00 | ms/batch 44.19 | loss 14.25 | ppl 1547590.05
-----------------------------------------------------------------------------------------
| end of epoch   2 | time: 106.82s | valid loss 11.50 | valid ppl 99155.47
-----------------------------------------------------------------------------------------
| epoch   3 |   200/ 2323 batches | lr 5.00 | ms/batch 44.27 | loss  8.84 | ppl  6933.52
| epoch   3 |   400/ 2323 batches | lr 5.00 | ms/batch 44.54 | loss  8.70 | ppl  6005.83
| epoch   3 |   600/ 2323 batches | lr 5.00 | ms/batch 44.25 | loss  8.55 | ppl  5180.43
| epoch   3 |   800/ 2323 batches | lr 5.00 | ms/batch 44.01 | loss  8.38 | ppl  4379.88
| epoch   3 |  1000/ 2323 batches | lr 5.00 | ms/batch 44.12 | loss  8.32 | ppl  4120.55
| epoch   3 |  1200/ 2323 batches | lr 5.00 | ms/batch 44.07 | loss  8.38 | ppl  4357.17
| epoch   3 |  1400/ 2323 batches | lr 5.00 | ms/batch 43.96 | loss  8.14 | ppl  3427.06
| epoch   3 |  1600/ 2323 batches | lr 5.00 | ms/batch 44.10 | loss  8.12 | ppl  3356.74
| epoch   3 |  1800/ 2323 batches | lr 5.00 | ms/batch 43.99 | loss  8.04 | ppl  3107.77
| epoch   3 |  2000/ 2323 batches | lr 5.00 | ms/batch 53.78 | loss  7.83 | ppl  2508.36
| epoch   3 |  2200/ 2323 batches | lr 5.00 | ms/batch 61.86 | loss  7.69 | ppl  2194.59
-----------------------------------------------------------------------------------------
| end of epoch   3 | time: 116.09s | valid loss 11.05 | valid ppl 63245.73
-----------------------------------------------------------------------------------------
| epoch   4 |   200/ 2323 batches | lr 5.00 | ms/batch 62.11 | loss  7.63 | ppl  2049.51
| epoch   4 |   400/ 2323 batches | lr 5.00 | ms/batch 61.64 | loss  7.68 | ppl  2154.69
| epoch   4 |   600/ 2323 batches | lr 5.00 | ms/batch 61.85 | loss  7.52 | ppl  1852.81
| epoch   4 |   800/ 2323 batches | lr 5.00 | ms/batch 62.71 | loss  7.43 | ppl  1690.64
| epoch   4 |  1000/ 2323 batches | lr 5.00 | ms/batch 61.67 | loss  7.47 | ppl  1755.59
| epoch   4 |  1200/ 2323 batches | lr 5.00 | ms/batch 61.73 | loss  7.41 | ppl  1648.82
| epoch   4 |  1400/ 2323 batches | lr 5.00 | ms/batch 61.85 | loss  7.29 | ppl  1462.12
| epoch   4 |  1600/ 2323 batches | lr 5.00 | ms/batch 61.91 | loss  7.40 | ppl  1632.81
| epoch   4 |  1800/ 2323 batches | lr 5.00 | ms/batch 63.91 | loss  7.34 | ppl  1547.27
| epoch   4 |  2000/ 2323 batches | lr 5.00 | ms/batch 61.85 | loss  7.19 | ppl  1322.99
| epoch   4 |  2200/ 2323 batches | lr 5.00 | ms/batch 61.71 | loss  7.05 | ppl  1156.67
-----------------------------------------------------------------------------------------
| end of epoch   4 | time: 150.02s | valid loss  7.98 | valid ppl  2935.78
-----------------------------------------------------------------------------------------
| epoch   5 |   200/ 2323 batches | lr 5.00 | ms/batch 62.28 | loss  6.95 | ppl  1039.42
| epoch   5 |   400/ 2323 batches | lr 5.00 | ms/batch 62.01 | loss  7.08 | ppl  1193.61
| epoch   5 |   600/ 2323 batches | lr 5.00 | ms/batch 61.90 | loss  7.00 | ppl  1098.88
| epoch   5 |   800/ 2323 batches | lr 5.00 | ms/batch 61.96 | loss  6.91 | ppl  1003.37
| epoch   5 |  1000/ 2323 batches | lr 5.00 | ms/batch 62.96 | loss  7.02 | ppl  1114.91
| epoch   5 |  1200/ 2323 batches | lr 5.00 | ms/batch 61.91 | loss  7.04 | ppl  1138.26
| epoch   5 |  1400/ 2323 batches | lr 5.00 | ms/batch 62.04 | loss  6.87 | ppl   960.83
| epoch   5 |  1600/ 2323 batches | lr 5.00 | ms/batch 64.13 | loss  6.95 | ppl  1041.63
| epoch   5 |  1800/ 2323 batches | lr 5.00 | ms/batch 57.92 | loss  6.98 | ppl  1073.92
| epoch   5 |  2000/ 2323 batches | lr 5.00 | ms/batch 44.29 | loss  6.74 | ppl   849.12
| epoch   5 |  2200/ 2323 batches | lr 5.00 | ms/batch 44.37 | loss  6.68 | ppl   794.66
-----------------------------------------------------------------------------------------
| end of epoch   5 | time: 138.67s | valid loss  7.10 | valid ppl  1213.67
-----------------------------------------------------------------------------------------
| epoch   6 |   200/ 2323 batches | lr 5.00 | ms/batch 56.06 | loss  6.61 | ppl   740.23
| epoch   6 |   400/ 2323 batches | lr 5.00 | ms/batch 63.30 | loss  6.81 | ppl   902.72
| epoch   6 |   600/ 2323 batches | lr 5.00 | ms/batch 63.47 | loss  6.67 | ppl   792.20
| epoch   6 |   800/ 2323 batches | lr 5.00 | ms/batch 63.30 | loss  6.64 | ppl   768.73
| epoch   6 |  1000/ 2323 batches | lr 5.00 | ms/batch 63.50 | loss  6.68 | ppl   795.95
| epoch   6 |  1200/ 2323 batches | lr 5.00 | ms/batch 64.27 | loss  6.70 | ppl   810.00
| epoch   6 |  1400/ 2323 batches | lr 5.00 | ms/batch 63.29 | loss  6.58 | ppl   723.08
| epoch   6 |  1600/ 2323 batches | lr 5.00 | ms/batch 63.16 | loss  6.66 | ppl   783.66
| epoch   6 |  1800/ 2323 batches | lr 5.00 | ms/batch 63.29 | loss  6.65 | ppl   769.28
| epoch   6 |  2000/ 2323 batches | lr 5.00 | ms/batch 63.06 | loss  6.47 | ppl   645.60
| epoch   6 |  2200/ 2323 batches | lr 5.00 | ms/batch 63.17 | loss  6.48 | ppl   652.58
-----------------------------------------------------------------------------------------
| end of epoch   6 | time: 152.13s | valid loss  6.77 | valid ppl   873.96
-----------------------------------------------------------------------------------------
| epoch   7 |   200/ 2323 batches | lr 5.00 | ms/batch 63.67 | loss  6.32 | ppl   557.44
| epoch   7 |   400/ 2323 batches | lr 5.00 | ms/batch 63.44 | loss  6.51 | ppl   673.06
| epoch   7 |   600/ 2323 batches | lr 5.00 | ms/batch 63.26 | loss  6.41 | ppl   607.81
| epoch   7 |   800/ 2323 batches | lr 5.00 | ms/batch 63.36 | loss  6.34 | ppl   568.81
| epoch   7 |  1000/ 2323 batches | lr 5.00 | ms/batch 63.44 | loss  6.40 | ppl   598.85
| epoch   7 |  1200/ 2323 batches | lr 5.00 | ms/batch 63.24 | loss  6.43 | ppl   619.18
| epoch   7 |  1400/ 2323 batches | lr 5.00 | ms/batch 63.92 | loss  6.38 | ppl   589.65
| epoch   7 |  1600/ 2323 batches | lr 5.00 | ms/batch 63.20 | loss  6.47 | ppl   645.13
| epoch   7 |  1800/ 2323 batches | lr 5.00 | ms/batch 63.25 | loss  6.50 | ppl   662.80
| epoch   7 |  2000/ 2323 batches | lr 5.00 | ms/batch 63.28 | loss  6.26 | ppl   521.19
| epoch   7 |  2200/ 2323 batches | lr 5.00 | ms/batch 65.10 | loss  6.25 | ppl   516.90
-----------------------------------------------------------------------------------------
| end of epoch   7 | time: 153.65s | valid loss  6.94 | valid ppl  1033.62
-----------------------------------------------------------------------------------------
| epoch   8 |   200/ 2323 batches | lr 1.25 | ms/batch 63.72 | loss  5.11 | ppl   165.39
| epoch   8 |   400/ 2323 batches | lr 1.25 | ms/batch 63.29 | loss  5.09 | ppl   162.63
| epoch   8 |   600/ 2323 batches | lr 1.25 | ms/batch 63.34 | loss  4.98 | ppl   145.12
| epoch   8 |   800/ 2323 batches | lr 1.25 | ms/batch 63.37 | loss  4.92 | ppl   136.55
| epoch   8 |  1000/ 2323 batches | lr 1.25 | ms/batch 63.19 | loss  4.95 | ppl   141.52
| epoch   8 |  1200/ 2323 batches | lr 1.25 | ms/batch 63.40 | loss  4.97 | ppl   143.97
| epoch   8 |  1400/ 2323 batches | lr 1.25 | ms/batch 63.47 | loss  4.83 | ppl   125.73
| epoch   8 |  1600/ 2323 batches | lr 1.25 | ms/batch 63.73 | loss  4.91 | ppl   135.86
| epoch   8 |  1800/ 2323 batches | lr 1.25 | ms/batch 63.44 | loss  4.91 | ppl   136.21
| epoch   8 |  2000/ 2323 batches | lr 1.25 | ms/batch 64.85 | loss  4.75 | ppl   115.45
| epoch   8 |  2200/ 2323 batches | lr 1.25 | ms/batch 63.47 | loss  4.69 | ppl   108.96
-----------------------------------------------------------------------------------------
| end of epoch   8 | time: 153.68s | valid loss  5.55 | valid ppl   258.28
-----------------------------------------------------------------------------------------
| epoch   9 |   200/ 2323 batches | lr 1.25 | ms/batch 52.26 | loss  4.84 | ppl   126.51
| epoch   9 |   400/ 2323 batches | lr 1.25 | ms/batch 44.18 | loss  4.93 | ppl   138.86
| epoch   9 |   600/ 2323 batches | lr 1.25 | ms/batch 44.34 | loss  4.83 | ppl   124.79
| epoch   9 |   800/ 2323 batches | lr 1.25 | ms/batch 44.26 | loss  4.80 | ppl   121.35
| epoch   9 |  1000/ 2323 batches | lr 1.25 | ms/batch 44.37 | loss  4.83 | ppl   125.19
| epoch   9 |  1200/ 2323 batches | lr 1.25 | ms/batch 54.03 | loss  4.86 | ppl   129.19
| epoch   9 |  1400/ 2323 batches | lr 1.25 | ms/batch 58.23 | loss  4.74 | ppl   114.78
| epoch   9 |  1600/ 2323 batches | lr 1.25 | ms/batch 58.19 | loss  4.82 | ppl   124.43
| epoch   9 |  1800/ 2323 batches | lr 1.25 | ms/batch 58.50 | loss  4.84 | ppl   126.59
| epoch   9 |  2000/ 2323 batches | lr 1.25 | ms/batch 53.68 | loss  4.68 | ppl   107.44
| epoch   9 |  2200/ 2323 batches | lr 1.25 | ms/batch 44.66 | loss  4.63 | ppl   102.41
-----------------------------------------------------------------------------------------
| end of epoch   9 | time: 123.92s | valid loss  5.51 | valid ppl   248.13
-----------------------------------------------------------------------------------------
| epoch  10 |   200/ 2323 batches | lr 1.25 | ms/batch 59.13 | loss  4.74 | ppl   114.94
| epoch  10 |   400/ 2323 batches | lr 1.25 | ms/batch 59.01 | loss  4.84 | ppl   126.89
| epoch  10 |   600/ 2323 batches | lr 1.25 | ms/batch 59.14 | loss  4.75 | ppl   115.11
| epoch  10 |   800/ 2323 batches | lr 1.25 | ms/batch 58.91 | loss  4.72 | ppl   112.43
| epoch  10 |  1000/ 2323 batches | lr 1.25 | ms/batch 59.22 | loss  4.75 | ppl   116.16
| epoch  10 |  1200/ 2323 batches | lr 1.25 | ms/batch 58.88 | loss  4.79 | ppl   120.56
| epoch  10 |  1400/ 2323 batches | lr 1.25 | ms/batch 58.94 | loss  4.68 | ppl   108.01
| epoch  10 |  1600/ 2323 batches | lr 1.25 | ms/batch 59.50 | loss  4.76 | ppl   116.36
| epoch  10 |  1800/ 2323 batches | lr 1.25 | ms/batch 59.73 | loss  4.78 | ppl   118.99
| epoch  10 |  2000/ 2323 batches | lr 1.25 | ms/batch 58.85 | loss  4.63 | ppl   102.44
| epoch  10 |  2200/ 2323 batches | lr 1.25 | ms/batch 59.81 | loss  4.57 | ppl    96.99
-----------------------------------------------------------------------------------------
| end of epoch  10 | time: 143.10s | valid loss  5.50 | valid ppl   244.78
-----------------------------------------------------------------------------------------
| epoch  11 |   200/ 2323 batches | lr 1.25 | ms/batch 59.17 | loss  4.67 | ppl   106.34
| epoch  11 |   400/ 2323 batches | lr 1.25 | ms/batch 58.75 | loss  4.77 | ppl   118.15
| epoch  11 |   600/ 2323 batches | lr 1.25 | ms/batch 58.83 | loss  4.68 | ppl   107.86
| epoch  11 |   800/ 2323 batches | lr 1.25 | ms/batch 58.78 | loss  4.66 | ppl   105.87
| epoch  11 |  1000/ 2323 batches | lr 1.25 | ms/batch 58.83 | loss  4.70 | ppl   109.49
| epoch  11 |  1200/ 2323 batches | lr 1.25 | ms/batch 60.43 | loss  4.73 | ppl   113.21
| epoch  11 |  1400/ 2323 batches | lr 1.25 | ms/batch 58.82 | loss  4.62 | ppl   101.32
| epoch  11 |  1600/ 2323 batches | lr 1.25 | ms/batch 58.78 | loss  4.71 | ppl   110.59
| epoch  11 |  1800/ 2323 batches | lr 1.25 | ms/batch 58.66 | loss  4.72 | ppl   111.83
| epoch  11 |  2000/ 2323 batches | lr 1.25 | ms/batch 58.67 | loss  4.57 | ppl    96.44
| epoch  11 |  2200/ 2323 batches | lr 1.25 | ms/batch 58.84 | loss  4.53 | ppl    92.78
-----------------------------------------------------------------------------------------
| end of epoch  11 | time: 142.56s | valid loss  5.54 | valid ppl   254.67
-----------------------------------------------------------------------------------------
| epoch  12 |   200/ 2323 batches | lr 0.31 | ms/batch 59.23 | loss  4.55 | ppl    94.69
| epoch  12 |   400/ 2323 batches | lr 0.31 | ms/batch 58.99 | loss  4.63 | ppl   102.54
| epoch  12 |   600/ 2323 batches | lr 0.31 | ms/batch 65.62 | loss  4.53 | ppl    93.15
| epoch  12 |   800/ 2323 batches | lr 0.31 | ms/batch 73.82 | loss  4.50 | ppl    90.11
| epoch  12 |  1000/ 2323 batches | lr 0.31 | ms/batch 73.72 | loss  4.53 | ppl    92.42
| epoch  12 |  1200/ 2323 batches | lr 0.31 | ms/batch 70.65 | loss  4.55 | ppl    94.82
| epoch  12 |  1400/ 2323 batches | lr 0.31 | ms/batch 58.81 | loss  4.43 | ppl    83.97
| epoch  12 |  1600/ 2323 batches | lr 0.31 | ms/batch 58.84 | loss  4.51 | ppl    90.52
| epoch  12 |  1800/ 2323 batches | lr 0.31 | ms/batch 67.94 | loss  4.52 | ppl    91.93
| epoch  12 |  2000/ 2323 batches | lr 0.31 | ms/batch 68.57 | loss  4.36 | ppl    77.97
| epoch  12 |  2200/ 2323 batches | lr 0.31 | ms/batch 60.49 | loss  4.30 | ppl    74.00
-----------------------------------------------------------------------------------------
| end of epoch  12 | time: 159.69s | valid loss  5.36 | valid ppl   212.66
-----------------------------------------------------------------------------------------
| epoch  13 |   200/ 2323 batches | lr 0.31 | ms/batch 65.99 | loss  4.48 | ppl    88.50
| epoch  13 |   400/ 2323 batches | lr 0.31 | ms/batch 59.01 | loss  4.58 | ppl    97.17
| epoch  13 |   600/ 2323 batches | lr 0.31 | ms/batch 58.90 | loss  4.49 | ppl    89.02
| epoch  13 |   800/ 2323 batches | lr 0.31 | ms/batch 58.81 | loss  4.47 | ppl    86.92
| epoch  13 |  1000/ 2323 batches | lr 0.31 | ms/batch 58.72 | loss  4.49 | ppl    89.06
| epoch  13 |  1200/ 2323 batches | lr 0.31 | ms/batch 64.30 | loss  4.52 | ppl    92.12
| epoch  13 |  1400/ 2323 batches | lr 0.31 | ms/batch 59.14 | loss  4.40 | ppl    81.80
| epoch  13 |  1600/ 2323 batches | lr 0.31 | ms/batch 71.01 | loss  4.49 | ppl    88.70
| epoch  13 |  1800/ 2323 batches | lr 0.31 | ms/batch 61.33 | loss  4.50 | ppl    90.32
| epoch  13 |  2000/ 2323 batches | lr 0.31 | ms/batch 51.38 | loss  4.34 | ppl    76.70
| epoch  13 |  2200/ 2323 batches | lr 0.31 | ms/batch 51.38 | loss  4.29 | ppl    73.17
-----------------------------------------------------------------------------------------
| end of epoch  13 | time: 143.16s | valid loss  5.35 | valid ppl   210.59
-----------------------------------------------------------------------------------------
| epoch  14 |   200/ 2323 batches | lr 0.31 | ms/batch 51.73 | loss  4.45 | ppl    85.32
| epoch  14 |   400/ 2323 batches | lr 0.31 | ms/batch 51.44 | loss  4.55 | ppl    94.76
| epoch  14 |   600/ 2323 batches | lr 0.31 | ms/batch 64.72 | loss  4.46 | ppl    86.70
| epoch  14 |   800/ 2323 batches | lr 0.31 | ms/batch 70.80 | loss  4.44 | ppl    84.45
| epoch  14 |  1000/ 2323 batches | lr 0.31 | ms/batch 72.72 | loss  4.47 | ppl    87.29
| epoch  14 |  1200/ 2323 batches | lr 0.31 | ms/batch 70.75 | loss  4.51 | ppl    90.73
| epoch  14 |  1400/ 2323 batches | lr 0.31 | ms/batch 66.17 | loss  4.38 | ppl    80.18
| epoch  14 |  1600/ 2323 batches | lr 0.31 | ms/batch 56.32 | loss  4.47 | ppl    87.10
| epoch  14 |  1800/ 2323 batches | lr 0.31 | ms/batch 58.66 | loss  4.49 | ppl    88.93
| epoch  14 |  2000/ 2323 batches | lr 0.31 | ms/batch 70.84 | loss  4.33 | ppl    75.96
| epoch  14 |  2200/ 2323 batches | lr 0.31 | ms/batch 70.74 | loss  4.29 | ppl    72.78
-----------------------------------------------------------------------------------------
| end of epoch  14 | time: 156.72s | valid loss  5.34 | valid ppl   208.96
-----------------------------------------------------------------------------------------
| epoch  15 |   200/ 2323 batches | lr 0.31 | ms/batch 71.21 | loss  4.42 | ppl    83.41
| epoch  15 |   400/ 2323 batches | lr 0.31 | ms/batch 70.75 | loss  4.53 | ppl    92.39
| epoch  15 |   600/ 2323 batches | lr 0.31 | ms/batch 70.79 | loss  4.44 | ppl    85.00
| epoch  15 |   800/ 2323 batches | lr 0.31 | ms/batch 70.65 | loss  4.41 | ppl    82.67
| epoch  15 |  1000/ 2323 batches | lr 0.31 | ms/batch 70.80 | loss  4.45 | ppl    85.71
| epoch  15 |  1200/ 2323 batches | lr 0.31 | ms/batch 72.51 | loss  4.48 | ppl    88.55
| epoch  15 |  1400/ 2323 batches | lr 0.31 | ms/batch 73.28 | loss  4.37 | ppl    78.86
| epoch  15 |  1600/ 2323 batches | lr 0.31 | ms/batch 70.79 | loss  4.45 | ppl    85.73
| epoch  15 |  1800/ 2323 batches | lr 0.31 | ms/batch 71.76 | loss  4.48 | ppl    88.33
| epoch  15 |  2000/ 2323 batches | lr 0.31 | ms/batch 71.54 | loss  4.32 | ppl    75.30
| epoch  15 |  2200/ 2323 batches | lr 0.31 | ms/batch 70.80 | loss  4.27 | ppl    71.49
-----------------------------------------------------------------------------------------
| end of epoch  15 | time: 172.42s | valid loss  5.33 | valid ppl   206.60
-----------------------------------------------------------------------------------------
| epoch  16 |   200/ 2323 batches | lr 0.31 | ms/batch 71.25 | loss  4.41 | ppl    81.89
| epoch  16 |   400/ 2323 batches | lr 0.31 | ms/batch 70.75 | loss  4.51 | ppl    90.87
| epoch  16 |   600/ 2323 batches | lr 0.31 | ms/batch 70.87 | loss  4.43 | ppl    83.52
| epoch  16 |   800/ 2323 batches | lr 0.31 | ms/batch 71.08 | loss  4.40 | ppl    81.50
| epoch  16 |  1000/ 2323 batches | lr 0.31 | ms/batch 72.74 | loss  4.44 | ppl    84.44
| epoch  16 |  1200/ 2323 batches | lr 0.31 | ms/batch 71.29 | loss  4.47 | ppl    87.76
| epoch  16 |  1400/ 2323 batches | lr 0.31 | ms/batch 72.31 | loss  4.36 | ppl    78.37
| epoch  16 |  1600/ 2323 batches | lr 0.31 | ms/batch 71.05 | loss  4.44 | ppl    84.66
| epoch  16 |  1800/ 2323 batches | lr 0.31 | ms/batch 70.74 | loss  4.46 | ppl    86.66
| epoch  16 |  2000/ 2323 batches | lr 0.31 | ms/batch 73.43 | loss  4.31 | ppl    74.35
| epoch  16 |  2200/ 2323 batches | lr 0.31 | ms/batch 70.81 | loss  4.26 | ppl    71.03
-----------------------------------------------------------------------------------------
| end of epoch  16 | time: 172.73s | valid loss  5.33 | valid ppl   206.02
-----------------------------------------------------------------------------------------
| epoch  17 |   200/ 2323 batches | lr 0.31 | ms/batch 71.00 | loss  4.38 | ppl    79.94
| epoch  17 |   400/ 2323 batches | lr 0.31 | ms/batch 70.71 | loss  4.49 | ppl    88.94
| epoch  17 |   600/ 2323 batches | lr 0.31 | ms/batch 72.38 | loss  4.40 | ppl    81.66
| epoch  17 |   800/ 2323 batches | lr 0.31 | ms/batch 72.43 | loss  4.38 | ppl    79.46
| epoch  17 |  1000/ 2323 batches | lr 0.31 | ms/batch 70.81 | loss  4.41 | ppl    82.38
| epoch  17 |  1200/ 2323 batches | lr 0.31 | ms/batch 70.75 | loss  4.45 | ppl    85.80
| epoch  17 |  1400/ 2323 batches | lr 0.31 | ms/batch 70.66 | loss  4.34 | ppl    76.57
| epoch  17 |  1600/ 2323 batches | lr 0.31 | ms/batch 70.75 | loss  4.42 | ppl    83.29
| epoch  17 |  1800/ 2323 batches | lr 0.31 | ms/batch 70.55 | loss  4.45 | ppl    85.53
| epoch  17 |  2000/ 2323 batches | lr 0.31 | ms/batch 70.64 | loss  4.29 | ppl    73.07
| epoch  17 |  2200/ 2323 batches | lr 0.31 | ms/batch 70.85 | loss  4.24 | ppl    69.67
-----------------------------------------------------------------------------------------
| end of epoch  17 | time: 171.90s | valid loss  5.33 | valid ppl   205.48
-----------------------------------------------------------------------------------------
| epoch  18 |   200/ 2323 batches | lr 0.31 | ms/batch 74.02 | loss  4.36 | ppl    78.35
| epoch  18 |   400/ 2323 batches | lr 0.31 | ms/batch 72.95 | loss  4.48 | ppl    87.93
| epoch  18 |   600/ 2323 batches | lr 0.31 | ms/batch 70.63 | loss  4.38 | ppl    80.17
| epoch  18 |   800/ 2323 batches | lr 0.31 | ms/batch 70.58 | loss  4.36 | ppl    78.50
| epoch  18 |  1000/ 2323 batches | lr 0.31 | ms/batch 70.69 | loss  4.40 | ppl    81.28
| epoch  18 |  1200/ 2323 batches | lr 0.31 | ms/batch 70.80 | loss  4.44 | ppl    84.64
| epoch  18 |  1400/ 2323 batches | lr 0.31 | ms/batch 70.67 | loss  4.32 | ppl    75.55
| epoch  18 |  1600/ 2323 batches | lr 0.31 | ms/batch 70.60 | loss  4.40 | ppl    81.76
| epoch  18 |  1800/ 2323 batches | lr 0.31 | ms/batch 70.91 | loss  4.43 | ppl    83.97
| epoch  18 |  2000/ 2323 batches | lr 0.31 | ms/batch 73.53 | loss  4.27 | ppl    71.51
| epoch  18 |  2200/ 2323 batches | lr 0.31 | ms/batch 71.13 | loss  4.23 | ppl    69.00
-----------------------------------------------------------------------------------------
| end of epoch  18 | time: 172.79s | valid loss  5.32 | valid ppl   205.26
-----------------------------------------------------------------------------------------
| epoch  19 |   200/ 2323 batches | lr 0.31 | ms/batch 71.06 | loss  4.34 | ppl    76.75
| epoch  19 |   400/ 2323 batches | lr 0.31 | ms/batch 70.69 | loss  4.45 | ppl    85.65
| epoch  19 |   600/ 2323 batches | lr 0.31 | ms/batch 70.75 | loss  4.37 | ppl    78.68
| epoch  19 |   800/ 2323 batches | lr 0.31 | ms/batch 70.68 | loss  4.35 | ppl    77.17
| epoch  19 |  1000/ 2323 batches | lr 0.31 | ms/batch 72.16 | loss  4.38 | ppl    80.07
| epoch  19 |  1200/ 2323 batches | lr 0.31 | ms/batch 71.84 | loss  4.42 | ppl    83.41
| epoch  19 |  1400/ 2323 batches | lr 0.31 | ms/batch 72.51 | loss  4.31 | ppl    74.28
| epoch  19 |  1600/ 2323 batches | lr 0.31 | ms/batch 72.50 | loss  4.39 | ppl    80.90
| epoch  19 |  1800/ 2323 batches | lr 0.31 | ms/batch 70.75 | loss  4.42 | ppl    83.04
| epoch  19 |  2000/ 2323 batches | lr 0.31 | ms/batch 70.86 | loss  4.27 | ppl    71.19
| epoch  19 |  2200/ 2323 batches | lr 0.31 | ms/batch 70.76 | loss  4.22 | ppl    67.81
-----------------------------------------------------------------------------------------
| end of epoch  19 | time: 172.39s | valid loss  5.32 | valid ppl   203.68
-----------------------------------------------------------------------------------------
| epoch  20 |   200/ 2323 batches | lr 0.31 | ms/batch 71.34 | loss  4.33 | ppl    75.72
| epoch  20 |   400/ 2323 batches | lr 0.31 | ms/batch 70.74 | loss  4.44 | ppl    84.94
| epoch  20 |   600/ 2323 batches | lr 0.31 | ms/batch 70.86 | loss  4.35 | ppl    77.69
| epoch  20 |   800/ 2323 batches | lr 0.31 | ms/batch 71.99 | loss  4.33 | ppl    75.79
| epoch  20 |  1000/ 2323 batches | lr 0.31 | ms/batch 71.39 | loss  4.37 | ppl    79.17
| epoch  20 |  1200/ 2323 batches | lr 0.31 | ms/batch 72.66 | loss  4.40 | ppl    81.85
| epoch  20 |  1400/ 2323 batches | lr 0.31 | ms/batch 71.06 | loss  4.30 | ppl    73.41
| epoch  20 |  1600/ 2323 batches | lr 0.31 | ms/batch 71.13 | loss  4.38 | ppl    79.79
| epoch  20 |  1800/ 2323 batches | lr 0.31 | ms/batch 73.40 | loss  4.41 | ppl    82.56
| epoch  20 |  2000/ 2323 batches | lr 0.31 | ms/batch 70.73 | loss  4.25 | ppl    70.44
| epoch  20 |  2200/ 2323 batches | lr 0.31 | ms/batch 70.96 | loss  4.21 | ppl    67.13
-----------------------------------------------------------------------------------------
| end of epoch  20 | time: 172.75s | valid loss  5.31 | valid ppl   203.10
-----------------------------------------------------------------------------------------
| epoch  21 |   200/ 2323 batches | lr 0.31 | ms/batch 71.34 | loss  4.31 | ppl    74.24
| epoch  21 |   400/ 2323 batches | lr 0.31 | ms/batch 72.44 | loss  4.42 | ppl    83.21
| epoch  21 |   600/ 2323 batches | lr 0.31 | ms/batch 71.49 | loss  4.34 | ppl    76.56
| epoch  21 |   800/ 2323 batches | lr 0.31 | ms/batch 87.38 | loss  4.31 | ppl    74.44
| epoch  21 |  1000/ 2323 batches | lr 0.31 | ms/batch 85.89 | loss  4.35 | ppl    77.27
| epoch  21 |  1200/ 2323 batches | lr 0.31 | ms/batch 85.18 | loss  4.39 | ppl    80.42
| epoch  21 |  1400/ 2323 batches | lr 0.31 | ms/batch 85.75 | loss  4.28 | ppl    71.95
| epoch  21 |  1600/ 2323 batches | lr 0.31 | ms/batch 84.07 | loss  4.37 | ppl    78.73
| epoch  21 |  1800/ 2323 batches | lr 0.31 | ms/batch 85.20 | loss  4.40 | ppl    81.16
| epoch  21 |  2000/ 2323 batches | lr 0.31 | ms/batch 84.03 | loss  4.24 | ppl    69.09
| epoch  21 |  2200/ 2323 batches | lr 0.31 | ms/batch 86.70 | loss  4.19 | ppl    66.22
-----------------------------------------------------------------------------------------
| end of epoch  21 | time: 198.28s | valid loss  5.31 | valid ppl   202.23
-----------------------------------------------------------------------------------------
| epoch  22 |   200/ 2323 batches | lr 0.31 | ms/batch 88.72 | loss  4.30 | ppl    73.47
| epoch  22 |   400/ 2323 batches | lr 0.31 | ms/batch 89.13 | loss  4.40 | ppl    81.84
| epoch  22 |   600/ 2323 batches | lr 0.31 | ms/batch 84.74 | loss  4.32 | ppl    75.10
| epoch  22 |   800/ 2323 batches | lr 0.31 | ms/batch 87.93 | loss  4.30 | ppl    73.70
| epoch  22 |  1000/ 2323 batches | lr 0.31 | ms/batch 85.04 | loss  4.34 | ppl    76.82
| epoch  22 |  1200/ 2323 batches | lr 0.31 | ms/batch 83.47 | loss  4.38 | ppl    79.54
| epoch  22 |  1400/ 2323 batches | lr 0.31 | ms/batch 85.76 | loss  4.26 | ppl    71.01
| epoch  22 |  1600/ 2323 batches | lr 0.31 | ms/batch 84.98 | loss  4.35 | ppl    77.81
| epoch  22 |  1800/ 2323 batches | lr 0.31 | ms/batch 85.72 | loss  4.38 | ppl    80.14
| epoch  22 |  2000/ 2323 batches | lr 0.31 | ms/batch 85.59 | loss  4.23 | ppl    68.52
| epoch  22 |  2200/ 2323 batches | lr 0.31 | ms/batch 84.46 | loss  4.18 | ppl    65.49
-----------------------------------------------------------------------------------------
| end of epoch  22 | time: 208.10s | valid loss  5.31 | valid ppl   202.10
-----------------------------------------------------------------------------------------
| epoch  23 |   200/ 2323 batches | lr 0.31 | ms/batch 87.70 | loss  4.27 | ppl    71.67
| epoch  23 |   400/ 2323 batches | lr 0.31 | ms/batch 84.25 | loss  4.39 | ppl    80.49
| epoch  23 |   600/ 2323 batches | lr 0.31 | ms/batch 85.81 | loss  4.30 | ppl    73.96
| epoch  23 |   800/ 2323 batches | lr 0.31 | ms/batch 88.17 | loss  4.29 | ppl    72.74
| epoch  23 |  1000/ 2323 batches | lr 0.31 | ms/batch 86.43 | loss  4.32 | ppl    75.46
| epoch  23 |  1200/ 2323 batches | lr 0.31 | ms/batch 88.76 | loss  4.36 | ppl    78.08
| epoch  23 |  1400/ 2323 batches | lr 0.31 | ms/batch 87.66 | loss  4.25 | ppl    70.05
| epoch  23 |  1600/ 2323 batches | lr 0.31 | ms/batch 85.90 | loss  4.34 | ppl    76.69
| epoch  23 |  1800/ 2323 batches | lr 0.31 | ms/batch 85.97 | loss  4.37 | ppl    79.20
| epoch  23 |  2000/ 2323 batches | lr 0.31 | ms/batch 89.68 | loss  4.22 | ppl    67.86
| epoch  23 |  2200/ 2323 batches | lr 0.31 | ms/batch 88.99 | loss  4.17 | ppl    64.51
-----------------------------------------------------------------------------------------
| end of epoch  23 | time: 210.47s | valid loss  5.30 | valid ppl   200.93
-----------------------------------------------------------------------------------------
| epoch  24 |   200/ 2323 batches | lr 0.31 | ms/batch 86.24 | loss  4.26 | ppl    70.81
| epoch  24 |   400/ 2323 batches | lr 0.31 | ms/batch 84.30 | loss  4.38 | ppl    79.92
| epoch  24 |   600/ 2323 batches | lr 0.31 | ms/batch 86.85 | loss  4.29 | ppl    73.33
| epoch  24 |   800/ 2323 batches | lr 0.31 | ms/batch 83.77 | loss  4.27 | ppl    71.76
| epoch  24 |  1000/ 2323 batches | lr 0.31 | ms/batch 85.76 | loss  4.31 | ppl    74.78
| epoch  24 |  1200/ 2323 batches | lr 0.31 | ms/batch 86.41 | loss  4.35 | ppl    77.14
| epoch  24 |  1400/ 2323 batches | lr 0.31 | ms/batch 85.27 | loss  4.24 | ppl    69.29
| epoch  24 |  1600/ 2323 batches | lr 0.31 | ms/batch 87.58 | loss  4.32 | ppl    75.54
| epoch  24 |  1800/ 2323 batches | lr 0.31 | ms/batch 85.46 | loss  4.36 | ppl    78.23
| epoch  24 |  2000/ 2323 batches | lr 0.31 | ms/batch 87.27 | loss  4.20 | ppl    66.88
| epoch  24 |  2200/ 2323 batches | lr 0.31 | ms/batch 86.06 | loss  4.15 | ppl    63.74
-----------------------------------------------------------------------------------------
| end of epoch  24 | time: 207.38s | valid loss  5.30 | valid ppl   200.91
-----------------------------------------------------------------------------------------
| epoch  25 |   200/ 2323 batches | lr 0.31 | ms/batch 87.78 | loss  4.24 | ppl    69.67
| epoch  25 |   400/ 2323 batches | lr 0.31 | ms/batch 87.29 | loss  4.36 | ppl    78.30
| epoch  25 |   600/ 2323 batches | lr 0.31 | ms/batch 85.53 | loss  4.28 | ppl    72.28
| epoch  25 |   800/ 2323 batches | lr 0.31 | ms/batch 84.33 | loss  4.26 | ppl    70.80
| epoch  25 |  1000/ 2323 batches | lr 0.31 | ms/batch 86.80 | loss  4.30 | ppl    73.80
| epoch  25 |  1200/ 2323 batches | lr 0.31 | ms/batch 86.70 | loss  4.34 | ppl    76.75
| epoch  25 |  1400/ 2323 batches | lr 0.31 | ms/batch 87.22 | loss  4.23 | ppl    68.70
| epoch  25 |  1600/ 2323 batches | lr 0.31 | ms/batch 86.43 | loss  4.32 | ppl    75.05
| epoch  25 |  1800/ 2323 batches | lr 0.31 | ms/batch 84.29 | loss  4.35 | ppl    77.54
| epoch  25 |  2000/ 2323 batches | lr 0.31 | ms/batch 87.10 | loss  4.19 | ppl    66.10
| epoch  25 |  2200/ 2323 batches | lr 0.31 | ms/batch 85.89 | loss  4.15 | ppl    63.27
-----------------------------------------------------------------------------------------
| end of epoch  25 | time: 209.24s | valid loss  5.30 | valid ppl   199.73
-----------------------------------------------------------------------------------------
| epoch  26 |   200/ 2323 batches | lr 0.31 | ms/batch 85.58 | loss  4.23 | ppl    68.77
| epoch  26 |   400/ 2323 batches | lr 0.31 | ms/batch 84.19 | loss  4.35 | ppl    77.46
| epoch  26 |   600/ 2323 batches | lr 0.31 | ms/batch 85.44 | loss  4.27 | ppl    71.58
| epoch  26 |   800/ 2323 batches | lr 0.31 | ms/batch 89.03 | loss  4.25 | ppl    70.22
| epoch  26 |  1000/ 2323 batches | lr 0.31 | ms/batch 89.45 | loss  4.28 | ppl    72.59
| epoch  26 |  1200/ 2323 batches | lr 0.31 | ms/batch 84.90 | loss  4.32 | ppl    75.40
| epoch  26 |  1400/ 2323 batches | lr 0.31 | ms/batch 90.69 | loss  4.21 | ppl    67.41
| epoch  26 |  1600/ 2323 batches | lr 0.31 | ms/batch 84.84 | loss  4.30 | ppl    74.00
| epoch  26 |  1800/ 2323 batches | lr 0.31 | ms/batch 83.83 | loss  4.33 | ppl    76.21
| epoch  26 |  2000/ 2323 batches | lr 0.31 | ms/batch 86.43 | loss  4.18 | ppl    65.18
| epoch  26 |  2200/ 2323 batches | lr 0.31 | ms/batch 84.24 | loss  4.13 | ppl    62.33
-----------------------------------------------------------------------------------------
| end of epoch  26 | time: 208.02s | valid loss  5.31 | valid ppl   201.43
-----------------------------------------------------------------------------------------
| epoch  27 |   200/ 2323 batches | lr 0.08 | ms/batch 85.07 | loss  4.22 | ppl    68.03
| epoch  27 |   400/ 2323 batches | lr 0.08 | ms/batch 85.01 | loss  4.34 | ppl    76.86
| epoch  27 |   600/ 2323 batches | lr 0.08 | ms/batch 87.42 | loss  4.25 | ppl    70.41
| epoch  27 |   800/ 2323 batches | lr 0.08 | ms/batch 86.90 | loss  4.23 | ppl    68.70
| epoch  27 |  1000/ 2323 batches | lr 0.08 | ms/batch 86.02 | loss  4.26 | ppl    70.88
| epoch  27 |  1200/ 2323 batches | lr 0.08 | ms/batch 87.68 | loss  4.30 | ppl    73.51
| epoch  27 |  1400/ 2323 batches | lr 0.08 | ms/batch 84.85 | loss  4.18 | ppl    65.44
| epoch  27 |  1600/ 2323 batches | lr 0.08 | ms/batch 86.56 | loss  4.27 | ppl    71.35
| epoch  27 |  1800/ 2323 batches | lr 0.08 | ms/batch 86.83 | loss  4.29 | ppl    73.04
| epoch  27 |  2000/ 2323 batches | lr 0.08 | ms/batch 85.97 | loss  4.13 | ppl    62.05
| epoch  27 |  2200/ 2323 batches | lr 0.08 | ms/batch 85.75 | loss  4.08 | ppl    58.97
-----------------------------------------------------------------------------------------
| end of epoch  27 | time: 207.89s | valid loss  5.28 | valid ppl   196.88
-----------------------------------------------------------------------------------------
| epoch  28 |   200/ 2323 batches | lr 0.08 | ms/batch 89.27 | loss  4.20 | ppl    66.76
| epoch  28 |   400/ 2323 batches | lr 0.08 | ms/batch 89.72 | loss  4.32 | ppl    75.34
| epoch  28 |   600/ 2323 batches | lr 0.08 | ms/batch 68.41 | loss  4.24 | ppl    69.33
| epoch  28 |   800/ 2323 batches | lr 0.08 | ms/batch 68.96 | loss  4.21 | ppl    67.63
| epoch  28 |  1000/ 2323 batches | lr 0.08 | ms/batch 71.64 | loss  4.25 | ppl    70.07
| epoch  28 |  1200/ 2323 batches | lr 0.08 | ms/batch 80.84 | loss  4.29 | ppl    73.15
| epoch  28 |  1400/ 2323 batches | lr 0.08 | ms/batch 80.32 | loss  4.18 | ppl    65.19
| epoch  28 |  1600/ 2323 batches | lr 0.08 | ms/batch 80.31 | loss  4.26 | ppl    70.80
| epoch  28 |  1800/ 2323 batches | lr 0.08 | ms/batch 80.66 | loss  4.29 | ppl    72.82
| epoch  28 |  2000/ 2323 batches | lr 0.08 | ms/batch 80.70 | loss  4.13 | ppl    62.03
| epoch  28 |  2200/ 2323 batches | lr 0.08 | ms/batch 84.70 | loss  4.08 | ppl    58.94
-----------------------------------------------------------------------------------------
| end of epoch  28 | time: 192.53s | valid loss  5.28 | valid ppl   196.50
-----------------------------------------------------------------------------------------
| epoch  29 |   200/ 2323 batches | lr 0.08 | ms/batch 82.03 | loss  4.20 | ppl    66.43
| epoch  29 |   400/ 2323 batches | lr 0.08 | ms/batch 79.29 | loss  4.32 | ppl    75.11
| epoch  29 |   600/ 2323 batches | lr 0.08 | ms/batch 84.77 | loss  4.24 | ppl    69.43
| epoch  29 |   800/ 2323 batches | lr 0.08 | ms/batch 82.58 | loss  4.21 | ppl    67.54
| epoch  29 |  1000/ 2323 batches | lr 0.08 | ms/batch 82.88 | loss  4.24 | ppl    69.74
| epoch  29 |  1200/ 2323 batches | lr 0.08 | ms/batch 81.16 | loss  4.29 | ppl    72.64
| epoch  29 |  1400/ 2323 batches | lr 0.08 | ms/batch 81.42 | loss  4.17 | ppl    64.43
| epoch  29 |  1600/ 2323 batches | lr 0.08 | ms/batch 82.24 | loss  4.26 | ppl    70.61
| epoch  29 |  1800/ 2323 batches | lr 0.08 | ms/batch 83.29 | loss  4.29 | ppl    72.81
| epoch  29 |  2000/ 2323 batches | lr 0.08 | ms/batch 81.63 | loss  4.12 | ppl    61.64
| epoch  29 |  2200/ 2323 batches | lr 0.08 | ms/batch 83.11 | loss  4.08 | ppl    58.96
-----------------------------------------------------------------------------------------
| end of epoch  29 | time: 198.47s | valid loss  5.28 | valid ppl   196.78
-----------------------------------------------------------------------------------------
| epoch  30 |   200/ 2323 batches | lr 0.02 | ms/batch 82.69 | loss  4.19 | ppl    66.27
| epoch  30 |   400/ 2323 batches | lr 0.02 | ms/batch 81.66 | loss  4.31 | ppl    74.67
| epoch  30 |   600/ 2323 batches | lr 0.02 | ms/batch 83.17 | loss  4.23 | ppl    68.70
| epoch  30 |   800/ 2323 batches | lr 0.02 | ms/batch 81.74 | loss  4.21 | ppl    67.17
| epoch  30 |  1000/ 2323 batches | lr 0.02 | ms/batch 85.28 | loss  4.24 | ppl    69.19
| epoch  30 |  1200/ 2323 batches | lr 0.02 | ms/batch 83.14 | loss  4.27 | ppl    71.79
| epoch  30 |  1400/ 2323 batches | lr 0.02 | ms/batch 79.61 | loss  4.16 | ppl    63.80
| epoch  30 |  1600/ 2323 batches | lr 0.02 | ms/batch 84.67 | loss  4.25 | ppl    69.78
| epoch  30 |  1800/ 2323 batches | lr 0.02 | ms/batch 83.55 | loss  4.27 | ppl    71.72
| epoch  30 |  2000/ 2323 batches | lr 0.02 | ms/batch 78.98 | loss  4.11 | ppl    60.92
| epoch  30 |  2200/ 2323 batches | lr 0.02 | ms/batch 81.49 | loss  4.06 | ppl    58.16
-----------------------------------------------------------------------------------------
| end of epoch  30 | time: 199.41s | valid loss  5.28 | valid ppl   196.15
-----------------------------------------------------------------------------------------
| epoch  31 |   200/ 2323 batches | lr 0.02 | ms/batch 81.42 | loss  4.19 | ppl    65.98
| epoch  31 |   400/ 2323 batches | lr 0.02 | ms/batch 82.13 | loss  4.31 | ppl    74.30
| epoch  31 |   600/ 2323 batches | lr 0.02 | ms/batch 83.36 | loss  4.23 | ppl    68.58
| epoch  31 |   800/ 2323 batches | lr 0.02 | ms/batch 84.25 | loss  4.21 | ppl    67.02
| epoch  31 |  1000/ 2323 batches | lr 0.02 | ms/batch 82.22 | loss  4.24 | ppl    69.39
| epoch  31 |  1200/ 2323 batches | lr 0.02 | ms/batch 82.55 | loss  4.27 | ppl    71.75
| epoch  31 |  1400/ 2323 batches | lr 0.02 | ms/batch 82.17 | loss  4.15 | ppl    63.51
| epoch  31 |  1600/ 2323 batches | lr 0.02 | ms/batch 81.17 | loss  4.24 | ppl    69.46
| epoch  31 |  1800/ 2323 batches | lr 0.02 | ms/batch 81.45 | loss  4.27 | ppl    71.63
| epoch  31 |  2000/ 2323 batches | lr 0.02 | ms/batch 82.75 | loss  4.11 | ppl    60.66
| epoch  31 |  2200/ 2323 batches | lr 0.02 | ms/batch 85.56 | loss  4.06 | ppl    57.81
-----------------------------------------------------------------------------------------
| end of epoch  31 | time: 199.35s | valid loss  5.28 | valid ppl   196.31
-----------------------------------------------------------------------------------------
| epoch  32 |   200/ 2323 batches | lr 0.00 | ms/batch 83.31 | loss  4.19 | ppl    65.81
| epoch  32 |   400/ 2323 batches | lr 0.00 | ms/batch 82.17 | loss  4.30 | ppl    74.02
| epoch  32 |   600/ 2323 batches | lr 0.00 | ms/batch 85.45 | loss  4.22 | ppl    68.07
| epoch  32 |   800/ 2323 batches | lr 0.00 | ms/batch 84.94 | loss  4.20 | ppl    66.75
| epoch  32 |  1000/ 2323 batches | lr 0.00 | ms/batch 79.94 | loss  4.22 | ppl    68.36
| epoch  32 |  1200/ 2323 batches | lr 0.00 | ms/batch 83.08 | loss  4.27 | ppl    71.42
| epoch  32 |  1400/ 2323 batches | lr 0.00 | ms/batch 81.18 | loss  4.15 | ppl    63.53
| epoch  32 |  1600/ 2323 batches | lr 0.00 | ms/batch 83.79 | loss  4.24 | ppl    69.65
| epoch  32 |  1800/ 2323 batches | lr 0.00 | ms/batch 83.30 | loss  4.27 | ppl    71.67
| epoch  32 |  2000/ 2323 batches | lr 0.00 | ms/batch 82.50 | loss  4.11 | ppl    60.94
| epoch  32 |  2200/ 2323 batches | lr 0.00 | ms/batch 80.35 | loss  4.06 | ppl    57.80
-----------------------------------------------------------------------------------------
| end of epoch  32 | time: 199.24s | valid loss  5.28 | valid ppl   195.86
-----------------------------------------------------------------------------------------
| epoch  33 |   200/ 2323 batches | lr 0.00 | ms/batch 83.83 | loss  4.19 | ppl    65.95
| epoch  33 |   400/ 2323 batches | lr 0.00 | ms/batch 82.81 | loss  4.30 | ppl    73.95
| epoch  33 |   600/ 2323 batches | lr 0.00 | ms/batch 80.37 | loss  4.22 | ppl    68.18
| epoch  33 |   800/ 2323 batches | lr 0.00 | ms/batch 81.80 | loss  4.20 | ppl    66.68
| epoch  33 |  1000/ 2323 batches | lr 0.00 | ms/batch 79.52 | loss  4.24 | ppl    69.21
| epoch  33 |  1200/ 2323 batches | lr 0.00 | ms/batch 81.90 | loss  4.27 | ppl    71.54
| epoch  33 |  1400/ 2323 batches | lr 0.00 | ms/batch 80.13 | loss  4.15 | ppl    63.46
| epoch  33 |  1600/ 2323 batches | lr 0.00 | ms/batch 86.53 | loss  4.24 | ppl    69.58
| epoch  33 |  1800/ 2323 batches | lr 0.00 | ms/batch 81.54 | loss  4.27 | ppl    71.47
| epoch  33 |  2000/ 2323 batches | lr 0.00 | ms/batch 79.25 | loss  4.11 | ppl    60.82
| epoch  33 |  2200/ 2323 batches | lr 0.00 | ms/batch 81.87 | loss  4.05 | ppl    57.60
-----------------------------------------------------------------------------------------
| end of epoch  33 | time: 198.13s | valid loss  5.28 | valid ppl   196.05
-----------------------------------------------------------------------------------------
| epoch  34 |   200/ 2323 batches | lr 0.00 | ms/batch 81.83 | loss  4.19 | ppl    65.82
| epoch  34 |   400/ 2323 batches | lr 0.00 | ms/batch 81.13 | loss  4.30 | ppl    73.85
| epoch  34 |   600/ 2323 batches | lr 0.00 | ms/batch 80.37 | loss  4.22 | ppl    68.26
| epoch  34 |   800/ 2323 batches | lr 0.00 | ms/batch 83.46 | loss  4.20 | ppl    66.58
| epoch  34 |  1000/ 2323 batches | lr 0.00 | ms/batch 83.53 | loss  4.23 | ppl    68.75
| epoch  34 |  1200/ 2323 batches | lr 0.00 | ms/batch 83.90 | loss  4.27 | ppl    71.53
| epoch  34 |  1400/ 2323 batches | lr 0.00 | ms/batch 80.24 | loss  4.15 | ppl    63.32
| epoch  34 |  1600/ 2323 batches | lr 0.00 | ms/batch 79.78 | loss  4.23 | ppl    68.98
