| epoch   1 |   200/  929 batches | lr 20.0000 | ms/batch 52.35 | loss  6.78 | ppl   879.17
| epoch   1 |   400/  929 batches | lr 20.0000 | ms/batch 48.59 | loss  5.95 | ppl   383.29
| epoch   1 |   600/  929 batches | lr 20.0000 | ms/batch 48.64 | loss  5.62 | ppl   275.24
| epoch   1 |   800/  929 batches | lr 20.0000 | ms/batch 48.74 | loss  5.42 | ppl   224.90
-----------------------------------------------------------------------------------------
| end of epoch   1 | time: 47.80s | valid loss  5.31 | valid ppl   201.42
-----------------------------------------------------------------------------------------
| epoch   2 |   200/  929 batches | lr 20.0000 | ms/batch 49.00 | loss  5.23 | ppl   186.09
| epoch   2 |   400/  929 batches | lr 20.0000 | ms/batch 48.84 | loss  5.08 | ppl   160.12
| epoch   2 |   600/  929 batches | lr 20.0000 | ms/batch 48.78 | loss  4.97 | ppl   144.05
| epoch   2 |   800/  929 batches | lr 20.0000 | ms/batch 48.82 | loss  4.89 | ppl   132.57
-----------------------------------------------------------------------------------------
| end of epoch   2 | time: 47.24s | valid loss  5.00 | valid ppl   148.49
-----------------------------------------------------------------------------------------
| epoch   3 |   200/  929 batches | lr 20.0000 | ms/batch 49.09 | loss  4.80 | ppl   121.84
| epoch   3 |   400/  929 batches | lr 20.0000 | ms/batch 48.89 | loss  4.68 | ppl   107.33
| epoch   3 |   600/  929 batches | lr 20.0000 | ms/batch 48.86 | loss  4.61 | ppl   100.90
| epoch   3 |   800/  929 batches | lr 20.0000 | ms/batch 49.15 | loss  4.57 | ppl    96.50
-----------------------------------------------------------------------------------------
| end of epoch   3 | time: 47.38s | valid loss  4.87 | valid ppl   130.21
-----------------------------------------------------------------------------------------
| epoch   4 |   200/  929 batches | lr 20.0000 | ms/batch 49.23 | loss  4.51 | ppl    91.13
| epoch   4 |   400/  929 batches | lr 20.0000 | ms/batch 48.93 | loss  4.40 | ppl    81.25
| epoch   4 |   600/  929 batches | lr 20.0000 | ms/batch 48.94 | loss  4.35 | ppl    77.80
| epoch   4 |   800/  929 batches | lr 20.0000 | ms/batch 48.84 | loss  4.33 | ppl    75.89
-----------------------------------------------------------------------------------------
| end of epoch   4 | time: 47.35s | valid loss  4.85 | valid ppl   128.12
-----------------------------------------------------------------------------------------
| epoch   5 |   200/  929 batches | lr 20.0000 | ms/batch 49.21 | loss  4.29 | ppl    72.66
| epoch   5 |   400/  929 batches | lr 20.0000 | ms/batch 49.00 | loss  4.18 | ppl    65.18
| epoch   5 |   600/  929 batches | lr 20.0000 | ms/batch 49.02 | loss  4.15 | ppl    63.20
| epoch   5 |   800/  929 batches | lr 20.0000 | ms/batch 49.08 | loss  4.13 | ppl    62.02
-----------------------------------------------------------------------------------------
| end of epoch   5 | time: 47.45s | valid loss  4.89 | valid ppl   133.26
-----------------------------------------------------------------------------------------
| epoch   6 |   200/  929 batches | lr 10.0000 | ms/batch 49.44 | loss  4.03 | ppl    56.18
| epoch   6 |   400/  929 batches | lr 10.0000 | ms/batch 49.05 | loss  3.86 | ppl    47.27
| epoch   6 |   600/  929 batches | lr 10.0000 | ms/batch 49.13 | loss  3.77 | ppl    43.24
| epoch   6 |   800/  929 batches | lr 10.0000 | ms/batch 49.09 | loss  3.70 | ppl    40.32
-----------------------------------------------------------------------------------------
| end of epoch   6 | time: 47.52s | valid loss  4.88 | valid ppl   131.09
-----------------------------------------------------------------------------------------
| epoch   7 |   200/  929 batches | lr 10.0000 | ms/batch 49.28 | loss  3.81 | ppl    45.10
| epoch   7 |   400/  929 batches | lr 10.0000 | ms/batch 48.89 | loss  3.66 | ppl    38.77
| epoch   7 |   600/  929 batches | lr 10.0000 | ms/batch 49.04 | loss  3.60 | ppl    36.47
| epoch   7 |   800/  929 batches | lr 10.0000 | ms/batch 49.24 | loss  3.55 | ppl    34.96
-----------------------------------------------------------------------------------------
| end of epoch   7 | time: 47.49s | valid loss  4.94 | valid ppl   140.03
-----------------------------------------------------------------------------------------
| epoch   8 |   200/  929 batches | lr 5.0000 | ms/batch 49.35 | loss  3.65 | ppl    38.32
| epoch   8 |   400/  929 batches | lr 5.0000 | ms/batch 49.06 | loss  3.45 | ppl    31.48
| epoch   8 |   600/  929 batches | lr 5.0000 | ms/batch 49.04 | loss  3.34 | ppl    28.21
| epoch   8 |   800/  929 batches | lr 5.0000 | ms/batch 49.24 | loss  3.25 | ppl    25.69
-----------------------------------------------------------------------------------------
| end of epoch   8 | time: 47.53s | valid loss  4.97 | valid ppl   144.65
-----------------------------------------------------------------------------------------
| epoch   9 |   200/  929 batches | lr 2.5000 | ms/batch 49.19 | loss  3.49 | ppl    32.66
| epoch   9 |   400/  929 batches | lr 2.5000 | ms/batch 49.07 | loss  3.28 | ppl    26.69
| epoch   9 |   600/  929 batches | lr 2.5000 | ms/batch 49.05 | loss  3.16 | ppl    23.59
| epoch   9 |   800/  929 batches | lr 2.5000 | ms/batch 49.10 | loss  3.05 | ppl    21.10
-----------------------------------------------------------------------------------------
| end of epoch   9 | time: 47.45s | valid loss  5.00 | valid ppl   148.90
-----------------------------------------------------------------------------------------
| epoch  10 |   200/  929 batches | lr 1.2500 | ms/batch 49.17 | loss  3.39 | ppl    29.53
| epoch  10 |   400/  929 batches | lr 1.2500 | ms/batch 49.08 | loss  3.18 | ppl    24.10
| epoch  10 |   600/  929 batches | lr 1.2500 | ms/batch 49.00 | loss  3.06 | ppl    21.23
| epoch  10 |   800/  929 batches | lr 1.2500 | ms/batch 49.15 | loss  2.94 | ppl    18.91
-----------------------------------------------------------------------------------------
| end of epoch  10 | time: 47.47s | valid loss  5.02 | valid ppl   152.07
-----------------------------------------------------------------------------------------
| epoch  11 |   200/  929 batches | lr 0.6250 | ms/batch 49.35 | loss  3.33 | ppl    28.00
| epoch  11 |   400/  929 batches | lr 0.6250 | ms/batch 49.13 | loss  3.13 | ppl    22.84
| epoch  11 |   600/  929 batches | lr 0.6250 | ms/batch 48.97 | loss  3.00 | ppl    20.16
| epoch  11 |   800/  929 batches | lr 0.6250 | ms/batch 49.15 | loss  2.89 | ppl    17.92
-----------------------------------------------------------------------------------------
| end of epoch  11 | time: 47.49s | valid loss  5.03 | valid ppl   153.24
-----------------------------------------------------------------------------------------
| epoch  12 |   200/  929 batches | lr 0.3125 | ms/batch 49.42 | loss  3.31 | ppl    27.32
| epoch  12 |   400/  929 batches | lr 0.3125 | ms/batch 49.16 | loss  3.10 | ppl    22.15
| epoch  12 |   600/  929 batches | lr 0.3125 | ms/batch 49.14 | loss  2.98 | ppl    19.63
| epoch  12 |   800/  929 batches | lr 0.3125 | ms/batch 49.15 | loss  2.86 | ppl    17.40
-----------------------------------------------------------------------------------------
| end of epoch  12 | time: 47.56s | valid loss  5.03 | valid ppl   152.91
-----------------------------------------------------------------------------------------
| epoch  13 |   200/  929 batches | lr 0.3125 | ms/batch 49.28 | loss  3.27 | ppl    26.25
| epoch  13 |   400/  929 batches | lr 0.3125 | ms/batch 48.96 | loss  3.05 | ppl    21.22
| epoch  13 |   600/  929 batches | lr 0.3125 | ms/batch 49.11 | loss  2.94 | ppl    18.99
| epoch  13 |   800/  929 batches | lr 0.3125 | ms/batch 49.15 | loss  2.84 | ppl    17.07
-----------------------------------------------------------------------------------------
| end of epoch  13 | time: 47.46s | valid loss  5.04 | valid ppl   154.48
-----------------------------------------------------------------------------------------
| epoch  14 |   200/  929 batches | lr 0.1562 | ms/batch 49.37 | loss  3.26 | ppl    26.00
| epoch  14 |   400/  929 batches | lr 0.1562 | ms/batch 49.04 | loss  3.05 | ppl    21.10
| epoch  14 |   600/  929 batches | lr 0.1562 | ms/batch 49.00 | loss  2.93 | ppl    18.78
| epoch  14 |   800/  929 batches | lr 0.1562 | ms/batch 49.01 | loss  2.82 | ppl    16.76
-----------------------------------------------------------------------------------------
| end of epoch  14 | time: 47.46s | valid loss  5.04 | valid ppl   154.02
-----------------------------------------------------------------------------------------
| epoch  15 |   200/  929 batches | lr 0.1562 | ms/batch 49.29 | loss  3.23 | ppl    25.39
| epoch  15 |   400/  929 batches | lr 0.1562 | ms/batch 49.19 | loss  3.02 | ppl    20.59
| epoch  15 |   600/  929 batches | lr 0.1562 | ms/batch 49.06 | loss  2.91 | ppl    18.45
| epoch  15 |   800/  929 batches | lr 0.1562 | ms/batch 49.14 | loss  2.81 | ppl    16.62
-----------------------------------------------------------------------------------------
| end of epoch  15 | time: 47.54s | valid loss  5.04 | valid ppl   154.83
-----------------------------------------------------------------------------------------
| epoch  16 |   200/  929 batches | lr 0.0781 | ms/batch 49.26 | loss  3.23 | ppl    25.30
| epoch  16 |   400/  929 batches | lr 0.0781 | ms/batch 49.12 | loss  3.02 | ppl    20.59
| epoch  16 |   600/  929 batches | lr 0.0781 | ms/batch 49.12 | loss  2.91 | ppl    18.32
| epoch  16 |   800/  929 batches | lr 0.0781 | ms/batch 49.03 | loss  2.80 | ppl    16.41
-----------------------------------------------------------------------------------------
| end of epoch  16 | time: 47.48s | valid loss  5.04 | valid ppl   154.28
-----------------------------------------------------------------------------------------
| epoch  17 |   200/  929 batches | lr 0.0781 | ms/batch 49.48 | loss  3.22 | ppl    24.93
| epoch  17 |   400/  929 batches | lr 0.0781 | ms/batch 49.04 | loss  3.01 | ppl    20.28
| epoch  17 |   600/  929 batches | lr 0.0781 | ms/batch 49.09 | loss  2.90 | ppl    18.15
| epoch  17 |   800/  929 batches | lr 0.0781 | ms/batch 49.18 | loss  2.79 | ppl    16.35
-----------------------------------------------------------------------------------------
| end of epoch  17 | time: 47.54s | valid loss  5.04 | valid ppl   154.66
-----------------------------------------------------------------------------------------
| epoch  18 |   200/  929 batches | lr 0.0391 | ms/batch 49.52 | loss  3.21 | ppl    24.88
| epoch  18 |   400/  929 batches | lr 0.0391 | ms/batch 49.15 | loss  3.01 | ppl    20.29
| epoch  18 |   600/  929 batches | lr 0.0391 | ms/batch 49.29 | loss  2.89 | ppl    18.08
| epoch  18 |   800/  929 batches | lr 0.0391 | ms/batch 49.04 | loss  2.79 | ppl    16.21
-----------------------------------------------------------------------------------------
| end of epoch  18 | time: 47.60s | valid loss  5.04 | valid ppl   154.22
-----------------------------------------------------------------------------------------
| epoch  19 |   200/  929 batches | lr 0.0391 | ms/batch 49.18 | loss  3.21 | ppl    24.68
| epoch  19 |   400/  929 batches | lr 0.0391 | ms/batch 49.19 | loss  3.00 | ppl    20.12
| epoch  19 |   600/  929 batches | lr 0.0391 | ms/batch 48.94 | loss  2.89 | ppl    17.98
| epoch  19 |   800/  929 batches | lr 0.0391 | ms/batch 49.07 | loss  2.78 | ppl    16.20
-----------------------------------------------------------------------------------------
| end of epoch  19 | time: 47.45s | valid loss  5.04 | valid ppl   154.36
-----------------------------------------------------------------------------------------
| epoch  20 |   200/  929 batches | lr 0.0195 | ms/batch 49.40 | loss  3.20 | ppl    24.65
| epoch  20 |   400/  929 batches | lr 0.0195 | ms/batch 48.98 | loss  3.00 | ppl    20.12
| epoch  20 |   600/  929 batches | lr 0.0195 | ms/batch 49.01 | loss  2.89 | ppl    17.93
| epoch  20 |   800/  929 batches | lr 0.0195 | ms/batch 49.01 | loss  2.78 | ppl    16.11
-----------------------------------------------------------------------------------------
| end of epoch  20 | time: 47.48s | valid loss  5.04 | valid ppl   154.07
-----------------------------------------------------------------------------------------
| epoch  21 |   200/  929 batches | lr 0.0195 | ms/batch 49.50 | loss  3.20 | ppl    24.54
| epoch  21 |   400/  929 batches | lr 0.0195 | ms/batch 49.02 | loss  3.00 | ppl    20.02
| epoch  21 |   600/  929 batches | lr 0.0195 | ms/batch 49.13 | loss  2.88 | ppl    17.89
| epoch  21 |   800/  929 batches | lr 0.0195 | ms/batch 49.13 | loss  2.78 | ppl    16.11
-----------------------------------------------------------------------------------------
| end of epoch  21 | time: 47.54s | valid loss  5.04 | valid ppl   154.07
-----------------------------------------------------------------------------------------
| epoch  22 |   200/  929 batches | lr 0.0098 | ms/batch 49.29 | loss  3.20 | ppl    24.52
| epoch  22 |   400/  929 batches | lr 0.0098 | ms/batch 49.04 | loss  3.00 | ppl    20.02
| epoch  22 |   600/  929 batches | lr 0.0098 | ms/batch 48.92 | loss  2.88 | ppl    17.86
| epoch  22 |   800/  929 batches | lr 0.0098 | ms/batch 49.11 | loss  2.78 | ppl    16.06
-----------------------------------------------------------------------------------------
| end of epoch  22 | time: 47.44s | valid loss  5.04 | valid ppl   153.92
-----------------------------------------------------------------------------------------
| epoch  23 |   200/  929 batches | lr 0.0098 | ms/batch 49.44 | loss  3.20 | ppl    24.47
| epoch  23 |   400/  929 batches | lr 0.0098 | ms/batch 48.99 | loss  2.99 | ppl    19.97
| epoch  23 |   600/  929 batches | lr 0.0098 | ms/batch 49.00 | loss  2.88 | ppl    17.83
| epoch  23 |   800/  929 batches | lr 0.0098 | ms/batch 49.05 | loss  2.78 | ppl    16.06
-----------------------------------------------------------------------------------------
| end of epoch  23 | time: 47.50s | valid loss  5.04 | valid ppl   153.88
-----------------------------------------------------------------------------------------
| epoch  24 |   200/  929 batches | lr 0.0098 | ms/batch 49.29 | loss  3.20 | ppl    24.43
| epoch  24 |   400/  929 batches | lr 0.0098 | ms/batch 49.16 | loss  2.99 | ppl    19.94
| epoch  24 |   600/  929 batches | lr 0.0098 | ms/batch 49.15 | loss  2.88 | ppl    17.81
| epoch  24 |   800/  929 batches | lr 0.0098 | ms/batch 49.14 | loss  2.78 | ppl    16.05
-----------------------------------------------------------------------------------------
| end of epoch  24 | time: 47.53s | valid loss  5.04 | valid ppl   153.90
-----------------------------------------------------------------------------------------
| epoch  25 |   200/  929 batches | lr 0.0049 | ms/batch 49.14 | loss  3.20 | ppl    24.42
| epoch  25 |   400/  929 batches | lr 0.0049 | ms/batch 48.94 | loss  2.99 | ppl    19.93
| epoch  25 |   600/  929 batches | lr 0.0049 | ms/batch 49.07 | loss  2.88 | ppl    17.80
| epoch  25 |   800/  929 batches | lr 0.0049 | ms/batch 48.97 | loss  2.77 | ppl    16.03
-----------------------------------------------------------------------------------------
| end of epoch  25 | time: 47.39s | valid loss  5.04 | valid ppl   153.84
-----------------------------------------------------------------------------------------
| epoch  26 |   200/  929 batches | lr 0.0049 | ms/batch 49.20 | loss  3.19 | ppl    24.39
| epoch  26 |   400/  929 batches | lr 0.0049 | ms/batch 49.18 | loss  2.99 | ppl    19.91
| epoch  26 |   600/  929 batches | lr 0.0049 | ms/batch 48.97 | loss  2.88 | ppl    17.79
| epoch  26 |   800/  929 batches | lr 0.0049 | ms/batch 49.15 | loss  2.77 | ppl    16.03
-----------------------------------------------------------------------------------------
| end of epoch  26 | time: 47.49s | valid loss  5.04 | valid ppl   153.82
-----------------------------------------------------------------------------------------
| epoch  27 |   200/  929 batches | lr 0.0049 | ms/batch 49.35 | loss  3.19 | ppl    24.37
| epoch  27 |   400/  929 batches | lr 0.0049 | ms/batch 49.16 | loss  2.99 | ppl    19.90
| epoch  27 |   600/  929 batches | lr 0.0049 | ms/batch 48.97 | loss  2.88 | ppl    17.78
| epoch  27 |   800/  929 batches | lr 0.0049 | ms/batch 49.10 | loss  2.77 | ppl    16.02
-----------------------------------------------------------------------------------------
| end of epoch  27 | time: 47.53s | valid loss  5.04 | valid ppl   153.82
-----------------------------------------------------------------------------------------
| epoch  28 |   200/  929 batches | lr 0.0049 | ms/batch 49.23 | loss  3.19 | ppl    24.35
| epoch  28 |   400/  929 batches | lr 0.0049 | ms/batch 49.12 | loss  2.99 | ppl    19.88
| epoch  28 |   600/  929 batches | lr 0.0049 | ms/batch 49.17 | loss  2.88 | ppl    17.77
| epoch  28 |   800/  929 batches | lr 0.0049 | ms/batch 48.94 | loss  2.77 | ppl    16.02
-----------------------------------------------------------------------------------------
| end of epoch  28 | time: 47.47s | valid loss  5.04 | valid ppl   153.82
-----------------------------------------------------------------------------------------
| epoch  29 |   200/  929 batches | lr 0.0024 | ms/batch 49.31 | loss  3.19 | ppl    24.34
| epoch  29 |   400/  929 batches | lr 0.0024 | ms/batch 49.11 | loss  2.99 | ppl    19.88
| epoch  29 |   600/  929 batches | lr 0.0024 | ms/batch 49.24 | loss  2.88 | ppl    17.76
| epoch  29 |   800/  929 batches | lr 0.0024 | ms/batch 49.16 | loss  2.77 | ppl    16.01
-----------------------------------------------------------------------------------------
| end of epoch  29 | time: 47.53s | valid loss  5.04 | valid ppl   153.81
-----------------------------------------------------------------------------------------
| epoch  30 |   200/  929 batches | lr 0.0024 | ms/batch 49.22 | loss  3.19 | ppl    24.33
| epoch  30 |   400/  929 batches | lr 0.0024 | ms/batch 49.18 | loss  2.99 | ppl    19.87
| epoch  30 |   600/  929 batches | lr 0.0024 | ms/batch 49.15 | loss  2.88 | ppl    17.75
| epoch  30 |   800/  929 batches | lr 0.0024 | ms/batch 49.05 | loss  2.77 | ppl    16.01
-----------------------------------------------------------------------------------------
| end of epoch  30 | time: 47.49s | valid loss  5.04 | valid ppl   153.80
-----------------------------------------------------------------------------------------
| epoch  31 |   200/  929 batches | lr 0.0024 | ms/batch 49.31 | loss  3.19 | ppl    24.32
| epoch  31 |   400/  929 batches | lr 0.0024 | ms/batch 49.11 | loss  2.99 | ppl    19.86
| epoch  31 |   600/  929 batches | lr 0.0024 | ms/batch 49.04 | loss  2.88 | ppl    17.75
| epoch  31 |   800/  929 batches | lr 0.0024 | ms/batch 49.01 | loss  2.77 | ppl    16.01
-----------------------------------------------------------------------------------------
| end of epoch  31 | time: 47.46s | valid loss  5.04 | valid ppl   153.80
-----------------------------------------------------------------------------------------
| epoch  32 |   200/  929 batches | lr 0.0024 | ms/batch 49.34 | loss  3.19 | ppl    24.31
| epoch  32 |   400/  929 batches | lr 0.0024 | ms/batch 49.22 | loss  2.99 | ppl    19.85
| epoch  32 |   600/  929 batches | lr 0.0024 | ms/batch 48.99 | loss  2.88 | ppl    17.74
| epoch  32 |   800/  929 batches | lr 0.0024 | ms/batch 49.00 | loss  2.77 | ppl    16.01
-----------------------------------------------------------------------------------------
| end of epoch  32 | time: 47.48s | valid loss  5.04 | valid ppl   153.80
-----------------------------------------------------------------------------------------
| epoch  33 |   200/  929 batches | lr 0.0012 | ms/batch 49.31 | loss  3.19 | ppl    24.31
| epoch  33 |   400/  929 batches | lr 0.0012 | ms/batch 49.01 | loss  2.99 | ppl    19.85
| epoch  33 |   600/  929 batches | lr 0.0012 | ms/batch 49.13 | loss  2.88 | ppl    17.74
| epoch  33 |   800/  929 batches | lr 0.0012 | ms/batch 49.17 | loss  2.77 | ppl    16.00
-----------------------------------------------------------------------------------------
| end of epoch  33 | time: 47.52s | valid loss  5.04 | valid ppl   153.80
-----------------------------------------------------------------------------------------
| epoch  34 |   200/  929 batches | lr 0.0012 | ms/batch 49.38 | loss  3.19 | ppl    24.30
| epoch  34 |   400/  929 batches | lr 0.0012 | ms/batch 49.00 | loss  2.99 | ppl    19.85
| epoch  34 |   600/  929 batches | lr 0.0012 | ms/batch 49.01 | loss  2.88 | ppl    17.74
| epoch  34 |   800/  929 batches | lr 0.0012 | ms/batch 49.14 | loss  2.77 | ppl    16.00
-----------------------------------------------------------------------------------------
| end of epoch  34 | time: 47.47s | valid loss  5.04 | valid ppl   153.79
-----------------------------------------------------------------------------------------
| epoch  35 |   200/  929 batches | lr 0.0012 | ms/batch 49.26 | loss  3.19 | ppl    24.30
| epoch  35 |   400/  929 batches | lr 0.0012 | ms/batch 49.07 | loss  2.99 | ppl    19.84
| epoch  35 |   600/  929 batches | lr 0.0012 | ms/batch 49.18 | loss  2.88 | ppl    17.73
| epoch  35 |   800/  929 batches | lr 0.0012 | ms/batch 49.03 | loss  2.77 | ppl    16.00
-----------------------------------------------------------------------------------------
| end of epoch  35 | time: 47.48s | valid loss  5.04 | valid ppl   153.79
-----------------------------------------------------------------------------------------
| epoch  36 |   200/  929 batches | lr 0.0012 | ms/batch 49.39 | loss  3.19 | ppl    24.29
| epoch  36 |   400/  929 batches | lr 0.0012 | ms/batch 49.18 | loss  2.99 | ppl    19.84
| epoch  36 |   600/  929 batches | lr 0.0012 | ms/batch 48.96 | loss  2.88 | ppl    17.73
| epoch  36 |   800/  929 batches | lr 0.0012 | ms/batch 48.97 | loss  2.77 | ppl    16.00
-----------------------------------------------------------------------------------------
| end of epoch  36 | time: 47.49s | valid loss  5.04 | valid ppl   153.79
-----------------------------------------------------------------------------------------
| epoch  37 |   200/  929 batches | lr 0.0012 | ms/batch 49.43 | loss  3.19 | ppl    24.29
| epoch  37 |   400/  929 batches | lr 0.0012 | ms/batch 49.00 | loss  2.99 | ppl    19.83
| epoch  37 |   600/  929 batches | lr 0.0012 | ms/batch 49.17 | loss  2.88 | ppl    17.73
| epoch  37 |   800/  929 batches | lr 0.0012 | ms/batch 49.09 | loss  2.77 | ppl    16.00
-----------------------------------------------------------------------------------------
| end of epoch  37 | time: 47.55s | valid loss  5.04 | valid ppl   153.79
-----------------------------------------------------------------------------------------
| epoch  38 |   200/  929 batches | lr 0.0006 | ms/batch 49.29 | loss  3.19 | ppl    24.29
| epoch  38 |   400/  929 batches | lr 0.0006 | ms/batch 49.10 | loss  2.99 | ppl    19.83
| epoch  38 |   600/  929 batches | lr 0.0006 | ms/batch 49.19 | loss  2.88 | ppl    17.73
| epoch  38 |   800/  929 batches | lr 0.0006 | ms/batch 49.20 | loss  2.77 | ppl    15.99
-----------------------------------------------------------------------------------------
| end of epoch  38 | time: 47.56s | valid loss  5.04 | valid ppl   153.79
-----------------------------------------------------------------------------------------
| epoch  39 |   200/  929 batches | lr 0.0006 | ms/batch 49.33 | loss  3.19 | ppl    24.28
| epoch  39 |   400/  929 batches | lr 0.0006 | ms/batch 49.16 | loss  2.99 | ppl    19.83
| epoch  39 |   600/  929 batches | lr 0.0006 | ms/batch 49.13 | loss  2.88 | ppl    17.73
| epoch  39 |   800/  929 batches | lr 0.0006 | ms/batch 49.04 | loss  2.77 | ppl    15.99
-----------------------------------------------------------------------------------------
| end of epoch  39 | time: 47.52s | valid loss  5.04 | valid ppl   153.79
-----------------------------------------------------------------------------------------
| epoch  40 |   200/  929 batches | lr 0.0006 | ms/batch 49.38 | loss  3.19 | ppl    24.28
| epoch  40 |   400/  929 batches | lr 0.0006 | ms/batch 49.00 | loss  2.99 | ppl    19.83
| epoch  40 |   600/  929 batches | lr 0.0006 | ms/batch 49.16 | loss  2.88 | ppl    17.73
| epoch  40 |   800/  929 batches | lr 0.0006 | ms/batch 49.06 | loss  2.77 | ppl    15.99
-----------------------------------------------------------------------------------------
| end of epoch  40 | time: 47.50s | valid loss  5.04 | valid ppl   153.79
-----------------------------------------------------------------------------------------
=========================================================================================
| End of training | test loss  4.99 | test ppl   146.97
=========================================================================================
