| epoch   1 |   200/ 2323 batches | lr 20.00 | ms/batch 44.85 | loss  6.75 | ppl   853.40
| epoch   1 |   400/ 2323 batches | lr 20.00 | ms/batch 41.79 | loss  6.07 | ppl   432.70
| epoch   1 |   600/ 2323 batches | lr 20.00 | ms/batch 41.96 | loss  5.75 | ppl   313.94
| epoch   1 |   800/ 2323 batches | lr 20.00 | ms/batch 42.27 | loss  5.58 | ppl   264.18
| epoch   1 |  1000/ 2323 batches | lr 20.00 | ms/batch 42.39 | loss  5.44 | ppl   231.25
| epoch   1 |  1200/ 2323 batches | lr 20.00 | ms/batch 42.47 | loss  5.37 | ppl   213.91
| epoch   1 |  1400/ 2323 batches | lr 20.00 | ms/batch 42.54 | loss  5.19 | ppl   180.36
| epoch   1 |  1600/ 2323 batches | lr 20.00 | ms/batch 42.60 | loss  5.17 | ppl   176.42
| epoch   1 |  1800/ 2323 batches | lr 20.00 | ms/batch 42.62 | loss  5.17 | ppl   176.29
| epoch   1 |  2000/ 2323 batches | lr 20.00 | ms/batch 42.77 | loss  4.99 | ppl   147.37
| epoch   1 |  2200/ 2323 batches | lr 20.00 | ms/batch 42.79 | loss  4.90 | ppl   134.77
-----------------------------------------------------------------------------------------
| end of epoch   1 | time: 104.38s | valid loss  5.07 | valid ppl   159.97
-----------------------------------------------------------------------------------------
| epoch   2 |   200/ 2323 batches | lr 20.00 | ms/batch 43.09 | loss  4.90 | ppl   134.10
| epoch   2 |   400/ 2323 batches | lr 20.00 | ms/batch 42.92 | loss  4.97 | ppl   143.62
| epoch   2 |   600/ 2323 batches | lr 20.00 | ms/batch 42.92 | loss  4.84 | ppl   125.85
| epoch   2 |   800/ 2323 batches | lr 20.00 | ms/batch 42.98 | loss  4.79 | ppl   120.38
| epoch   2 |  1000/ 2323 batches | lr 20.00 | ms/batch 42.97 | loss  4.78 | ppl   119.69
| epoch   2 |  1200/ 2323 batches | lr 20.00 | ms/batch 42.96 | loss  4.76 | ppl   116.66
| epoch   2 |  1400/ 2323 batches | lr 20.00 | ms/batch 42.99 | loss  4.65 | ppl   104.50
| epoch   2 |  1600/ 2323 batches | lr 20.00 | ms/batch 42.96 | loss  4.69 | ppl   108.67
| epoch   2 |  1800/ 2323 batches | lr 20.00 | ms/batch 43.00 | loss  4.76 | ppl   116.28
| epoch   2 |  2000/ 2323 batches | lr 20.00 | ms/batch 43.03 | loss  4.54 | ppl    94.10
| epoch   2 |  2200/ 2323 batches | lr 20.00 | ms/batch 43.06 | loss  4.50 | ppl    89.99
-----------------------------------------------------------------------------------------
| end of epoch   2 | time: 105.25s | valid loss  4.89 | valid ppl   133.22
-----------------------------------------------------------------------------------------
| epoch   3 |   200/ 2323 batches | lr 20.00 | ms/batch 43.33 | loss  4.52 | ppl    91.57
| epoch   3 |   400/ 2323 batches | lr 20.00 | ms/batch 43.23 | loss  4.67 | ppl   106.26
| epoch   3 |   600/ 2323 batches | lr 20.00 | ms/batch 43.27 | loss  4.53 | ppl    92.55
| epoch   3 |   800/ 2323 batches | lr 20.00 | ms/batch 43.16 | loss  4.51 | ppl    90.58
| epoch   3 |  1000/ 2323 batches | lr 20.00 | ms/batch 43.13 | loss  4.53 | ppl    93.14
| epoch   3 |  1200/ 2323 batches | lr 20.00 | ms/batch 43.15 | loss  4.51 | ppl    90.85
| epoch   3 |  1400/ 2323 batches | lr 20.00 | ms/batch 43.23 | loss  4.42 | ppl    83.05
| epoch   3 |  1600/ 2323 batches | lr 20.00 | ms/batch 43.36 | loss  4.49 | ppl    88.70
| epoch   3 |  1800/ 2323 batches | lr 20.00 | ms/batch 43.39 | loss  4.56 | ppl    95.51
| epoch   3 |  2000/ 2323 batches | lr 20.00 | ms/batch 43.32 | loss  4.35 | ppl    77.31
| epoch   3 |  2200/ 2323 batches | lr 20.00 | ms/batch 43.42 | loss  4.32 | ppl    74.89
-----------------------------------------------------------------------------------------
| end of epoch   3 | time: 105.92s | valid loss  4.87 | valid ppl   130.63
-----------------------------------------------------------------------------------------
| epoch   4 |   200/ 2323 batches | lr 20.00 | ms/batch 43.63 | loss  4.35 | ppl    77.44
| epoch   4 |   400/ 2323 batches | lr 20.00 | ms/batch 43.33 | loss  4.52 | ppl    91.72
| epoch   4 |   600/ 2323 batches | lr 20.00 | ms/batch 43.38 | loss  4.38 | ppl    80.20
| epoch   4 |   800/ 2323 batches | lr 20.00 | ms/batch 43.35 | loss  4.37 | ppl    78.79
| epoch   4 |  1000/ 2323 batches | lr 20.00 | ms/batch 43.38 | loss  4.40 | ppl    81.23
| epoch   4 |  1200/ 2323 batches | lr 20.00 | ms/batch 43.53 | loss  4.40 | ppl    81.07
| epoch   4 |  1400/ 2323 batches | lr 20.00 | ms/batch 43.50 | loss  4.30 | ppl    73.68
| epoch   4 |  1600/ 2323 batches | lr 20.00 | ms/batch 43.58 | loss  4.38 | ppl    80.19
| epoch   4 |  1800/ 2323 batches | lr 20.00 | ms/batch 43.56 | loss  4.46 | ppl    86.69
| epoch   4 |  2000/ 2323 batches | lr 20.00 | ms/batch 43.45 | loss  4.25 | ppl    69.97
| epoch   4 |  2200/ 2323 batches | lr 20.00 | ms/batch 43.39 | loss  4.23 | ppl    68.42
-----------------------------------------------------------------------------------------
| end of epoch   4 | time: 106.38s | valid loss  4.89 | valid ppl   132.55
-----------------------------------------------------------------------------------------
| epoch   5 |   200/ 2323 batches | lr 5.00 | ms/batch 43.48 | loss  4.23 | ppl    68.66
| epoch   5 |   400/ 2323 batches | lr 5.00 | ms/batch 43.27 | loss  4.33 | ppl    75.87
| epoch   5 |   600/ 2323 batches | lr 5.00 | ms/batch 43.15 | loss  4.15 | ppl    63.34
| epoch   5 |   800/ 2323 batches | lr 5.00 | ms/batch 43.25 | loss  4.09 | ppl    59.57
| epoch   5 |  1000/ 2323 batches | lr 5.00 | ms/batch 43.30 | loss  4.09 | ppl    59.46
| epoch   5 |  1200/ 2323 batches | lr 5.00 | ms/batch 43.21 | loss  4.04 | ppl    56.82
| epoch   5 |  1400/ 2323 batches | lr 5.00 | ms/batch 43.27 | loss  3.90 | ppl    49.60
| epoch   5 |  1600/ 2323 batches | lr 5.00 | ms/batch 43.14 | loss  3.95 | ppl    52.04
| epoch   5 |  1800/ 2323 batches | lr 5.00 | ms/batch 43.28 | loss  3.98 | ppl    53.67
| epoch   5 |  2000/ 2323 batches | lr 5.00 | ms/batch 43.33 | loss  3.71 | ppl    40.91
| epoch   5 |  2200/ 2323 batches | lr 5.00 | ms/batch 43.34 | loss  3.63 | ppl    37.64
-----------------------------------------------------------------------------------------
| end of epoch   5 | time: 105.94s | valid loss  4.73 | valid ppl   113.22
-----------------------------------------------------------------------------------------
| epoch   6 |   200/ 2323 batches | lr 5.00 | ms/batch 43.86 | loss  3.95 | ppl    51.76
| epoch   6 |   400/ 2323 batches | lr 5.00 | ms/batch 43.70 | loss  4.09 | ppl    59.73
| epoch   6 |   600/ 2323 batches | lr 5.00 | ms/batch 43.65 | loss  3.93 | ppl    50.70
| epoch   6 |   800/ 2323 batches | lr 5.00 | ms/batch 43.80 | loss  3.88 | ppl    48.34
| epoch   6 |  1000/ 2323 batches | lr 5.00 | ms/batch 43.93 | loss  3.89 | ppl    49.14
| epoch   6 |  1200/ 2323 batches | lr 5.00 | ms/batch 43.88 | loss  3.86 | ppl    47.55
| epoch   6 |  1400/ 2323 batches | lr 5.00 | ms/batch 43.83 | loss  3.75 | ppl    42.32
| epoch   6 |  1600/ 2323 batches | lr 5.00 | ms/batch 43.67 | loss  3.81 | ppl    45.23
| epoch   6 |  1800/ 2323 batches | lr 5.00 | ms/batch 43.81 | loss  3.86 | ppl    47.47
| epoch   6 |  2000/ 2323 batches | lr 5.00 | ms/batch 43.86 | loss  3.60 | ppl    36.62
| epoch   6 |  2200/ 2323 batches | lr 5.00 | ms/batch 43.84 | loss  3.54 | ppl    34.50
-----------------------------------------------------------------------------------------
| end of epoch   6 | time: 107.16s | valid loss  4.75 | valid ppl   115.26
-----------------------------------------------------------------------------------------
| epoch   7 |   200/ 2323 batches | lr 1.25 | ms/batch 44.02 | loss  3.83 | ppl    46.19
| epoch   7 |   400/ 2323 batches | lr 1.25 | ms/batch 43.81 | loss  3.97 | ppl    53.17
| epoch   7 |   600/ 2323 batches | lr 1.25 | ms/batch 43.79 | loss  3.80 | ppl    44.79
| epoch   7 |   800/ 2323 batches | lr 1.25 | ms/batch 43.64 | loss  3.74 | ppl    42.20
| epoch   7 |  1000/ 2323 batches | lr 1.25 | ms/batch 43.65 | loss  3.75 | ppl    42.33
| epoch   7 |  1200/ 2323 batches | lr 1.25 | ms/batch 43.55 | loss  3.70 | ppl    40.44
| epoch   7 |  1400/ 2323 batches | lr 1.25 | ms/batch 43.51 | loss  3.57 | ppl    35.38
| epoch   7 |  1600/ 2323 batches | lr 1.25 | ms/batch 43.46 | loss  3.62 | ppl    37.35
| epoch   7 |  1800/ 2323 batches | lr 1.25 | ms/batch 43.54 | loss  3.65 | ppl    38.32
| epoch   7 |  2000/ 2323 batches | lr 1.25 | ms/batch 43.54 | loss  3.37 | ppl    29.09
| epoch   7 |  2200/ 2323 batches | lr 1.25 | ms/batch 43.56 | loss  3.28 | ppl    26.66
-----------------------------------------------------------------------------------------
| end of epoch   7 | time: 106.74s | valid loss  4.74 | valid ppl   114.18
-----------------------------------------------------------------------------------------
| epoch   8 |   200/ 2323 batches | lr 1.25 | ms/batch 43.60 | loss  3.74 | ppl    42.06
| epoch   8 |   400/ 2323 batches | lr 1.25 | ms/batch 43.44 | loss  3.89 | ppl    48.68
| epoch   8 |   600/ 2323 batches | lr 1.25 | ms/batch 43.48 | loss  3.72 | ppl    41.18
| epoch   8 |   800/ 2323 batches | lr 1.25 | ms/batch 43.57 | loss  3.66 | ppl    38.95
| epoch   8 |  1000/ 2323 batches | lr 1.25 | ms/batch 43.48 | loss  3.67 | ppl    39.43
| epoch   8 |  1200/ 2323 batches | lr 1.25 | ms/batch 43.46 | loss  3.63 | ppl    37.83
| epoch   8 |  1400/ 2323 batches | lr 1.25 | ms/batch 43.45 | loss  3.51 | ppl    33.46
| epoch   8 |  1600/ 2323 batches | lr 1.25 | ms/batch 43.31 | loss  3.57 | ppl    35.43
| epoch   8 |  1800/ 2323 batches | lr 1.25 | ms/batch 43.31 | loss  3.60 | ppl    36.76
| epoch   8 |  2000/ 2323 batches | lr 1.25 | ms/batch 43.30 | loss  3.34 | ppl    28.10
| epoch   8 |  2200/ 2323 batches | lr 1.25 | ms/batch 43.32 | loss  3.27 | ppl    26.18
-----------------------------------------------------------------------------------------
| end of epoch   8 | time: 106.24s | valid loss  4.73 | valid ppl   113.62
-----------------------------------------------------------------------------------------
| epoch   9 |   200/ 2323 batches | lr 1.25 | ms/batch 43.42 | loss  3.68 | ppl    39.75
| epoch   9 |   400/ 2323 batches | lr 1.25 | ms/batch 43.29 | loss  3.83 | ppl    45.86
| epoch   9 |   600/ 2323 batches | lr 1.25 | ms/batch 43.24 | loss  3.66 | ppl    38.98
| epoch   9 |   800/ 2323 batches | lr 1.25 | ms/batch 43.20 | loss  3.61 | ppl    36.80
| epoch   9 |  1000/ 2323 batches | lr 1.25 | ms/batch 43.28 | loss  3.62 | ppl    37.32
| epoch   9 |  1200/ 2323 batches | lr 1.25 | ms/batch 43.14 | loss  3.58 | ppl    35.96
| epoch   9 |  1400/ 2323 batches | lr 1.25 | ms/batch 43.20 | loss  3.46 | ppl    31.75
| epoch   9 |  1600/ 2323 batches | lr 1.25 | ms/batch 43.16 | loss  3.53 | ppl    34.09
| epoch   9 |  1800/ 2323 batches | lr 1.25 | ms/batch 43.15 | loss  3.57 | ppl    35.41
| epoch   9 |  2000/ 2323 batches | lr 1.25 | ms/batch 43.10 | loss  3.30 | ppl    27.24
| epoch   9 |  2200/ 2323 batches | lr 1.25 | ms/batch 43.14 | loss  3.23 | ppl    25.37
-----------------------------------------------------------------------------------------
| end of epoch   9 | time: 105.75s | valid loss  4.74 | valid ppl   114.54
-----------------------------------------------------------------------------------------
| epoch  10 |   200/ 2323 batches | lr 0.31 | ms/batch 43.52 | loss  3.65 | ppl    38.37
| epoch  10 |   400/ 2323 batches | lr 0.31 | ms/batch 43.34 | loss  3.79 | ppl    44.32
| epoch  10 |   600/ 2323 batches | lr 0.31 | ms/batch 43.29 | loss  3.62 | ppl    37.47
| epoch  10 |   800/ 2323 batches | lr 0.31 | ms/batch 43.35 | loss  3.56 | ppl    35.20
| epoch  10 |  1000/ 2323 batches | lr 0.31 | ms/batch 43.31 | loss  3.57 | ppl    35.60
| epoch  10 |  1200/ 2323 batches | lr 0.31 | ms/batch 43.38 | loss  3.53 | ppl    34.11
| epoch  10 |  1400/ 2323 batches | lr 0.31 | ms/batch 43.21 | loss  3.40 | ppl    29.99
| epoch  10 |  1600/ 2323 batches | lr 0.31 | ms/batch 43.26 | loss  3.46 | ppl    31.91
| epoch  10 |  1800/ 2323 batches | lr 0.31 | ms/batch 43.41 | loss  3.50 | ppl    33.07
| epoch  10 |  2000/ 2323 batches | lr 0.31 | ms/batch 43.34 | loss  3.22 | ppl    25.15
| epoch  10 |  2200/ 2323 batches | lr 0.31 | ms/batch 43.22 | loss  3.14 | ppl    23.20
-----------------------------------------------------------------------------------------
| end of epoch  10 | time: 106.05s | valid loss  4.73 | valid ppl   113.57
-----------------------------------------------------------------------------------------
| epoch  11 |   200/ 2323 batches | lr 0.31 | ms/batch 43.49 | loss  3.62 | ppl    37.44
| epoch  11 |   400/ 2323 batches | lr 0.31 | ms/batch 43.27 | loss  3.76 | ppl    43.15
| epoch  11 |   600/ 2323 batches | lr 0.31 | ms/batch 43.26 | loss  3.60 | ppl    36.67
| epoch  11 |   800/ 2323 batches | lr 0.31 | ms/batch 43.14 | loss  3.54 | ppl    34.30
| epoch  11 |  1000/ 2323 batches | lr 0.31 | ms/batch 43.20 | loss  3.55 | ppl    34.80
| epoch  11 |  1200/ 2323 batches | lr 0.31 | ms/batch 43.29 | loss  3.52 | ppl    33.64
| epoch  11 |  1400/ 2323 batches | lr 0.31 | ms/batch 43.33 | loss  3.39 | ppl    29.64
| epoch  11 |  1600/ 2323 batches | lr 0.31 | ms/batch 43.47 | loss  3.44 | ppl    31.34
| epoch  11 |  1800/ 2323 batches | lr 0.31 | ms/batch 43.24 | loss  3.49 | ppl    32.67
| epoch  11 |  2000/ 2323 batches | lr 0.31 | ms/batch 43.39 | loss  3.21 | ppl    24.81
| epoch  11 |  2200/ 2323 batches | lr 0.31 | ms/batch 43.32 | loss  3.14 | ppl    23.16
-----------------------------------------------------------------------------------------
| end of epoch  11 | time: 105.98s | valid loss  4.74 | valid ppl   114.03
-----------------------------------------------------------------------------------------
| epoch  12 |   200/ 2323 batches | lr 0.08 | ms/batch 43.45 | loss  3.61 | ppl    36.96
| epoch  12 |   400/ 2323 batches | lr 0.08 | ms/batch 43.38 | loss  3.76 | ppl    42.83
| epoch  12 |   600/ 2323 batches | lr 0.08 | ms/batch 43.35 | loss  3.59 | ppl    36.20
| epoch  12 |   800/ 2323 batches | lr 0.08 | ms/batch 43.22 | loss  3.53 | ppl    34.15
| epoch  12 |  1000/ 2323 batches | lr 0.08 | ms/batch 43.31 | loss  3.54 | ppl    34.44
| epoch  12 |  1200/ 2323 batches | lr 0.08 | ms/batch 43.37 | loss  3.50 | ppl    32.98
| epoch  12 |  1400/ 2323 batches | lr 0.08 | ms/batch 43.33 | loss  3.37 | ppl    28.96
| epoch  12 |  1600/ 2323 batches | lr 0.08 | ms/batch 43.44 | loss  3.42 | ppl    30.70
| epoch  12 |  1800/ 2323 batches | lr 0.08 | ms/batch 43.31 | loss  3.46 | ppl    31.96
| epoch  12 |  2000/ 2323 batches | lr 0.08 | ms/batch 43.18 | loss  3.19 | ppl    24.33
| epoch  12 |  2200/ 2323 batches | lr 0.08 | ms/batch 43.10 | loss  3.12 | ppl    22.58
-----------------------------------------------------------------------------------------
| end of epoch  12 | time: 105.96s | valid loss  4.72 | valid ppl   112.71
-----------------------------------------------------------------------------------------
| epoch  13 |   200/ 2323 batches | lr 0.08 | ms/batch 43.28 | loss  3.60 | ppl    36.66
| epoch  13 |   400/ 2323 batches | lr 0.08 | ms/batch 43.08 | loss  3.75 | ppl    42.47
| epoch  13 |   600/ 2323 batches | lr 0.08 | ms/batch 43.09 | loss  3.59 | ppl    36.10
| epoch  13 |   800/ 2323 batches | lr 0.08 | ms/batch 43.06 | loss  3.52 | ppl    33.88
| epoch  13 |  1000/ 2323 batches | lr 0.08 | ms/batch 43.23 | loss  3.53 | ppl    34.15
| epoch  13 |  1200/ 2323 batches | lr 0.08 | ms/batch 43.09 | loss  3.49 | ppl    32.67
| epoch  13 |  1400/ 2323 batches | lr 0.08 | ms/batch 43.10 | loss  3.36 | ppl    28.87
| epoch  13 |  1600/ 2323 batches | lr 0.08 | ms/batch 43.06 | loss  3.42 | ppl    30.67
| epoch  13 |  1800/ 2323 batches | lr 0.08 | ms/batch 43.09 | loss  3.46 | ppl    31.89
| epoch  13 |  2000/ 2323 batches | lr 0.08 | ms/batch 43.06 | loss  3.19 | ppl    24.35
| epoch  13 |  2200/ 2323 batches | lr 0.08 | ms/batch 43.14 | loss  3.12 | ppl    22.66
-----------------------------------------------------------------------------------------
| end of epoch  13 | time: 105.53s | valid loss  4.72 | valid ppl   112.72
-----------------------------------------------------------------------------------------
| epoch  14 |   200/ 2323 batches | lr 0.02 | ms/batch 43.42 | loss  3.60 | ppl    36.48
| epoch  14 |   400/ 2323 batches | lr 0.02 | ms/batch 43.19 | loss  3.74 | ppl    42.04
| epoch  14 |   600/ 2323 batches | lr 0.02 | ms/batch 43.27 | loss  3.58 | ppl    35.85
| epoch  14 |   800/ 2323 batches | lr 0.02 | ms/batch 43.33 | loss  3.52 | ppl    33.63
| epoch  14 |  1000/ 2323 batches | lr 0.02 | ms/batch 43.16 | loss  3.54 | ppl    34.31
| epoch  14 |  1200/ 2323 batches | lr 0.02 | ms/batch 43.08 | loss  3.49 | ppl    32.64
| epoch  14 |  1400/ 2323 batches | lr 0.02 | ms/batch 43.14 | loss  3.36 | ppl    28.80
| epoch  14 |  1600/ 2323 batches | lr 0.02 | ms/batch 43.15 | loss  3.42 | ppl    30.66
| epoch  14 |  1800/ 2323 batches | lr 0.02 | ms/batch 43.25 | loss  3.46 | ppl    31.74
| epoch  14 |  2000/ 2323 batches | lr 0.02 | ms/batch 43.17 | loss  3.18 | ppl    24.13
| epoch  14 |  2200/ 2323 batches | lr 0.02 | ms/batch 43.31 | loss  3.11 | ppl    22.45
-----------------------------------------------------------------------------------------
| end of epoch  14 | time: 105.78s | valid loss  4.72 | valid ppl   112.70
-----------------------------------------------------------------------------------------
| epoch  15 |   200/ 2323 batches | lr 0.02 | ms/batch 43.39 | loss  3.59 | ppl    36.41
| epoch  15 |   400/ 2323 batches | lr 0.02 | ms/batch 43.15 | loss  3.74 | ppl    42.11
| epoch  15 |   600/ 2323 batches | lr 0.02 | ms/batch 43.15 | loss  3.58 | ppl    35.79
| epoch  15 |   800/ 2323 batches | lr 0.02 | ms/batch 43.29 | loss  3.52 | ppl    33.78
| epoch  15 |  1000/ 2323 batches | lr 0.02 | ms/batch 43.20 | loss  3.53 | ppl    34.00
| epoch  15 |  1200/ 2323 batches | lr 0.02 | ms/batch 43.25 | loss  3.48 | ppl    32.62
| epoch  15 |  1400/ 2323 batches | lr 0.02 | ms/batch 43.16 | loss  3.36 | ppl    28.76
| epoch  15 |  1600/ 2323 batches | lr 0.02 | ms/batch 43.10 | loss  3.42 | ppl    30.49
| epoch  15 |  1800/ 2323 batches | lr 0.02 | ms/batch 43.16 | loss  3.45 | ppl    31.64
| epoch  15 |  2000/ 2323 batches | lr 0.02 | ms/batch 43.08 | loss  3.18 | ppl    24.09
| epoch  15 |  2200/ 2323 batches | lr 0.02 | ms/batch 43.13 | loss  3.11 | ppl    22.49
-----------------------------------------------------------------------------------------
| end of epoch  15 | time: 105.70s | valid loss  4.72 | valid ppl   112.00
-----------------------------------------------------------------------------------------
| epoch  16 |   200/ 2323 batches | lr 0.02 | ms/batch 43.40 | loss  3.59 | ppl    36.26
| epoch  16 |   400/ 2323 batches | lr 0.02 | ms/batch 43.19 | loss  3.74 | ppl    41.92
| epoch  16 |   600/ 2323 batches | lr 0.02 | ms/batch 43.25 | loss  3.58 | ppl    35.72
| epoch  16 |   800/ 2323 batches | lr 0.02 | ms/batch 43.11 | loss  3.51 | ppl    33.54
| epoch  16 |  1000/ 2323 batches | lr 0.02 | ms/batch 43.04 | loss  3.53 | ppl    34.10
| epoch  16 |  1200/ 2323 batches | lr 0.02 | ms/batch 43.06 | loss  3.48 | ppl    32.54
| epoch  16 |  1400/ 2323 batches | lr 0.02 | ms/batch 43.16 | loss  3.36 | ppl    28.76
| epoch  16 |  1600/ 2323 batches | lr 0.02 | ms/batch 43.16 | loss  3.42 | ppl    30.57
| epoch  16 |  1800/ 2323 batches | lr 0.02 | ms/batch 43.17 | loss  3.46 | ppl    31.71
| epoch  16 |  2000/ 2323 batches | lr 0.02 | ms/batch 43.07 | loss  3.19 | ppl    24.19
| epoch  16 |  2200/ 2323 batches | lr 0.02 | ms/batch 43.16 | loss  3.11 | ppl    22.45
-----------------------------------------------------------------------------------------
| end of epoch  16 | time: 105.68s | valid loss  4.71 | valid ppl   111.35
-----------------------------------------------------------------------------------------
| epoch  17 |   200/ 2323 batches | lr 0.02 | ms/batch 43.36 | loss  3.59 | ppl    36.24
| epoch  17 |   400/ 2323 batches | lr 0.02 | ms/batch 43.10 | loss  3.74 | ppl    42.06
| epoch  17 |   600/ 2323 batches | lr 0.02 | ms/batch 43.10 | loss  3.57 | ppl    35.64
| epoch  17 |   800/ 2323 batches | lr 0.02 | ms/batch 43.07 | loss  3.51 | ppl    33.61
| epoch  17 |  1000/ 2323 batches | lr 0.02 | ms/batch 43.06 | loss  3.53 | ppl    33.98
| epoch  17 |  1200/ 2323 batches | lr 0.02 | ms/batch 43.22 | loss  3.48 | ppl    32.57
| epoch  17 |  1400/ 2323 batches | lr 0.02 | ms/batch 43.15 | loss  3.35 | ppl    28.64
| epoch  17 |  1600/ 2323 batches | lr 0.02 | ms/batch 43.18 | loss  3.42 | ppl    30.52
| epoch  17 |  1800/ 2323 batches | lr 0.02 | ms/batch 43.16 | loss  3.46 | ppl    31.71
| epoch  17 |  2000/ 2323 batches | lr 0.02 | ms/batch 43.07 | loss  3.19 | ppl    24.19
| epoch  17 |  2200/ 2323 batches | lr 0.02 | ms/batch 43.10 | loss  3.11 | ppl    22.39
-----------------------------------------------------------------------------------------
| end of epoch  17 | time: 105.57s | valid loss  4.72 | valid ppl   112.08
-----------------------------------------------------------------------------------------
| epoch  18 |   200/ 2323 batches | lr 0.00 | ms/batch 43.40 | loss  3.59 | ppl    36.15
| epoch  18 |   400/ 2323 batches | lr 0.00 | ms/batch 43.10 | loss  3.74 | ppl    41.92
| epoch  18 |   600/ 2323 batches | lr 0.00 | ms/batch 43.14 | loss  3.57 | ppl    35.38
| epoch  18 |   800/ 2323 batches | lr 0.00 | ms/batch 43.15 | loss  3.51 | ppl    33.54
| epoch  18 |  1000/ 2323 batches | lr 0.00 | ms/batch 43.19 | loss  3.52 | ppl    33.94
| epoch  18 |  1200/ 2323 batches | lr 0.00 | ms/batch 43.17 | loss  3.48 | ppl    32.56
| epoch  18 |  1400/ 2323 batches | lr 0.00 | ms/batch 43.20 | loss  3.36 | ppl    28.70
| epoch  18 |  1600/ 2323 batches | lr 0.00 | ms/batch 43.08 | loss  3.42 | ppl    30.46
| epoch  18 |  1800/ 2323 batches | lr 0.00 | ms/batch 43.07 | loss  3.45 | ppl    31.62
| epoch  18 |  2000/ 2323 batches | lr 0.00 | ms/batch 43.16 | loss  3.18 | ppl    24.04
| epoch  18 |  2200/ 2323 batches | lr 0.00 | ms/batch 43.27 | loss  3.11 | ppl    22.42
-----------------------------------------------------------------------------------------
| end of epoch  18 | time: 105.68s | valid loss  4.71 | valid ppl   111.17
-----------------------------------------------------------------------------------------
| epoch  19 |   200/ 2323 batches | lr 0.00 | ms/batch 43.34 | loss  3.59 | ppl    36.14
| epoch  19 |   400/ 2323 batches | lr 0.00 | ms/batch 43.13 | loss  3.74 | ppl    41.92
| epoch  19 |   600/ 2323 batches | lr 0.00 | ms/batch 43.08 | loss  3.57 | ppl    35.68
| epoch  19 |   800/ 2323 batches | lr 0.00 | ms/batch 43.12 | loss  3.52 | ppl    33.69
| epoch  19 |  1000/ 2323 batches | lr 0.00 | ms/batch 43.20 | loss  3.53 | ppl    34.08
| epoch  19 |  1200/ 2323 batches | lr 0.00 | ms/batch 43.15 | loss  3.49 | ppl    32.67
| epoch  19 |  1400/ 2323 batches | lr 0.00 | ms/batch 43.13 | loss  3.35 | ppl    28.56
| epoch  19 |  1600/ 2323 batches | lr 0.00 | ms/batch 43.22 | loss  3.42 | ppl    30.51
| epoch  19 |  1800/ 2323 batches | lr 0.00 | ms/batch 43.11 | loss  3.45 | ppl    31.53
| epoch  19 |  2000/ 2323 batches | lr 0.00 | ms/batch 43.17 | loss  3.18 | ppl    24.11
| epoch  19 |  2200/ 2323 batches | lr 0.00 | ms/batch 43.31 | loss  3.11 | ppl    22.32
-----------------------------------------------------------------------------------------
| end of epoch  19 | time: 105.69s | valid loss  4.72 | valid ppl   111.64
-----------------------------------------------------------------------------------------
| epoch  20 |   200/ 2323 batches | lr 0.00 | ms/batch 43.50 | loss  3.59 | ppl    36.22
| epoch  20 |   400/ 2323 batches | lr 0.00 | ms/batch 43.17 | loss  3.74 | ppl    42.00
| epoch  20 |   600/ 2323 batches | lr 0.00 | ms/batch 43.14 | loss  3.57 | ppl    35.59
| epoch  20 |   800/ 2323 batches | lr 0.00 | ms/batch 43.20 | loss  3.51 | ppl    33.45
| epoch  20 |  1000/ 2323 batches | lr 0.00 | ms/batch 43.40 | loss  3.53 | ppl    33.96
| epoch  20 |  1200/ 2323 batches | lr 0.00 | ms/batch 43.26 | loss  3.48 | ppl    32.56
| epoch  20 |  1400/ 2323 batches | lr 0.00 | ms/batch 43.26 | loss  3.36 | ppl    28.74
| epoch  20 |  1600/ 2323 batches | lr 0.00 | ms/batch 43.25 | loss  3.41 | ppl    30.38
| epoch  20 |  1800/ 2323 batches | lr 0.00 | ms/batch 43.41 | loss  3.45 | ppl    31.60
| epoch  20 |  2000/ 2323 batches | lr 0.00 | ms/batch 43.38 | loss  3.18 | ppl    24.13
| epoch  20 |  2200/ 2323 batches | lr 0.00 | ms/batch 43.39 | loss  3.11 | ppl    22.40
-----------------------------------------------------------------------------------------
| end of epoch  20 | time: 105.99s | valid loss  4.72 | valid ppl   111.72
-----------------------------------------------------------------------------------------
| epoch  21 |   200/ 2323 batches | lr 0.00 | ms/batch 43.55 | loss  3.59 | ppl    36.31
| epoch  21 |   400/ 2323 batches | lr 0.00 | ms/batch 43.35 | loss  3.73 | ppl    41.83
| epoch  21 |   600/ 2323 batches | lr 0.00 | ms/batch 43.28 | loss  3.58 | ppl    35.72
| epoch  21 |   800/ 2323 batches | lr 0.00 | ms/batch 43.38 | loss  3.51 | ppl    33.54
| epoch  21 |  1000/ 2323 batches | lr 0.00 | ms/batch 43.38 | loss  3.53 | ppl    33.96
| epoch  21 |  1200/ 2323 batches | lr 0.00 | ms/batch 43.44 | loss  3.48 | ppl    32.40
| epoch  21 |  1400/ 2323 batches | lr 0.00 | ms/batch 43.34 | loss  3.35 | ppl    28.55
| epoch  21 |  1600/ 2323 batches | lr 0.00 | ms/batch 43.30 | loss  3.42 | ppl    30.46
| epoch  21 |  1800/ 2323 batches | lr 0.00 | ms/batch 43.39 | loss  3.45 | ppl    31.54
| epoch  21 |  2000/ 2323 batches | lr 0.00 | ms/batch 43.29 | loss  3.18 | ppl    24.14
| epoch  21 |  2200/ 2323 batches | lr 0.00 | ms/batch 43.26 | loss  3.10 | ppl    22.31
-----------------------------------------------------------------------------------------
| end of epoch  21 | time: 106.12s | valid loss  4.72 | valid ppl   111.75
-----------------------------------------------------------------------------------------
| epoch  22 |   200/ 2323 batches | lr 0.00 | ms/batch 43.55 | loss  3.59 | ppl    36.16
| epoch  22 |   400/ 2323 batches | lr 0.00 | ms/batch 43.40 | loss  3.74 | ppl    41.92
| epoch  22 |   600/ 2323 batches | lr 0.00 | ms/batch 43.35 | loss  3.57 | ppl    35.60
| epoch  22 |   800/ 2323 batches | lr 0.00 | ms/batch 43.42 | loss  3.51 | ppl    33.45
| epoch  22 |  1000/ 2323 batches | lr 0.00 | ms/batch 43.34 | loss  3.52 | ppl    33.87
| epoch  22 |  1200/ 2323 batches | lr 0.00 | ms/batch 43.49 | loss  3.48 | ppl    32.42
| epoch  22 |  1400/ 2323 batches | lr 0.00 | ms/batch 43.55 | loss  3.36 | ppl    28.65
| epoch  22 |  1600/ 2323 batches | lr 0.00 | ms/batch 43.46 | loss  3.41 | ppl    30.39
| epoch  22 |  1800/ 2323 batches | lr 0.00 | ms/batch 43.37 | loss  3.46 | ppl    31.66
| epoch  22 |  2000/ 2323 batches | lr 0.00 | ms/batch 43.44 | loss  3.18 | ppl    24.07
| epoch  22 |  2200/ 2323 batches | lr 0.00 | ms/batch 43.40 | loss  3.11 | ppl    22.39
-----------------------------------------------------------------------------------------
| end of epoch  22 | time: 106.29s | valid loss  4.72 | valid ppl   111.78
-----------------------------------------------------------------------------------------
| epoch  23 |   200/ 2323 batches | lr 0.00 | ms/batch 43.71 | loss  3.59 | ppl    36.30
| epoch  23 |   400/ 2323 batches | lr 0.00 | ms/batch 43.41 | loss  3.74 | ppl    41.89
| epoch  23 |   600/ 2323 batches | lr 0.00 | ms/batch 43.43 | loss  3.57 | ppl    35.48
| epoch  23 |   800/ 2323 batches | lr 0.00 | ms/batch 43.45 | loss  3.51 | ppl    33.59
| epoch  23 |  1000/ 2323 batches | lr 0.00 | ms/batch 43.49 | loss  3.52 | ppl    33.82
| epoch  23 |  1200/ 2323 batches | lr 0.00 | ms/batch 43.63 | loss  3.48 | ppl    32.56
| epoch  23 |  1400/ 2323 batches | lr 0.00 | ms/batch 43.55 | loss  3.35 | ppl    28.65
| epoch  23 |  1600/ 2323 batches | lr 0.00 | ms/batch 43.53 | loss  3.42 | ppl    30.47
| epoch  23 |  1800/ 2323 batches | lr 0.00 | ms/batch 43.57 | loss  3.45 | ppl    31.58
| epoch  23 |  2000/ 2323 batches | lr 0.00 | ms/batch 43.55 | loss  3.19 | ppl    24.20
| epoch  23 |  2200/ 2323 batches | lr 0.00 | ms/batch 43.68 | loss  3.11 | ppl    22.31
-----------------------------------------------------------------------------------------
| end of epoch  23 | time: 106.55s | valid loss  4.72 | valid ppl   112.14
-----------------------------------------------------------------------------------------
| epoch  24 |   200/ 2323 batches | lr 0.00 | ms/batch 43.73 | loss  3.59 | ppl    36.18
| epoch  24 |   400/ 2323 batches | lr 0.00 | ms/batch 43.44 | loss  3.73 | ppl    41.74
| epoch  24 |   600/ 2323 batches | lr 0.00 | ms/batch 43.36 | loss  3.57 | ppl    35.43
| epoch  24 |   800/ 2323 batches | lr 0.00 | ms/batch 43.31 | loss  3.51 | ppl    33.44
| epoch  24 |  1000/ 2323 batches | lr 0.00 | ms/batch 43.33 | loss  3.53 | ppl    34.02
| epoch  24 |  1200/ 2323 batches | lr 0.00 | ms/batch 43.43 | loss  3.48 | ppl    32.62
| epoch  24 |  1400/ 2323 batches | lr 0.00 | ms/batch 43.26 | loss  3.36 | ppl    28.75
| epoch  24 |  1600/ 2323 batches | lr 0.00 | ms/batch 43.29 | loss  3.42 | ppl    30.48
| epoch  24 |  1800/ 2323 batches | lr 0.00 | ms/batch 43.21 | loss  3.45 | ppl    31.53
| epoch  24 |  2000/ 2323 batches | lr 0.00 | ms/batch 43.19 | loss  3.18 | ppl    24.16
| epoch  24 |  2200/ 2323 batches | lr 0.00 | ms/batch 43.16 | loss  3.11 | ppl    22.44
-----------------------------------------------------------------------------------------
| end of epoch  24 | time: 106.04s | valid loss  4.72 | valid ppl   112.18
-----------------------------------------------------------------------------------------
| epoch  25 |   200/ 2323 batches | lr 0.00 | ms/batch 43.42 | loss  3.59 | ppl    36.06
| epoch  25 |   400/ 2323 batches | lr 0.00 | ms/batch 43.17 | loss  3.73 | ppl    41.73
| epoch  25 |   600/ 2323 batches | lr 0.00 | ms/batch 43.23 | loss  3.57 | ppl    35.47
| epoch  25 |   800/ 2323 batches | lr 0.00 | ms/batch 43.27 | loss  3.51 | ppl    33.42
| epoch  25 |  1000/ 2323 batches | lr 0.00 | ms/batch 43.29 | loss  3.53 | ppl    34.01
| epoch  25 |  1200/ 2323 batches | lr 0.00 | ms/batch 43.25 | loss  3.48 | ppl    32.54
| epoch  25 |  1400/ 2323 batches | lr 0.00 | ms/batch 43.21 | loss  3.35 | ppl    28.64
| epoch  25 |  1600/ 2323 batches | lr 0.00 | ms/batch 43.18 | loss  3.42 | ppl    30.45
| epoch  25 |  1800/ 2323 batches | lr 0.00 | ms/batch 43.18 | loss  3.45 | ppl    31.55
| epoch  25 |  2000/ 2323 batches | lr 0.00 | ms/batch 43.17 | loss  3.18 | ppl    24.03
| epoch  25 |  2200/ 2323 batches | lr 0.00 | ms/batch 43.07 | loss  3.11 | ppl    22.44
-----------------------------------------------------------------------------------------
| end of epoch  25 | time: 105.75s | valid loss  4.72 | valid ppl   111.66
-----------------------------------------------------------------------------------------
| epoch  26 |   200/ 2323 batches | lr 0.00 | ms/batch 43.35 | loss  3.59 | ppl    36.26
| epoch  26 |   400/ 2323 batches | lr 0.00 | ms/batch 43.20 | loss  3.73 | ppl    41.87
| epoch  26 |   600/ 2323 batches | lr 0.00 | ms/batch 43.14 | loss  3.58 | ppl    35.71
| epoch  26 |   800/ 2323 batches | lr 0.00 | ms/batch 43.16 | loss  3.51 | ppl    33.48
| epoch  26 |  1000/ 2323 batches | lr 0.00 | ms/batch 43.18 | loss  3.52 | ppl    33.85
| epoch  26 |  1200/ 2323 batches | lr 0.00 | ms/batch 43.34 | loss  3.48 | ppl    32.56
| epoch  26 |  1400/ 2323 batches | lr 0.00 | ms/batch 43.33 | loss  3.36 | ppl    28.68
| epoch  26 |  1600/ 2323 batches | lr 0.00 | ms/batch 43.50 | loss  3.41 | ppl    30.38
| epoch  26 |  1800/ 2323 batches | lr 0.00 | ms/batch 43.43 | loss  3.45 | ppl    31.55
| epoch  26 |  2000/ 2323 batches | lr 0.00 | ms/batch 43.42 | loss  3.18 | ppl    24.08
| epoch  26 |  2200/ 2323 batches | lr 0.00 | ms/batch 43.42 | loss  3.11 | ppl    22.42
-----------------------------------------------------------------------------------------
| end of epoch  26 | time: 106.04s | valid loss  4.72 | valid ppl   111.83
-----------------------------------------------------------------------------------------
| epoch  27 |   200/ 2323 batches | lr 0.00 | ms/batch 43.76 | loss  3.59 | ppl    36.24
| epoch  27 |   400/ 2323 batches | lr 0.00 | ms/batch 43.48 | loss  3.73 | ppl    41.86
| epoch  27 |   600/ 2323 batches | lr 0.00 | ms/batch 43.44 | loss  3.57 | ppl    35.50
| epoch  27 |   800/ 2323 batches | lr 0.00 | ms/batch 43.59 | loss  3.51 | ppl    33.46
| epoch  27 |  1000/ 2323 batches | lr 0.00 | ms/batch 43.55 | loss  3.52 | ppl    33.88
| epoch  27 |  1200/ 2323 batches | lr 0.00 | ms/batch 43.53 | loss  3.48 | ppl    32.45
| epoch  27 |  1400/ 2323 batches | lr 0.00 | ms/batch 43.49 | loss  3.36 | ppl    28.78
| epoch  27 |  1600/ 2323 batches | lr 0.00 | ms/batch 43.64 | loss  3.41 | ppl    30.39
| epoch  27 |  1800/ 2323 batches | lr 0.00 | ms/batch 43.57 | loss  3.45 | ppl    31.61
| epoch  27 |  2000/ 2323 batches | lr 0.00 | ms/batch 43.59 | loss  3.18 | ppl    24.04
| epoch  27 |  2200/ 2323 batches | lr 0.00 | ms/batch 43.56 | loss  3.11 | ppl    22.39
-----------------------------------------------------------------------------------------
| end of epoch  27 | time: 106.59s | valid loss  4.71 | valid ppl   111.42
-----------------------------------------------------------------------------------------
| epoch  28 |   200/ 2323 batches | lr 0.00 | ms/batch 43.67 | loss  3.59 | ppl    36.38
| epoch  28 |   400/ 2323 batches | lr 0.00 | ms/batch 43.40 | loss  3.73 | ppl    41.84
| epoch  28 |   600/ 2323 batches | lr 0.00 | ms/batch 43.45 | loss  3.58 | ppl    35.75
| epoch  28 |   800/ 2323 batches | lr 0.00 | ms/batch 43.45 | loss  3.51 | ppl    33.49
| epoch  28 |  1000/ 2323 batches | lr 0.00 | ms/batch 43.53 | loss  3.52 | ppl    33.82
| epoch  28 |  1200/ 2323 batches | lr 0.00 | ms/batch 43.55 | loss  3.48 | ppl    32.52
| epoch  28 |  1400/ 2323 batches | lr 0.00 | ms/batch 43.48 | loss  3.36 | ppl    28.69
| epoch  28 |  1600/ 2323 batches | lr 0.00 | ms/batch 43.36 | loss  3.41 | ppl    30.37
| epoch  28 |  1800/ 2323 batches | lr 0.00 | ms/batch 43.22 | loss  3.45 | ppl    31.59
| epoch  28 |  2000/ 2323 batches | lr 0.00 | ms/batch 43.26 | loss  3.19 | ppl    24.20
| epoch  28 |  2200/ 2323 batches | lr 0.00 | ms/batch 43.36 | loss  3.10 | ppl    22.25
-----------------------------------------------------------------------------------------
| end of epoch  28 | time: 106.28s | valid loss  4.72 | valid ppl   111.93
-----------------------------------------------------------------------------------------
| epoch  29 |   200/ 2323 batches | lr 0.00 | ms/batch 43.64 | loss  3.59 | ppl    36.16
| epoch  29 |   400/ 2323 batches | lr 0.00 | ms/batch 43.44 | loss  3.74 | ppl    41.98
| epoch  29 |   600/ 2323 batches | lr 0.00 | ms/batch 43.30 | loss  3.57 | ppl    35.64
| epoch  29 |   800/ 2323 batches | lr 0.00 | ms/batch 43.43 | loss  3.51 | ppl    33.39
| epoch  29 |  1000/ 2323 batches | lr 0.00 | ms/batch 43.25 | loss  3.52 | ppl    33.85
| epoch  29 |  1200/ 2323 batches | lr 0.00 | ms/batch 43.39 | loss  3.48 | ppl    32.53
| epoch  29 |  1400/ 2323 batches | lr 0.00 | ms/batch 43.29 | loss  3.36 | ppl    28.70
| epoch  29 |  1600/ 2323 batches | lr 0.00 | ms/batch 43.26 | loss  3.42 | ppl    30.58
| epoch  29 |  1800/ 2323 batches | lr 0.00 | ms/batch 43.29 | loss  3.45 | ppl    31.55
| epoch  29 |  2000/ 2323 batches | lr 0.00 | ms/batch 43.30 | loss  3.18 | ppl    24.09
| epoch  29 |  2200/ 2323 batches | lr 0.00 | ms/batch 43.42 | loss  3.11 | ppl    22.40
-----------------------------------------------------------------------------------------
| end of epoch  29 | time: 106.12s | valid loss  4.72 | valid ppl   111.66
-----------------------------------------------------------------------------------------
| epoch  30 |   200/ 2323 batches | lr 0.00 | ms/batch 43.58 | loss  3.59 | ppl    36.21
| epoch  30 |   400/ 2323 batches | lr 0.00 | ms/batch 43.21 | loss  3.73 | ppl    41.81
| epoch  30 |   600/ 2323 batches | lr 0.00 | ms/batch 43.21 | loss  3.58 | ppl    35.73
| epoch  30 |   800/ 2323 batches | lr 0.00 | ms/batch 43.25 | loss  3.51 | ppl    33.39
| epoch  30 |  1000/ 2323 batches | lr 0.00 | ms/batch 43.21 | loss  3.52 | ppl    33.87
| epoch  30 |  1200/ 2323 batches | lr 0.00 | ms/batch 43.10 | loss  3.48 | ppl    32.52
| epoch  30 |  1400/ 2323 batches | lr 0.00 | ms/batch 43.20 | loss  3.35 | ppl    28.63
| epoch  30 |  1600/ 2323 batches | lr 0.00 | ms/batch 43.22 | loss  3.42 | ppl    30.45
| epoch  30 |  1800/ 2323 batches | lr 0.00 | ms/batch 43.13 | loss  3.46 | ppl    31.69
| epoch  30 |  2000/ 2323 batches | lr 0.00 | ms/batch 43.27 | loss  3.18 | ppl    24.10
| epoch  30 |  2200/ 2323 batches | lr 0.00 | ms/batch 43.33 | loss  3.11 | ppl    22.44
-----------------------------------------------------------------------------------------
| end of epoch  30 | time: 105.85s | valid loss  4.72 | valid ppl   111.79
-----------------------------------------------------------------------------------------
| epoch  31 |   200/ 2323 batches | lr 0.00 | ms/batch 43.49 | loss  3.58 | ppl    35.94
| epoch  31 |   400/ 2323 batches | lr 0.00 | ms/batch 43.23 | loss  3.73 | ppl    41.85
| epoch  31 |   600/ 2323 batches | lr 0.00 | ms/batch 43.27 | loss  3.57 | ppl    35.64
| epoch  31 |   800/ 2323 batches | lr 0.00 | ms/batch 43.25 | loss  3.51 | ppl    33.51
| epoch  31 |  1000/ 2323 batches | lr 0.00 | ms/batch 43.24 | loss  3.52 | ppl    33.92
| epoch  31 |  1200/ 2323 batches | lr 0.00 | ms/batch 43.40 | loss  3.48 | ppl    32.45
| epoch  31 |  1400/ 2323 batches | lr 0.00 | ms/batch 43.43 | loss  3.35 | ppl    28.61
| epoch  31 |  1600/ 2323 batches | lr 0.00 | ms/batch 43.30 | loss  3.42 | ppl    30.48
| epoch  31 |  1800/ 2323 batches | lr 0.00 | ms/batch 43.38 | loss  3.45 | ppl    31.57
| epoch  31 |  2000/ 2323 batches | lr 0.00 | ms/batch 43.35 | loss  3.18 | ppl    24.11
| epoch  31 |  2200/ 2323 batches | lr 0.00 | ms/batch 43.44 | loss  3.11 | ppl    22.43
-----------------------------------------------------------------------------------------
| end of epoch  31 | time: 106.08s | valid loss  4.72 | valid ppl   111.76
-----------------------------------------------------------------------------------------
| epoch  32 |   200/ 2323 batches | lr 0.00 | ms/batch 43.59 | loss  3.59 | ppl    36.27
| epoch  32 |   400/ 2323 batches | lr 0.00 | ms/batch 43.27 | loss  3.74 | ppl    41.89
| epoch  32 |   600/ 2323 batches | lr 0.00 | ms/batch 43.32 | loss  3.57 | ppl    35.63
| epoch  32 |   800/ 2323 batches | lr 0.00 | ms/batch 43.27 | loss  3.51 | ppl    33.40
| epoch  32 |  1000/ 2323 batches | lr 0.00 | ms/batch 43.43 | loss  3.53 | ppl    34.06
| epoch  32 |  1200/ 2323 batches | lr 0.00 | ms/batch 43.25 | loss  3.48 | ppl    32.61
| epoch  32 |  1400/ 2323 batches | lr 0.00 | ms/batch 43.29 | loss  3.36 | ppl    28.75
| epoch  32 |  1600/ 2323 batches | lr 0.00 | ms/batch 43.31 | loss  3.42 | ppl    30.54
| epoch  32 |  1800/ 2323 batches | lr 0.00 | ms/batch 43.31 | loss  3.45 | ppl    31.60
| epoch  32 |  2000/ 2323 batches | lr 0.00 | ms/batch 43.19 | loss  3.18 | ppl    24.14
| epoch  32 |  2200/ 2323 batches | lr 0.00 | ms/batch 43.11 | loss  3.11 | ppl    22.39
-----------------------------------------------------------------------------------------
| end of epoch  32 | time: 105.95s | valid loss  4.72 | valid ppl   112.02
-----------------------------------------------------------------------------------------
| epoch  33 |   200/ 2323 batches | lr 0.00 | ms/batch 43.25 | loss  3.59 | ppl    36.11
| epoch  33 |   400/ 2323 batches | lr 0.00 | ms/batch 43.04 | loss  3.74 | ppl    42.00
| epoch  33 |   600/ 2323 batches | lr 0.00 | ms/batch 43.06 | loss  3.58 | ppl    35.77
| epoch  33 |   800/ 2323 batches | lr 0.00 | ms/batch 43.02 | loss  3.51 | ppl    33.43
| epoch  33 |  1000/ 2323 batches | lr 0.00 | ms/batch 43.05 | loss  3.53 | ppl    34.12
| epoch  33 |  1200/ 2323 batches | lr 0.00 | ms/batch 43.06 | loss  3.48 | ppl    32.51
| epoch  33 |  1400/ 2323 batches | lr 0.00 | ms/batch 43.02 | loss  3.35 | ppl    28.55
| epoch  33 |  1600/ 2323 batches | lr 0.00 | ms/batch 43.04 | loss  3.42 | ppl    30.43
| epoch  33 |  1800/ 2323 batches | lr 0.00 | ms/batch 43.08 | loss  3.46 | ppl    31.69
| epoch  33 |  2000/ 2323 batches | lr 0.00 | ms/batch 42.99 | loss  3.18 | ppl    24.11
| epoch  33 |  2200/ 2323 batches | lr 0.00 | ms/batch 43.08 | loss  3.11 | ppl    22.48
-----------------------------------------------------------------------------------------
| end of epoch  33 | time: 105.42s | valid loss  4.72 | valid ppl   111.94
-----------------------------------------------------------------------------------------
| epoch  34 |   200/ 2323 batches | lr 0.00 | ms/batch 43.39 | loss  3.59 | ppl    36.16
| epoch  34 |   400/ 2323 batches | lr 0.00 | ms/batch 43.16 | loss  3.74 | ppl    41.91
| epoch  34 |   600/ 2323 batches | lr 0.00 | ms/batch 43.20 | loss  3.57 | ppl    35.64
| epoch  34 |   800/ 2323 batches | lr 0.00 | ms/batch 43.14 | loss  3.51 | ppl    33.60
| epoch  34 |  1000/ 2323 batches | lr 0.00 | ms/batch 43.03 | loss  3.52 | ppl    33.95
| epoch  34 |  1200/ 2323 batches | lr 0.00 | ms/batch 43.11 | loss  3.48 | ppl    32.32
| epoch  34 |  1400/ 2323 batches | lr 0.00 | ms/batch 43.08 | loss  3.35 | ppl    28.61
| epoch  34 |  1600/ 2323 batches | lr 0.00 | ms/batch 43.04 | loss  3.42 | ppl    30.42
| epoch  34 |  1800/ 2323 batches | lr 0.00 | ms/batch 43.12 | loss  3.45 | ppl    31.57
| epoch  34 |  2000/ 2323 batches | lr 0.00 | ms/batch 43.06 | loss  3.18 | ppl    24.13
| epoch  34 |  2200/ 2323 batches | lr 0.00 | ms/batch 43.09 | loss  3.10 | ppl    22.27
-----------------------------------------------------------------------------------------
| end of epoch  34 | time: 105.55s | valid loss  4.72 | valid ppl   111.82
-----------------------------------------------------------------------------------------
| epoch  35 |   200/ 2323 batches | lr 0.00 | ms/batch 43.29 | loss  3.59 | ppl    36.20
| epoch  35 |   400/ 2323 batches | lr 0.00 | ms/batch 43.00 | loss  3.73 | ppl    41.74
| epoch  35 |   600/ 2323 batches | lr 0.00 | ms/batch 43.02 | loss  3.57 | ppl    35.59
| epoch  35 |   800/ 2323 batches | lr 0.00 | ms/batch 43.06 | loss  3.51 | ppl    33.52
| epoch  35 |  1000/ 2323 batches | lr 0.00 | ms/batch 43.20 | loss  3.52 | ppl    33.83
| epoch  35 |  1200/ 2323 batches | lr 0.00 | ms/batch 43.11 | loss  3.48 | ppl    32.54
| epoch  35 |  1400/ 2323 batches | lr 0.00 | ms/batch 43.04 | loss  3.36 | ppl    28.73
| epoch  35 |  1600/ 2323 batches | lr 0.00 | ms/batch 43.02 | loss  3.42 | ppl    30.44
| epoch  35 |  1800/ 2323 batches | lr 0.00 | ms/batch 43.05 | loss  3.45 | ppl    31.50
| epoch  35 |  2000/ 2323 batches | lr 0.00 | ms/batch 43.03 | loss  3.18 | ppl    24.14
| epoch  35 |  2200/ 2323 batches | lr 0.00 | ms/batch 43.06 | loss  3.11 | ppl    22.31
-----------------------------------------------------------------------------------------
| end of epoch  35 | time: 105.42s | valid loss  4.72 | valid ppl   112.13
-----------------------------------------------------------------------------------------
| epoch  36 |   200/ 2323 batches | lr 0.00 | ms/batch 43.27 | loss  3.59 | ppl    36.15
| epoch  36 |   400/ 2323 batches | lr 0.00 | ms/batch 43.15 | loss  3.74 | ppl    42.11
| epoch  36 |   600/ 2323 batches | lr 0.00 | ms/batch 43.09 | loss  3.57 | ppl    35.61
| epoch  36 |   800/ 2323 batches | lr 0.00 | ms/batch 43.11 | loss  3.51 | ppl    33.51
| epoch  36 |  1000/ 2323 batches | lr 0.00 | ms/batch 43.14 | loss  3.53 | ppl    34.05
| epoch  36 |  1200/ 2323 batches | lr 0.00 | ms/batch 43.16 | loss  3.48 | ppl    32.53
| epoch  36 |  1400/ 2323 batches | lr 0.00 | ms/batch 43.13 | loss  3.35 | ppl    28.63
| epoch  36 |  1600/ 2323 batches | lr 0.00 | ms/batch 43.15 | loss  3.42 | ppl    30.43
| epoch  36 |  1800/ 2323 batches | lr 0.00 | ms/batch 43.07 | loss  3.45 | ppl    31.60
| epoch  36 |  2000/ 2323 batches | lr 0.00 | ms/batch 43.06 | loss  3.18 | ppl    24.16
| epoch  36 |  2200/ 2323 batches | lr 0.00 | ms/batch 43.09 | loss  3.11 | ppl    22.41
-----------------------------------------------------------------------------------------
| end of epoch  36 | time: 105.57s | valid loss  4.72 | valid ppl   112.32
-----------------------------------------------------------------------------------------
| epoch  37 |   200/ 2323 batches | lr 0.00 | ms/batch 43.31 | loss  3.59 | ppl    36.12
| epoch  37 |   400/ 2323 batches | lr 0.00 | ms/batch 43.12 | loss  3.73 | ppl    41.87
| epoch  37 |   600/ 2323 batches | lr 0.00 | ms/batch 43.22 | loss  3.57 | ppl    35.69
| epoch  37 |   800/ 2323 batches | lr 0.00 | ms/batch 43.14 | loss  3.51 | ppl    33.48
| epoch  37 |  1000/ 2323 batches | lr 0.00 | ms/batch 43.15 | loss  3.52 | ppl    33.86
| epoch  37 |  1200/ 2323 batches | lr 0.00 | ms/batch 43.27 | loss  3.48 | ppl    32.53
| epoch  37 |  1400/ 2323 batches | lr 0.00 | ms/batch 43.17 | loss  3.36 | ppl    28.65
| epoch  37 |  1600/ 2323 batches | lr 0.00 | ms/batch 43.16 | loss  3.42 | ppl    30.48
| epoch  37 |  1800/ 2323 batches | lr 0.00 | ms/batch 43.20 | loss  3.46 | ppl    31.68
| epoch  37 |  2000/ 2323 batches | lr 0.00 | ms/batch 43.18 | loss  3.18 | ppl    24.03
| epoch  37 |  2200/ 2323 batches | lr 0.00 | ms/batch 43.29 | loss  3.11 | ppl    22.45
-----------------------------------------------------------------------------------------
| end of epoch  37 | time: 105.75s | valid loss  4.72 | valid ppl   112.23
-----------------------------------------------------------------------------------------
| epoch  38 |   200/ 2323 batches | lr 0.00 | ms/batch 43.65 | loss  3.59 | ppl    36.26
| epoch  38 |   400/ 2323 batches | lr 0.00 | ms/batch 43.35 | loss  3.73 | ppl    41.81
| epoch  38 |   600/ 2323 batches | lr 0.00 | ms/batch 43.44 | loss  3.57 | ppl    35.40
| epoch  38 |   800/ 2323 batches | lr 0.00 | ms/batch 43.32 | loss  3.51 | ppl    33.50
| epoch  38 |  1000/ 2323 batches | lr 0.00 | ms/batch 43.43 | loss  3.52 | ppl    33.92
| epoch  38 |  1200/ 2323 batches | lr 0.00 | ms/batch 43.43 | loss  3.48 | ppl    32.50
| epoch  38 |  1400/ 2323 batches | lr 0.00 | ms/batch 43.35 | loss  3.36 | ppl    28.73
| epoch  38 |  1600/ 2323 batches | lr 0.00 | ms/batch 43.34 | loss  3.41 | ppl    30.38
| epoch  38 |  1800/ 2323 batches | lr 0.00 | ms/batch 43.47 | loss  3.45 | ppl    31.57
| epoch  38 |  2000/ 2323 batches | lr 0.00 | ms/batch 43.59 | loss  3.19 | ppl    24.19
| epoch  38 |  2200/ 2323 batches | lr 0.00 | ms/batch 43.45 | loss  3.11 | ppl    22.34
-----------------------------------------------------------------------------------------
| end of epoch  38 | time: 106.28s | valid loss  4.72 | valid ppl   111.96
-----------------------------------------------------------------------------------------
| epoch  39 |   200/ 2323 batches | lr 0.00 | ms/batch 43.54 | loss  3.59 | ppl    36.18
| epoch  39 |   400/ 2323 batches | lr 0.00 | ms/batch 43.34 | loss  3.74 | ppl    41.99
| epoch  39 |   600/ 2323 batches | lr 0.00 | ms/batch 43.31 | loss  3.57 | ppl    35.43
| epoch  39 |   800/ 2323 batches | lr 0.00 | ms/batch 43.33 | loss  3.51 | ppl    33.56
| epoch  39 |  1000/ 2323 batches | lr 0.00 | ms/batch 43.52 | loss  3.52 | ppl    33.95
| epoch  39 |  1200/ 2323 batches | lr 0.00 | ms/batch 43.35 | loss  3.48 | ppl    32.56
| epoch  39 |  1400/ 2323 batches | lr 0.00 | ms/batch 43.35 | loss  3.35 | ppl    28.58
| epoch  39 |  1600/ 2323 batches | lr 0.00 | ms/batch 43.27 | loss  3.42 | ppl    30.47
| epoch  39 |  1800/ 2323 batches | lr 0.00 | ms/batch 43.35 | loss  3.45 | ppl    31.66
| epoch  39 |  2000/ 2323 batches | lr 0.00 | ms/batch 43.34 | loss  3.19 | ppl    24.19
| epoch  39 |  2200/ 2323 batches | lr 0.00 | ms/batch 43.34 | loss  3.11 | ppl    22.37
-----------------------------------------------------------------------------------------
| end of epoch  39 | time: 106.12s | valid loss  4.72 | valid ppl   111.91
-----------------------------------------------------------------------------------------
| epoch  40 |   200/ 2323 batches | lr 0.00 | ms/batch 43.58 | loss  3.59 | ppl    36.15
| epoch  40 |   400/ 2323 batches | lr 0.00 | ms/batch 43.41 | loss  3.74 | ppl    41.96
| epoch  40 |   600/ 2323 batches | lr 0.00 | ms/batch 43.47 | loss  3.58 | ppl    35.75
| epoch  40 |   800/ 2323 batches | lr 0.00 | ms/batch 43.32 | loss  3.51 | ppl    33.52
| epoch  40 |  1000/ 2323 batches | lr 0.00 | ms/batch 43.36 | loss  3.53 | ppl    34.16
| epoch  40 |  1200/ 2323 batches | lr 0.00 | ms/batch 43.40 | loss  3.48 | ppl    32.55
| epoch  40 |  1400/ 2323 batches | lr 0.00 | ms/batch 43.33 | loss  3.36 | ppl    28.77
| epoch  40 |  1600/ 2323 batches | lr 0.00 | ms/batch 43.42 | loss  3.41 | ppl    30.33
| epoch  40 |  1800/ 2323 batches | lr 0.00 | ms/batch 43.44 | loss  3.46 | ppl    31.70
| epoch  40 |  2000/ 2323 batches | lr 0.00 | ms/batch 43.57 | loss  3.19 | ppl    24.21
| epoch  40 |  2200/ 2323 batches | lr 0.00 | ms/batch 43.61 | loss  3.11 | ppl    22.43
-----------------------------------------------------------------------------------------
| end of epoch  40 | time: 106.35s | valid loss  4.71 | valid ppl   111.37
-----------------------------------------------------------------------------------------
=========================================================================================
| End of training | test loss  4.67 | test ppl   106.58
=========================================================================================
